#
# A fatal error has been detected by the Java Runtime Environment:
#
#  EXCEPTION_ACCESS_VIOLATION (0xc0000005) at pc=0x00007ff93cd0572c, pid=10636, tid=17112
#
# JRE version: Java(TM) SE Runtime Environment (16.0+36) (build 16+36-2231)
# Java VM: Java HotSpot(TM) 64-Bit Server VM (16+36-2231, mixed mode, sharing, tiered, compressed oops, g1 gc, windows-amd64)
# Problematic frame:
# V  [jvm.dll+0x3d572c]
#
# No core dump will be written. Minidumps are not enabled by default on client versions of Windows
#
# If you would like to submit a bug report, please visit:
#   https://bugreport.java.com/bugreport/crash.jsp
#

---------------  S U M M A R Y ------------

Command Line: -javaagent:C:\Users\yurik\AppData\Local\JetBrains\Toolbox\apps\IDEA-C\ch-0\212.5457.46\lib\idea_rt.jar=58559:C:\Users\yurik\AppData\Local\JetBrains\Toolbox\apps\IDEA-C\ch-0\212.5457.46\bin -Dfile.encoding=UTF-8 --module-path=C:\Users\yurik\.m2\repository\org\openjfx\javafx-base\16\javafx-base-16-win.jar;C:\Users\yurik\.m2\repository\org\openjfx\javafx-web\11.0.2\javafx-web-11.0.2-win.jar;C:\Users\yurik\.m2\repository\com\google\code\gson\gson\2.8.9\gson-2.8.9.jar;C:\Users\yurik\.m2\repository\org\openjfx\javafx-controls\16\javafx-controls-16-win.jar;C:\Program Files\Java\javafx-sdk-16\lib\javafx.web.jar;C:\Program Files\Java\javafx-sdk-16\lib\javafx.media.jar;C:\Users\yurik\.m2\repository\org\openjfx\javafx-media\11.0.2\javafx-media-11.0.2-win.jar;C:\Program Files\Java\javafx-sdk-16\lib\javafx.base.jar;C:\Users\yurik\.m2\repository\org\openjfx\javafx-fxml\16\javafx-fxml-16-win.jar;C:\Program Files\Java\javafx-sdk-16\lib\javafx.controls.jar;C:\Program Files\Java\javafx-sdk-16\lib\javafx.fxml.jar;C:\Program Files\Java\javafx-sdk-16\lib\javafx.graphics.jar;C:\Users\yurik\IdeaProjects\F21COMP1011S1Assignment2\target\classes;C:\Users\yurik\.m2\repository\org\openjfx\javafx-graphics\16\javafx-graphics-16-win.jar -Djdk.module.main=com.example.f21comp1011s1assignment2 com.example.f21comp1011s1assignment2/com.example.f21comp1011s1assignment2.Main --module-path C:\Program Files\Java\javafx-sdk-16\lib --add-modules javafx.controls,javafx.fxml

Host: Intel(R) Core(TM) i7-4600U CPU @ 2.10GHz, 4 cores, 15G,  Windows 10 , 64 bit Build 19041 (10.0.19041.1348)
Time: Sat Nov 27 22:12:44 2021 Pacific Standard Time elapsed time: 11.665571 seconds (0d 0h 0m 11s)

---------------  T H R E A D  ---------------

Current thread (0x000002084339a7b0):  JavaThread "JavaFX Application Thread" [_thread_in_vm, id=17112, stack(0x000000fdee100000,0x000000fdee200000)]

Stack: [0x000000fdee100000,0x000000fdee200000],  sp=0x000000fdee1faa70,  free space=1002k
Native frames: (J=compiled Java code, j=interpreted, Vv=VM code, C=native code)
V  [jvm.dll+0x3d572c]
C  0x00007ff924746ad0

Java frames: (J=compiled Java code, j=interpreted, Vv=VM code)
j  com.sun.webkit.WebPage.twkCreatePage(Z)J+0 javafx.web
j  com.sun.webkit.WebPage.<init>(Lcom/sun/webkit/WebPageClient;Lcom/sun/webkit/UIClient;Lcom/sun/webkit/PolicyClient;Lcom/sun/webkit/InspectorClient;Lcom/sun/webkit/ThemeClient;Z)V+178 javafx.web
j  javafx.scene.web.WebEngine.<init>(Ljava/lang/String;Z)V+275 javafx.web
j  javafx.scene.web.WebEngine.<init>()V+3 javafx.web
j  javafx.scene.web.WebView.<init>()V+60 javafx.web
j  com.sun.javafx.fxml.builder.web.WebViewBuilder.build()Ljavafx/scene/web/WebView;+4 javafx.web
v  ~StubRoutines::call_stub
J 3888  jdk.internal.reflect.NativeMethodAccessorImpl.invoke0(Ljava/lang/reflect/Method;Ljava/lang/Object;[Ljava/lang/Object;)Ljava/lang/Object; java.base@16 (0 bytes) @ 0x000002082ef67b4f [0x000002082ef67ac0+0x000000000000008f]
J 3887 c1 jdk.internal.reflect.NativeMethodAccessorImpl.invoke(Ljava/lang/Object;[Ljava/lang/Object;)Ljava/lang/Object; java.base@16 (150 bytes) @ 0x0000020827fd603c [0x0000020827fd53c0+0x0000000000000c7c]
J 1266 c1 jdk.internal.reflect.DelegatingMethodAccessorImpl.invoke(Ljava/lang/Object;[Ljava/lang/Object;)Ljava/lang/Object; java.base@16 (10 bytes) @ 0x0000020827a9614c [0x0000020827a96040+0x000000000000010c]
J 1265 c1 java.lang.reflect.Method.invoke(Ljava/lang/Object;[Ljava/lang/Object;)Ljava/lang/Object; java.base@16 (65 bytes) @ 0x0000020827a95bcc [0x0000020827a95880+0x000000000000034c]
j  javafx.fxml.JavaFXBuilderFactory$ObjectBuilderWrapper$ObjectBuilder.build()Ljava/lang/Object;+71 javafx.fxml
j  javafx.fxml.FXMLLoader$ValueElement.processEndElement()V+24 javafx.fxml
j  javafx.fxml.FXMLLoader.processEndElement()V+4 javafx.fxml
j  javafx.fxml.FXMLLoader.loadImpl(Ljava/io/InputStream;Ljava/lang/Class;)Ljava/lang/Object;+214 javafx.fxml
j  javafx.fxml.FXMLLoader.loadImpl(Ljava/lang/Class;)Ljava/lang/Object;+31 javafx.fxml
j  javafx.fxml.FXMLLoader.load()Ljava/lang/Object;+17 javafx.fxml
j  com.example.f21comp1011s1assignment2.Utilities.SceneChanger.change(Ljavafx/event/ActionEvent;Ljava/lang/String;Ljava/lang/String;Lcom/example/f21comp1011s1assignment2/Models/Article;)V+21 com.example.f21comp1011s1assignment2
j  com.example.f21comp1011s1assignment2.Controllers.NewsSearchViewController.viewThisArticle(Ljavafx/event/ActionEvent;)V+20 com.example.f21comp1011s1assignment2
v  ~StubRoutines::call_stub
j  jdk.internal.reflect.NativeMethodAccessorImpl.invoke0(Ljava/lang/reflect/Method;Ljava/lang/Object;[Ljava/lang/Object;)Ljava/lang/Object;+0 java.base@16
j  jdk.internal.reflect.NativeMethodAccessorImpl.invoke(Ljava/lang/Object;[Ljava/lang/Object;)Ljava/lang/Object;+146 java.base@16
J 1266 c1 jdk.internal.reflect.DelegatingMethodAccessorImpl.invoke(Ljava/lang/Object;[Ljava/lang/Object;)Ljava/lang/Object; java.base@16 (10 bytes) @ 0x0000020827a9614c [0x0000020827a96040+0x000000000000010c]
J 1265 c1 java.lang.reflect.Method.invoke(Ljava/lang/Object;[Ljava/lang/Object;)Ljava/lang/Object; java.base@16 (65 bytes) @ 0x0000020827a95bcc [0x0000020827a95880+0x000000000000034c]
j  com.sun.javafx.reflect.Trampoline.invoke(Ljava/lang/reflect/Method;Ljava/lang/Object;[Ljava/lang/Object;)Ljava/lang/Object;+7
j  jdk.internal.reflect.GeneratedMethodAccessor2.invoke(Ljava/lang/Object;[Ljava/lang/Object;)Ljava/lang/Object;+40
J 1266 c1 jdk.internal.reflect.DelegatingMethodAccessorImpl.invoke(Ljava/lang/Object;[Ljava/lang/Object;)Ljava/lang/Object; java.base@16 (10 bytes) @ 0x0000020827a9614c [0x0000020827a96040+0x000000000000010c]
J 1265 c1 java.lang.reflect.Method.invoke(Ljava/lang/Object;[Ljava/lang/Object;)Ljava/lang/Object; java.base@16 (65 bytes) @ 0x0000020827a95bcc [0x0000020827a95880+0x000000000000034c]
j  com.sun.javafx.reflect.MethodUtil.invoke(Ljava/lang/reflect/Method;Ljava/lang/Object;[Ljava/lang/Object;)Ljava/lang/Object;+20 javafx.base
j  com.sun.javafx.fxml.MethodHelper.invoke(Ljava/lang/reflect/Method;Ljava/lang/Object;[Ljava/lang/Object;)Ljava/lang/Object;+142 javafx.fxml
j  javafx.fxml.FXMLLoader$MethodHandler.invoke([Ljava/lang/Object;)V+19 javafx.fxml
j  javafx.fxml.FXMLLoader$ControllerMethodEventHandler.handle(Ljavafx/event/Event;)V+12 javafx.fxml
j  com.sun.javafx.event.CompositeEventHandler.dispatchBubblingEvent(Ljavafx/event/Event;)V+51 javafx.base
J 2117 c1 com.sun.javafx.event.EventHandlerManager.dispatchBubblingEvent(Ljavafx/event/EventType;Ljavafx/event/Event;)Ljavafx/event/Event; javafx.base (41 bytes) @ 0x0000020827c3187c [0x0000020827c31220+0x000000000000065c]
J 2724 c1 com.sun.javafx.event.EventHandlerManager.dispatchBubblingEvent(Ljavafx/event/Event;)Ljavafx/event/Event; javafx.base (23 bytes) @ 0x0000020827d6633c [0x0000020827d661e0+0x000000000000015c]
J 2798 c1 com.sun.javafx.event.CompositeEventDispatcher.dispatchBubblingEvent(Ljavafx/event/Event;)Ljavafx/event/Event; javafx.base (35 bytes) @ 0x0000020827d87634 [0x0000020827d87460+0x00000000000001d4]
J 2356 c1 com.sun.javafx.event.BasicEventDispatcher.dispatchEvent(Ljavafx/event/Event;Ljavafx/event/EventDispatchChain;)Ljavafx/event/Event; javafx.base (44 bytes) @ 0x0000020827c8395c [0x0000020827c83600+0x000000000000035c]
J 2238 c1 com.sun.javafx.event.EventDispatchChainImpl.dispatchEvent(Ljavafx/event/Event;)Ljavafx/event/Event; javafx.base (101 bytes) @ 0x0000020827c568ac [0x0000020827c566e0+0x00000000000001cc]
J 2356 c1 com.sun.javafx.event.BasicEventDispatcher.dispatchEvent(Ljavafx/event/Event;Ljavafx/event/EventDispatchChain;)Ljavafx/event/Event; javafx.base (44 bytes) @ 0x0000020827c8386c [0x0000020827c83600+0x000000000000026c]
J 2238 c1 com.sun.javafx.event.EventDispatchChainImpl.dispatchEvent(Ljavafx/event/Event;)Ljavafx/event/Event; javafx.base (101 bytes) @ 0x0000020827c568ac [0x0000020827c566e0+0x00000000000001cc]
J 2356 c1 com.sun.javafx.event.BasicEventDispatcher.dispatchEvent(Ljavafx/event/Event;Ljavafx/event/EventDispatchChain;)Ljavafx/event/Event; javafx.base (44 bytes) @ 0x0000020827c8386c [0x0000020827c83600+0x000000000000026c]
J 2238 c1 com.sun.javafx.event.EventDispatchChainImpl.dispatchEvent(Ljavafx/event/Event;)Ljavafx/event/Event; javafx.base (101 bytes) @ 0x0000020827c568ac [0x0000020827c566e0+0x00000000000001cc]
J 3702 c1 com.sun.javafx.event.EventUtil.fireEvent(Ljavafx/event/EventTarget;Ljavafx/event/Event;)Ljavafx/event/Event; javafx.base (81 bytes) @ 0x0000020827f65a0c [0x0000020827f64ca0+0x0000000000000d6c]
J 3701 c1 javafx.event.Event.fireEvent(Ljavafx/event/EventTarget;Ljavafx/event/Event;)V javafx.base (35 bytes) @ 0x0000020827f64624 [0x0000020827f64560+0x00000000000000c4]
j  javafx.scene.Node.fireEvent(Ljavafx/event/Event;)V+86 javafx.graphics
j  javafx.scene.control.Button.fire()V+15 javafx.controls
j  com.sun.javafx.scene.control.behavior.ButtonBehavior.mouseReleased(Ljavafx/scene/input/MouseEvent;)V+27 javafx.controls
j  com.sun.javafx.scene.control.behavior.ButtonBehavior$$Lambda$573+0x0000000800e53340.handle(Ljavafx/event/Event;)V+8 javafx.controls
j  com.sun.javafx.scene.control.inputmap.InputMap.handle(Ljavafx/event/Event;)V+61 javafx.controls
j  com.sun.javafx.scene.control.inputmap.InputMap$$Lambda$295+0x0000000800dc8c88.handle(Ljavafx/event/Event;)V+5 javafx.controls
j  com.sun.javafx.event.CompositeEventHandler$NormalEventHandlerRecord.handleBubblingEvent(Ljavafx/event/Event;)V+5 javafx.base
j  com.sun.javafx.event.CompositeEventHandler.dispatchBubblingEvent(Ljavafx/event/Event;)V+28 javafx.base
J 2117 c1 com.sun.javafx.event.EventHandlerManager.dispatchBubblingEvent(Ljavafx/event/EventType;Ljavafx/event/Event;)Ljavafx/event/Event; javafx.base (41 bytes) @ 0x0000020827c3187c [0x0000020827c31220+0x000000000000065c]
J 2724 c1 com.sun.javafx.event.EventHandlerManager.dispatchBubblingEvent(Ljavafx/event/Event;)Ljavafx/event/Event; javafx.base (23 bytes) @ 0x0000020827d6633c [0x0000020827d661e0+0x000000000000015c]
J 2798 c1 com.sun.javafx.event.CompositeEventDispatcher.dispatchBubblingEvent(Ljavafx/event/Event;)Ljavafx/event/Event; javafx.base (35 bytes) @ 0x0000020827d87634 [0x0000020827d87460+0x00000000000001d4]
J 2356 c1 com.sun.javafx.event.BasicEventDispatcher.dispatchEvent(Ljavafx/event/Event;Ljavafx/event/EventDispatchChain;)Ljavafx/event/Event; javafx.base (44 bytes) @ 0x0000020827c8395c [0x0000020827c83600+0x000000000000035c]
J 2238 c1 com.sun.javafx.event.EventDispatchChainImpl.dispatchEvent(Ljavafx/event/Event;)Ljavafx/event/Event; javafx.base (101 bytes) @ 0x0000020827c568ac [0x0000020827c566e0+0x00000000000001cc]
J 2356 c1 com.sun.javafx.event.BasicEventDispatcher.dispatchEvent(Ljavafx/event/Event;Ljavafx/event/EventDispatchChain;)Ljavafx/event/Event; javafx.base (44 bytes) @ 0x0000020827c8386c [0x0000020827c83600+0x000000000000026c]
J 2238 c1 com.sun.javafx.event.EventDispatchChainImpl.dispatchEvent(Ljavafx/event/Event;)Ljavafx/event/Event; javafx.base (101 bytes) @ 0x0000020827c568ac [0x0000020827c566e0+0x00000000000001cc]
J 2356 c1 com.sun.javafx.event.BasicEventDispatcher.dispatchEvent(Ljavafx/event/Event;Ljavafx/event/EventDispatchChain;)Ljavafx/event/Event; javafx.base (44 bytes) @ 0x0000020827c8386c [0x0000020827c83600+0x000000000000026c]
J 2238 c1 com.sun.javafx.event.EventDispatchChainImpl.dispatchEvent(Ljavafx/event/Event;)Ljavafx/event/Event; javafx.base (101 bytes) @ 0x0000020827c568ac [0x0000020827c566e0+0x00000000000001cc]
J 3702 c1 com.sun.javafx.event.EventUtil.fireEvent(Ljavafx/event/EventTarget;Ljavafx/event/Event;)Ljavafx/event/Event; javafx.base (81 bytes) @ 0x0000020827f6563c [0x0000020827f64ca0+0x000000000000099c]
J 3829 c1 javafx.scene.Scene$MouseHandler.process(Ljavafx/scene/input/MouseEvent;Z)V javafx.graphics (783 bytes) @ 0x0000020827fb7ba4 [0x0000020827fb5da0+0x0000000000001e04]
j  javafx.scene.Scene.processMouseEvent(Ljavafx/scene/input/MouseEvent;)V+6 javafx.graphics
j  javafx.scene.Scene$ScenePeerListener.mouseEvent(Ljavafx/event/EventType;DDDDLjavafx/scene/input/MouseButton;ZZZZZZZZZZZ)V+50 javafx.graphics
j  com.sun.javafx.tk.quantum.GlassViewEventHandler$MouseEventNotification.run()Ljava/lang/Void;+650 javafx.graphics
j  com.sun.javafx.tk.quantum.GlassViewEventHandler$MouseEventNotification.run()Ljava/lang/Object;+1 javafx.graphics
J 2164 c1 java.security.AccessController.doPrivileged(Ljava/security/PrivilegedAction;Ljava/security/AccessControlContext;)Ljava/lang/Object; java.base@16 (17 bytes) @ 0x0000020827c446e4 [0x0000020827c44500+0x00000000000001e4]
j  com.sun.javafx.tk.quantum.GlassViewEventHandler.lambda$handleMouseEvent$2()Ljava/lang/Void;+11 javafx.graphics
j  com.sun.javafx.tk.quantum.GlassViewEventHandler$$Lambda$593+0x0000000800e63158.get()Ljava/lang/Object;+4 javafx.graphics
J 3791 c1 com.sun.javafx.tk.quantum.QuantumToolkit.runWithoutRenderLock(Ljava/util/function/Supplier;)Ljava/lang/Object; javafx.graphics (49 bytes) @ 0x0000020827f9bb14 [0x0000020827f9b600+0x0000000000000514]
j  com.sun.javafx.tk.quantum.GlassViewEventHandler.handleMouseEvent(Lcom/sun/glass/ui/View;JIIIIIIIZZ)V+103 javafx.graphics
j  com.sun.glass.ui.View.handleMouseEvent(JIIIIIIIZZ)V+30 javafx.graphics
j  com.sun.glass.ui.View.notifyMouse(IIIIIIIZZ)V+181 javafx.graphics
v  ~StubRoutines::call_stub
j  com.sun.glass.ui.win.WinApplication._runLoop(Ljava/lang/Runnable;)V+0 javafx.graphics
j  com.sun.glass.ui.win.WinApplication.lambda$runLoop$3(ILjava/lang/Runnable;)V+8 javafx.graphics
j  com.sun.glass.ui.win.WinApplication$$Lambda$80+0x0000000800c2db38.run()V+12 javafx.graphics
j  java.lang.Thread.run()V+11 java.base@16
v  ~StubRoutines::call_stub

siginfo: EXCEPTION_ACCESS_VIOLATION (0xc0000005), reading address 0x0000000000000000


Register to memory mapping:

RIP=0x00007ff93cd0572c jvm.dll
RAX=0x0 is NULL
RBX=0x000002084339a7b0 is a thread
RCX=0x3ebd6a1867c10000 is an unknown value
RDX=0x0000020841f0fe38 is a global jni handle
RSP=0x000000fdee1faa70 is pointing into the stack for thread: 0x000002084339a7b0
RBP=0x000000fdee1fab78 is pointing into the stack for thread: 0x000002084339a7b0
RSI=0x000002084339aac0 points into unknown readable memory: 0x00007ff93d3a33d0 | d0 33 3a 3d f9 7f 00 00
RDI=0x0000020841f0fe38 is a global jni handle
R8 =0x0 is NULL
R9 =0x000000fdee1fab78 is pointing into the stack for thread: 0x000002084339a7b0
R10=0x00007ff93cd05670 jvm.dll
R11=0x000000fdee1faa68 is pointing into the stack for thread: 0x000002084339a7b0
R12=0x00000000ffffffff is an unknown value
R13=0x0 is NULL
R14=0x0 is NULL
R15=0x000000fdee1fae90 is pointing into the stack for thread: 0x000002084339a7b0


Registers:
RAX=0x0000000000000000, RBX=0x000002084339a7b0, RCX=0x3ebd6a1867c10000, RDX=0x0000020841f0fe38
RSP=0x000000fdee1faa70, RBP=0x000000fdee1fab78, RSI=0x000002084339aac0, RDI=0x0000020841f0fe38
R8 =0x0000000000000000, R9 =0x000000fdee1fab78, R10=0x00007ff93cd05670, R11=0x000000fdee1faa68
R12=0x00000000ffffffff, R13=0x0000000000000000, R14=0x0000000000000000, R15=0x000000fdee1fae90
RIP=0x00007ff93cd0572c, EFLAGS=0x0000000000010206

Top of Stack: (sp=0x000000fdee1faa70)
0x000000fdee1faa70:   000002084339a7b0 000002084339aac0
0x000000fdee1faa80:   0000000000000000 0000000000000000
0x000000fdee1faa90:   0000000000000000 0000000000000000
0x000000fdee1faaa0:   0000000000000000 0000000000000000
0x000000fdee1faab0:   0000000000000000 0000000000000000
0x000000fdee1faac0:   000002084339a7b0 0000020844003698
0x000000fdee1faad0:   0000000000000498 00007ff93d229290
0x000000fdee1faae0:   0000000000000000 0000000000000000
0x000000fdee1faaf0:   0000000000000000 0000000000000000
0x000000fdee1fab00:   0000000000000000 0000000000000000
0x000000fdee1fab10:   00007ff928010e68 00000000ffffffff
0x000000fdee1fab20:   000002084339aac0 00007ff924746ad0
0x000000fdee1fab30:   0000020842a30310 00007ff927fc5020
0x000000fdee1fab40:   0000020842954e40 00007ff99cb2fde6
0x000000fdee1fab50:   00007ff927fc5020 00007ff925e8662e
0x000000fdee1fab60:   0000020842954e40 0000000000000000 

Instructions: (pc=0x00007ff93cd0572c)
0x00007ff93cd0562c:   00 07 00 00 00 e8 da 3f 28 00 48 8b 83 18 01 00
0x00007ff93cd0563c:   00 48 8b bc 24 d0 00 00 00 a8 01 74 08 48 8b cb
0x00007ff93cd0564c:   e8 1f 40 2f 00 0f 28 c6 c7 83 80 03 00 00 04 00
0x00007ff93cd0565c:   00 00 0f 28 b4 24 b0 00 00 00 48 81 c4 e0 00 00
0x00007ff93cd0566c:   00 5b c3 cc 48 89 5c 24 08 48 89 6c 24 10 48 89
0x00007ff93cd0567c:   74 24 18 57 41 54 41 56 48 81 ec a0 00 00 00 8b
0x00007ff93cd0568c:   81 88 00 00 00 48 8d 99 f0 fc ff ff 05 55 21 ff
0x00007ff93cd0569c:   ff 49 8b e9 4d 8b f0 48 8b fa 48 8b f1 83 f8 01
0x00007ff93cd056ac:   76 0a 48 8b cb e8 9a 3d 3a 00 33 db c7 83 80 03
0x00007ff93cd056bc:   00 00 05 00 00 00 e8 49 3f 28 00 48 8b 03 48 8b
0x00007ff93cd056cc:   cb ff 50 38 84 c0 74 0b 48 8b 83 18 01 00 00 24
0x00007ff93cd056dc:   01 eb 0b 8b 05 6b ba 71 00 85 c0 0f 95 c0 84 c0
0x00007ff93cd056ec:   75 0d 8b 83 e8 00 00 00 a9 0c 00 00 20 74 08 48
0x00007ff93cd056fc:   8b cb e8 1d 43 3a 00 c7 83 80 03 00 00 06 00 00
0x00007ff93cd0570c:   00 48 83 7b 08 00 48 89 5c 24 50 48 c7 44 24 58
0x00007ff93cd0571c:   00 00 00 00 74 0a 48 8d 4c 24 50 e8 54 db 2b 00
0x00007ff93cd0572c:   49 8b 16 48 8d 4c 24 70 c7 44 24 40 04 00 00 00
0x00007ff93cd0573c:   e8 3f f7 00 00 48 89 ac 24 98 00 00 00 4c 8d 25
0x00007ff93cd0574c:   d8 3b 52 00 4c 89 64 24 70 40 f6 c7 01 74 0c 48
0x00007ff93cd0575c:   8d 4f ff ff 15 9b b4 69 00 eb 09 48 8b cf ff 15
0x00007ff93cd0576c:   b0 38 69 00 8b 15 e6 30 70 00 48 8b c8 e8 e2 ef
0x00007ff93cd0577c:   27 00 48 8b d3 48 8b c8 4c 8b 00 41 ff 90 b0 00
0x00007ff93cd0578c:   00 00 48 83 7b 08 00 75 35 48 8d 44 24 70 48 89
0x00007ff93cd0579c:   5c 24 30 48 89 44 24 28 48 8d 54 24 40 45 33 c9
0x00007ff93cd057ac:   4c 89 74 24 20 45 33 c0 48 8b ce e8 64 0b 01 00
0x00007ff93cd057bc:   48 83 7b 08 00 75 07 0f b6 74 24 48 eb 03 40 32
0x00007ff93cd057cc:   f6 48 83 7c 24 58 00 4c 89 64 24 70 48 c7 84 24
0x00007ff93cd057dc:   98 00 00 00 00 00 00 00 74 0a 48 8d 4c 24 50 e8
0x00007ff93cd057ec:   30 db 2b 00 48 8b bb 00 01 00 00 48 8b 4f 10 48
0x00007ff93cd057fc:   83 39 00 74 0c 48 8b cf e8 e7 c5 f6 ff 48 8b 4f
0x00007ff93cd0580c:   10 48 8b 47 08 48 89 48 10 48 8b 4f 08 48 8b 47
0x00007ff93cd0581c:   18 48 89 41 18 48 8b 57 08 48 8b 4f 20 48 89 4a 


Stack slot to memory mapping:
stack at sp + 0 slots: 0x000002084339a7b0 is a thread
stack at sp + 1 slots: 0x000002084339aac0 points into unknown readable memory: 0x00007ff93d3a33d0 | d0 33 3a 3d f9 7f 00 00
stack at sp + 2 slots: 0x0 is NULL
stack at sp + 3 slots: 0x0 is NULL
stack at sp + 4 slots: 0x0 is NULL
stack at sp + 5 slots: 0x0 is NULL
stack at sp + 6 slots: 0x0 is NULL
stack at sp + 7 slots: 0x0 is NULL


---------------  P R O C E S S  ---------------

Threads class SMR info:
_java_thread_list=0x0000020843103f00, length=24, elements={
0x000002081fb5f5d0, 0x0000020841f07c30, 0x0000020841f09290, 0x0000020841f16830,
0x0000020841f17430, 0x0000020841f18030, 0x0000020841f1aa40, 0x0000020841f1c830,
0x0000020841f3dad0, 0x0000020842940000, 0x00000208429c58e0, 0x0000020843872e10,
0x00000208433c1e80, 0x00000208436cc590, 0x00000208437e9f90, 0x000002084339a7b0,
0x0000020843398d20, 0x000002084339b250, 0x0000020843399270, 0x0000020843398280,
0x000002084b3735b0, 0x000002084b375590, 0x000002084b373060, 0x000002084b3ac470
}

Java Threads: ( => current thread )
  0x000002081fb5f5d0 JavaThread "main" [_thread_blocked, id=16032, stack(0x000000fdec700000,0x000000fdec800000)]
  0x0000020841f07c30 JavaThread "Reference Handler" daemon [_thread_blocked, id=8860, stack(0x000000fdece00000,0x000000fdecf00000)]
  0x0000020841f09290 JavaThread "Finalizer" daemon [_thread_blocked, id=15632, stack(0x000000fdecf00000,0x000000fded000000)]
  0x0000020841f16830 JavaThread "Signal Dispatcher" daemon [_thread_blocked, id=15328, stack(0x000000fded000000,0x000000fded100000)]
  0x0000020841f17430 JavaThread "Attach Listener" daemon [_thread_blocked, id=5148, stack(0x000000fded100000,0x000000fded200000)]
  0x0000020841f18030 JavaThread "Service Thread" daemon [_thread_blocked, id=14116, stack(0x000000fded200000,0x000000fded300000)]
  0x0000020841f1aa40 JavaThread "Monitor Deflation Thread" daemon [_thread_blocked, id=13720, stack(0x000000fded300000,0x000000fded400000)]
  0x0000020841f1c830 JavaThread "C2 CompilerThread0" daemon [_thread_blocked, id=1492, stack(0x000000fded400000,0x000000fded500000)]
  0x0000020841f3dad0 JavaThread "C1 CompilerThread0" daemon [_thread_blocked, id=10996, stack(0x000000fded500000,0x000000fded600000)]
  0x0000020842940000 JavaThread "Sweeper thread" daemon [_thread_blocked, id=15320, stack(0x000000fded600000,0x000000fded700000)]
  0x00000208429c58e0 JavaThread "Common-Cleaner" daemon [_thread_blocked, id=12696, stack(0x000000fded700000,0x000000fded800000)]
  0x0000020843872e10 JavaThread "Monitor Ctrl-Break" daemon [_thread_in_native, id=10196, stack(0x000000fded900000,0x000000fdeda00000)]
  0x00000208433c1e80 JavaThread "Notification Thread" daemon [_thread_blocked, id=10536, stack(0x000000fdeda00000,0x000000fdedb00000)]
  0x00000208436cc590 JavaThread "QuantumRenderer-0" daemon [_thread_blocked, id=7624, stack(0x000000fdedf00000,0x000000fdee000000)]
  0x00000208437e9f90 JavaThread "InvokeLaterDispatcher" daemon [_thread_blocked, id=15408, stack(0x000000fdee000000,0x000000fdee100000)]
=>0x000002084339a7b0 JavaThread "JavaFX Application Thread" [_thread_in_vm, id=17112, stack(0x000000fdee100000,0x000000fdee200000)]
  0x0000020843398d20 JavaThread "Thread-1" daemon [_thread_in_native, id=2372, stack(0x000000fdee500000,0x000000fdee600000)]
  0x000002084339b250 JavaThread "JavaFX-Launcher" [_thread_blocked, id=10176, stack(0x000000fdee600000,0x000000fdee700000)]
  0x0000020843399270 JavaThread "Prism Font Disposer" daemon [_thread_blocked, id=15424, stack(0x000000fdeeb00000,0x000000fdeec00000)]
  0x0000020843398280 JavaThread "Cleaner-0" daemon [_thread_blocked, id=14228, stack(0x000000fdeec00000,0x000000fdeed00000)]
  0x000002084b3735b0 JavaThread "HttpClient-1-SelectorManager" daemon [_thread_in_native, id=16328, stack(0x000000fdeee00000,0x000000fdeef00000)]
  0x000002084b375590 JavaThread "HttpClient-1-Worker-0" daemon [_thread_blocked, id=16364, stack(0x000000fdef000000,0x000000fdef100000)]
  0x000002084b373060 JavaThread "HttpClient-1-Worker-1" daemon [_thread_blocked, id=3756, stack(0x000000fdef100000,0x000000fdef200000)]
  0x000002084b3ac470 JavaThread "C2 CompilerThread1" daemon [_thread_blocked, id=14076, stack(0x000000fded800000,0x000000fded900000)]

Other Threads:
  0x0000020841f04850 VMThread "VM Thread" [stack: 0x000000fdecd00000,0x000000fdece00000] [id=16928]
  0x0000020843873330 WatcherThread [stack: 0x000000fdedb00000,0x000000fdedc00000] [id=10956]
  0x000002081fbad7e0 GCTaskThread "GC Thread#0" [stack: 0x000000fdec800000,0x000000fdec900000] [id=7604]
  0x00000208433c5db0 GCTaskThread "GC Thread#1" [stack: 0x000000fdedc00000,0x000000fdedd00000] [id=5548]
  0x0000020842b84c10 GCTaskThread "GC Thread#2" [stack: 0x000000fdedd00000,0x000000fdede00000] [id=11296]
  0x00000208437dac40 GCTaskThread "GC Thread#3" [stack: 0x000000fdede00000,0x000000fdedf00000] [id=9088]
  0x000002081fbbe7b0 ConcurrentGCThread "G1 Main Marker" [stack: 0x000000fdec900000,0x000000fdeca00000] [id=15512]
  0x000002081fbbf2a0 ConcurrentGCThread "G1 Conc#0" [stack: 0x000000fdeca00000,0x000000fdecb00000] [id=1032]
  0x000002081fc3ea80 ConcurrentGCThread "G1 Refine#0" [stack: 0x000000fdecb00000,0x000000fdecc00000] [id=14396]
  0x000002084359d7c0 ConcurrentGCThread "G1 Refine#1" [stack: 0x000000fdeed00000,0x000000fdeee00000] [id=10932]
  0x0000020841db7630 ConcurrentGCThread "G1 Service" [stack: 0x000000fdecc00000,0x000000fdecd00000] [id=2400]

Threads with active compile tasks:

VM state: not at safepoint (normal execution)

VM Mutex/Monitor currently owned by a thread: None

Heap address: 0x0000000701600000, size: 4074 MB, Compressed Oops mode: Zero based, Oop shift amount: 3
CDS archive(s) mapped at: [0x0000000800000000-0x0000000800bb0000-0x0000000800bb0000), size 12255232, SharedBaseAddress: 0x0000000800000000, ArchiveRelocationMode: 0.
Compressed class space mapped at: 0x0000000800c00000-0x0000000840c00000, reserved size: 1073741824
Narrow klass base: 0x0000000800000000, Narrow klass shift: 3, Narrow klass range: 0x100000000

GC Precious Log:
 CPUs: 4 total, 4 available
 Memory: 16289M
 Large Page Support: Disabled
 NUMA Support: Disabled
 Compressed Oops: Enabled (Zero based)
 Heap Region Size: 2M
 Heap Min Capacity: 8M
 Heap Initial Capacity: 256M
 Heap Max Capacity: 4074M
 Pre-touch: Disabled
 Parallel Workers: 4
 Concurrent Workers: 1
 Concurrent Refinement Workers: 4
 Periodic GC: Disabled

Heap:
 garbage-first heap   total 61440K, used 29084K [0x0000000701600000, 0x0000000800000000)
  region size 2048K, 12 young (24576K), 4 survivors (8192K)
 Metaspace       used 26922K, committed 27264K, reserved 1073152K
  class space    used 3607K, committed 3776K, reserved 1048576K

Heap Regions: E=young(eden), S=young(survivor), O=old, HS=humongous(starts), HC=humongous(continues), CS=collection set, F=free, OA=open archive, CA=closed archive, TAMS=top-at-mark-start (previous, next)
|   0|0x0000000701600000, 0x0000000701800000, 0x0000000701800000|100%| O|  |TAMS 0x000000070168b400, 0x0000000701600000| Untracked 
|   1|0x0000000701800000, 0x0000000701a00000, 0x0000000701a00000|100%|HS|  |TAMS 0x0000000701a00000, 0x0000000701800000| Complete 
|   2|0x0000000701a00000, 0x0000000701a00000, 0x0000000701c00000|  0%| F|  |TAMS 0x0000000701a00000, 0x0000000701a00000| Untracked 
|   3|0x0000000701c00000, 0x0000000701e00000, 0x0000000701e00000|100%|HS|  |TAMS 0x0000000701e00000, 0x0000000701c00000| Complete 
|   4|0x0000000701e00000, 0x0000000701e67200, 0x0000000702000000| 20%| O|  |TAMS 0x0000000701e00000, 0x0000000701e00000| Untracked 
|   5|0x0000000702000000, 0x0000000702000000, 0x0000000702200000|  0%| F|  |TAMS 0x0000000702000000, 0x0000000702000000| Untracked 
|   6|0x0000000702200000, 0x0000000702200000, 0x0000000702400000|  0%| F|  |TAMS 0x0000000702200000, 0x0000000702200000| Untracked 
|   7|0x0000000702400000, 0x0000000702400000, 0x0000000702600000|  0%| F|  |TAMS 0x0000000702400000, 0x0000000702400000| Untracked 
|   8|0x0000000702600000, 0x0000000702600000, 0x0000000702800000|  0%| F|  |TAMS 0x0000000702600000, 0x0000000702600000| Untracked 
|   9|0x0000000702800000, 0x0000000702800000, 0x0000000702a00000|  0%| F|  |TAMS 0x0000000702800000, 0x0000000702800000| Untracked 
|  10|0x0000000702a00000, 0x0000000702a00000, 0x0000000702c00000|  0%| F|  |TAMS 0x0000000702a00000, 0x0000000702a00000| Untracked 
|  11|0x0000000702c00000, 0x0000000702c00000, 0x0000000702e00000|  0%| F|  |TAMS 0x0000000702c00000, 0x0000000702c00000| Untracked 
|  12|0x0000000702e00000, 0x0000000702e00000, 0x0000000703000000|  0%| F|  |TAMS 0x0000000702e00000, 0x0000000702e00000| Untracked 
|  13|0x0000000703000000, 0x0000000703000000, 0x0000000703200000|  0%| F|  |TAMS 0x0000000703000000, 0x0000000703000000| Untracked 
|  14|0x0000000703200000, 0x0000000703200000, 0x0000000703400000|  0%| F|  |TAMS 0x0000000703200000, 0x0000000703200000| Untracked 
|  15|0x0000000703400000, 0x0000000703400000, 0x0000000703600000|  0%| F|  |TAMS 0x0000000703400000, 0x0000000703400000| Untracked 
|  16|0x0000000703600000, 0x0000000703600000, 0x0000000703800000|  0%| F|  |TAMS 0x0000000703600000, 0x0000000703600000| Untracked 
|  17|0x0000000703800000, 0x0000000703800000, 0x0000000703a00000|  0%| F|  |TAMS 0x0000000703800000, 0x0000000703800000| Untracked 
|  18|0x0000000703a00000, 0x0000000703c00000, 0x0000000703c00000|100%| E|  |TAMS 0x0000000703a00000, 0x0000000703a00000| Complete 
|  19|0x0000000703c00000, 0x0000000703e00000, 0x0000000703e00000|100%| E|CS|TAMS 0x0000000703c00000, 0x0000000703c00000| Complete 
|  20|0x0000000703e00000, 0x0000000704000000, 0x0000000704000000|100%| E|CS|TAMS 0x0000000703e00000, 0x0000000703e00000| Complete 
|  21|0x0000000704000000, 0x0000000704200000, 0x0000000704200000|100%| E|CS|TAMS 0x0000000704000000, 0x0000000704000000| Complete 
|  22|0x0000000704200000, 0x0000000704400000, 0x0000000704400000|100%| E|CS|TAMS 0x0000000704200000, 0x0000000704200000| Complete 
|  23|0x0000000704400000, 0x0000000704600000, 0x0000000704600000|100%| E|CS|TAMS 0x0000000704400000, 0x0000000704400000| Complete 
|  24|0x0000000704600000, 0x0000000704800000, 0x0000000704800000|100%| E|CS|TAMS 0x0000000704600000, 0x0000000704600000| Complete 
|  99|0x000000070dc00000, 0x000000070de00000, 0x000000070de00000|100%| S|CS|TAMS 0x000000070dc00000, 0x000000070dc00000| Complete 
| 100|0x000000070de00000, 0x000000070e000000, 0x000000070e000000|100%| S|CS|TAMS 0x000000070de00000, 0x000000070de00000| Complete 
| 101|0x000000070e000000, 0x000000070e200000, 0x000000070e200000|100%| S|CS|TAMS 0x000000070e000000, 0x000000070e000000| Complete 
| 102|0x000000070e200000, 0x000000070e400000, 0x000000070e400000|100%| S|CS|TAMS 0x000000070e200000, 0x000000070e200000| Complete 
| 127|0x0000000711400000, 0x0000000711600000, 0x0000000711600000|100%| E|CS|TAMS 0x0000000711400000, 0x0000000711400000| Complete 

Card table byte_map: [0x0000020836ad0000,0x00000208372d0000] _byte_map_base: 0x00000208332c5000

Marking Bits (Prev, Next): (CMBitMap*) 0x000002081fbadf10, (CMBitMap*) 0x000002081fbaded0
 Prev Bits: [0x000002083ba80000, 0x000002083fa28000)
 Next Bits: [0x0000020837ad0000, 0x000002083ba78000)

Polling page: 0x000002081db60000

Metaspace:

Usage:
  Non-class:     22.77 MB used.
      Class:      3.52 MB used.
       Both:     26.29 MB used.

Virtual space:
  Non-class space:       24.00 MB reserved,      22.94 MB ( 96%) committed,  3 nodes.
      Class space:        1.00 GB reserved,       3.69 MB ( <1%) committed,  1 nodes.
              Both:        1.02 GB reserved,      26.62 MB (  3%) committed. 

Chunk freelists:
   Non-Class:  848.00 KB
       Class:  304.00 KB
        Both:  1.12 MB

MaxMetaspaceSize: 17179869184.00 GB
CompressedClassSpaceSize: 1.00 GB
 - commit_granule_bytes: 65536.
 - commit_granule_words: 8192.
 - virtual_space_node_default_size: 1048576.
 - enlarge_chunks_in_place: 1.
 - new_chunks_are_fully_committed: 0.
 - uncommit_free_chunks: 1.
 - use_allocation_guard: 0.
 - handle_deallocations: 1.


Internal statistics:

num_allocs_failed_limit: 3.
num_arena_births: 310.
num_arena_deaths: 0.
num_vsnodes_births: 4.
num_vsnodes_deaths: 0.
num_space_committed: 426.
num_space_uncommitted: 0.
num_chunks_returned_to_freelist: 3.
num_chunks_taken_from_freelist: 1059.
num_chunk_merges: 0.
num_chunk_splits: 700.
num_chunks_enlarged: 541.
num_purges: 0.

CodeHeap 'non-profiled nmethods': size=120000Kb used=1828Kb max_used=1828Kb free=118171Kb
 bounds [0x000002082eda0000, 0x000002082f010000, 0x00000208362d0000]
CodeHeap 'profiled nmethods': size=120000Kb used=7598Kb max_used=7598Kb free=112401Kb
 bounds [0x0000020827870000, 0x0000020827fe0000, 0x000002082eda0000]
CodeHeap 'non-nmethods': size=5760Kb used=1538Kb max_used=1557Kb free=4221Kb
 bounds [0x00000208272d0000, 0x0000020827540000, 0x0000020827870000]
 total_blobs=4807 nmethods=3890 adapters=828
 compilation: enabled
              stopped_count=0, restarted_count=0
 full_count=0

Compilation events (20 events):
Event: 11.615 Thread 0x0000020841f3dad0 3892       1       jdk.internal.reflect.ClassFileAssembler::getStack (5 bytes)
Event: 11.615 Thread 0x0000020841f3dad0 nmethod 3892 0x000002082ef68a90 code [0x000002082ef68c20, 0x000002082ef68cf8]
Event: 11.617 Thread 0x0000020841f3dad0 3893       1       java.lang.reflect.Method::getSharedParameterTypes (5 bytes)
Event: 11.617 Thread 0x0000020841f3dad0 nmethod 3893 0x000002082ef68d90 code [0x000002082ef68f20, 0x000002082ef68ff8]
Event: 11.617 Thread 0x0000020841f3dad0 3894       3       java.lang.PublicMethods$Key::hashCode (19 bytes)
Event: 11.617 Thread 0x0000020841f3dad0 nmethod 3894 0x0000020827fd8d90 code [0x0000020827fd8f40, 0x0000020827fd90d8]
Event: 11.617 Thread 0x0000020841f3dad0 3895       3       java.util.LinkedHashMap$LinkedHashIterator::nextNode (54 bytes)
Event: 11.617 Thread 0x0000020841f3dad0 nmethod 3895 0x0000020827fd9190 code [0x0000020827fd9360, 0x0000020827fd9778]
Event: 11.617 Thread 0x0000020841f3dad0 3897       3       java.util.LinkedHashMap$LinkedValueIterator::next (8 bytes)
Event: 11.618 Thread 0x0000020841f3dad0 nmethod 3897 0x0000020827fd9910 code [0x0000020827fd9ac0, 0x0000020827fd9c08]
Event: 11.618 Thread 0x0000020841f3dad0 3896       3       java.lang.PublicMethods$MethodList::<init> (10 bytes)
Event: 11.618 Thread 0x0000020841f3dad0 nmethod 3896 0x0000020827fd9d10 code [0x0000020827fd9ec0, 0x0000020827fda078]
Event: 11.618 Thread 0x0000020841f3dad0 3898       3       javafx.fxml.FXMLLoader$Element::isTyped (16 bytes)
Event: 11.618 Thread 0x0000020841f3dad0 nmethod 3898 0x0000020827fda110 code [0x0000020827fda2c0, 0x0000020827fda558]
Event: 11.634 Thread 0x0000020841f3dad0 3899       1       java.util.logging.Logger::getName (5 bytes)
Event: 11.634 Thread 0x0000020841f3dad0 nmethod 3899 0x000002082ef69090 code [0x000002082ef69220, 0x000002082ef692f8]
Event: 11.645 Thread 0x0000020841f3dad0 3900       3       java.lang.reflect.Constructor::checkCanSetAccessible (29 bytes)
Event: 11.646 Thread 0x0000020841f3dad0 nmethod 3900 0x0000020827fda610 code [0x0000020827fda7e0, 0x0000020827fdaad8]
Event: 11.651 Thread 0x0000020841f3dad0 3901       3       jdk.internal.loader.NativeLibraries::find (72 bytes)
Event: 11.651 Thread 0x0000020841f3dad0 nmethod 3901 0x0000020827fdac10 code [0x0000020827fdae40, 0x0000020827fdb6d8]

GC Heap History (6 events):
Event: 0.405 GC heap before
{Heap before GC invocations=0 (full 0):
 garbage-first heap   total 262144K, used 10240K [0x0000000701600000, 0x0000000800000000)
  region size 2048K, 6 young (12288K), 0 survivors (0K)
 Metaspace       used 1047K, committed 1280K, reserved 1056768K
  class space    used 79K, committed 192K, reserved 1048576K
}
Event: 0.412 GC heap after
{Heap after GC invocations=1 (full 0):
 garbage-first heap   total 262144K, used 1480K [0x0000000701600000, 0x0000000800000000)
  region size 2048K, 1 young (2048K), 1 survivors (2048K)
 Metaspace       used 1047K, committed 1280K, reserved 1056768K
  class space    used 79K, committed 192K, reserved 1048576K
}
Event: 1.682 GC heap before
{Heap before GC invocations=1 (full 0):
 garbage-first heap   total 262144K, used 19912K [0x0000000701600000, 0x0000000800000000)
  region size 2048K, 11 young (22528K), 1 survivors (2048K)
 Metaspace       used 8071K, committed 8320K, reserved 1056768K
  class space    used 1007K, committed 1152K, reserved 1048576K
}
Event: 1.689 GC heap after
{Heap after GC invocations=2 (full 0):
 garbage-first heap   total 262144K, used 4653K [0x0000000701600000, 0x0000000800000000)
  region size 2048K, 2 young (4096K), 2 survivors (4096K)
 Metaspace       used 8071K, committed 8320K, reserved 1056768K
  class space    used 1007K, committed 1152K, reserved 1048576K
}
Event: 8.494 GC heap before
{Heap before GC invocations=2 (full 0):
 garbage-first heap   total 262144K, used 55853K [0x0000000701600000, 0x0000000800000000)
  region size 2048K, 25 young (51200K), 2 survivors (4096K)
 Metaspace       used 21037K, committed 21248K, reserved 1073152K
  class space    used 2879K, committed 3008K, reserved 1048576K
}
Event: 8.508 GC heap after
{Heap after GC invocations=3 (full 0):
 garbage-first heap   total 262144K, used 14748K [0x0000000701600000, 0x0000000800000000)
  region size 2048K, 4 young (8192K), 4 survivors (8192K)
 Metaspace       used 21037K, committed 21248K, reserved 1073152K
  class space    used 2879K, committed 3008K, reserved 1048576K
}

Deoptimization events (20 events):
Event: 10.735 Thread 0x000002084339a7b0 DEOPT PACKING pc=0x000002082ee42ad0 sp=0x000000fdee1fcd10
Event: 10.735 Thread 0x000002084339a7b0 DEOPT UNPACKING pc=0x000002082731d72e sp=0x000000fdee1fcca8 mode 2
Event: 11.359 Thread 0x00000208436cc590 DEOPT PACKING pc=0x0000020827f4f661 sp=0x000000fdedffd640
Event: 11.359 Thread 0x00000208436cc590 DEOPT UNPACKING pc=0x000002082731dece sp=0x000000fdedffca78 mode 0
Event: 11.609 Thread 0x000002084339a7b0 Uncommon trap: trap_request=0xffffff45 fr.pc=0x000002082ef122d0 relative=0x0000000000000230
Event: 11.609 Thread 0x000002084339a7b0 Uncommon trap: reason=unstable_if action=reinterpret pc=0x000002082ef122d0 method=java.util.regex.Matcher.reset()Ljava/util/regex/Matcher; @ 71 c2
Event: 11.609 Thread 0x000002084339a7b0 DEOPT PACKING pc=0x000002082ef122d0 sp=0x000000fdee1fba70
Event: 11.609 Thread 0x000002084339a7b0 DEOPT UNPACKING pc=0x000002082731d72e sp=0x000000fdee1fb9f8 mode 2
Event: 11.609 Thread 0x000002084339a7b0 Uncommon trap: trap_request=0xffffffde fr.pc=0x000002082ef18848 relative=0x0000000000000fe8
Event: 11.609 Thread 0x000002084339a7b0 Uncommon trap: reason=class_check action=maybe_recompile pc=0x000002082ef18848 method=java.util.regex.Pattern$Start.match(Ljava/util/regex/Matcher;ILjava/lang/CharSequence;)Z @ 44 c2
Event: 11.609 Thread 0x000002084339a7b0 DEOPT PACKING pc=0x000002082ef18848 sp=0x000000fdee1fb4d0
Event: 11.610 Thread 0x000002084339a7b0 DEOPT UNPACKING pc=0x000002082731d72e sp=0x000000fdee1fb4c0 mode 2
Event: 11.610 Thread 0x000002084339a7b0 Uncommon trap: trap_request=0xffffffde fr.pc=0x000002082ef18848 relative=0x0000000000000fe8
Event: 11.610 Thread 0x000002084339a7b0 Uncommon trap: reason=class_check action=maybe_recompile pc=0x000002082ef18848 method=java.util.regex.Pattern$Start.match(Ljava/util/regex/Matcher;ILjava/lang/CharSequence;)Z @ 44 c2
Event: 11.610 Thread 0x000002084339a7b0 DEOPT PACKING pc=0x000002082ef18848 sp=0x000000fdee1fb4d0
Event: 11.610 Thread 0x000002084339a7b0 DEOPT UNPACKING pc=0x000002082731d72e sp=0x000000fdee1fb4c0 mode 2
Event: 11.610 Thread 0x000002084339a7b0 Uncommon trap: trap_request=0xffffffde fr.pc=0x000002082ef18848 relative=0x0000000000000fe8
Event: 11.610 Thread 0x000002084339a7b0 Uncommon trap: reason=class_check action=maybe_recompile pc=0x000002082ef18848 method=java.util.regex.Pattern$Start.match(Ljava/util/regex/Matcher;ILjava/lang/CharSequence;)Z @ 44 c2
Event: 11.610 Thread 0x000002084339a7b0 DEOPT PACKING pc=0x000002082ef18848 sp=0x000000fdee1fb4d0
Event: 11.610 Thread 0x000002084339a7b0 DEOPT UNPACKING pc=0x000002082731d72e sp=0x000000fdee1fb4c0 mode 2

Classes unloaded (0 events):
No events

Classes redefined (0 events):
No events

Internal exceptions (20 events):
Event: 8.290 Thread 0x000002084339a7b0 Exception <a 'sun/nio/fs/WindowsException'{0x000000070eaf9e08}> (0x000000070eaf9e08) 
thrown [t:\workspace\open\src\hotspot\share\prims\jni.cpp, line 579]
Event: 8.295 Thread 0x000002084339a7b0 Exception <a 'java/lang/NoSuchMethodError'{0x000000070eb092c0}: 'int java.lang.invoke.DirectMethodHandle$Holder.invokeStatic(java.lang.Object, java.lang.Object, java.lang.Object, java.lang.Object)'> (0x000000070eb092c0) 
thrown [t:\workspace\open\src\hotspot\share\interpreter\linkResolver.cpp, line 790]
Event: 8.295 Thread 0x000002084339a7b0 Exception <a 'java/lang/NoSuchMethodError'{0x000000070eb0d1f0}: 'int java.lang.invoke.DirectMethodHandle$Holder.invokeStaticInit(java.lang.Object, java.lang.Object, java.lang.Object, java.lang.Object)'> (0x000000070eb0d1f0) 
thrown [t:\workspace\open\src\hotspot\share\interpreter\linkResolver.cpp, line 790]
Event: 8.296 Thread 0x000002084339a7b0 Exception <a 'java/lang/NoSuchMethodError'{0x000000070eb17180}: 'java.lang.Object java.lang.invoke.DirectMethodHandle$Holder.invokeInterface(java.lang.Object, java.lang.Object)'> (0x000000070eb17180) 
thrown [t:\workspace\open\src\hotspot\share\interpreter\linkResolver.cpp, line 790]
Event: 8.296 Thread 0x000002084339a7b0 Exception <a 'java/lang/IncompatibleClassChangeError'{0x000000070eb1b0c8}: Found class java.lang.Object, but interface was expected> (0x000000070eb1b0c8) 
thrown [t:\workspace\open\src\hotspot\share\interpreter\linkResolver.cpp, line 857]
Event: 8.406 Thread 0x000002084339a7b0 Exception <a 'java/lang/NoSuchMethodError'{0x000000070e49b980}: 'java.lang.Object java.lang.invoke.DirectMethodHandle$Holder.invokeStaticInit(java.lang.Object, int, int, int, int)'> (0x000000070e49b980) 
thrown [t:\workspace\open\src\hotspot\share\interpreter\linkResolver.cpp, line 790]
Event: 8.464 Thread 0x000002084339a7b0 Exception <a 'java/lang/NoSuchMethodError'{0x000000070e4b9de8}: 'java.lang.Object java.lang.invoke.DirectMethodHandle$Holder.invokeStaticInit(java.lang.Object, java.lang.Object, int, int, int, int)'> (0x000000070e4b9de8) 
thrown [t:\workspace\open\src\hotspot\share\interpreter\linkResolver.cpp, line 790]
Event: 8.525 Thread 0x000002084339a7b0 Exception <a 'sun/nio/fs/WindowsException'{0x000000071144d760}> (0x000000071144d760) 
thrown [t:\workspace\open\src\hotspot\share\prims\jni.cpp, line 579]
Event: 8.561 Thread 0x000002084339a7b0 Exception <a 'java/lang/NoSuchMethodError'{0x00000007114dc240}: 'java.lang.Object java.lang.invoke.DirectMethodHandle$Holder.invokeSpecial(java.lang.Object, java.lang.Object, java.lang.Object, java.lang.Object, int)'> (0x00000007114dc240) 
thrown [t:\workspace\open\src\hotspot\share\interpreter\linkResolver.cpp, line 790]
Event: 8.561 Thread 0x000002084339a7b0 Exception <a 'java/lang/NoSuchMethodError'{0x00000007114e0550}: 'java.lang.Object java.lang.invoke.Invokers$Holder.linkToTargetMethod(java.lang.Object, java.lang.Object, int, java.lang.Object)'> (0x00000007114e0550) 
thrown [t:\workspace\open\src\hotspot\share\interpreter\linkResolver.cpp, line 790]
Event: 8.698 Thread 0x000002084b3735b0 Exception <a 'java/lang/NoSuchMethodError'{0x00000007114f4570}: 'void java.lang.invoke.DirectMethodHandle$Holder.invokeStatic(java.lang.Object, java.lang.Object, int)'> (0x00000007114f4570) 
thrown [t:\workspace\open\src\hotspot\share\interpreter\linkResolver.cpp, line 790]
Event: 8.701 Thread 0x000002084b375590 Exception <a 'java/lang/NoSuchMethodError'{0x00000007046b0718}: 'void java.lang.invoke.DirectMethodHandle$Holder.invokeInterface(java.lang.Object, java.lang.Object, java.lang.Object)'> (0x00000007046b0718) 
thrown [t:\workspace\open\src\hotspot\share\interpreter\linkResolver.cpp, line 790]
Event: 8.704 Thread 0x000002084b375590 Exception <a 'java/lang/NoSuchMethodError'{0x00000007046bb5b0}: 'int java.lang.invoke.DirectMethodHandle$Holder.invokeStaticInit(java.lang.Object, int, int)'> (0x00000007046bb5b0) 
thrown [t:\workspace\open\src\hotspot\share\interpreter\linkResolver.cpp, line 790]
Event: 8.801 Thread 0x000002084b375590 Exception <a 'java/lang/NoSuchMethodError'{0x000000070446e880}: 'void java.lang.invoke.DirectMethodHandle$Holder.invokeInterface(java.lang.Object, java.lang.Object)'> (0x000000070446e880) 
thrown [t:\workspace\open\src\hotspot\share\interpreter\linkResolver.cpp, line 790]
Event: 9.919 Thread 0x000002084b375590 Exception <a 'java/lang/NoSuchMethodError'{0x0000000704002e90}: 'java.lang.Object java.lang.invoke.DirectMethodHandle$Holder.newInvokeSpecial(java.lang.Object, java.lang.Object, long, java.lang.Object, java.lang.Object, java.lang.Object)'> (0x0000000704002e90) 
thrown [t:\workspace\open\src\hotspot\share\interpreter\linkResolver.cpp, line 790]
Event: 9.922 Thread 0x000002084b375590 Exception <a 'java/lang/NoSuchMethodError'{0x000000070401ca10}: 'void java.lang.invoke.DirectMethodHandle$Holder.invokeSpecial(java.lang.Object, java.lang.Object, java.lang.Object, java.lang.Object, java.lang.Object, java.lang.Object, java.lang.Object)'> (0x000000070401ca10) 
thrown [t:\workspace\open\src\hotspot\share\interpreter\linkResolver.cpp, line 790]
Event: 11.596 Thread 0x000002084339a7b0 Exception <a 'java/lang/NoSuchMethodError'{0x0000000703cd94a8}: 'java.lang.Object java.lang.invoke.DirectMethodHandle$Holder.newInvokeSpecial(java.lang.Object, java.lang.Object, int, int, int, int, int, java.lang.Object)'> (0x0000000703cd94a8) 
thrown [t:\workspace\open\src\hotspot\share\interpreter\linkResolver.cpp, line 790]
Event: 11.597 Thread 0x000002084339a7b0 Exception <a 'java/lang/NoSuchMethodError'{0x0000000703cece68}: 'java.lang.Object java.lang.invoke.DirectMethodHandle$Holder.newInvokeSpecial(java.lang.Object, java.lang.Object, java.lang.Object, int, int, int, int, int)'> (0x0000000703cece68) 
thrown [t:\workspace\open\src\hotspot\share\interpreter\linkResolver.cpp, line 790]
Event: 11.598 Thread 0x000002084339a7b0 Exception <a 'java/lang/NoSuchMethodError'{0x0000000703cf49d8}: 'java.lang.Object java.lang.invoke.Invokers$Holder.linkToTargetMethod(java.lang.Object, java.lang.Object, int, int, int, int, int, java.lang.Object)'> (0x0000000703cf49d8) 
thrown [t:\workspace\open\src\hotspot\share\interpreter\linkResolver.cpp, line 790]
Event: 11.652 Thread 0x000002084339a7b0 Exception <a 'java/lang/NoSuchMethodError'{0x0000000703bf53a0}: fwkIsMainThread> (0x0000000703bf53a0) 
thrown [t:\workspace\open\src\hotspot\share\prims\jni.cpp, line 1176]

Events (20 events):
Event: 11.634 loading class java/util/concurrent/Executors$DelegatedExecutorService
Event: 11.634 loading class java/util/concurrent/Executors$DelegatedExecutorService done
Event: 11.634 loading class java/util/concurrent/Executors$DelegatedScheduledExecutorService done
Event: 11.634 loading class java/util/concurrent/ScheduledThreadPoolExecutor
Event: 11.634 loading class java/util/concurrent/ScheduledThreadPoolExecutor done
Event: 11.634 loading class java/util/concurrent/ScheduledThreadPoolExecutor$DelayedWorkQueue
Event: 11.634 loading class java/util/concurrent/ScheduledThreadPoolExecutor$DelayedWorkQueue done
Event: 11.635 loading class java/util/concurrent/RunnableScheduledFuture
Event: 11.635 loading class java/util/concurrent/ScheduledFuture
Event: 11.635 loading class java/util/concurrent/Delayed
Event: 11.635 loading class java/util/concurrent/Delayed done
Event: 11.635 loading class java/util/concurrent/ScheduledFuture done
Event: 11.635 loading class java/util/concurrent/RunnableScheduledFuture done
Event: 11.638 loading class java/net/CookieHandler
Event: 11.638 loading class java/net/CookieHandler done
Event: 11.644 Loaded shared library C:\Program Files\Java\javafx-sdk-16\bin\jfxwebkit.dll
Event: 11.646 loading class java/awt/image/RenderedImage
Event: 11.646 loading class java/awt/image/RenderedImage done
Event: 11.646 loading class java/awt/Composite
Event: 11.646 loading class java/awt/Composite done


Dynamic libraries:
0x00007ff7b6720000 - 0x00007ff7b6730000 	C:\Program Files\Java\jdk-16\bin\java.exe
0x00007ff99ed90000 - 0x00007ff99ef85000 	C:\WINDOWS\SYSTEM32\ntdll.dll
0x00007ff99e520000 - 0x00007ff99e5de000 	C:\WINDOWS\System32\KERNEL32.DLL
0x00007ff99c850000 - 0x00007ff99cb18000 	C:\WINDOWS\System32\KERNELBASE.dll
0x00007ff99cb20000 - 0x00007ff99cc20000 	C:\WINDOWS\System32\ucrtbase.dll
0x00007ff97ad30000 - 0x00007ff97ad48000 	C:\Program Files\Java\jdk-16\bin\jli.dll
0x00007ff99d0a0000 - 0x00007ff99d14c000 	C:\WINDOWS\System32\ADVAPI32.dll
0x00007ff99ceb0000 - 0x00007ff99cf4e000 	C:\WINDOWS\System32\msvcrt.dll
0x00007ff99cdd0000 - 0x00007ff99ce6b000 	C:\WINDOWS\System32\sechost.dll
0x00007ff99da10000 - 0x00007ff99db3a000 	C:\WINDOWS\System32\RPCRT4.dll
0x00007ff99e720000 - 0x00007ff99e8c1000 	C:\WINDOWS\System32\USER32.dll
0x00007ff99c820000 - 0x00007ff99c842000 	C:\WINDOWS\System32\win32u.dll
0x00007ff99dbf0000 - 0x00007ff99dc1b000 	C:\WINDOWS\System32\GDI32.dll
0x00007ff99c4a0000 - 0x00007ff99c5ad000 	C:\WINDOWS\System32\gdi32full.dll
0x00007ff99cc80000 - 0x00007ff99cd1d000 	C:\WINDOWS\System32\msvcp_win.dll
0x00007ff979620000 - 0x00007ff979639000 	C:\Program Files\Java\jdk-16\bin\VCRUNTIME140.dll
0x00007ff9914b0000 - 0x00007ff99174a000 	C:\WINDOWS\WinSxS\amd64_microsoft.windows.common-controls_6595b64144ccf1df_6.0.19041.1110_none_60b5254171f9507e\COMCTL32.dll
0x00007ff993550000 - 0x00007ff99355a000 	C:\WINDOWS\SYSTEM32\VERSION.dll
0x00007ff99ce80000 - 0x00007ff99ceb0000 	C:\WINDOWS\System32\IMM32.DLL
0x00007ff992c90000 - 0x00007ff992c9c000 	C:\Program Files\Java\jdk-16\bin\vcruntime140_1.dll
0x00007ff962840000 - 0x00007ff9628d1000 	C:\Program Files\Java\jdk-16\bin\msvcp140.dll
0x00007ff93c930000 - 0x00007ff93d4db000 	C:\Program Files\Java\jdk-16\bin\server\jvm.dll
0x00007ff99ce70000 - 0x00007ff99ce78000 	C:\WINDOWS\System32\PSAPI.DLL
0x00007ff9929b0000 - 0x00007ff9929b9000 	C:\WINDOWS\SYSTEM32\WSOCK32.dll
0x00007ff99e450000 - 0x00007ff99e4bb000 	C:\WINDOWS\System32\WS2_32.dll
0x00007ff991770000 - 0x00007ff991797000 	C:\WINDOWS\SYSTEM32\WINMM.dll
0x00007ff99a350000 - 0x00007ff99a362000 	C:\WINDOWS\SYSTEM32\kernel.appcore.dll
0x00007ff97ad20000 - 0x00007ff97ad2a000 	C:\Program Files\Java\jdk-16\bin\jimage.dll
0x00007ff993680000 - 0x00007ff993864000 	C:\WINDOWS\SYSTEM32\DBGHELP.DLL
0x00007ff9935d0000 - 0x00007ff9935fc000 	C:\WINDOWS\SYSTEM32\dbgcore.DLL
0x00007ff99c5b0000 - 0x00007ff99c633000 	C:\WINDOWS\System32\bcryptPrimitives.dll
0x00007ff9797c0000 - 0x00007ff9797ce000 	C:\Program Files\Java\jdk-16\bin\instrument.dll
0x00007ff979330000 - 0x00007ff979355000 	C:\Program Files\Java\jdk-16\bin\java.dll
0x00007ff99dc20000 - 0x00007ff99e364000 	C:\WINDOWS\System32\SHELL32.dll
0x00007ff99a550000 - 0x00007ff99ace4000 	C:\WINDOWS\SYSTEM32\windows.storage.dll
0x00007ff99d5d0000 - 0x00007ff99d925000 	C:\WINDOWS\System32\combase.dll
0x00007ff99be10000 - 0x00007ff99be3e000 	C:\WINDOWS\SYSTEM32\Wldp.dll
0x00007ff99db40000 - 0x00007ff99dbed000 	C:\WINDOWS\System32\SHCORE.dll
0x00007ff99e4c0000 - 0x00007ff99e515000 	C:\WINDOWS\System32\shlwapi.dll
0x00007ff99c3e0000 - 0x00007ff99c3ff000 	C:\WINDOWS\SYSTEM32\profapi.dll
0x00007ff979600000 - 0x00007ff979619000 	C:\Program Files\Java\jdk-16\bin\net.dll
0x00007ff994fc0000 - 0x00007ff9950cc000 	C:\WINDOWS\SYSTEM32\WINHTTP.dll
0x00007ff99bbf0000 - 0x00007ff99bc5a000 	C:\WINDOWS\system32\mswsock.dll
0x00007ff979310000 - 0x00007ff979323000 	C:\Program Files\Java\jdk-16\bin\nio.dll
0x00007ff9791b0000 - 0x00007ff9791c8000 	C:\Program Files\Java\jdk-16\bin\zip.dll
0x00007ff96afb0000 - 0x00007ff96afca000 	C:\Users\yurik\AppData\Local\JetBrains\Toolbox\apps\IDEA-C\ch-0\212.5457.46\bin\breakgen64.dll
0x000002081faf0000 - 0x000002081faf3000 	C:\Program Files\Java\javafx-sdk-16\bin\api-ms-win-core-console-l1-1-0.dll
0x000002081fb00000 - 0x000002081fb03000 	C:\Program Files\Java\javafx-sdk-16\bin\api-ms-win-core-console-l1-2-0.dll
0x000002081fb10000 - 0x000002081fb13000 	C:\Program Files\Java\javafx-sdk-16\bin\api-ms-win-core-datetime-l1-1-0.dll
0x000002081fb20000 - 0x000002081fb23000 	C:\Program Files\Java\javafx-sdk-16\bin\api-ms-win-core-debug-l1-1-0.dll
0x000002081fb30000 - 0x000002081fb33000 	C:\Program Files\Java\javafx-sdk-16\bin\api-ms-win-core-errorhandling-l1-1-0.dll
0x0000020841f70000 - 0x0000020841f74000 	C:\Program Files\Java\javafx-sdk-16\bin\api-ms-win-core-file-l1-1-0.dll
0x0000020841f80000 - 0x0000020841f83000 	C:\Program Files\Java\javafx-sdk-16\bin\api-ms-win-core-file-l1-2-0.dll
0x0000020841f90000 - 0x0000020841f93000 	C:\Program Files\Java\javafx-sdk-16\bin\api-ms-win-core-file-l2-1-0.dll
0x0000020841fa0000 - 0x0000020841fa3000 	C:\Program Files\Java\javafx-sdk-16\bin\api-ms-win-core-handle-l1-1-0.dll
0x0000020841fb0000 - 0x0000020841fb3000 	C:\Program Files\Java\javafx-sdk-16\bin\api-ms-win-core-heap-l1-1-0.dll
0x0000020841fc0000 - 0x0000020841fc3000 	C:\Program Files\Java\javafx-sdk-16\bin\api-ms-win-core-interlocked-l1-1-0.dll
0x0000020841fd0000 - 0x0000020841fd3000 	C:\Program Files\Java\javafx-sdk-16\bin\api-ms-win-core-libraryloader-l1-1-0.dll
0x0000020841fe0000 - 0x0000020841fe3000 	C:\Program Files\Java\javafx-sdk-16\bin\api-ms-win-core-localization-l1-2-0.dll
0x0000020841ff0000 - 0x0000020841ff3000 	C:\Program Files\Java\javafx-sdk-16\bin\api-ms-win-core-memory-l1-1-0.dll
0x0000020844740000 - 0x0000020844743000 	C:\Program Files\Java\javafx-sdk-16\bin\api-ms-win-core-namedpipe-l1-1-0.dll
0x0000020844750000 - 0x0000020844753000 	C:\Program Files\Java\javafx-sdk-16\bin\api-ms-win-core-processenvironment-l1-1-0.dll
0x0000020844610000 - 0x0000020844613000 	C:\Program Files\Java\javafx-sdk-16\bin\api-ms-win-core-processthreads-l1-1-0.dll
0x0000020844620000 - 0x0000020844623000 	C:\Program Files\Java\javafx-sdk-16\bin\api-ms-win-core-processthreads-l1-1-1.dll
0x0000020844630000 - 0x0000020844633000 	C:\Program Files\Java\javafx-sdk-16\bin\api-ms-win-core-profile-l1-1-0.dll
0x0000020844640000 - 0x0000020844643000 	C:\Program Files\Java\javafx-sdk-16\bin\api-ms-win-core-rtlsupport-l1-1-0.dll
0x0000020844650000 - 0x0000020844653000 	C:\Program Files\Java\javafx-sdk-16\bin\api-ms-win-core-string-l1-1-0.dll
0x0000020844660000 - 0x0000020844663000 	C:\Program Files\Java\javafx-sdk-16\bin\api-ms-win-core-synch-l1-1-0.dll
0x0000020844670000 - 0x0000020844673000 	C:\Program Files\Java\javafx-sdk-16\bin\api-ms-win-core-synch-l1-2-0.dll
0x0000020844680000 - 0x0000020844683000 	C:\Program Files\Java\javafx-sdk-16\bin\api-ms-win-core-sysinfo-l1-1-0.dll
0x00000208444d0000 - 0x00000208444d3000 	C:\Program Files\Java\javafx-sdk-16\bin\api-ms-win-core-timezone-l1-1-0.dll
0x00000208444e0000 - 0x00000208444e3000 	C:\Program Files\Java\javafx-sdk-16\bin\api-ms-win-core-util-l1-1-0.dll
0x00000208444f0000 - 0x00000208444f3000 	C:\Program Files\Java\javafx-sdk-16\bin\api-ms-win-crt-conio-l1-1-0.dll
0x0000020844500000 - 0x0000020844504000 	C:\Program Files\Java\javafx-sdk-16\bin\api-ms-win-crt-convert-l1-1-0.dll
0x0000020844510000 - 0x0000020844513000 	C:\Program Files\Java\javafx-sdk-16\bin\api-ms-win-crt-environment-l1-1-0.dll
0x0000020844520000 - 0x0000020844523000 	C:\Program Files\Java\javafx-sdk-16\bin\api-ms-win-crt-filesystem-l1-1-0.dll
0x0000020844530000 - 0x0000020844533000 	C:\Program Files\Java\javafx-sdk-16\bin\api-ms-win-crt-heap-l1-1-0.dll
0x0000020844540000 - 0x0000020844543000 	C:\Program Files\Java\javafx-sdk-16\bin\api-ms-win-crt-locale-l1-1-0.dll
0x0000020844550000 - 0x0000020844555000 	C:\Program Files\Java\javafx-sdk-16\bin\api-ms-win-crt-math-l1-1-0.dll
0x0000020844560000 - 0x0000020844565000 	C:\Program Files\Java\javafx-sdk-16\bin\api-ms-win-crt-multibyte-l1-1-0.dll
0x0000020844570000 - 0x0000020844580000 	C:\Program Files\Java\javafx-sdk-16\bin\api-ms-win-crt-private-l1-1-0.dll
0x0000020844580000 - 0x0000020844583000 	C:\Program Files\Java\javafx-sdk-16\bin\api-ms-win-crt-process-l1-1-0.dll
0x0000020844590000 - 0x0000020844594000 	C:\Program Files\Java\javafx-sdk-16\bin\api-ms-win-crt-runtime-l1-1-0.dll
0x00000208445a0000 - 0x00000208445a4000 	C:\Program Files\Java\javafx-sdk-16\bin\api-ms-win-crt-stdio-l1-1-0.dll
0x00000208445b0000 - 0x00000208445b4000 	C:\Program Files\Java\javafx-sdk-16\bin\api-ms-win-crt-string-l1-1-0.dll
0x00000208445c0000 - 0x00000208445c3000 	C:\Program Files\Java\javafx-sdk-16\bin\api-ms-win-crt-time-l1-1-0.dll
0x00000208445d0000 - 0x00000208445d3000 	C:\Program Files\Java\javafx-sdk-16\bin\api-ms-win-crt-utility-l1-1-0.dll
0x00007ff9413c0000 - 0x00007ff9414bc000 	C:\Program Files\Java\javafx-sdk-16\bin\ucrtbase.dll
0x00007ff9627d0000 - 0x00007ff9627e9000 	C:\Program Files\Java\javafx-sdk-16\bin\vcruntime140.dll
0x00007ff9792b0000 - 0x00007ff9792bc000 	C:\Program Files\Java\javafx-sdk-16\bin\vcruntime140_1.dll
0x00007ff944d60000 - 0x00007ff944df1000 	C:\Program Files\Java\javafx-sdk-16\bin\msvcp140.dll
0x00007ff945980000 - 0x00007ff9459a7000 	C:\Program Files\Java\javafx-sdk-16\bin\prism_d3d.dll
0x00007ff945b40000 - 0x00007ff945d10000 	C:\WINDOWS\system32\d3d9.dll
0x00007ff99a170000 - 0x00007ff99a19f000 	C:\WINDOWS\SYSTEM32\dwmapi.dll
0x00007ff999dd0000 - 0x00007ff999e6e000 	C:\WINDOWS\system32\uxtheme.dll
0x00007ff9383c0000 - 0x00007ff93a8fd000 	C:\WINDOWS\SYSTEM32\igdumdim64.dll
0x00007ff99d170000 - 0x00007ff99d23d000 	C:\WINDOWS\System32\OLEAUT32.dll
0x00007ff99d240000 - 0x00007ff99d36a000 	C:\WINDOWS\System32\ole32.dll
0x00007ff99e8d0000 - 0x00007ff99ed42000 	C:\WINDOWS\System32\SETUPAPI.dll
0x00007ff99c7a0000 - 0x00007ff99c7ee000 	C:\WINDOWS\System32\cfgmgr32.dll
0x00007ff99c7f0000 - 0x00007ff99c817000 	C:\WINDOWS\System32\bcrypt.dll
0x00007ff945680000 - 0x00007ff9456c2000 	C:\Program Files\Java\javafx-sdk-16\bin\glass.dll
0x00007ff99d930000 - 0x00007ff99da0a000 	C:\WINDOWS\System32\COMDLG32.dll
0x00007ff99e5e0000 - 0x00007ff99e6f5000 	C:\WINDOWS\System32\MSCTF.dll
0x00007ff97bcc0000 - 0x00007ff97c6ff000 	C:\WINDOWS\SYSTEM32\igdusc64.dll
0x00007ff997bf0000 - 0x00007ff997c2b000 	C:\WINDOWS\SYSTEM32\dxcore.dll
0x00007ff945770000 - 0x00007ff945784000 	C:\Program Files\Java\javafx-sdk-16\bin\javafx_font.dll
0x00007ff97e270000 - 0x00007ff97e4f3000 	C:\WINDOWS\SYSTEM32\dwrite.dll
0x00007ff99d520000 - 0x00007ff99d5c9000 	C:\WINDOWS\System32\clbcatq.dll
0x00007ff97ff30000 - 0x00007ff9800e4000 	C:\WINDOWS\SYSTEM32\WindowsCodecs.dll
0x00007ff96f6f0000 - 0x00007ff96f72e000 	C:\WINDOWS\system32\dataexchange.dll
0x00007ff998c90000 - 0x00007ff998ef4000 	C:\WINDOWS\system32\d3d11.dll
0x00007ff999180000 - 0x00007ff999365000 	C:\WINDOWS\system32\dcomp.dll
0x00007ff99ad50000 - 0x00007ff99ae44000 	C:\WINDOWS\system32\dxgi.dll
0x00007ff994c50000 - 0x00007ff994e51000 	C:\WINDOWS\system32\twinapi.appcore.dll
0x00007ff963280000 - 0x00007ff9632b4000 	C:\Program Files\Common Files\Microsoft Shared\Ink\rtscom.dll
0x00007ff996420000 - 0x00007ff996519000 	C:\WINDOWS\SYSTEM32\textinputframework.dll
0x00007ff999a50000 - 0x00007ff999b42000 	C:\WINDOWS\System32\CoreMessaging.dll
0x00007ff9996f0000 - 0x00007ff999a4e000 	C:\WINDOWS\System32\CoreUIComponents.dll
0x00007ff99b150000 - 0x00007ff99b183000 	C:\WINDOWS\SYSTEM32\ntmarta.dll
0x00007ff999020000 - 0x00007ff999174000 	C:\WINDOWS\SYSTEM32\wintypes.dll
0x00007ff9701c0000 - 0x00007ff9701ce000 	C:\Program Files\Java\jdk-16\bin\sunmscapi.dll
0x00007ff99c640000 - 0x00007ff99c796000 	C:\WINDOWS\System32\CRYPT32.dll
0x00007ff99be80000 - 0x00007ff99bea7000 	C:\WINDOWS\SYSTEM32\ncrypt.dll
0x00007ff99be40000 - 0x00007ff99be7b000 	C:\WINDOWS\SYSTEM32\NTASN1.dll
0x00007ff99c150000 - 0x00007ff99c168000 	C:\WINDOWS\SYSTEM32\CRYPTSP.dll
0x00007ff99b520000 - 0x00007ff99b554000 	C:\WINDOWS\system32\rsaenh.dll
0x00007ff99c3a0000 - 0x00007ff99c3ce000 	C:\WINDOWS\SYSTEM32\USERENV.dll

dbghelp: loaded successfully - version: 4.0.5 - missing functions: none
symbol engine: initialized successfully - sym options: 0x614 - pdb path: .;C:\Program Files\Java\jdk-16\bin;C:\WINDOWS\SYSTEM32;C:\WINDOWS\WinSxS\amd64_microsoft.windows.common-controls_6595b64144ccf1df_6.0.19041.1110_none_60b5254171f9507e;C:\Program Files\Java\jdk-16\bin\server;C:\Users\yurik\AppData\Local\JetBrains\Toolbox\apps\IDEA-C\ch-0\212.5457.46\bin;C:\Program Files\Java\javafx-sdk-16\bin;C:\Program Files\Common Files\Microsoft Shared\Ink

VM Arguments:
jvm_args: -javaagent:C:\Users\yurik\AppData\Local\JetBrains\Toolbox\apps\IDEA-C\ch-0\212.5457.46\lib\idea_rt.jar=58559:C:\Users\yurik\AppData\Local\JetBrains\Toolbox\apps\IDEA-C\ch-0\212.5457.46\bin -Dfile.encoding=UTF-8 --module-path=C:\Users\yurik\.m2\repository\org\openjfx\javafx-base\16\javafx-base-16-win.jar;C:\Users\yurik\.m2\repository\org\openjfx\javafx-web\11.0.2\javafx-web-11.0.2-win.jar;C:\Users\yurik\.m2\repository\com\google\code\gson\gson\2.8.9\gson-2.8.9.jar;C:\Users\yurik\.m2\repository\org\openjfx\javafx-controls\16\javafx-controls-16-win.jar;C:\Program Files\Java\javafx-sdk-16\lib\javafx.web.jar;C:\Program Files\Java\javafx-sdk-16\lib\javafx.media.jar;C:\Users\yurik\.m2\repository\org\openjfx\javafx-media\11.0.2\javafx-media-11.0.2-win.jar;C:\Program Files\Java\javafx-sdk-16\lib\javafx.base.jar;C:\Users\yurik\.m2\repository\org\openjfx\javafx-fxml\16\javafx-fxml-16-win.jar;C:\Program Files\Java\javafx-sdk-16\lib\javafx.controls.jar;C:\Program Files\Java\javafx-sdk-16\lib\javafx.fxml.jar;C:\Program Files\Java\javafx-sdk-16\lib\javafx.graphics.jar;C:\Users\yurik\IdeaProjects\F21COMP1011S1Assignment2\target\classes;C:\Users\yurik\.m2\repository\org\openjfx\javafx-graphics\16\javafx-graphics-16-win.jar -Djdk.module.main=com.example.f21comp1011s1assignment2 
java_command: com.example.f21comp1011s1assignment2/com.example.f21comp1011s1assignment2.Main --module-path C:\Program Files\Java\javafx-sdk-16\lib --add-modules javafx.controls,javafx.fxml
java_class_path (initial): C:\Users\yurik\.m2\repository\org\openjfx\javafx-controls\16\javafx-controls-16.jar;C:\Users\yurik\.m2\repository\org\openjfx\javafx-graphics\16\javafx-graphics-16.jar;C:\Users\yurik\.m2\repository\org\openjfx\javafx-base\16\javafx-base-16.jar;C:\Users\yurik\.m2\repository\org\openjfx\javafx-fxml\16\javafx-fxml-16.jar;C:\Users\yurik\.m2\repository\org\openjfx\javafx-web\11.0.2\javafx-web-11.0.2.jar;C:\Users\yurik\.m2\repository\org\openjfx\javafx-media\11.0.2\javafx-media-11.0.2.jar;C:\Program Files\Java\javafx-sdk-16\lib\src.zip;C:\Program Files\Java\javafx-sdk-16\lib\javafx-swt.jar;C:\Program Files\Java\javafx-sdk-16\lib\javafx.swing.jar
Launcher Type: SUN_STANDARD

[Global flags]
     intx CICompilerCount                          = 3                                         {product} {ergonomic}
     uint ConcGCThreads                            = 1                                         {product} {ergonomic}
     uint G1ConcRefinementThreads                  = 4                                         {product} {ergonomic}
   size_t G1HeapRegionSize                         = 2097152                                   {product} {ergonomic}
    uintx GCDrainStackTargetSize                   = 64                                        {product} {ergonomic}
   size_t InitialHeapSize                          = 268435456                                 {product} {ergonomic}
   size_t MarkStackSize                            = 4194304                                   {product} {ergonomic}
   size_t MaxHeapSize                              = 4271898624                                {product} {ergonomic}
   size_t MaxNewSize                               = 2562719744                                {product} {ergonomic}
   size_t MinHeapDeltaBytes                        = 2097152                                   {product} {ergonomic}
   size_t MinHeapSize                              = 8388608                                   {product} {ergonomic}
    uintx NonNMethodCodeHeapSize                   = 5832780                                {pd product} {ergonomic}
    uintx NonProfiledCodeHeapSize                  = 122912730                              {pd product} {ergonomic}
    uintx ProfiledCodeHeapSize                     = 122912730                              {pd product} {ergonomic}
    uintx ReservedCodeCacheSize                    = 251658240                              {pd product} {ergonomic}
     bool SegmentedCodeCache                       = true                                      {product} {ergonomic}
   size_t SoftMaxHeapSize                          = 4271898624                             {manageable} {ergonomic}
     bool UseCompressedClassPointers               = true                           {product lp64_product} {ergonomic}
     bool UseCompressedOops                        = true                           {product lp64_product} {ergonomic}
     bool UseG1GC                                  = true                                      {product} {ergonomic}
     bool UseLargePagesIndividualAllocation        = false                                  {pd product} {ergonomic}

Logging:
Log output configuration:
 #0: stdout all=warning uptime,level,tags
 #1: stderr all=off uptime,level,tags

Environment Variables:
JAVA_HOME=C:\Program Files\Java\jdk-15.0.1
PATH=C:\Program Files\Eclipse Foundation\jdk-8.0.302.8-hotspot\bin;C:\Program Files\Common Files\Oracle\Java\javapath;C:\WINDOWS\system32;C:\WINDOWS;C:\WINDOWS\System32\Wbem;C:\WINDOWS\System32\WindowsPowerShell\v1.0\;C:\WINDOWS\System32\OpenSSH\;C:\Program Files\Java\jdk-15\bin;"C:\Program Files\Git\bin;";"C:\Users\yurik\AppData\Local\Programs\Microsoft VS Code\bin;";"C:\Users\yurik\Desktop\github\gittest;C:\Program Files\Java\jdk-15.0.1\bin;C:\Program Files\Microsoft SQL Server\130\Tools\Binn\;C:\Program Files\Microsoft SQL Server\Client SDK\ODBC\170\Tools\Binn\;C:\Program Files (x86)\Incredibuild;C:\Program Files\nodejs\";C:\Program Files\nodejs;C:\Program Files\dotnet\;C:\Program Files (x86)\Microsoft SQL Server\150\Tools\Binn\;C:\Program Files\Microsoft SQL Server\150\Tools\Binn\;C:\Program Files\Microsoft SQL Server\150\DTS\Binn\;C:\Program Files (x86)\Microsoft SQL Server\150\DTS\Binn\;C:\Program Files\Azure Data Studio\bin;C:\Program Files\Git\cmd;C:\Program Files\MySQL\MySQL Shell 8.0\bin\;C:\Users\yurik\AppData\Local\Microsoft\WindowsApps;C:\Users\yurik\AppData\Local\Programs\Microsoft VS Code\bin;C:\Users\yurik\AppData\Local\GitHubDesktop\bin;C:\Users\yurik\AppData\Roaming\npm;C:\Program Files\nodejs;C:\Users\yurik\.dotnet\tools;C:\Program Files\Azure Data Studio\bin
USERNAME=yurik
OS=Windows_NT
PROCESSOR_IDENTIFIER=Intel64 Family 6 Model 69 Stepping 1, GenuineIntel



---------------  S Y S T E M  ---------------

OS:
 Windows 10 , 64 bit Build 19041 (10.0.19041.1348)
OS uptime: 1 days 5:56 hours
Hyper-V role detected

CPU: total 4 (initial active 4) (2 cores per cpu, 2 threads per core) family 6 model 69 stepping 1 microcode 0x25, cx8, cmov, fxsr, ht, mmx, sse, sse2, sse3, ssse3, sse4.1, sse4.2, popcnt, lzcnt, tsc, tscinvbit, avx, avx2, aes, erms, clmul, bmi1, bmi2, fma, vzeroupper, clflush, hv

Memory: 4k page, system-wide physical 16289M (6606M free)
TotalPageFile size 18721M (AvailPageFile size 7287M)
current process WorkingSet (physical memory assigned to process): 164M, peak: 184M
current process commit charge ("private bytes"): 235M, peak: 427M

vm_info: Java HotSpot(TM) 64-Bit Server VM (16+36-2231) for windows-amd64 JRE (16+36-2231), built on Feb  8 2021 11:43:10 by "mach5one" with MS VC++ 16.7 (VS2019)

END.
