#
# A fatal error has been detected by the Java Runtime Environment:
#
#  EXCEPTION_ACCESS_VIOLATION (0xc0000005) at pc=0x00007ff920072500, pid=10152, tid=17212
#
# JRE version: Java(TM) SE Runtime Environment (16.0+36) (build 16+36-2231)
# Java VM: Java HotSpot(TM) 64-Bit Server VM (16+36-2231, mixed mode, sharing, tiered, compressed oops, g1 gc, windows-amd64)
# Problematic frame:
# C  0x00007ff920072500
#
# No core dump will be written. Minidumps are not enabled by default on client versions of Windows
#
# If you would like to submit a bug report, please visit:
#   https://bugreport.java.com/bugreport/crash.jsp
# The crash happened outside the Java Virtual Machine in native code.
# See problematic frame for where to report the bug.
#

---------------  S U M M A R Y ------------

Command Line: -javaagent:C:\Users\yurik\AppData\Local\JetBrains\Toolbox\apps\IDEA-C\ch-0\212.5457.46\lib\idea_rt.jar=54634:C:\Users\yurik\AppData\Local\JetBrains\Toolbox\apps\IDEA-C\ch-0\212.5457.46\bin -Dfile.encoding=UTF-8 --module-path=C:\Program Files\Java\javafx-sdk-16\lib\javafx.web.jar;C:\Users\yurik\IdeaProjects\F21COMP1011S1Assignment2\target\classes;C:\Users\yurik\.m2\repository\org\openjfx\javafx-media\11.0.2\javafx-media-11.0.2-win.jar;C:\Users\yurik\.m2\repository\org\openjfx\javafx-controls\16\javafx-controls-16-win.jar;C:\Program Files\Java\javafx-sdk-16\lib\javafx.graphics.jar;C:\Users\yurik\.m2\repository\org\openjfx\javafx-graphics\16\javafx-graphics-16-win.jar;C:\Users\yurik\.m2\repository\com\google\code\gson\gson\2.8.9\gson-2.8.9.jar;C:\Users\yurik\.m2\repository\org\openjfx\javafx-base\16\javafx-base-16-win.jar;C:\Program Files\Java\javafx-sdk-16\lib\javafx.media.jar;C:\Users\yurik\.m2\repository\org\openjfx\javafx-web\11.0.2\javafx-web-11.0.2-win.jar;C:\Program Files\Java\javafx-sdk-16\lib\javafx.base.jar;C:\Program Files\Java\javafx-sdk-16\lib\javafx.controls.jar;C:\Users\yurik\.m2\repository\org\openjfx\javafx-fxml\16\javafx-fxml-16-win.jar;C:\Program Files\Java\javafx-sdk-16\lib\javafx.fxml.jar -Djdk.module.main=com.example.f21comp1011s1assignment2 com.example.f21comp1011s1assignment2/com.example.f21comp1011s1assignment2.Main --module-path C:\Program Files\Java\javafx-sdk-16\lib --add-modules javafx.controls,javafx.fxml

Host: Intel(R) Core(TM) i7-4600U CPU @ 2.10GHz, 4 cores, 15G,  Windows 10 , 64 bit Build 19041 (10.0.19041.1348)
Time: Fri Dec  3 12:56:54 2021 Pacific Standard Time elapsed time: 12.911220 seconds (0d 0h 0m 12s)

---------------  T H R E A D  ---------------

Current thread (0x000001b161393df0):  JavaThread "JavaFX Application Thread" [_thread_in_native, id=17212, stack(0x000000492aa00000,0x000000492ab00000)]

Stack: [0x000000492aa00000,0x000000492ab00000],  sp=0x000000492aafbfa0,  free space=1007k
Native frames: (J=compiled Java code, j=interpreted, Vv=VM code, C=native code)
C  0x00007ff920072500

Java frames: (J=compiled Java code, j=interpreted, Vv=VM code)
j  com.sun.webkit.network.URLLoaderBase.twkDidFail(ILjava/lang/String;Ljava/lang/String;J)V+0 javafx.web
j  com.sun.webkit.network.HTTP2Loader.notifyDidFail(ILjava/lang/String;Ljava/lang/String;)V+66 javafx.web
j  com.sun.webkit.network.HTTP2Loader.lambda$didFail$18(Ljava/lang/Throwable;)V+74 javafx.web
j  com.sun.webkit.network.HTTP2Loader$$Lambda$938+0x000000080100e378.run()V+8 javafx.web
J 4359 c1 com.sun.webkit.network.HTTP2Loader$$Lambda$871+0x0000000800fbdc68.run()V javafx.web (12 bytes) @ 0x000001b1457c0fd4 [0x000001b1457c0e40+0x0000000000000194]
J 4086 c1 com.sun.javafx.webkit.prism.PrismInvoker.invokeOnEventThread(Ljava/lang/Runnable;)V javafx.web (21 bytes) @ 0x000001b14575bf14 [0x000001b14575be60+0x00000000000000b4]
J 4087 c1 com.sun.webkit.network.HTTP2Loader.callBackIfNotCanceled(Ljava/lang/Runnable;)V javafx.web (14 bytes) @ 0x000001b14575c4d4 [0x000001b14575c360+0x0000000000000174]
j  com.sun.webkit.network.HTTP2Loader.didFail(Ljava/lang/Throwable;)Ljava/lang/Void;+8 javafx.web
j  com.sun.webkit.network.HTTP2Loader.lambda$new$8(Ljava/lang/Throwable;)Ljava/lang/Void;+5 javafx.web
j  com.sun.webkit.network.HTTP2Loader$$Lambda$850+0x0000000800fa7a68.apply(Ljava/lang/Object;)Ljava/lang/Object;+8 javafx.web
j  java.util.concurrent.CompletableFuture.uniExceptionally(Ljava/lang/Object;Ljava/util/function/Function;Ljava/util/concurrent/CompletableFuture$UniExceptionally;)Z+44 java.base@16
j  java.util.concurrent.CompletableFuture.uniExceptionallyStage(Ljava/util/concurrent/Executor;Ljava/util/function/Function;)Ljava/util/concurrent/CompletableFuture;+54 java.base@16
j  java.util.concurrent.CompletableFuture.exceptionally(Ljava/util/function/Function;)Ljava/util/concurrent/CompletableFuture;+3 java.base@16
j  com.sun.webkit.network.HTTP2Loader.lambda$new$9(Ljava/net/http/HttpRequest;Ljava/net/http/HttpResponse$BodyHandler;)Ljava/util/concurrent/CompletableFuture;+22 javafx.web
j  com.sun.webkit.network.HTTP2Loader$$Lambda$847+0x0000000800fa7390.run()Ljava/lang/Object;+12 javafx.web
J 2166 c1 java.security.AccessController.doPrivileged(Ljava/security/PrivilegedAction;Ljava/security/AccessControlContext;)Ljava/lang/Object; java.base@16 (17 bytes) @ 0x000001b1453b4a64 [0x000001b1453b4880+0x00000000000001e4]
j  com.sun.webkit.network.HTTP2Loader.<init>(Lcom/sun/webkit/WebPage;Lcom/sun/webkit/network/ByteBufferPool;ZLjava/lang/String;Ljava/lang/String;Ljava/lang/String;[Lcom/sun/webkit/network/FormDataElement;J)V+150 javafx.web
j  com.sun.webkit.network.HTTP2Loader.create(Lcom/sun/webkit/WebPage;Lcom/sun/webkit/network/ByteBufferPool;ZLjava/lang/String;Ljava/lang/String;Ljava/lang/String;[Lcom/sun/webkit/network/FormDataElement;J)Lcom/sun/webkit/network/HTTP2Loader;+34 javafx.web
j  com.sun.webkit.network.NetworkContext.fwkLoad(Lcom/sun/webkit/WebPage;ZLjava/lang/String;Ljava/lang/String;Ljava/lang/String;[Lcom/sun/webkit/network/FormDataElement;J)Lcom/sun/webkit/network/URLLoaderBase;+101 javafx.web
v  ~StubRoutines::call_stub
j  com.sun.webkit.Timer.twkFireTimerEvent()V+0 javafx.web
j  com.sun.webkit.Timer.fireTimerEvent(J)V+45 javafx.web
j  com.sun.webkit.Timer.notifyTick()V+25 javafx.web
j  javafx.scene.web.WebEngine$PulseTimer.lambda$static$0()V+3 javafx.web
j  javafx.scene.web.WebEngine$PulseTimer$$Lambda$857+0x0000000800fb62c8.run()V+0 javafx.web
J 4349 c1 com.sun.javafx.application.PlatformImpl$$Lambda$92+0x0000000800c84660.run()Ljava/lang/Object; javafx.graphics (8 bytes) @ 0x000001b1457bd404 [0x000001b1457bd2c0+0x0000000000000144]
J 4358 c1 com.sun.javafx.application.PlatformImpl.lambda$runLater$11(Ljava/lang/Runnable;Ljava/security/AccessControlContext;)V javafx.graphics (38 bytes) @ 0x000001b1457c0344 [0x000001b1457bfda0+0x00000000000005a4]
J 4331 c1 com.sun.javafx.application.PlatformImpl$$Lambda$91+0x0000000800c3f438.run()V javafx.graphics (12 bytes) @ 0x000001b1457b72c4 [0x000001b1457b7240+0x0000000000000084]
J 3867 c1 com.sun.glass.ui.InvokeLaterDispatcher$Future.run()V javafx.graphics (91 bytes) @ 0x000001b145701794 [0x000001b145701680+0x0000000000000114]
v  ~StubRoutines::call_stub
j  com.sun.glass.ui.win.WinApplication._runLoop(Ljava/lang/Runnable;)V+0 javafx.graphics
j  com.sun.glass.ui.win.WinApplication.lambda$runLoop$3(ILjava/lang/Runnable;)V+8 javafx.graphics
j  com.sun.glass.ui.win.WinApplication$$Lambda$80+0x0000000800c2dd58.run()V+12 javafx.graphics
j  java.lang.Thread.run()V+11 java.base@16
v  ~StubRoutines::call_stub

siginfo: EXCEPTION_ACCESS_VIOLATION (0xc0000005), reading address 0x00000000000003c8


Register to memory mapping:

RIP=0x00007ff920072500 points into unknown readable memory: 0x8389000003c8818b | 8b 81 c8 03 00 00 89 83
RAX=0x000000492aafbf80 is pointing into the stack for thread: 0x000001b161393df0
RBX=0x000001b167ab45c0 points into unknown readable memory: 0x00007ff9213f45c0 | c0 45 3f 21 f9 7f 00 00
RCX=0x0 is NULL
RDX=0x0000000000000001 is an unknown value
RSP=0x000000492aafbfa0 is pointing into the stack for thread: 0x000001b161393df0
RBP=0x000000492aafc109 is pointing into the stack for thread: 0x000001b161393df0
RSI=0x000000492aafc230 is pointing into the stack for thread: 0x000001b161393df0
RDI=0x000000492aafc0b0 is pointing into the stack for thread: 0x000001b161393df0
R8 =0x000001b1afdb8ad0 points into unknown readable memory: 0x00000000ffffffff | ff ff ff ff 00 00 00 00
R9 =0x000000492aafbf50 is pointing into the stack for thread: 0x000001b161393df0
R10=0x000001b1afdb8a60 points into unknown readable memory: 0x0000000000000000 | 00 00 00 00 00 00 00 00
R11=0x00000000ff455007 is an unknown value
R12=0x00007ff91faa74d0 points into unknown readable memory: 0x83485708245c8948 | 48 89 5c 24 08 57 48 83
R13={method} {0x000001b16c6c24a0} 'twkDidFail' '(ILjava/lang/String;Ljava/lang/String;J)V' in 'com/sun/webkit/network/URLLoaderBase'
R14=0x000001b160e86270 points into unknown readable memory: 0x00007ff92138bfb8 | b8 bf 38 21 f9 7f 00 00
R15=0x0000000000000004 is an unknown value


Registers:
RAX=0x000000492aafbf80, RBX=0x000001b167ab45c0, RCX=0x0000000000000000, RDX=0x0000000000000001
RSP=0x000000492aafbfa0, RBP=0x000000492aafc109, RSI=0x000000492aafc230, RDI=0x000000492aafc0b0
R8 =0x000001b1afdb8ad0, R9 =0x000000492aafbf50, R10=0x000001b1afdb8a60, R11=0x00000000ff455007
R12=0x00007ff91faa74d0, R13=0x000001b16c6c2498, R14=0x000001b160e86270, R15=0x0000000000000004
RIP=0x00007ff920072500, EFLAGS=0x0000000000010206

Top of Stack: (sp=0x000000492aafbfa0)
0x000000492aafbfa0:   000000000000002c 000001b1af8c0f40
0x000000492aafbfb0:   000000492aafc230 000000492aafc230
0x000000492aafbfc0:   000001b1af8c0f40 00007ff91fb7e37c
0x000000492aafbfd0:   000001b1af8c0f40 000001b1af8c0f40
0x000000492aafbfe0:   000000492aafc109 000001b1af8c0f40
0x000000492aafbff0:   000001b1af8c0f40 00007ff91fa0d01e
0x000000492aafc000:   000001b167ab45c0 00007f76e1c4b9a9
0x000000492aafc010:   000000492aafc0b0 00007ff91fb703d6
0x000000492aafc020:   000001b1af8c0f40 000000492aafc230
0x000000492aafc030:   000000492aafc230 000001b1af8c0f40
0x000000492aafc040:   000000492aafc0b0 00007ff91faa74ff
0x000000492aafc050:   000001b160e86270 000001b161394100
0x000000492aafc060:   00007f76e1c4c679 000000492aafc230
0x000000492aafc070:   0000000000000000 00007ff91faab80d
0x000000492aafc080:   000000492aafc0a0 000000492aafc109
0x000000492aafc090:   000001b160e86270 000000492aafc0a0 

Instructions: (pc=0x00007ff920072500)
0x00007ff920072400:   33 c0 ff c8 89 41 f4 4c 8b 47 10 4d 85 c0 74 26
0x00007ff920072410:   41 8b 40 f4 8d 14 40 03 d2 41 3b 50 fc 73 17 41
0x00007ff920072420:   8b 50 fc 83 fa 08 76 0e d1 ea 48 8d 4f 10 45 33
0x00007ff920072430:   c0 e8 2a 20 9a ff 48 8b 83 00 04 00 00 48 8b 48
0x00007ff920072440:   10 48 85 c9 74 06 83 79 f4 00 75 0f 48 8b 83 08
0x00007ff920072450:   04 00 00 48 c7 40 18 00 00 00 00 48 8b bb 00 04
0x00007ff920072460:   00 00 48 c7 83 00 04 00 00 00 00 00 00 48 85 ff
0x00007ff920072470:   74 27 8b 47 08 83 e8 01 75 1c 48 8b 4f 10 48 85
0x00007ff920072480:   c9 74 09 48 83 c1 f0 e8 84 af 13 01 48 8b cf e8
0x00007ff920072490:   7c af 13 01 eb 03 89 47 08 48 8b 8b 08 04 00 00
0x00007ff9200724a0:   48 8b 7c 24 48 48 c7 83 08 04 00 00 00 00 00 00
0x00007ff9200724b0:   48 85 c9 74 17 8b 41 08 83 e8 01 75 0c 48 8b 01
0x00007ff9200724c0:   ba 01 00 00 00 ff 10 eb 03 89 41 08 83 a3 20 04
0x00007ff9200724d0:   00 00 f8 0f 57 c0 f2 0f 11 83 18 04 00 00 48 83
0x00007ff9200724e0:   c4 30 5b c3 cc cc cc cc cc cc cc cc cc cc cc cc
0x00007ff9200724f0:   40 53 48 83 ec 20 48 8b d9 48 8b 89 00 03 00 00
0x00007ff920072500:   8b 81 c8 03 00 00 89 83 30 03 00 00 48 c7 83 00
0x00007ff920072510:   03 00 00 00 00 00 00 48 85 c9 74 22 8b 41 10 83
0x00007ff920072520:   e8 01 75 17 48 8b 01 ba 01 00 00 00 ff 10 48 8b
0x00007ff920072530:   cb 48 83 c4 20 5b e9 85 0c 00 00 89 41 10 48 8b
0x00007ff920072540:   cb 48 83 c4 20 5b e9 75 0c 00 00 cc cc cc cc cc
0x00007ff920072550:   40 53 48 83 ec 20 f6 81 ea 03 00 00 20 48 8b d9
0x00007ff920072560:   75 56 48 8b 81 58 03 00 00 48 c7 80 60 03 00 00
0x00007ff920072570:   00 00 00 00 48 8b 89 58 03 00 00 e8 40 0c 00 00
0x00007ff920072580:   48 8b 8b 40 03 00 00 48 85 c9 74 14 48 83 c1 f0
0x00007ff920072590:   e8 7b ae 13 01 48 c7 83 40 03 00 00 00 00 00 00
0x00007ff9200725a0:   48 8b cb 48 c7 83 58 03 00 00 00 00 00 00 48 83
0x00007ff9200725b0:   c4 20 5b e9 08 0c 00 00 48 83 c4 20 5b c3 cc cc
0x00007ff9200725c0:   48 8b 89 08 04 00 00 48 85 c9 74 0a 48 8b 01 48
0x00007ff9200725d0:   ff a0 80 00 00 00 c3 cc cc cc cc cc cc cc cc cc
0x00007ff9200725e0:   40 55 53 57 41 54 41 55 48 8d 6c 24 c9 48 81 ec
0x00007ff9200725f0:   d0 00 00 00 48 8b 05 6d 61 2c 03 48 33 c4 48 89 


Stack slot to memory mapping:
stack at sp + 0 slots: 0x000000000000002c is an unknown value
stack at sp + 1 slots: 0x000001b1af8c0f40 points into unknown readable memory: 0x00007ff921396c40 | 40 6c 39 21 f9 7f 00 00
stack at sp + 2 slots: 0x000000492aafc230 is pointing into the stack for thread: 0x000001b161393df0
stack at sp + 3 slots: 0x000000492aafc230 is pointing into the stack for thread: 0x000001b161393df0
stack at sp + 4 slots: 0x000001b1af8c0f40 points into unknown readable memory: 0x00007ff921396c40 | 40 6c 39 21 f9 7f 00 00
stack at sp + 5 slots: 0x00007ff91fb7e37c points into unknown readable memory: 48 8b cb 48
stack at sp + 6 slots: 0x000001b1af8c0f40 points into unknown readable memory: 0x00007ff921396c40 | 40 6c 39 21 f9 7f 00 00
stack at sp + 7 slots: 0x000001b1af8c0f40 points into unknown readable memory: 0x00007ff921396c40 | 40 6c 39 21 f9 7f 00 00


---------------  P R O C E S S  ---------------

Threads class SMR info:
_java_thread_list=0x000001b1b7f3ef10, length=41, elements={
0x000001b13bae07f0, 0x000001b15fde9b00, 0x000001b15fdea8d0, 0x000001b15fdf91d0,
0x000001b15fdfcc00, 0x000001b15fe01220, 0x000001b15fdfdd00, 0x000001b15fe06c10,
0x000001b15fe07d00, 0x000001b15fe0d200, 0x000001b15fdfecf0, 0x000001b15fe00780,
0x000001b15fdff790, 0x000001b15fe00cd0, 0x000001b15fe00230, 0x000001b161393df0,
0x000001b161398300, 0x000001b161392e00, 0x000001b161396870, 0x000001b161398850,
0x000001b161395dd0, 0x000001b161394890, 0x000001b161394de0, 0x000001b161392360,
0x000001b161395330, 0x000001b161395880, 0x000001b161397db0, 0x000001b160e9fe10,
0x000001b160e9e8d0, 0x000001b160ea18a0, 0x000001b160ea08b0, 0x000001b160ea0360,
0x000001b160ea0e00, 0x000001b160ea1350, 0x000001b167cf3ca0, 0x000001b167cf1770,
0x000001b167cf0cd0, 0x000001b167ced260, 0x000001b167cf2760, 0x000001b167cef240,
0x000001b1af9def10
}

Java Threads: ( => current thread )
  0x000001b13bae07f0 JavaThread "main" [_thread_blocked, id=9284, stack(0x0000004929000000,0x0000004929100000)]
  0x000001b15fde9b00 JavaThread "Reference Handler" daemon [_thread_blocked, id=10640, stack(0x0000004929700000,0x0000004929800000)]
  0x000001b15fdea8d0 JavaThread "Finalizer" daemon [_thread_blocked, id=3216, stack(0x0000004929800000,0x0000004929900000)]
  0x000001b15fdf91d0 JavaThread "Signal Dispatcher" daemon [_thread_blocked, id=18216, stack(0x0000004929900000,0x0000004929a00000)]
  0x000001b15fdfcc00 JavaThread "Attach Listener" daemon [_thread_blocked, id=18044, stack(0x0000004929a00000,0x0000004929b00000)]
  0x000001b15fe01220 JavaThread "Service Thread" daemon [_thread_blocked, id=1340, stack(0x0000004929b00000,0x0000004929c00000)]
  0x000001b15fdfdd00 JavaThread "Monitor Deflation Thread" daemon [_thread_blocked, id=3396, stack(0x0000004929c00000,0x0000004929d00000)]
  0x000001b15fe06c10 JavaThread "C2 CompilerThread0" daemon [_thread_blocked, id=1220, stack(0x0000004929d00000,0x0000004929e00000)]
  0x000001b15fe07d00 JavaThread "C1 CompilerThread0" daemon [_thread_blocked, id=9632, stack(0x0000004929e00000,0x0000004929f00000)]
  0x000001b15fe0d200 JavaThread "Sweeper thread" daemon [_thread_blocked, id=5748, stack(0x0000004929f00000,0x000000492a000000)]
  0x000001b15fdfecf0 JavaThread "Common-Cleaner" daemon [_thread_blocked, id=11808, stack(0x000000492a000000,0x000000492a100000)]
  0x000001b15fe00780 JavaThread "Monitor Ctrl-Break" daemon [_thread_in_native, id=17252, stack(0x000000492a200000,0x000000492a300000)]
  0x000001b15fdff790 JavaThread "Notification Thread" daemon [_thread_blocked, id=8236, stack(0x000000492a300000,0x000000492a400000)]
  0x000001b15fe00cd0 JavaThread "QuantumRenderer-0" daemon [_thread_blocked, id=7488, stack(0x000000492a100000,0x000000492a200000)]
  0x000001b15fe00230 JavaThread "InvokeLaterDispatcher" daemon [_thread_blocked, id=10580, stack(0x000000492a800000,0x000000492a900000)]
=>0x000001b161393df0 JavaThread "JavaFX Application Thread" [_thread_in_native, id=17212, stack(0x000000492aa00000,0x000000492ab00000)]
  0x000001b161398300 JavaThread "Thread-1" daemon [_thread_in_native, id=4240, stack(0x000000492ae00000,0x000000492af00000)]
  0x000001b161392e00 JavaThread "JavaFX-Launcher" [_thread_blocked, id=12000, stack(0x000000492af00000,0x000000492b000000)]
  0x000001b161396870 JavaThread "Prism Font Disposer" daemon [_thread_blocked, id=5592, stack(0x000000492b400000,0x000000492b500000)]
  0x000001b161398850 JavaThread "Cleaner-0" daemon [_thread_blocked, id=8920, stack(0x000000492b500000,0x000000492b600000)]
  0x000001b161395dd0 JavaThread "HttpClient-1-SelectorManager" daemon [_thread_in_native, id=8404, stack(0x000000492b600000,0x000000492b700000)]
  0x000001b161394890 JavaThread "HttpClient-1-Worker-0" daemon [_thread_blocked, id=16096, stack(0x000000492b900000,0x000000492ba00000)]
  0x000001b161394de0 JavaThread "HttpClient-1-Worker-1" daemon [_thread_blocked, id=1124, stack(0x000000492ba00000,0x000000492bb00000)]
  0x000001b161392360 JavaThread "Disposer" daemon [_thread_blocked, id=14380, stack(0x000000492bb00000,0x000000492bc00000)]
  0x000001b161395330 JavaThread "HttpClient-2-SelectorManager" daemon [_thread_in_native, id=17948, stack(0x000000492bc00000,0x000000492bd00000)]
  0x000001b161395880 JavaThread "HttpClient-2-Worker-0" daemon [_thread_blocked, id=9244, stack(0x000000492bd00000,0x000000492be00000)]
  0x000001b161397db0 JavaThread "HttpClient-2-Worker-1" daemon [_thread_blocked, id=808, stack(0x000000492be00000,0x000000492bf00000)]
  0x000001b160e9fe10 JavaThread "ForkJoinPool.commonPool-worker-3" daemon [_thread_blocked, id=16700, stack(0x000000492a900000,0x000000492aa00000)]
  0x000001b160e9e8d0 JavaThread "ForkJoinPool.commonPool-worker-5" daemon [_thread_blocked, id=2652, stack(0x000000492c200000,0x000000492c300000)]
  0x000001b160ea18a0 JavaThread "Thread-3" daemon [_thread_in_native, id=9236, stack(0x000000492c300000,0x000000492c400000)]
  0x000001b160ea08b0 JavaThread "ForkJoinPool.commonPool-worker-7" daemon [_thread_blocked, id=16252, stack(0x000000492c400000,0x000000492c500000)]
  0x000001b160ea0360 JavaThread "HttpClient-2-Worker-2" daemon [_thread_blocked, id=12876, stack(0x000000492c900000,0x000000492ca00000)]
  0x000001b160ea0e00 JavaThread "HttpClient-2-Worker-3" daemon [_thread_blocked, id=7404, stack(0x000000492ca00000,0x000000492cb00000)]
  0x000001b160ea1350 JavaThread "HttpClient-2-Worker-4" daemon [_thread_blocked, id=552, stack(0x000000492cb00000,0x000000492cc00000)]
  0x000001b167cf3ca0 JavaThread "HttpClient-2-Worker-5" daemon [_thread_blocked, id=2184, stack(0x000000492cc00000,0x000000492cd00000)]
  0x000001b167cf1770 JavaThread "HttpClient-2-Worker-6" daemon [_thread_blocked, id=4480, stack(0x000000492cd00000,0x000000492ce00000)]
  0x000001b167cf0cd0 JavaThread "HttpClient-2-Worker-7" daemon [_thread_blocked, id=10512, stack(0x000000492ce00000,0x000000492cf00000)]
  0x000001b167ced260 JavaThread "HttpClient-2-Worker-8" daemon [_thread_blocked, id=7112, stack(0x000000492cf00000,0x000000492d000000)]
  0x000001b167cf2760 JavaThread "HttpClient-2-Worker-9" daemon [_thread_blocked, id=8340, stack(0x000000492d000000,0x000000492d100000)]
  0x000001b167cef240 JavaThread "HttpClient-2-Worker-10" daemon [_thread_blocked, id=16964, stack(0x000000492d200000,0x000000492d300000)]
  0x000001b1af9def10 JavaThread "C2 CompilerThread1" daemon [_thread_blocked, id=9120, stack(0x000000492d300000,0x000000492d400000)]

Other Threads:
  0x000001b15fde6810 VMThread "VM Thread" [stack: 0x0000004929600000,0x0000004929700000] [id=14376]
  0x000001b160ad61a0 WatcherThread [stack: 0x000000492a400000,0x000000492a500000] [id=17156]
  0x000001b13bb2fe50 GCTaskThread "GC Thread#0" [stack: 0x0000004929100000,0x0000004929200000] [id=2240]
  0x000001b1609b4b40 GCTaskThread "GC Thread#1" [stack: 0x000000492a500000,0x000000492a600000] [id=14328]
  0x000001b160affd90 GCTaskThread "GC Thread#2" [stack: 0x000000492a600000,0x000000492a700000] [id=16644]
  0x000001b1609f9130 GCTaskThread "GC Thread#3" [stack: 0x000000492a700000,0x000000492a800000] [id=5172]
  0x000001b13bb41d40 ConcurrentGCThread "G1 Main Marker" [stack: 0x0000004929200000,0x0000004929300000] [id=2464]
  0x000001b13bb42740 ConcurrentGCThread "G1 Conc#0" [stack: 0x0000004929300000,0x0000004929400000] [id=4944]
  0x000001b13bba5650 ConcurrentGCThread "G1 Refine#0" [stack: 0x0000004929400000,0x0000004929500000] [id=16768]
  0x000001b165fa7ee0 ConcurrentGCThread "G1 Refine#1" [stack: 0x000000492b700000,0x000000492b800000] [id=3828]
  0x000001b15fcb2620 ConcurrentGCThread "G1 Service" [stack: 0x0000004929500000,0x0000004929600000] [id=9032]

Threads with active compile tasks:

VM state: not at safepoint (normal execution)

VM Mutex/Monitor currently owned by a thread: None

Heap address: 0x0000000701600000, size: 4074 MB, Compressed Oops mode: Zero based, Oop shift amount: 3
CDS archive(s) mapped at: [0x0000000800000000-0x0000000800bb0000-0x0000000800bb0000), size 12255232, SharedBaseAddress: 0x0000000800000000, ArchiveRelocationMode: 0.
Compressed class space mapped at: 0x0000000800c00000-0x0000000840c00000, reserved size: 1073741824
Narrow klass base: 0x0000000800000000, Narrow klass shift: 3, Narrow klass range: 0x100000000

GC Precious Log:
 CPUs: 4 total, 4 available
 Memory: 16289M
 Large Page Support: Disabled
 NUMA Support: Disabled
 Compressed Oops: Enabled (Zero based)
 Heap Region Size: 2M
 Heap Min Capacity: 8M
 Heap Initial Capacity: 256M
 Heap Max Capacity: 4074M
 Pre-touch: Disabled
 Parallel Workers: 4
 Concurrent Workers: 1
 Concurrent Refinement Workers: 4
 Periodic GC: Disabled

Heap:
 garbage-first heap   total 57344K, used 31634K [0x0000000701600000, 0x0000000800000000)
  region size 2048K, 4 young (8192K), 1 survivors (2048K)
 Metaspace       used 29140K, committed 29568K, reserved 1081344K
  class space    used 3898K, committed 4096K, reserved 1048576K

Heap Regions: E=young(eden), S=young(survivor), O=old, HS=humongous(starts), HC=humongous(continues), CS=collection set, F=free, OA=open archive, CA=closed archive, TAMS=top-at-mark-start (previous, next)
|   0|0x0000000701600000, 0x00000007017fe800, 0x0000000701800000| 99%| O|  |TAMS 0x000000070165f400, 0x00000007017fe800| Untracked 
|   1|0x0000000701800000, 0x0000000701a00000, 0x0000000701a00000|100%|HS|  |TAMS 0x0000000701a00000, 0x0000000701a00000| Complete 
|   2|0x0000000701a00000, 0x0000000701c00000, 0x0000000701c00000|100%| O|  |TAMS 0x0000000701a00000, 0x0000000701c00000| Untracked 
|   3|0x0000000701c00000, 0x0000000701e00000, 0x0000000701e00000|100%|HS|  |TAMS 0x0000000701e00000, 0x0000000701e00000| Complete 
|   4|0x0000000701e00000, 0x0000000702000000, 0x0000000702000000|100%| O|  |TAMS 0x0000000701e00000, 0x0000000702000000| Untracked 
|   5|0x0000000702000000, 0x0000000702200000, 0x0000000702200000|100%| O|  |TAMS 0x0000000702000000, 0x0000000702200000| Untracked 
|   6|0x0000000702200000, 0x0000000702400000, 0x0000000702400000|100%| O|  |TAMS 0x0000000702200000, 0x0000000702400000| Untracked 
|   7|0x0000000702400000, 0x0000000702600000, 0x0000000702600000|100%| O|  |TAMS 0x0000000702400000, 0x0000000702600000| Untracked 
|   8|0x0000000702600000, 0x0000000702800000, 0x0000000702800000|100%| O|  |TAMS 0x0000000702600000, 0x0000000702800000| Untracked 
|   9|0x0000000702800000, 0x0000000702a00000, 0x0000000702a00000|100%|HS|  |TAMS 0x0000000702800000, 0x0000000702800000| Complete 
|  10|0x0000000702a00000, 0x0000000702a00000, 0x0000000702c00000|  0%| F|  |TAMS 0x0000000702a00000, 0x0000000702a00000| Untracked 
|  11|0x0000000702c00000, 0x0000000702e00000, 0x0000000702e00000|100%|HS|  |TAMS 0x0000000702c00000, 0x0000000702e00000| Complete 
|  12|0x0000000702e00000, 0x0000000703000000, 0x0000000703000000|100%|HC|  |TAMS 0x0000000702e00000, 0x0000000703000000| Complete 
|  13|0x0000000703000000, 0x0000000703101200, 0x0000000703200000| 50%| O|  |TAMS 0x0000000703000000, 0x0000000703101200| Untracked 
|  14|0x0000000703200000, 0x0000000703200000, 0x0000000703400000|  0%| F|  |TAMS 0x0000000703200000, 0x0000000703200000| Untracked 
|  15|0x0000000703400000, 0x0000000703400000, 0x0000000703600000|  0%| F|  |TAMS 0x0000000703400000, 0x0000000703400000| Untracked 
|  16|0x0000000703600000, 0x0000000703600000, 0x0000000703800000|  0%| F|  |TAMS 0x0000000703600000, 0x0000000703600000| Untracked 
|  17|0x0000000703800000, 0x0000000703800000, 0x0000000703a00000|  0%| F|  |TAMS 0x0000000703800000, 0x0000000703800000| Untracked 
|  18|0x0000000703a00000, 0x0000000703a00000, 0x0000000703c00000|  0%| F|  |TAMS 0x0000000703a00000, 0x0000000703a00000| Untracked 
|  19|0x0000000703c00000, 0x0000000703c00000, 0x0000000703e00000|  0%| F|  |TAMS 0x0000000703c00000, 0x0000000703c00000| Untracked 
|  20|0x0000000703e00000, 0x0000000703e00000, 0x0000000704000000|  0%| F|  |TAMS 0x0000000703e00000, 0x0000000703e00000| Untracked 
|  21|0x0000000704000000, 0x0000000704000000, 0x0000000704200000|  0%| F|  |TAMS 0x0000000704000000, 0x0000000704000000| Untracked 
|  22|0x0000000704200000, 0x0000000704200000, 0x0000000704400000|  0%| F|  |TAMS 0x0000000704200000, 0x0000000704200000| Untracked 
| 100|0x000000070de00000, 0x000000070dfe4f90, 0x000000070e000000| 94%| S|CS|TAMS 0x000000070de00000, 0x000000070de00000| Complete 
| 101|0x000000070e000000, 0x000000070e000000, 0x000000070e200000|  0%| F|  |TAMS 0x000000070e000000, 0x000000070e000000| Untracked 
| 102|0x000000070e200000, 0x000000070e274b40, 0x000000070e400000| 22%| E|  |TAMS 0x000000070e200000, 0x000000070e200000| Complete 
| 103|0x000000070e400000, 0x000000070e600000, 0x000000070e600000|100%| E|CS|TAMS 0x000000070e400000, 0x000000070e400000| Complete 
| 127|0x0000000711400000, 0x0000000711600000, 0x0000000711600000|100%| E|CS|TAMS 0x0000000711400000, 0x0000000711400000| Complete 

Card table byte_map: [0x000001b154860000,0x000001b155060000] _byte_map_base: 0x000001b151055000

Marking Bits (Prev, Next): (CMBitMap*) 0x000001b13bb314a0, (CMBitMap*) 0x000001b13bb31460
 Prev Bits: [0x000001b159810000, 0x000001b15d7b8000)
 Next Bits: [0x000001b155860000, 0x000001b159808000)

Polling page: 0x000001b13bbc0000

Metaspace:

Usage:
  Non-class:     24.65 MB used.
      Class:      3.81 MB used.
       Both:     28.46 MB used.

Virtual space:
  Non-class space:       32.00 MB reserved,      24.88 MB ( 78%) committed,  4 nodes.
      Class space:        1.00 GB reserved,       4.00 MB ( <1%) committed,  1 nodes.
              Both:        1.03 GB reserved,      28.88 MB (  3%) committed. 

Chunk freelists:
   Non-Class:  2.35 MB
       Class:  3.86 MB
        Both:  6.21 MB

MaxMetaspaceSize: 17179869184.00 GB
CompressedClassSpaceSize: 1.00 GB
 - commit_granule_bytes: 65536.
 - commit_granule_words: 8192.
 - virtual_space_node_default_size: 1048576.
 - enlarge_chunks_in_place: 1.
 - new_chunks_are_fully_committed: 0.
 - uncommit_free_chunks: 1.
 - use_allocation_guard: 0.
 - handle_deallocations: 1.


Internal statistics:

num_allocs_failed_limit: 3.
num_arena_births: 490.
num_arena_deaths: 0.
num_vsnodes_births: 5.
num_vsnodes_deaths: 0.
num_space_committed: 462.
num_space_uncommitted: 0.
num_chunks_returned_to_freelist: 3.
num_chunks_taken_from_freelist: 1344.
num_chunk_merges: 3.
num_chunk_splits: 875.
num_chunks_enlarged: 618.
num_purges: 0.

CodeHeap 'non-profiled nmethods': size=120000Kb used=2127Kb max_used=2127Kb free=117872Kb
 bounds [0x000001b14c510000, 0x000001b14c780000, 0x000001b153a40000]
CodeHeap 'profiled nmethods': size=120000Kb used=8895Kb max_used=8895Kb free=111104Kb
 bounds [0x000001b144fe0000, 0x000001b145890000, 0x000001b14c510000]
CodeHeap 'non-nmethods': size=5760Kb used=1564Kb max_used=1617Kb free=4196Kb
 bounds [0x000001b144a40000, 0x000001b144cb0000, 0x000001b144fe0000]
 total_blobs=5671 nmethods=4722 adapters=860
 compilation: enabled
              stopped_count=0, restarted_count=0
 full_count=0

Compilation events (20 events):
Event: 12.871 Thread 0x000001b15fe07d00 4731       3       java.util.TreeMap::keyIterator (13 bytes)
Event: 12.871 Thread 0x000001b15fe07d00 nmethod 4731 0x000001b145889a10 code [0x000001b145889be0, 0x000001b14588a138]
Event: 12.871 Thread 0x000001b15fe07d00 4732       3       java.util.TreeMap$KeyIterator::next (8 bytes)
Event: 12.871 Thread 0x000001b15fe07d00 nmethod 4732 0x000001b14588a310 code [0x000001b14588a4c0, 0x000001b14588a608]
Event: 12.872 Thread 0x000001b1af9def10 nmethod 4733 0x000001b14c718690 code [0x000001b14c718820, 0x000001b14c718958]
Event: 12.873 Thread 0x000001b15fe07d00 4734       3       jdk.internal.net.http.HttpRequestBuilderImpl::header (17 bytes)
Event: 12.873 Thread 0x000001b15fe07d00 nmethod 4734 0x000001b14588a710 code [0x000001b14588a920, 0x000001b14588aee8]
Event: 12.873 Thread 0x000001b15fe07d00 4735       3       jdk.internal.net.http.HttpRequestBuilderImpl::checkNameAndValue (84 bytes)
Event: 12.875 Thread 0x000001b1af9def10 4738       4       java.lang.Integer::stringSize (47 bytes)
Event: 12.875 Thread 0x000001b15fe07d00 nmethod 4735 0x000001b14588b110 code [0x000001b14588b600, 0x000001b14588de58]
Event: 12.875 Thread 0x000001b15fe07d00 4736       3       jdk.internal.net.http.common.Utils$$Lambda$629/0x0000000800e87d10::test (12 bytes)
Event: 12.876 Thread 0x000001b15fe07d00 nmethod 4736 0x000001b14588eb10 code [0x000001b14588ecc0, 0x000001b14588f008]
Event: 12.876 Thread 0x000001b15fe07d00 4737       3       java.lang.String::getBytes (25 bytes)
Event: 12.876 Thread 0x000001b15fe07d00 nmethod 4737 0x000001b14588f110 code [0x000001b14588f2e0, 0x000001b14588f5b8]
Event: 12.876 Thread 0x000001b15fe07d00 4741       3       sun.nio.ch.Net::isIPv6Available (20 bytes)
Event: 12.877 Thread 0x000001b15fe07d00 nmethod 4741 0x000001b14588f710 code [0x000001b14588f8c0, 0x000001b14588fa68]
Event: 12.877 Thread 0x000001b1af9def10 nmethod 4738 0x000001b14c718e90 code [0x000001b14c719000, 0x000001b14c7190d8]
Event: 12.877 Thread 0x000001b1af9def10 4739       4       java.lang.Integer::getChars (131 bytes)
Event: 12.877 Thread 0x000001b15fe07d00 4742       3       java.util.Spliterators$ArraySpliterator::<init> (33 bytes)
Event: 12.878 Thread 0x000001b15fe07d00 nmethod 4742 0x000001b14588fb10 code [0x000001b14588fcc0, 0x000001b14588fe98]

GC Heap History (14 events):
Event: 0.590 GC heap before
{Heap before GC invocations=0 (full 0):
 garbage-first heap   total 262144K, used 10240K [0x0000000701600000, 0x0000000800000000)
  region size 2048K, 6 young (12288K), 0 survivors (0K)
 Metaspace       used 1159K, committed 1344K, reserved 1056768K
  class space    used 87K, committed 192K, reserved 1048576K
}
Event: 0.593 GC heap after
{Heap after GC invocations=1 (full 0):
 garbage-first heap   total 262144K, used 1533K [0x0000000701600000, 0x0000000800000000)
  region size 2048K, 1 young (2048K), 1 survivors (2048K)
 Metaspace       used 1159K, committed 1344K, reserved 1056768K
  class space    used 87K, committed 192K, reserved 1048576K
}
Event: 1.451 GC heap before
{Heap before GC invocations=1 (full 0):
 garbage-first heap   total 262144K, used 19965K [0x0000000701600000, 0x0000000800000000)
  region size 2048K, 11 young (22528K), 1 survivors (2048K)
 Metaspace       used 8110K, committed 8384K, reserved 1056768K
  class space    used 1010K, committed 1152K, reserved 1048576K
}
Event: 1.457 GC heap after
{Heap after GC invocations=2 (full 0):
 garbage-first heap   total 262144K, used 4477K [0x0000000701600000, 0x0000000800000000)
  region size 2048K, 2 young (4096K), 2 survivors (4096K)
 Metaspace       used 8110K, committed 8384K, reserved 1056768K
  class space    used 1010K, committed 1152K, reserved 1048576K
}
Event: 7.693 GC heap before
{Heap before GC invocations=2 (full 0):
 garbage-first heap   total 262144K, used 53629K [0x0000000701600000, 0x0000000800000000)
  region size 2048K, 24 young (49152K), 2 survivors (4096K)
 Metaspace       used 20952K, committed 21248K, reserved 1073152K
  class space    used 2899K, committed 3072K, reserved 1048576K
}
Event: 7.705 GC heap after
{Heap after GC invocations=3 (full 0):
 garbage-first heap   total 262144K, used 14330K [0x0000000701600000, 0x0000000800000000)
  region size 2048K, 4 young (8192K), 4 survivors (8192K)
 Metaspace       used 20952K, committed 21248K, reserved 1073152K
  class space    used 2899K, committed 3072K, reserved 1048576K
}
Event: 11.290 GC heap before
{Heap before GC invocations=4 (full 0):
 garbage-first heap   total 55296K, used 38906K [0x0000000701600000, 0x0000000800000000)
  region size 2048K, 16 young (32768K), 4 survivors (8192K)
 Metaspace       used 27771K, committed 28160K, reserved 1073152K
  class space    used 3765K, committed 3968K, reserved 1048576K
}
Event: 11.302 GC heap after
{Heap after GC invocations=5 (full 0):
 garbage-first heap   total 55296K, used 18426K [0x0000000701600000, 0x0000000800000000)
  region size 2048K, 2 young (4096K), 2 survivors (4096K)
 Metaspace       used 27771K, committed 28160K, reserved 1073152K
  class space    used 3765K, committed 3968K, reserved 1048576K
}
Event: 11.708 GC heap before
{Heap before GC invocations=5 (full 0):
 garbage-first heap   total 55296K, used 38906K [0x0000000701600000, 0x0000000800000000)
  region size 2048K, 12 young (24576K), 2 survivors (4096K)
 Metaspace       used 28571K, committed 28928K, reserved 1081344K
  class space    used 3860K, committed 4032K, reserved 1048576K
}
Event: 11.714 GC heap after
{Heap after GC invocations=6 (full 0):
 garbage-first heap   total 55296K, used 22253K [0x0000000701600000, 0x0000000800000000)
  region size 2048K, 2 young (4096K), 2 survivors (4096K)
 Metaspace       used 28571K, committed 28928K, reserved 1081344K
  class space    used 3860K, committed 4032K, reserved 1048576K
}
Event: 12.012 GC heap before
{Heap before GC invocations=6 (full 0):
 garbage-first heap   total 55296K, used 32493K [0x0000000701600000, 0x0000000800000000)
  region size 2048K, 5 young (10240K), 2 survivors (4096K)
 Metaspace       used 28798K, committed 29248K, reserved 1081344K
  class space    used 3872K, committed 4096K, reserved 1048576K
}
Event: 12.016 GC heap after
{Heap after GC invocations=7 (full 0):
 garbage-first heap   total 55296K, used 24582K [0x0000000701600000, 0x0000000800000000)
  region size 2048K, 1 young (2048K), 1 survivors (2048K)
 Metaspace       used 28798K, committed 29248K, reserved 1081344K
  class space    used 3872K, committed 4096K, reserved 1048576K
}
Event: 12.419 GC heap before
{Heap before GC invocations=7 (full 0):
 garbage-first heap   total 57344K, used 47110K [0x0000000701600000, 0x0000000800000000)
  region size 2048K, 4 young (8192K), 1 survivors (2048K)
 Metaspace       used 29008K, committed 29440K, reserved 1081344K
  class space    used 3894K, committed 4096K, reserved 1048576K
}
Event: 12.421 GC heap after
{Heap after GC invocations=8 (full 0):
 garbage-first heap   total 57344K, used 25490K [0x0000000701600000, 0x0000000800000000)
  region size 2048K, 1 young (2048K), 1 survivors (2048K)
 Metaspace       used 29008K, committed 29440K, reserved 1081344K
  class space    used 3894K, committed 4096K, reserved 1048576K
}

Deoptimization events (20 events):
Event: 12.387 Thread 0x000001b15fe00cd0 Uncommon trap: trap_request=0xffffff45 fr.pc=0x000001b14c60a598 relative=0x00000000000008d8
Event: 12.387 Thread 0x000001b15fe00cd0 Uncommon trap: reason=unstable_if action=reinterpret pc=0x000001b14c60a598 method=com.sun.marlin.MaskMarlinAlphaConsumer.setAndClearRelativeAlphas([I[IIII)V @ 548 c2
Event: 12.387 Thread 0x000001b15fe00cd0 DEOPT PACKING pc=0x000001b14c60a598 sp=0x000000492a1fdd50
Event: 12.387 Thread 0x000001b15fe00cd0 DEOPT UNPACKING pc=0x000001b144a8d72e sp=0x000000492a1fdc60 mode 2
Event: 12.388 Thread 0x000001b15fe00cd0 Uncommon trap: trap_request=0xffffff45 fr.pc=0x000001b14c691dbc relative=0x0000000000002bdc
Event: 12.388 Thread 0x000001b15fe00cd0 Uncommon trap: reason=unstable_if action=reinterpret pc=0x000001b14c691dbc method=com.sun.marlin.DRenderer._endRendering(IILcom/sun/marlin/MarlinAlphaConsumer;)V @ 1618 c2
Event: 12.388 Thread 0x000001b15fe00cd0 DEOPT PACKING pc=0x000001b14c691dbc sp=0x000000492a1fdf10
Event: 12.388 Thread 0x000001b15fe00cd0 DEOPT UNPACKING pc=0x000001b144a8d72e sp=0x000000492a1fde40 mode 2
Event: 12.388 Thread 0x000001b15fe00cd0 Uncommon trap: trap_request=0xffffff45 fr.pc=0x000001b14c6849f4 relative=0x0000000000002974
Event: 12.388 Thread 0x000001b15fe00cd0 Uncommon trap: reason=unstable_if action=reinterpret pc=0x000001b14c6849f4 method=com.sun.marlin.DRenderer._endRendering(IILcom/sun/marlin/MarlinAlphaConsumer;)V @ 1618 c2
Event: 12.389 Thread 0x000001b15fe00cd0 DEOPT PACKING pc=0x000001b14c6849f4 sp=0x000000492a1fdf20
Event: 12.389 Thread 0x000001b15fe00cd0 DEOPT UNPACKING pc=0x000001b144a8d72e sp=0x000000492a1fde40 mode 2
Event: 12.429 Thread 0x000001b15fe00cd0 Uncommon trap: trap_request=0xffffffde fr.pc=0x000001b14c70ab48 relative=0x0000000000000208
Event: 12.430 Thread 0x000001b15fe00cd0 Uncommon trap: reason=class_check action=maybe_recompile pc=0x000001b14c70ab48 method=com.sun.javafx.font.CompositeStrike.getStrikeSlot(I)Lcom/sun/javafx/font/FontStrike; @ 16 c2
Event: 12.430 Thread 0x000001b15fe00cd0 DEOPT PACKING pc=0x000001b14c70ab48 sp=0x000000492a1fe270
Event: 12.430 Thread 0x000001b15fe00cd0 DEOPT UNPACKING pc=0x000001b144a8d72e sp=0x000000492a1fe240 mode 2
Event: 12.822 Thread 0x000001b161393df0 Uncommon trap: trap_request=0xffffff45 fr.pc=0x000001b14c7056a8 relative=0x0000000000000c48
Event: 12.822 Thread 0x000001b161393df0 Uncommon trap: reason=unstable_if action=reinterpret pc=0x000001b14c7056a8 method=com.sun.javafx.font.CharToGlyphMapper.charsToGlyphs(II[C[II)V @ 28 c2
Event: 12.822 Thread 0x000001b161393df0 DEOPT PACKING pc=0x000001b14c7056a8 sp=0x000000492aaee450
Event: 12.822 Thread 0x000001b161393df0 DEOPT UNPACKING pc=0x000001b144a8d72e sp=0x000000492aaee440 mode 2

Classes unloaded (0 events):
No events

Classes redefined (0 events):
No events

Internal exceptions (20 events):
Event: 12.507 Thread 0x000001b161395880 Exception <a 'java/net/UnknownHostException'{0x00000007115cb370}> (0x00000007115cb370) 
thrown [t:\workspace\open\src\hotspot\share\prims\jni.cpp, line 579]
Event: 12.663 Thread 0x000001b161395880 Exception <a 'java/net/UnknownHostException'{0x00000007115f5c28}> (0x00000007115f5c28) 
thrown [t:\workspace\open\src\hotspot\share\prims\jni.cpp, line 579]
Event: 12.674 Thread 0x000001b161395330 Exception <a 'java/net/NoRouteToHostException'{0x0000000711570390}: No route to host: no further information> (0x0000000711570390) 
thrown [t:\workspace\open\src\hotspot\share\prims\jni.cpp, line 600]
Event: 12.676 Thread 0x000001b161395330 Exception <a 'java/net/NoRouteToHostException'{0x0000000711571580}: No route to host: no further information> (0x0000000711571580) 
thrown [t:\workspace\open\src\hotspot\share\prims\jni.cpp, line 600]
Event: 12.678 Thread 0x000001b161395330 Exception <a 'java/net/NoRouteToHostException'{0x000000070e476230}: No route to host: no further information> (0x000000070e476230) 
thrown [t:\workspace\open\src\hotspot\share\prims\jni.cpp, line 600]
Event: 12.679 Thread 0x000001b161395330 Exception <a 'java/net/NoRouteToHostException'{0x000000070e477420}: No route to host: no further information> (0x000000070e477420) 
thrown [t:\workspace\open\src\hotspot\share\prims\jni.cpp, line 600]
Event: 12.681 Thread 0x000001b161395330 Exception <a 'java/net/NoRouteToHostException'{0x000000070e478610}: No route to host: no further information> (0x000000070e478610) 
thrown [t:\workspace\open\src\hotspot\share\prims\jni.cpp, line 600]
Event: 12.682 Thread 0x000001b161395330 Exception <a 'java/net/NoRouteToHostException'{0x000000070e479800}: No route to host: no further information> (0x000000070e479800) 
thrown [t:\workspace\open\src\hotspot\share\prims\jni.cpp, line 600]
Event: 12.684 Thread 0x000001b161395330 Exception <a 'java/net/NoRouteToHostException'{0x000000070e4f5c58}: No route to host: no further information> (0x000000070e4f5c58) 
thrown [t:\workspace\open\src\hotspot\share\prims\jni.cpp, line 600]
Event: 12.685 Thread 0x000001b161395330 Exception <a 'java/net/NoRouteToHostException'{0x000000070e4f6d70}: No route to host: no further information> (0x000000070e4f6d70) 
thrown [t:\workspace\open\src\hotspot\share\prims\jni.cpp, line 600]
Event: 12.685 Thread 0x000001b167cf2760 Exception <a 'java/net/UnknownHostException'{0x00000007114b0dd8}> (0x00000007114b0dd8) 
thrown [t:\workspace\open\src\hotspot\share\prims\jni.cpp, line 579]
Event: 12.702 Thread 0x000001b161395330 Exception <a 'java/net/NoRouteToHostException'{0x000000070e4f8180}: No route to host: no further information> (0x000000070e4f8180) 
thrown [t:\workspace\open\src\hotspot\share\prims\jni.cpp, line 600]
Event: 12.704 Thread 0x000001b161395330 Exception <a 'java/net/NoRouteToHostException'{0x000000070e4f9370}: No route to host: no further information> (0x000000070e4f9370) 
thrown [t:\workspace\open\src\hotspot\share\prims\jni.cpp, line 600]
Event: 12.870 Thread 0x000001b161395880 Exception <a 'java/net/UnknownHostException'{0x000000070e548738}> (0x000000070e548738) 
thrown [t:\workspace\open\src\hotspot\share\prims\jni.cpp, line 579]
Event: 12.875 Thread 0x000001b161395330 Exception <a 'java/net/NoRouteToHostException'{0x000000070e4fa780}: No route to host: no further information> (0x000000070e4fa780) 
thrown [t:\workspace\open\src\hotspot\share\prims\jni.cpp, line 600]
Event: 12.875 Thread 0x000001b161395330 Exception <a 'java/net/NoRouteToHostException'{0x000000070e224008}: No route to host: no further information> (0x000000070e224008) 
thrown [t:\workspace\open\src\hotspot\share\prims\jni.cpp, line 600]
Event: 12.876 Thread 0x000001b161395330 Exception <a 'java/net/NoRouteToHostException'{0x000000070e2251f8}: No route to host: no further information> (0x000000070e2251f8) 
thrown [t:\workspace\open\src\hotspot\share\prims\jni.cpp, line 600]
Event: 12.877 Thread 0x000001b161395330 Exception <a 'java/net/NoRouteToHostException'{0x000000070e2263e8}: No route to host: no further information> (0x000000070e2263e8) 
thrown [t:\workspace\open\src\hotspot\share\prims\jni.cpp, line 600]
Event: 12.879 Thread 0x000001b161395330 Exception <a 'java/net/NoRouteToHostException'{0x000000070e2275d8}: No route to host: no further information> (0x000000070e2275d8) 
thrown [t:\workspace\open\src\hotspot\share\prims\jni.cpp, line 600]
Event: 12.880 Thread 0x000001b161395330 Exception <a 'java/net/NoRouteToHostException'{0x000000070e26f9b8}: No route to host: no further information> (0x000000070e26f9b8) 
thrown [t:\workspace\open\src\hotspot\share\prims\jni.cpp, line 600]

Events (20 events):
Event: 11.981 loading class java/nio/channels/UnresolvedAddressException
Event: 11.981 loading class java/nio/channels/UnresolvedAddressException done
Event: 12.012 Executing  VM operation: G1TryInitiateConcMark
Event: 12.016 Executing  VM operation: G1TryInitiateConcMark done
Event: 12.019 loading class sun/net/ConnectionResetException
Event: 12.019 loading class sun/net/ConnectionResetException done
Event: 12.191 loading class java/util/concurrent/atomic/Striped64$Cell
Event: 12.192 loading class java/util/concurrent/atomic/Striped64$Cell done
Event: 12.274 Executing  VM operation: HandshakeAllThreads
Event: 12.274 Executing  VM operation: HandshakeAllThreads done
Event: 12.274 Executing  VM operation: HandshakeAllThreads
Event: 12.274 Executing  VM operation: HandshakeAllThreads done
Event: 12.275 Executing  VM operation: HandshakeAllThreads
Event: 12.275 Executing  VM operation: HandshakeAllThreads done
Event: 12.358 loading class sun/net/util/SocketExceptions
Event: 12.358 loading class sun/net/util/SocketExceptions done
Event: 12.419 Executing  VM operation: G1TryInitiateConcMark
Event: 12.421 Executing  VM operation: G1TryInitiateConcMark done
Event: 12.656 Thread 0x000001b160fb0d90 Thread exited: 0x000001b160fb0d90
Event: 12.827 Thread 0x000001b1af9def10 Thread added: 0x000001b1af9def10


Dynamic libraries:
0x00007ff751210000 - 0x00007ff751220000 	C:\Program Files\Java\jdk-16\bin\java.exe
0x00007ff990210000 - 0x00007ff990405000 	C:\WINDOWS\SYSTEM32\ntdll.dll
0x00007ff98e270000 - 0x00007ff98e32e000 	C:\WINDOWS\System32\KERNEL32.DLL
0x00007ff98de30000 - 0x00007ff98e0f8000 	C:\WINDOWS\System32\KERNELBASE.dll
0x00007ff98db40000 - 0x00007ff98dc40000 	C:\WINDOWS\System32\ucrtbase.dll
0x00007ff988660000 - 0x00007ff988678000 	C:\Program Files\Java\jdk-16\bin\jli.dll
0x00007ff98ea60000 - 0x00007ff98eb0c000 	C:\WINDOWS\System32\ADVAPI32.dll
0x00007ff98e920000 - 0x00007ff98e9be000 	C:\WINDOWS\System32\msvcrt.dll
0x00007ff98f0f0000 - 0x00007ff98f18b000 	C:\WINDOWS\System32\sechost.dll
0x00007ff9885a0000 - 0x00007ff9885b9000 	C:\Program Files\Java\jdk-16\bin\VCRUNTIME140.dll
0x00007ff98ef50000 - 0x00007ff98f07a000 	C:\WINDOWS\System32\RPCRT4.dll
0x00007ff98eda0000 - 0x00007ff98ef41000 	C:\WINDOWS\System32\USER32.dll
0x00007ff98db10000 - 0x00007ff98db32000 	C:\WINDOWS\System32\win32u.dll
0x00007ff98f690000 - 0x00007ff98f6bb000 	C:\WINDOWS\System32\GDI32.dll
0x00007ff98dc40000 - 0x00007ff98dd4d000 	C:\WINDOWS\System32\gdi32full.dll
0x00007ff98e100000 - 0x00007ff98e19d000 	C:\WINDOWS\System32\msvcp_win.dll
0x00007ff97d1f0000 - 0x00007ff97d48a000 	C:\WINDOWS\WinSxS\amd64_microsoft.windows.common-controls_6595b64144ccf1df_6.0.19041.1110_none_60b5254171f9507e\COMCTL32.dll
0x00007ff9807b0000 - 0x00007ff9807ba000 	C:\WINDOWS\SYSTEM32\VERSION.dll
0x00007ff98f220000 - 0x00007ff98f250000 	C:\WINDOWS\System32\IMM32.DLL
0x00007ff9896a0000 - 0x00007ff9896ac000 	C:\Program Files\Java\jdk-16\bin\vcruntime140_1.dll
0x00007ff988500000 - 0x00007ff988591000 	C:\Program Files\Java\jdk-16\bin\msvcp140.dll
0x00007ff928860000 - 0x00007ff92940b000 	C:\Program Files\Java\jdk-16\bin\server\jvm.dll
0x00007ff98ea50000 - 0x00007ff98ea58000 	C:\WINDOWS\System32\PSAPI.DLL
0x00007ff987df0000 - 0x00007ff987df9000 	C:\WINDOWS\SYSTEM32\WSOCK32.dll
0x00007ff98f080000 - 0x00007ff98f0eb000 	C:\WINDOWS\System32\WS2_32.dll
0x00007ff97d490000 - 0x00007ff97d4b7000 	C:\WINDOWS\SYSTEM32\WINMM.dll
0x00007ff98b7d0000 - 0x00007ff98b7e2000 	C:\WINDOWS\SYSTEM32\kernel.appcore.dll
0x00007ff989650000 - 0x00007ff98965a000 	C:\Program Files\Java\jdk-16\bin\jimage.dll
0x00007ff979d20000 - 0x00007ff979f04000 	C:\WINDOWS\SYSTEM32\DBGHELP.DLL
0x00007ff979980000 - 0x00007ff9799ac000 	C:\WINDOWS\SYSTEM32\dbgcore.DLL
0x00007ff98d920000 - 0x00007ff98d9a3000 	C:\WINDOWS\System32\bcryptPrimitives.dll
0x00007ff9894f0000 - 0x00007ff9894fe000 	C:\Program Files\Java\jdk-16\bin\instrument.dll
0x00007ff9884d0000 - 0x00007ff9884f5000 	C:\Program Files\Java\jdk-16\bin\java.dll
0x00007ff98f6c0000 - 0x00007ff98fe04000 	C:\WINDOWS\System32\SHELL32.dll
0x00007ff98b9d0000 - 0x00007ff98c164000 	C:\WINDOWS\SYSTEM32\windows.storage.dll
0x00007ff98f260000 - 0x00007ff98f5b5000 	C:\WINDOWS\System32\combase.dll
0x00007ff98d290000 - 0x00007ff98d2be000 	C:\WINDOWS\SYSTEM32\Wldp.dll
0x00007ff98e870000 - 0x00007ff98e91d000 	C:\WINDOWS\System32\SHCORE.dll
0x00007ff98fec0000 - 0x00007ff98ff15000 	C:\WINDOWS\System32\shlwapi.dll
0x00007ff98d860000 - 0x00007ff98d87f000 	C:\WINDOWS\SYSTEM32\profapi.dll
0x00007ff97f400000 - 0x00007ff97f419000 	C:\Program Files\Java\jdk-16\bin\net.dll
0x00007ff982a40000 - 0x00007ff982b4c000 	C:\WINDOWS\SYSTEM32\WINHTTP.dll
0x00007ff98d070000 - 0x00007ff98d0da000 	C:\WINDOWS\system32\mswsock.dll
0x00007ff97f3e0000 - 0x00007ff97f3f3000 	C:\Program Files\Java\jdk-16\bin\nio.dll
0x00007ff97f370000 - 0x00007ff97f388000 	C:\Program Files\Java\jdk-16\bin\zip.dll
0x00007ff97dfb0000 - 0x00007ff97dfca000 	C:\Users\yurik\AppData\Local\JetBrains\Toolbox\apps\IDEA-C\ch-0\212.5457.46\bin\breakgen64.dll
0x000001b15ff60000 - 0x000001b15ff63000 	C:\Program Files\Java\javafx-sdk-16\bin\api-ms-win-core-console-l1-1-0.dll
0x000001b15ff70000 - 0x000001b15ff73000 	C:\Program Files\Java\javafx-sdk-16\bin\api-ms-win-core-console-l1-2-0.dll
0x000001b15ff80000 - 0x000001b15ff83000 	C:\Program Files\Java\javafx-sdk-16\bin\api-ms-win-core-datetime-l1-1-0.dll
0x000001b15ff90000 - 0x000001b15ff93000 	C:\Program Files\Java\javafx-sdk-16\bin\api-ms-win-core-debug-l1-1-0.dll
0x000001b15ffa0000 - 0x000001b15ffa3000 	C:\Program Files\Java\javafx-sdk-16\bin\api-ms-win-core-errorhandling-l1-1-0.dll
0x000001b15ffb0000 - 0x000001b15ffb4000 	C:\Program Files\Java\javafx-sdk-16\bin\api-ms-win-core-file-l1-1-0.dll
0x000001b15ffc0000 - 0x000001b15ffc3000 	C:\Program Files\Java\javafx-sdk-16\bin\api-ms-win-core-file-l1-2-0.dll
0x000001b15ffd0000 - 0x000001b15ffd3000 	C:\Program Files\Java\javafx-sdk-16\bin\api-ms-win-core-file-l2-1-0.dll
0x000001b15ffe0000 - 0x000001b15ffe3000 	C:\Program Files\Java\javafx-sdk-16\bin\api-ms-win-core-handle-l1-1-0.dll
0x000001b15fff0000 - 0x000001b15fff3000 	C:\Program Files\Java\javafx-sdk-16\bin\api-ms-win-core-heap-l1-1-0.dll
0x000001b161400000 - 0x000001b161403000 	C:\Program Files\Java\javafx-sdk-16\bin\api-ms-win-core-interlocked-l1-1-0.dll
0x000001b161410000 - 0x000001b161413000 	C:\Program Files\Java\javafx-sdk-16\bin\api-ms-win-core-libraryloader-l1-1-0.dll
0x000001b161420000 - 0x000001b161423000 	C:\Program Files\Java\javafx-sdk-16\bin\api-ms-win-core-localization-l1-2-0.dll
0x000001b161430000 - 0x000001b161433000 	C:\Program Files\Java\javafx-sdk-16\bin\api-ms-win-core-memory-l1-1-0.dll
0x000001b161440000 - 0x000001b161443000 	C:\Program Files\Java\javafx-sdk-16\bin\api-ms-win-core-namedpipe-l1-1-0.dll
0x000001b161450000 - 0x000001b161453000 	C:\Program Files\Java\javafx-sdk-16\bin\api-ms-win-core-processenvironment-l1-1-0.dll
0x000001b161460000 - 0x000001b161463000 	C:\Program Files\Java\javafx-sdk-16\bin\api-ms-win-core-processthreads-l1-1-0.dll
0x000001b161470000 - 0x000001b161473000 	C:\Program Files\Java\javafx-sdk-16\bin\api-ms-win-core-processthreads-l1-1-1.dll
0x000001b161480000 - 0x000001b161483000 	C:\Program Files\Java\javafx-sdk-16\bin\api-ms-win-core-profile-l1-1-0.dll
0x000001b161490000 - 0x000001b161493000 	C:\Program Files\Java\javafx-sdk-16\bin\api-ms-win-core-rtlsupport-l1-1-0.dll
0x000001b1614a0000 - 0x000001b1614a3000 	C:\Program Files\Java\javafx-sdk-16\bin\api-ms-win-core-string-l1-1-0.dll
0x000001b1614b0000 - 0x000001b1614b3000 	C:\Program Files\Java\javafx-sdk-16\bin\api-ms-win-core-synch-l1-1-0.dll
0x000001b1614c0000 - 0x000001b1614c3000 	C:\Program Files\Java\javafx-sdk-16\bin\api-ms-win-core-synch-l1-2-0.dll
0x000001b1614d0000 - 0x000001b1614d3000 	C:\Program Files\Java\javafx-sdk-16\bin\api-ms-win-core-sysinfo-l1-1-0.dll
0x000001b1614e0000 - 0x000001b1614e3000 	C:\Program Files\Java\javafx-sdk-16\bin\api-ms-win-core-timezone-l1-1-0.dll
0x000001b1614f0000 - 0x000001b1614f3000 	C:\Program Files\Java\javafx-sdk-16\bin\api-ms-win-core-util-l1-1-0.dll
0x000001b161500000 - 0x000001b161503000 	C:\Program Files\Java\javafx-sdk-16\bin\api-ms-win-crt-conio-l1-1-0.dll
0x000001b161510000 - 0x000001b161514000 	C:\Program Files\Java\javafx-sdk-16\bin\api-ms-win-crt-convert-l1-1-0.dll
0x000001b161520000 - 0x000001b161523000 	C:\Program Files\Java\javafx-sdk-16\bin\api-ms-win-crt-environment-l1-1-0.dll
0x000001b161530000 - 0x000001b161533000 	C:\Program Files\Java\javafx-sdk-16\bin\api-ms-win-crt-filesystem-l1-1-0.dll
0x000001b161540000 - 0x000001b161543000 	C:\Program Files\Java\javafx-sdk-16\bin\api-ms-win-crt-heap-l1-1-0.dll
0x000001b161550000 - 0x000001b161553000 	C:\Program Files\Java\javafx-sdk-16\bin\api-ms-win-crt-locale-l1-1-0.dll
0x000001b161560000 - 0x000001b161565000 	C:\Program Files\Java\javafx-sdk-16\bin\api-ms-win-crt-math-l1-1-0.dll
0x000001b161570000 - 0x000001b161575000 	C:\Program Files\Java\javafx-sdk-16\bin\api-ms-win-crt-multibyte-l1-1-0.dll
0x000001b161580000 - 0x000001b161590000 	C:\Program Files\Java\javafx-sdk-16\bin\api-ms-win-crt-private-l1-1-0.dll
0x000001b161590000 - 0x000001b161593000 	C:\Program Files\Java\javafx-sdk-16\bin\api-ms-win-crt-process-l1-1-0.dll
0x000001b1615a0000 - 0x000001b1615a4000 	C:\Program Files\Java\javafx-sdk-16\bin\api-ms-win-crt-runtime-l1-1-0.dll
0x000001b1615b0000 - 0x000001b1615b4000 	C:\Program Files\Java\javafx-sdk-16\bin\api-ms-win-crt-stdio-l1-1-0.dll
0x000001b1615c0000 - 0x000001b1615c4000 	C:\Program Files\Java\javafx-sdk-16\bin\api-ms-win-crt-string-l1-1-0.dll
0x000001b1615d0000 - 0x000001b1615d3000 	C:\Program Files\Java\javafx-sdk-16\bin\api-ms-win-crt-time-l1-1-0.dll
0x000001b1615e0000 - 0x000001b1615e3000 	C:\Program Files\Java\javafx-sdk-16\bin\api-ms-win-crt-utility-l1-1-0.dll
0x00007ff947cd0000 - 0x00007ff947dcc000 	C:\Program Files\Java\javafx-sdk-16\bin\ucrtbase.dll
0x00007ff97c7c0000 - 0x00007ff97c7d9000 	C:\Program Files\Java\javafx-sdk-16\bin\vcruntime140.dll
0x00007ff985bd0000 - 0x00007ff985bdc000 	C:\Program Files\Java\javafx-sdk-16\bin\vcruntime140_1.dll
0x00007ff947c30000 - 0x00007ff947cc1000 	C:\Program Files\Java\javafx-sdk-16\bin\msvcp140.dll
0x00007ff9684d0000 - 0x00007ff9684f7000 	C:\Program Files\Java\javafx-sdk-16\bin\prism_d3d.dll
0x00007ff92deb0000 - 0x00007ff92e080000 	C:\WINDOWS\system32\d3d9.dll
0x00007ff98b4e0000 - 0x00007ff98b50f000 	C:\WINDOWS\SYSTEM32\dwmapi.dll
0x00007ff98b250000 - 0x00007ff98b2ee000 	C:\WINDOWS\system32\uxtheme.dll
0x00007ff929b70000 - 0x00007ff92c0ad000 	C:\WINDOWS\SYSTEM32\igdumdim64.dll
0x00007ff98f5c0000 - 0x00007ff98f68d000 	C:\WINDOWS\System32\OLEAUT32.dll
0x00007ff98ff20000 - 0x00007ff99004a000 	C:\WINDOWS\System32\ole32.dll
0x00007ff98e3f0000 - 0x00007ff98e862000 	C:\WINDOWS\System32\SETUPAPI.dll
0x00007ff98e200000 - 0x00007ff98e24e000 	C:\WINDOWS\System32\cfgmgr32.dll
0x00007ff98de00000 - 0x00007ff98de27000 	C:\WINDOWS\System32\bcrypt.dll
0x00007ff968480000 - 0x00007ff9684c2000 	C:\Program Files\Java\javafx-sdk-16\bin\glass.dll
0x00007ff98eb10000 - 0x00007ff98ebea000 	C:\WINDOWS\System32\COMDLG32.dll
0x00007ff9900b0000 - 0x00007ff9901c5000 	C:\WINDOWS\System32\MSCTF.dll
0x00007ff981bf0000 - 0x00007ff98262f000 	C:\WINDOWS\SYSTEM32\igdusc64.dll
0x00007ff988d70000 - 0x00007ff988dab000 	C:\WINDOWS\SYSTEM32\dxcore.dll
0x00007ff97bec0000 - 0x00007ff97bed4000 	C:\Program Files\Java\javafx-sdk-16\bin\javafx_font.dll
0x00007ff97fd70000 - 0x00007ff97fff3000 	C:\WINDOWS\SYSTEM32\dwrite.dll
0x00007ff98fe10000 - 0x00007ff98feb9000 	C:\WINDOWS\System32\clbcatq.dll
0x00007ff986a80000 - 0x00007ff986c34000 	C:\WINDOWS\SYSTEM32\WindowsCodecs.dll
0x00007ff97b0c0000 - 0x00007ff97b0fe000 	C:\WINDOWS\system32\dataexchange.dll
0x00007ff98a390000 - 0x00007ff98a5f4000 	C:\WINDOWS\system32\d3d11.dll
0x00007ff98a600000 - 0x00007ff98a7e5000 	C:\WINDOWS\system32\dcomp.dll
0x00007ff98c1d0000 - 0x00007ff98c2c4000 	C:\WINDOWS\system32\dxgi.dll
0x00007ff986f20000 - 0x00007ff987121000 	C:\WINDOWS\system32\twinapi.appcore.dll
0x00007ff9527d0000 - 0x00007ff952804000 	C:\Program Files\Common Files\Microsoft Shared\Ink\rtscom.dll
0x00007ff987af0000 - 0x00007ff987be9000 	C:\WINDOWS\SYSTEM32\textinputframework.dll
0x00007ff98ab70000 - 0x00007ff98aece000 	C:\WINDOWS\System32\CoreUIComponents.dll
0x00007ff98aed0000 - 0x00007ff98afc2000 	C:\WINDOWS\System32\CoreMessaging.dll
0x00007ff98c5d0000 - 0x00007ff98c603000 	C:\WINDOWS\SYSTEM32\ntmarta.dll
0x00007ff989810000 - 0x00007ff989964000 	C:\WINDOWS\SYSTEM32\wintypes.dll
0x00007ff98d5f0000 - 0x00007ff98d608000 	C:\WINDOWS\SYSTEM32\CRYPTSP.dll
0x00007ff98c9a0000 - 0x00007ff98c9d4000 	C:\WINDOWS\system32\rsaenh.dll
0x00007ff98d820000 - 0x00007ff98d84e000 	C:\WINDOWS\SYSTEM32\USERENV.dll
0x00007ff98d200000 - 0x00007ff98d20c000 	C:\WINDOWS\SYSTEM32\CRYPTBASE.dll
0x00007ff98cd30000 - 0x00007ff98cd6b000 	C:\WINDOWS\SYSTEM32\IPHLPAPI.DLL
0x00007ff98f210000 - 0x00007ff98f218000 	C:\WINDOWS\System32\NSI.dll
0x00007ff984f10000 - 0x00007ff984f27000 	C:\WINDOWS\SYSTEM32\dhcpcsvc6.DLL

dbghelp: loaded successfully - version: 4.0.5 - missing functions: none
symbol engine: initialized successfully - sym options: 0x614 - pdb path: .;C:\Program Files\Java\jdk-16\bin;C:\WINDOWS\SYSTEM32;C:\WINDOWS\WinSxS\amd64_microsoft.windows.common-controls_6595b64144ccf1df_6.0.19041.1110_none_60b5254171f9507e;C:\Program Files\Java\jdk-16\bin\server;C:\Users\yurik\AppData\Local\JetBrains\Toolbox\apps\IDEA-C\ch-0\212.5457.46\bin;C:\Program Files\Java\javafx-sdk-16\bin;C:\Program Files\Common Files\Microsoft Shared\Ink

VM Arguments:
jvm_args: -javaagent:C:\Users\yurik\AppData\Local\JetBrains\Toolbox\apps\IDEA-C\ch-0\212.5457.46\lib\idea_rt.jar=54634:C:\Users\yurik\AppData\Local\JetBrains\Toolbox\apps\IDEA-C\ch-0\212.5457.46\bin -Dfile.encoding=UTF-8 --module-path=C:\Program Files\Java\javafx-sdk-16\lib\javafx.web.jar;C:\Users\yurik\IdeaProjects\F21COMP1011S1Assignment2\target\classes;C:\Users\yurik\.m2\repository\org\openjfx\javafx-media\11.0.2\javafx-media-11.0.2-win.jar;C:\Users\yurik\.m2\repository\org\openjfx\javafx-controls\16\javafx-controls-16-win.jar;C:\Program Files\Java\javafx-sdk-16\lib\javafx.graphics.jar;C:\Users\yurik\.m2\repository\org\openjfx\javafx-graphics\16\javafx-graphics-16-win.jar;C:\Users\yurik\.m2\repository\com\google\code\gson\gson\2.8.9\gson-2.8.9.jar;C:\Users\yurik\.m2\repository\org\openjfx\javafx-base\16\javafx-base-16-win.jar;C:\Program Files\Java\javafx-sdk-16\lib\javafx.media.jar;C:\Users\yurik\.m2\repository\org\openjfx\javafx-web\11.0.2\javafx-web-11.0.2-win.jar;C:\Program Files\Java\javafx-sdk-16\lib\javafx.base.jar;C:\Program Files\Java\javafx-sdk-16\lib\javafx.controls.jar;C:\Users\yurik\.m2\repository\org\openjfx\javafx-fxml\16\javafx-fxml-16-win.jar;C:\Program Files\Java\javafx-sdk-16\lib\javafx.fxml.jar -Djdk.module.main=com.example.f21comp1011s1assignment2 
java_command: com.example.f21comp1011s1assignment2/com.example.f21comp1011s1assignment2.Main --module-path C:\Program Files\Java\javafx-sdk-16\lib --add-modules javafx.controls,javafx.fxml
java_class_path (initial): C:\Users\yurik\.m2\repository\org\openjfx\javafx-controls\16\javafx-controls-16.jar;C:\Users\yurik\.m2\repository\org\openjfx\javafx-graphics\16\javafx-graphics-16.jar;C:\Users\yurik\.m2\repository\org\openjfx\javafx-base\16\javafx-base-16.jar;C:\Users\yurik\.m2\repository\org\openjfx\javafx-fxml\16\javafx-fxml-16.jar;C:\Users\yurik\.m2\repository\org\openjfx\javafx-web\11.0.2\javafx-web-11.0.2.jar;C:\Users\yurik\.m2\repository\org\openjfx\javafx-media\11.0.2\javafx-media-11.0.2.jar;C:\Program Files\Java\javafx-sdk-16\lib\src.zip;C:\Program Files\Java\javafx-sdk-16\lib\javafx-swt.jar;C:\Program Files\Java\javafx-sdk-16\lib\javafx.swing.jar
Launcher Type: SUN_STANDARD

[Global flags]
     intx CICompilerCount                          = 3                                         {product} {ergonomic}
     uint ConcGCThreads                            = 1                                         {product} {ergonomic}
     uint G1ConcRefinementThreads                  = 4                                         {product} {ergonomic}
   size_t G1HeapRegionSize                         = 2097152                                   {product} {ergonomic}
    uintx GCDrainStackTargetSize                   = 64                                        {product} {ergonomic}
   size_t InitialHeapSize                          = 268435456                                 {product} {ergonomic}
   size_t MarkStackSize                            = 4194304                                   {product} {ergonomic}
   size_t MaxHeapSize                              = 4271898624                                {product} {ergonomic}
   size_t MaxNewSize                               = 2562719744                                {product} {ergonomic}
   size_t MinHeapDeltaBytes                        = 2097152                                   {product} {ergonomic}
   size_t MinHeapSize                              = 8388608                                   {product} {ergonomic}
    uintx NonNMethodCodeHeapSize                   = 5832780                                {pd product} {ergonomic}
    uintx NonProfiledCodeHeapSize                  = 122912730                              {pd product} {ergonomic}
    uintx ProfiledCodeHeapSize                     = 122912730                              {pd product} {ergonomic}
    uintx ReservedCodeCacheSize                    = 251658240                              {pd product} {ergonomic}
     bool SegmentedCodeCache                       = true                                      {product} {ergonomic}
   size_t SoftMaxHeapSize                          = 4271898624                             {manageable} {ergonomic}
     bool UseCompressedClassPointers               = true                           {product lp64_product} {ergonomic}
     bool UseCompressedOops                        = true                           {product lp64_product} {ergonomic}
     bool UseG1GC                                  = true                                      {product} {ergonomic}
     bool UseLargePagesIndividualAllocation        = false                                  {pd product} {ergonomic}

Logging:
Log output configuration:
 #0: stdout all=warning uptime,level,tags
 #1: stderr all=off uptime,level,tags

Environment Variables:
JAVA_HOME=C:\Program Files\Java\jdk-15.0.1
PATH=C:\Program Files\Eclipse Foundation\jdk-8.0.302.8-hotspot\bin;C:\Program Files\Common Files\Oracle\Java\javapath;C:\WINDOWS\system32;C:\WINDOWS;C:\WINDOWS\System32\Wbem;C:\WINDOWS\System32\WindowsPowerShell\v1.0\;C:\WINDOWS\System32\OpenSSH\;C:\Program Files\Java\jdk-15\bin;"C:\Program Files\Git\bin;";"C:\Users\yurik\AppData\Local\Programs\Microsoft VS Code\bin;";"C:\Users\yurik\Desktop\github\gittest;C:\Program Files\Java\jdk-15.0.1\bin;C:\Program Files\Microsoft SQL Server\130\Tools\Binn\;C:\Program Files\Microsoft SQL Server\Client SDK\ODBC\170\Tools\Binn\;C:\Program Files (x86)\Incredibuild;C:\Program Files\nodejs\";C:\Program Files\nodejs;C:\Program Files\dotnet\;C:\Program Files (x86)\Microsoft SQL Server\150\Tools\Binn\;C:\Program Files\Microsoft SQL Server\150\Tools\Binn\;C:\Program Files\Microsoft SQL Server\150\DTS\Binn\;C:\Program Files (x86)\Microsoft SQL Server\150\DTS\Binn\;C:\Program Files\Azure Data Studio\bin;C:\Program Files\Git\cmd;C:\Program Files\MySQL\MySQL Shell 8.0\bin\;C:\Users\yurik\AppData\Local\Microsoft\WindowsApps;C:\Users\yurik\AppData\Local\Programs\Microsoft VS Code\bin;C:\Users\yurik\AppData\Local\GitHubDesktop\bin;C:\Users\yurik\AppData\Roaming\npm;C:\Program Files\nodejs;C:\Users\yurik\.dotnet\tools;C:\Program Files\Azure Data Studio\bin
USERNAME=yurik
OS=Windows_NT
PROCESSOR_IDENTIFIER=Intel64 Family 6 Model 69 Stepping 1, GenuineIntel



---------------  S Y S T E M  ---------------

OS:
 Windows 10 , 64 bit Build 19041 (10.0.19041.1348)
OS uptime: 1 days 1:35 hours
Hyper-V role detected

CPU: total 4 (initial active 4) (2 cores per cpu, 2 threads per core) family 6 model 69 stepping 1 microcode 0x25, cx8, cmov, fxsr, ht, mmx, sse, sse2, sse3, ssse3, sse4.1, sse4.2, popcnt, lzcnt, tsc, tscinvbit, avx, avx2, aes, erms, clmul, bmi1, bmi2, fma, vzeroupper, clflush, hv

Memory: 4k page, system-wide physical 16289M (7975M free)
TotalPageFile size 18721M (AvailPageFile size 9060M)
current process WorkingSet (physical memory assigned to process): 262M, peak: 265M
current process commit charge ("private bytes"): 288M, peak: 423M

vm_info: Java HotSpot(TM) 64-Bit Server VM (16+36-2231) for windows-amd64 JRE (16+36-2231), built on Feb  8 2021 11:43:10 by "mach5one" with MS VC++ 16.7 (VS2019)

END.
