#
# A fatal error has been detected by the Java Runtime Environment:
#
#  EXCEPTION_ACCESS_VIOLATION (0xc0000005) at pc=0x00007ff928c3572c, pid=5968, tid=18348
#
# JRE version: Java(TM) SE Runtime Environment (16.0+36) (build 16+36-2231)
# Java VM: Java HotSpot(TM) 64-Bit Server VM (16+36-2231, mixed mode, sharing, tiered, compressed oops, g1 gc, windows-amd64)
# Problematic frame:
# V  [jvm.dll+0x3d572c]
#
# No core dump will be written. Minidumps are not enabled by default on client versions of Windows
#
# If you would like to submit a bug report, please visit:
#   https://bugreport.java.com/bugreport/crash.jsp
#

---------------  S U M M A R Y ------------

Command Line: -javaagent:C:\Users\yurik\AppData\Local\JetBrains\Toolbox\apps\IDEA-C\ch-0\212.5457.46\lib\idea_rt.jar=54404:C:\Users\yurik\AppData\Local\JetBrains\Toolbox\apps\IDEA-C\ch-0\212.5457.46\bin -Dfile.encoding=UTF-8 --module-path=C:\Users\yurik\.m2\repository\org\openjfx\javafx-fxml\16\javafx-fxml-16-win.jar;C:\Program Files\Java\javafx-sdk-16\lib\javafx.controls.jar;C:\Users\yurik\.m2\repository\org\openjfx\javafx-media\11.0.2\javafx-media-11.0.2-win.jar;C:\Users\yurik\.m2\repository\org\openjfx\javafx-controls\16\javafx-controls-16-win.jar;C:\Program Files\Java\javafx-sdk-16\lib\javafx.graphics.jar;C:\Users\yurik\.m2\repository\com\google\code\gson\gson\2.8.9\gson-2.8.9.jar;C:\Users\yurik\.m2\repository\org\openjfx\javafx-graphics\16\javafx-graphics-16-win.jar;C:\Program Files\Java\javafx-sdk-16\lib\javafx.media.jar;C:\Users\yurik\.m2\repository\org\openjfx\javafx-base\16\javafx-base-16-win.jar;C:\Program Files\Java\javafx-sdk-16\lib\javafx.fxml.jar;C:\Program Files\Java\javafx-sdk-16\lib\javafx.base.jar;C:\Users\yurik\IdeaProjects\F21COMP1011S1Assignment2\target\classes;C:\Users\yurik\.m2\repository\org\openjfx\javafx-web\11.0.2\javafx-web-11.0.2-win.jar;C:\Program Files\Java\javafx-sdk-16\lib\javafx.web.jar -Djdk.module.main=com.example.f21comp1011s1assignment2 com.example.f21comp1011s1assignment2/com.example.f21comp1011s1assignment2.Main --module-path C:\Program Files\Java\javafx-sdk-16\lib --add-modules javafx.controls,javafx.fxml

Host: Intel(R) Core(TM) i7-4600U CPU @ 2.10GHz, 4 cores, 15G,  Windows 10 , 64 bit Build 19041 (10.0.19041.1348)
Time: Fri Dec  3 12:42:21 2021 Pacific Standard Time elapsed time: 17.934143 seconds (0d 0h 0m 17s)

---------------  T H R E A D  ---------------

Current thread (0x00000222fcab7520):  JavaThread "JavaFX Application Thread" [_thread_in_vm, id=18348, stack(0x000000b11d000000,0x000000b11d100000)]

Stack: [0x000000b11d000000,0x000000b11d100000],  sp=0x000000b11d0fb030,  free space=1004k
Native frames: (J=compiled Java code, j=interpreted, Vv=VM code, C=native code)
V  [jvm.dll+0x3d572c]
C  0x00007ff91fa76ad0

Java frames: (J=compiled Java code, j=interpreted, Vv=VM code)
j  com.sun.webkit.WebPage.twkCreatePage(Z)J+0 javafx.web
j  com.sun.webkit.WebPage.<init>(Lcom/sun/webkit/WebPageClient;Lcom/sun/webkit/UIClient;Lcom/sun/webkit/PolicyClient;Lcom/sun/webkit/InspectorClient;Lcom/sun/webkit/ThemeClient;Z)V+178 javafx.web
j  javafx.scene.web.WebEngine.<init>(Ljava/lang/String;Z)V+275 javafx.web
j  javafx.scene.web.WebEngine.<init>()V+3 javafx.web
j  javafx.scene.web.WebView.<init>()V+60 javafx.web
j  com.sun.javafx.fxml.builder.web.WebViewBuilder.build()Ljavafx/scene/web/WebView;+4 javafx.web
v  ~StubRoutines::call_stub
J 3949  jdk.internal.reflect.NativeMethodAccessorImpl.invoke0(Ljava/lang/reflect/Method;Ljava/lang/Object;[Ljava/lang/Object;)Ljava/lang/Object; java.base@16 (0 bytes) @ 0x00000222e809384f [0x00000222e80937c0+0x000000000000008f]
J 3948 c1 jdk.internal.reflect.NativeMethodAccessorImpl.invoke(Ljava/lang/Object;[Ljava/lang/Object;)Ljava/lang/Object; java.base@16 (150 bytes) @ 0x00000222e11207bc [0x00000222e111fb40+0x0000000000000c7c]
J 3786 c2 jdk.internal.reflect.DelegatingMethodAccessorImpl.invoke(Ljava/lang/Object;[Ljava/lang/Object;)Ljava/lang/Object; java.base@16 (10 bytes) @ 0x00000222e8074468 [0x00000222e8074420+0x0000000000000048]
J 1251 c1 java.lang.reflect.Method.invoke(Ljava/lang/Object;[Ljava/lang/Object;)Ljava/lang/Object; java.base@16 (65 bytes) @ 0x00000222e0bb42cc [0x00000222e0bb3f80+0x000000000000034c]
j  javafx.fxml.JavaFXBuilderFactory$ObjectBuilderWrapper$ObjectBuilder.build()Ljava/lang/Object;+71 javafx.fxml
j  javafx.fxml.FXMLLoader$ValueElement.processEndElement()V+24 javafx.fxml
j  javafx.fxml.FXMLLoader.processEndElement()V+4 javafx.fxml
j  javafx.fxml.FXMLLoader.loadImpl(Ljava/io/InputStream;Ljava/lang/Class;)Ljava/lang/Object;+214 javafx.fxml
j  javafx.fxml.FXMLLoader.loadImpl(Ljava/lang/Class;)Ljava/lang/Object;+31 javafx.fxml
j  javafx.fxml.FXMLLoader.load()Ljava/lang/Object;+17 javafx.fxml
j  com.example.f21comp1011s1assignment2.Utilities.SceneChanger.change(Ljavafx/event/ActionEvent;Ljava/lang/String;Ljava/lang/String;Lcom/example/f21comp1011s1assignment2/Models/Article;)V+21 com.example.f21comp1011s1assignment2
j  com.example.f21comp1011s1assignment2.Controllers.NewsSearchViewController.viewThisArticle(Ljavafx/event/ActionEvent;)V+20 com.example.f21comp1011s1assignment2
v  ~StubRoutines::call_stub
j  jdk.internal.reflect.NativeMethodAccessorImpl.invoke0(Ljava/lang/reflect/Method;Ljava/lang/Object;[Ljava/lang/Object;)Ljava/lang/Object;+0 java.base@16
j  jdk.internal.reflect.NativeMethodAccessorImpl.invoke(Ljava/lang/Object;[Ljava/lang/Object;)Ljava/lang/Object;+146 java.base@16
J 3786 c2 jdk.internal.reflect.DelegatingMethodAccessorImpl.invoke(Ljava/lang/Object;[Ljava/lang/Object;)Ljava/lang/Object; java.base@16 (10 bytes) @ 0x00000222e8074468 [0x00000222e8074420+0x0000000000000048]
J 1251 c1 java.lang.reflect.Method.invoke(Ljava/lang/Object;[Ljava/lang/Object;)Ljava/lang/Object; java.base@16 (65 bytes) @ 0x00000222e0bb42cc [0x00000222e0bb3f80+0x000000000000034c]
j  com.sun.javafx.reflect.Trampoline.invoke(Ljava/lang/reflect/Method;Ljava/lang/Object;[Ljava/lang/Object;)Ljava/lang/Object;+7
j  jdk.internal.reflect.GeneratedMethodAccessor2.invoke(Ljava/lang/Object;[Ljava/lang/Object;)Ljava/lang/Object;+40
J 3786 c2 jdk.internal.reflect.DelegatingMethodAccessorImpl.invoke(Ljava/lang/Object;[Ljava/lang/Object;)Ljava/lang/Object; java.base@16 (10 bytes) @ 0x00000222e8074468 [0x00000222e8074420+0x0000000000000048]
J 1251 c1 java.lang.reflect.Method.invoke(Ljava/lang/Object;[Ljava/lang/Object;)Ljava/lang/Object; java.base@16 (65 bytes) @ 0x00000222e0bb42cc [0x00000222e0bb3f80+0x000000000000034c]
j  com.sun.javafx.reflect.MethodUtil.invoke(Ljava/lang/reflect/Method;Ljava/lang/Object;[Ljava/lang/Object;)Ljava/lang/Object;+20 javafx.base
j  com.sun.javafx.fxml.MethodHelper.invoke(Ljava/lang/reflect/Method;Ljava/lang/Object;[Ljava/lang/Object;)Ljava/lang/Object;+142 javafx.fxml
j  javafx.fxml.FXMLLoader$MethodHandler.invoke([Ljava/lang/Object;)V+19 javafx.fxml
j  javafx.fxml.FXMLLoader$ControllerMethodEventHandler.handle(Ljavafx/event/Event;)V+12 javafx.fxml
J 3888 c2 com.sun.javafx.event.EventHandlerManager.dispatchBubblingEvent(Ljavafx/event/EventType;Ljavafx/event/Event;)Ljavafx/event/Event; javafx.base (41 bytes) @ 0x00000222e808de04 [0x00000222e808db80+0x0000000000000284]
J 2582 c1 com.sun.javafx.event.EventHandlerManager.dispatchBubblingEvent(Ljavafx/event/Event;)Ljavafx/event/Event; javafx.base (23 bytes) @ 0x00000222e0e3483c [0x00000222e0e346e0+0x000000000000015c]
J 2581 c1 com.sun.javafx.event.CompositeEventDispatcher.dispatchBubblingEvent(Ljavafx/event/Event;)Ljavafx/event/Event; javafx.base (35 bytes) @ 0x00000222e0e34f34 [0x00000222e0e34d60+0x00000000000001d4]
J 2318 c1 com.sun.javafx.event.BasicEventDispatcher.dispatchEvent(Ljavafx/event/Event;Ljavafx/event/EventDispatchChain;)Ljavafx/event/Event; javafx.base (44 bytes) @ 0x00000222e0daa0dc [0x00000222e0da9d80+0x000000000000035c]
J 2136 c1 com.sun.javafx.event.EventDispatchChainImpl.dispatchEvent(Ljavafx/event/Event;)Ljavafx/event/Event; javafx.base (101 bytes) @ 0x00000222e0d6a3ac [0x00000222e0d6a1e0+0x00000000000001cc]
J 2318 c1 com.sun.javafx.event.BasicEventDispatcher.dispatchEvent(Ljavafx/event/Event;Ljavafx/event/EventDispatchChain;)Ljavafx/event/Event; javafx.base (44 bytes) @ 0x00000222e0da9fec [0x00000222e0da9d80+0x000000000000026c]
J 2136 c1 com.sun.javafx.event.EventDispatchChainImpl.dispatchEvent(Ljavafx/event/Event;)Ljavafx/event/Event; javafx.base (101 bytes) @ 0x00000222e0d6a3ac [0x00000222e0d6a1e0+0x00000000000001cc]
J 2318 c1 com.sun.javafx.event.BasicEventDispatcher.dispatchEvent(Ljavafx/event/Event;Ljavafx/event/EventDispatchChain;)Ljavafx/event/Event; javafx.base (44 bytes) @ 0x00000222e0da9fec [0x00000222e0da9d80+0x000000000000026c]
J 2136 c1 com.sun.javafx.event.EventDispatchChainImpl.dispatchEvent(Ljavafx/event/Event;)Ljavafx/event/Event; javafx.base (101 bytes) @ 0x00000222e0d6a3ac [0x00000222e0d6a1e0+0x00000000000001cc]
J 3570 c1 com.sun.javafx.event.EventUtil.fireEvent(Ljavafx/event/EventTarget;Ljavafx/event/Event;)Ljavafx/event/Event; javafx.base (81 bytes) @ 0x00000222e1045d0c [0x00000222e1044fa0+0x0000000000000d6c]
J 3569 c1 javafx.event.Event.fireEvent(Ljavafx/event/EventTarget;Ljavafx/event/Event;)V javafx.base (35 bytes) @ 0x00000222e1044924 [0x00000222e1044860+0x00000000000000c4]
j  javafx.scene.Node.fireEvent(Ljavafx/event/Event;)V+86 javafx.graphics
j  javafx.scene.control.Button.fire()V+15 javafx.controls
j  com.sun.javafx.scene.control.behavior.ButtonBehavior.mouseReleased(Ljavafx/scene/input/MouseEvent;)V+27 javafx.controls
j  com.sun.javafx.scene.control.behavior.ButtonBehavior$$Lambda$573+0x0000000800e55aa0.handle(Ljavafx/event/Event;)V+8 javafx.controls
j  com.sun.javafx.scene.control.inputmap.InputMap.handle(Ljavafx/event/Event;)V+61 javafx.controls
j  com.sun.javafx.scene.control.inputmap.InputMap$$Lambda$295+0x0000000800dc9f60.handle(Ljavafx/event/Event;)V+5 javafx.controls
J 3680 c1 com.sun.javafx.event.CompositeEventHandler$NormalEventHandlerRecord.handleBubblingEvent(Ljavafx/event/Event;)V javafx.base (11 bytes) @ 0x00000222e1096acc [0x00000222e10969c0+0x000000000000010c]
J 3888 c2 com.sun.javafx.event.EventHandlerManager.dispatchBubblingEvent(Ljavafx/event/EventType;Ljavafx/event/Event;)Ljavafx/event/Event; javafx.base (41 bytes) @ 0x00000222e808de40 [0x00000222e808db80+0x00000000000002c0]
J 2582 c1 com.sun.javafx.event.EventHandlerManager.dispatchBubblingEvent(Ljavafx/event/Event;)Ljavafx/event/Event; javafx.base (23 bytes) @ 0x00000222e0e3483c [0x00000222e0e346e0+0x000000000000015c]
J 2581 c1 com.sun.javafx.event.CompositeEventDispatcher.dispatchBubblingEvent(Ljavafx/event/Event;)Ljavafx/event/Event; javafx.base (35 bytes) @ 0x00000222e0e34f34 [0x00000222e0e34d60+0x00000000000001d4]
J 2318 c1 com.sun.javafx.event.BasicEventDispatcher.dispatchEvent(Ljavafx/event/Event;Ljavafx/event/EventDispatchChain;)Ljavafx/event/Event; javafx.base (44 bytes) @ 0x00000222e0daa0dc [0x00000222e0da9d80+0x000000000000035c]
J 2136 c1 com.sun.javafx.event.EventDispatchChainImpl.dispatchEvent(Ljavafx/event/Event;)Ljavafx/event/Event; javafx.base (101 bytes) @ 0x00000222e0d6a3ac [0x00000222e0d6a1e0+0x00000000000001cc]
J 2318 c1 com.sun.javafx.event.BasicEventDispatcher.dispatchEvent(Ljavafx/event/Event;Ljavafx/event/EventDispatchChain;)Ljavafx/event/Event; javafx.base (44 bytes) @ 0x00000222e0da9fec [0x00000222e0da9d80+0x000000000000026c]
J 2136 c1 com.sun.javafx.event.EventDispatchChainImpl.dispatchEvent(Ljavafx/event/Event;)Ljavafx/event/Event; javafx.base (101 bytes) @ 0x00000222e0d6a3ac [0x00000222e0d6a1e0+0x00000000000001cc]
J 2318 c1 com.sun.javafx.event.BasicEventDispatcher.dispatchEvent(Ljavafx/event/Event;Ljavafx/event/EventDispatchChain;)Ljavafx/event/Event; javafx.base (44 bytes) @ 0x00000222e0da9fec [0x00000222e0da9d80+0x000000000000026c]
J 2136 c1 com.sun.javafx.event.EventDispatchChainImpl.dispatchEvent(Ljavafx/event/Event;)Ljavafx/event/Event; javafx.base (101 bytes) @ 0x00000222e0d6a3ac [0x00000222e0d6a1e0+0x00000000000001cc]
J 3570 c1 com.sun.javafx.event.EventUtil.fireEvent(Ljavafx/event/EventTarget;Ljavafx/event/Event;)Ljavafx/event/Event; javafx.base (81 bytes) @ 0x00000222e104593c [0x00000222e1044fa0+0x000000000000099c]
J 3675 c1 javafx.scene.Scene$MouseHandler.process(Ljavafx/scene/input/MouseEvent;Z)V javafx.graphics (783 bytes) @ 0x00000222e10937a4 [0x00000222e10919a0+0x0000000000001e04]
j  javafx.scene.Scene.processMouseEvent(Ljavafx/scene/input/MouseEvent;)V+6 javafx.graphics
j  javafx.scene.Scene$ScenePeerListener.mouseEvent(Ljavafx/event/EventType;DDDDLjavafx/scene/input/MouseButton;ZZZZZZZZZZZ)V+50 javafx.graphics
J 3829 c1 com.sun.javafx.tk.quantum.GlassViewEventHandler$MouseEventNotification.run()Ljava/lang/Void; javafx.graphics (703 bytes) @ 0x00000222e10e9c6c [0x00000222e10e8c60+0x000000000000100c]
J 3827 c1 com.sun.javafx.tk.quantum.GlassViewEventHandler$$Lambda$591+0x0000000800e60710.get()Ljava/lang/Object; javafx.graphics (8 bytes) @ 0x00000222e10e787c [0x00000222e10e75c0+0x00000000000002bc]
J 3661 c1 com.sun.javafx.tk.quantum.QuantumToolkit.runWithoutRenderLock(Ljava/util/function/Supplier;)Ljava/lang/Object; javafx.graphics (49 bytes) @ 0x00000222e1085014 [0x00000222e1084b00+0x0000000000000514]
J 3825 c1 com.sun.javafx.tk.quantum.GlassViewEventHandler.handleMouseEvent(Lcom/sun/glass/ui/View;JIIIIIIIZZ)V javafx.graphics (108 bytes) @ 0x00000222e10e6aa4 [0x00000222e10e6620+0x0000000000000484]
J 3824 c1 com.sun.glass.ui.View.handleMouseEvent(JIIIIIIIZZ)V javafx.graphics (34 bytes) @ 0x00000222e10e6214 [0x00000222e10e6040+0x00000000000001d4]
J 3689 c1 com.sun.glass.ui.View.notifyMouse(IIIIIIIZZ)V javafx.graphics (221 bytes) @ 0x00000222e109af84 [0x00000222e109a0a0+0x0000000000000ee4]
v  ~StubRoutines::call_stub
j  com.sun.glass.ui.win.WinApplication._runLoop(Ljava/lang/Runnable;)V+0 javafx.graphics
j  com.sun.glass.ui.win.WinApplication.lambda$runLoop$3(ILjava/lang/Runnable;)V+8 javafx.graphics
j  com.sun.glass.ui.win.WinApplication$$Lambda$80+0x0000000800c2d438.run()V+12 javafx.graphics
j  java.lang.Thread.run()V+11 java.base@16
v  ~StubRoutines::call_stub

siginfo: EXCEPTION_ACCESS_VIOLATION (0xc0000005), reading address 0x0000000000000000


Register to memory mapping:

RIP=0x00007ff928c3572c jvm.dll
RAX=0x0 is NULL
RBX=0x00000222fcab7520 is a thread
RCX=0x2db6795c218c0000 is an unknown value
RDX=0x00000222fb02ff78 is a global jni handle
RSP=0x000000b11d0fb030 is pointing into the stack for thread: 0x00000222fcab7520
RBP=0x000000b11d0fb138 is pointing into the stack for thread: 0x00000222fcab7520
RSI=0x00000222fcab7830 points into unknown readable memory: 0x00007ff9292d33d0 | d0 33 2d 29 f9 7f 00 00
RDI=0x00000222fb02ff78 is a global jni handle
R8 =0x0 is NULL
R9 =0x000000b11d0fb138 is pointing into the stack for thread: 0x00000222fcab7520
R10=0x00007ff928c35670 jvm.dll
R11=0x000000b11d0fb028 is pointing into the stack for thread: 0x00000222fcab7520
R12=0x00000000ffffffff is an unknown value
R13=0x0 is NULL
R14=0x0 is NULL
R15=0x000000b11d0fb450 is pointing into the stack for thread: 0x00000222fcab7520


Registers:
RAX=0x0000000000000000, RBX=0x00000222fcab7520, RCX=0x2db6795c218c0000, RDX=0x00000222fb02ff78
RSP=0x000000b11d0fb030, RBP=0x000000b11d0fb138, RSI=0x00000222fcab7830, RDI=0x00000222fb02ff78
R8 =0x0000000000000000, R9 =0x000000b11d0fb138, R10=0x00007ff928c35670, R11=0x000000b11d0fb028
R12=0x00000000ffffffff, R13=0x0000000000000000, R14=0x0000000000000000, R15=0x000000b11d0fb450
RIP=0x00007ff928c3572c, EFLAGS=0x0000000000010202

Top of Stack: (sp=0x000000b11d0fb030)
0x000000b11d0fb030:   00000222fcab7520 00000222fcab7830
0x000000b11d0fb040:   0000000000000000 0000000000000000
0x000000b11d0fb050:   0000000000000000 0000000000000000
0x000000b11d0fb060:   0000000000000000 0000000000000000
0x000000b11d0fb070:   0000000000000000 0000000000000000
0x000000b11d0fb080:   00000222fcab7520 00000222fcabbfe8
0x000000b11d0fb090:   0000000000000498 00007ff929159290
0x000000b11d0fb0a0:   0000000000000000 0000000000000000
0x000000b11d0fb0b0:   0000000000000000 0000000000000000
0x000000b11d0fb0c0:   0000000000000000 0000000000000000
0x000000b11d0fb0d0:   00007ff923340e68 00000000ffffffff
0x000000b11d0fb0e0:   00000222fcab7830 00007ff91fa76ad0
0x000000b11d0fb0f0:   00000222fc87b260 00007ff9232f5020
0x000000b11d0fb100:   00000222fc56a9f0 00007ff98db4fde6
0x000000b11d0fb110:   00007ff9232f5020 00007ff9211b662e
0x000000b11d0fb120:   00000222fc56a9f0 0000000000000000 

Instructions: (pc=0x00007ff928c3572c)
0x00007ff928c3562c:   00 07 00 00 00 e8 da 3f 28 00 48 8b 83 18 01 00
0x00007ff928c3563c:   00 48 8b bc 24 d0 00 00 00 a8 01 74 08 48 8b cb
0x00007ff928c3564c:   e8 1f 40 2f 00 0f 28 c6 c7 83 80 03 00 00 04 00
0x00007ff928c3565c:   00 00 0f 28 b4 24 b0 00 00 00 48 81 c4 e0 00 00
0x00007ff928c3566c:   00 5b c3 cc 48 89 5c 24 08 48 89 6c 24 10 48 89
0x00007ff928c3567c:   74 24 18 57 41 54 41 56 48 81 ec a0 00 00 00 8b
0x00007ff928c3568c:   81 88 00 00 00 48 8d 99 f0 fc ff ff 05 55 21 ff
0x00007ff928c3569c:   ff 49 8b e9 4d 8b f0 48 8b fa 48 8b f1 83 f8 01
0x00007ff928c356ac:   76 0a 48 8b cb e8 9a 3d 3a 00 33 db c7 83 80 03
0x00007ff928c356bc:   00 00 05 00 00 00 e8 49 3f 28 00 48 8b 03 48 8b
0x00007ff928c356cc:   cb ff 50 38 84 c0 74 0b 48 8b 83 18 01 00 00 24
0x00007ff928c356dc:   01 eb 0b 8b 05 6b ba 71 00 85 c0 0f 95 c0 84 c0
0x00007ff928c356ec:   75 0d 8b 83 e8 00 00 00 a9 0c 00 00 20 74 08 48
0x00007ff928c356fc:   8b cb e8 1d 43 3a 00 c7 83 80 03 00 00 06 00 00
0x00007ff928c3570c:   00 48 83 7b 08 00 48 89 5c 24 50 48 c7 44 24 58
0x00007ff928c3571c:   00 00 00 00 74 0a 48 8d 4c 24 50 e8 54 db 2b 00
0x00007ff928c3572c:   49 8b 16 48 8d 4c 24 70 c7 44 24 40 04 00 00 00
0x00007ff928c3573c:   e8 3f f7 00 00 48 89 ac 24 98 00 00 00 4c 8d 25
0x00007ff928c3574c:   d8 3b 52 00 4c 89 64 24 70 40 f6 c7 01 74 0c 48
0x00007ff928c3575c:   8d 4f ff ff 15 9b b4 69 00 eb 09 48 8b cf ff 15
0x00007ff928c3576c:   b0 38 69 00 8b 15 e6 30 70 00 48 8b c8 e8 e2 ef
0x00007ff928c3577c:   27 00 48 8b d3 48 8b c8 4c 8b 00 41 ff 90 b0 00
0x00007ff928c3578c:   00 00 48 83 7b 08 00 75 35 48 8d 44 24 70 48 89
0x00007ff928c3579c:   5c 24 30 48 89 44 24 28 48 8d 54 24 40 45 33 c9
0x00007ff928c357ac:   4c 89 74 24 20 45 33 c0 48 8b ce e8 64 0b 01 00
0x00007ff928c357bc:   48 83 7b 08 00 75 07 0f b6 74 24 48 eb 03 40 32
0x00007ff928c357cc:   f6 48 83 7c 24 58 00 4c 89 64 24 70 48 c7 84 24
0x00007ff928c357dc:   98 00 00 00 00 00 00 00 74 0a 48 8d 4c 24 50 e8
0x00007ff928c357ec:   30 db 2b 00 48 8b bb 00 01 00 00 48 8b 4f 10 48
0x00007ff928c357fc:   83 39 00 74 0c 48 8b cf e8 e7 c5 f6 ff 48 8b 4f
0x00007ff928c3580c:   10 48 8b 47 08 48 89 48 10 48 8b 4f 08 48 8b 47
0x00007ff928c3581c:   18 48 89 41 18 48 8b 57 08 48 8b 4f 20 48 89 4a 


Stack slot to memory mapping:
stack at sp + 0 slots: 0x00000222fcab7520 is a thread
stack at sp + 1 slots: 0x00000222fcab7830 points into unknown readable memory: 0x00007ff9292d33d0 | d0 33 2d 29 f9 7f 00 00
stack at sp + 2 slots: 0x0 is NULL
stack at sp + 3 slots: 0x0 is NULL
stack at sp + 4 slots: 0x0 is NULL
stack at sp + 5 slots: 0x0 is NULL
stack at sp + 6 slots: 0x0 is NULL
stack at sp + 7 slots: 0x0 is NULL


---------------  P R O C E S S  ---------------

Threads class SMR info:
_java_thread_list=0x0000022282c46b60, length=23, elements={
0x00000222d8c8f670, 0x00000222fb026d50, 0x00000222fb027c10, 0x00000222fb036960,
0x00000222fb037560, 0x00000222fb03a070, 0x00000222fb03aa70, 0x00000222fb03b850,
0x00000222fbc10110, 0x00000222fbc1c050, 0x00000222fbc8a5d0, 0x00000222fc6122e0,
0x00000222fc652840, 0x00000222fc7a6d90, 0x00000222fccc2540, 0x00000222fcab7520,
0x00000222fcab7a70, 0x00000222fcab9a50, 0x00000222fcab9fa0, 0x00000222fcab8510,
0x00000222fcf14f30, 0x00000222fcf15f20, 0x00000222fcf159d0
}

Java Threads: ( => current thread )
  0x00000222d8c8f670 JavaThread "main" [_thread_blocked, id=1072, stack(0x000000b11b700000,0x000000b11b800000)]
  0x00000222fb026d50 JavaThread "Reference Handler" daemon [_thread_blocked, id=18048, stack(0x000000b11be00000,0x000000b11bf00000)]
  0x00000222fb027c10 JavaThread "Finalizer" daemon [_thread_blocked, id=10828, stack(0x000000b11bf00000,0x000000b11c000000)]
  0x00000222fb036960 JavaThread "Signal Dispatcher" daemon [_thread_blocked, id=1212, stack(0x000000b11c000000,0x000000b11c100000)]
  0x00000222fb037560 JavaThread "Attach Listener" daemon [_thread_blocked, id=16968, stack(0x000000b11c100000,0x000000b11c200000)]
  0x00000222fb03a070 JavaThread "Service Thread" daemon [_thread_blocked, id=11256, stack(0x000000b11c200000,0x000000b11c300000)]
  0x00000222fb03aa70 JavaThread "Monitor Deflation Thread" daemon [_thread_blocked, id=7324, stack(0x000000b11c300000,0x000000b11c400000)]
  0x00000222fb03b850 JavaThread "C2 CompilerThread0" daemon [_thread_blocked, id=4488, stack(0x000000b11c400000,0x000000b11c500000)]
  0x00000222fbc10110 JavaThread "C1 CompilerThread0" daemon [_thread_blocked, id=17660, stack(0x000000b11c500000,0x000000b11c600000)]
  0x00000222fbc1c050 JavaThread "Sweeper thread" daemon [_thread_blocked, id=2040, stack(0x000000b11c600000,0x000000b11c700000)]
  0x00000222fbc8a5d0 JavaThread "Common-Cleaner" daemon [_thread_blocked, id=15072, stack(0x000000b11c700000,0x000000b11c800000)]
  0x00000222fc6122e0 JavaThread "Monitor Ctrl-Break" daemon [_thread_in_native, id=5136, stack(0x000000b11c900000,0x000000b11ca00000)]
  0x00000222fc652840 JavaThread "Notification Thread" daemon [_thread_blocked, id=15928, stack(0x000000b11ca00000,0x000000b11cb00000)]
  0x00000222fc7a6d90 JavaThread "QuantumRenderer-0" daemon [_thread_blocked, id=16524, stack(0x000000b11c800000,0x000000b11c900000)]
  0x00000222fccc2540 JavaThread "InvokeLaterDispatcher" daemon [_thread_blocked, id=14016, stack(0x000000b11cf00000,0x000000b11d000000)]
=>0x00000222fcab7520 JavaThread "JavaFX Application Thread" [_thread_in_vm, id=18348, stack(0x000000b11d000000,0x000000b11d100000)]
  0x00000222fcab7a70 JavaThread "Thread-1" daemon [_thread_in_native, id=12192, stack(0x000000b11d400000,0x000000b11d500000)]
  0x00000222fcab9a50 JavaThread "JavaFX-Launcher" [_thread_blocked, id=7704, stack(0x000000b11d500000,0x000000b11d600000)]
  0x00000222fcab9fa0 JavaThread "Prism Font Disposer" daemon [_thread_blocked, id=8072, stack(0x000000b11da00000,0x000000b11db00000)]
  0x00000222fcab8510 JavaThread "Cleaner-0" daemon [_thread_blocked, id=12728, stack(0x000000b11db00000,0x000000b11dc00000)]
  0x00000222fcf14f30 JavaThread "HttpClient-1-SelectorManager" daemon [_thread_in_native, id=8604, stack(0x000000b11de00000,0x000000b11df00000)]
  0x00000222fcf15f20 JavaThread "HttpClient-1-Worker-0" daemon [_thread_blocked, id=10740, stack(0x000000b11d600000,0x000000b11d700000)]
  0x00000222fcf159d0 JavaThread "HttpClient-1-Worker-1" daemon [_thread_blocked, id=13880, stack(0x000000b11e000000,0x000000b11e100000)]

Other Threads:
  0x00000222fb023970 VMThread "VM Thread" [stack: 0x000000b11bd00000,0x000000b11be00000] [id=5140]
  0x00000222fc9862a0 WatcherThread [stack: 0x000000b11cb00000,0x000000b11cc00000] [id=18356]
  0x00000222d8cdd880 GCTaskThread "GC Thread#0" [stack: 0x000000b11b800000,0x000000b11b900000] [id=12684]
  0x00000222fc7c2f80 GCTaskThread "GC Thread#1" [stack: 0x000000b11cc00000,0x000000b11cd00000] [id=2632]
  0x00000222fc2ada10 GCTaskThread "GC Thread#2" [stack: 0x000000b11cd00000,0x000000b11ce00000] [id=14580]
  0x00000222fc653160 GCTaskThread "GC Thread#3" [stack: 0x000000b11ce00000,0x000000b11cf00000] [id=12448]
  0x00000222d8cee850 ConcurrentGCThread "G1 Main Marker" [stack: 0x000000b11b900000,0x000000b11ba00000] [id=18220]
  0x00000222d8cef340 ConcurrentGCThread "G1 Conc#0" [stack: 0x000000b11ba00000,0x000000b11bb00000] [id=8940]
  0x00000222faed80e0 ConcurrentGCThread "G1 Refine#0" [stack: 0x000000b11bb00000,0x000000b11bc00000] [id=16912]
  0x00000222fd4fb180 ConcurrentGCThread "G1 Refine#1" [stack: 0x000000b11dd00000,0x000000b11de00000] [id=7744]
  0x00000222faed8b60 ConcurrentGCThread "G1 Service" [stack: 0x000000b11bc00000,0x000000b11bd00000] [id=14864]

Threads with active compile tasks:

VM state: not at safepoint (normal execution)

VM Mutex/Monitor currently owned by a thread: None

Heap address: 0x0000000701600000, size: 4074 MB, Compressed Oops mode: Zero based, Oop shift amount: 3
CDS archive(s) mapped at: [0x0000000800000000-0x0000000800bb0000-0x0000000800bb0000), size 12255232, SharedBaseAddress: 0x0000000800000000, ArchiveRelocationMode: 0.
Compressed class space mapped at: 0x0000000800c00000-0x0000000840c00000, reserved size: 1073741824
Narrow klass base: 0x0000000800000000, Narrow klass shift: 3, Narrow klass range: 0x100000000

GC Precious Log:
 CPUs: 4 total, 4 available
 Memory: 16289M
 Large Page Support: Disabled
 NUMA Support: Disabled
 Compressed Oops: Enabled (Zero based)
 Heap Region Size: 2M
 Heap Min Capacity: 8M
 Heap Initial Capacity: 256M
 Heap Max Capacity: 4074M
 Pre-touch: Disabled
 Parallel Workers: 4
 Concurrent Workers: 1
 Concurrent Refinement Workers: 4
 Periodic GC: Disabled

Heap:
 garbage-first heap   total 61440K, used 30811K [0x0000000701600000, 0x0000000800000000)
  region size 2048K, 13 young (26624K), 4 survivors (8192K)
 Metaspace       used 26994K, committed 27328K, reserved 1073152K
  class space    used 3616K, committed 3776K, reserved 1048576K

Heap Regions: E=young(eden), S=young(survivor), O=old, HS=humongous(starts), HC=humongous(continues), CS=collection set, F=free, OA=open archive, CA=closed archive, TAMS=top-at-mark-start (previous, next)
|   0|0x0000000701600000, 0x0000000701800000, 0x0000000701800000|100%| O|  |TAMS 0x0000000701664e00, 0x0000000701600000| Untracked 
|   1|0x0000000701800000, 0x0000000701a00000, 0x0000000701a00000|100%|HS|  |TAMS 0x0000000701a00000, 0x0000000701800000| Complete 
|   2|0x0000000701a00000, 0x0000000701a00000, 0x0000000701c00000|  0%| F|  |TAMS 0x0000000701a00000, 0x0000000701a00000| Untracked 
|   3|0x0000000701c00000, 0x0000000701e00000, 0x0000000701e00000|100%|HS|  |TAMS 0x0000000701e00000, 0x0000000701c00000| Complete 
|   4|0x0000000701e00000, 0x0000000701e16c00, 0x0000000702000000|  4%| O|  |TAMS 0x0000000701e00000, 0x0000000701e00000| Untracked 
|   5|0x0000000702000000, 0x0000000702000000, 0x0000000702200000|  0%| F|  |TAMS 0x0000000702000000, 0x0000000702000000| Untracked 
|   6|0x0000000702200000, 0x0000000702200000, 0x0000000702400000|  0%| F|  |TAMS 0x0000000702200000, 0x0000000702200000| Untracked 
|   7|0x0000000702400000, 0x0000000702400000, 0x0000000702600000|  0%| F|  |TAMS 0x0000000702400000, 0x0000000702400000| Untracked 
|   8|0x0000000702600000, 0x0000000702600000, 0x0000000702800000|  0%| F|  |TAMS 0x0000000702600000, 0x0000000702600000| Untracked 
|   9|0x0000000702800000, 0x0000000702800000, 0x0000000702a00000|  0%| F|  |TAMS 0x0000000702800000, 0x0000000702800000| Untracked 
|  10|0x0000000702a00000, 0x0000000702a00000, 0x0000000702c00000|  0%| F|  |TAMS 0x0000000702a00000, 0x0000000702a00000| Untracked 
|  11|0x0000000702c00000, 0x0000000702c00000, 0x0000000702e00000|  0%| F|  |TAMS 0x0000000702c00000, 0x0000000702c00000| Untracked 
|  12|0x0000000702e00000, 0x0000000702e00000, 0x0000000703000000|  0%| F|  |TAMS 0x0000000702e00000, 0x0000000702e00000| Untracked 
|  13|0x0000000703000000, 0x0000000703000000, 0x0000000703200000|  0%| F|  |TAMS 0x0000000703000000, 0x0000000703000000| Untracked 
|  14|0x0000000703200000, 0x0000000703200000, 0x0000000703400000|  0%| F|  |TAMS 0x0000000703200000, 0x0000000703200000| Untracked 
|  15|0x0000000703400000, 0x0000000703400000, 0x0000000703600000|  0%| F|  |TAMS 0x0000000703400000, 0x0000000703400000| Untracked 
|  16|0x0000000703600000, 0x0000000703600000, 0x0000000703800000|  0%| F|  |TAMS 0x0000000703600000, 0x0000000703600000| Untracked 
|  17|0x0000000703800000, 0x0000000703939670, 0x0000000703a00000| 61%| E|  |TAMS 0x0000000703800000, 0x0000000703800000| Complete 
|  18|0x0000000703a00000, 0x0000000703c00000, 0x0000000703c00000|100%| E|CS|TAMS 0x0000000703a00000, 0x0000000703a00000| Complete 
|  19|0x0000000703c00000, 0x0000000703e00000, 0x0000000703e00000|100%| E|CS|TAMS 0x0000000703c00000, 0x0000000703c00000| Complete 
|  20|0x0000000703e00000, 0x0000000704000000, 0x0000000704000000|100%| E|CS|TAMS 0x0000000703e00000, 0x0000000703e00000| Complete 
|  21|0x0000000704000000, 0x0000000704200000, 0x0000000704200000|100%| E|CS|TAMS 0x0000000704000000, 0x0000000704000000| Complete 
|  22|0x0000000704200000, 0x0000000704400000, 0x0000000704400000|100%| E|CS|TAMS 0x0000000704200000, 0x0000000704200000| Complete 
|  23|0x0000000704400000, 0x0000000704600000, 0x0000000704600000|100%| E|CS|TAMS 0x0000000704400000, 0x0000000704400000| Complete 
|  24|0x0000000704600000, 0x0000000704800000, 0x0000000704800000|100%| E|CS|TAMS 0x0000000704600000, 0x0000000704600000| Complete 
| 100|0x000000070de00000, 0x000000070e000000, 0x000000070e000000|100%| S|CS|TAMS 0x000000070de00000, 0x000000070de00000| Complete 
| 101|0x000000070e000000, 0x000000070e200000, 0x000000070e200000|100%| S|CS|TAMS 0x000000070e000000, 0x000000070e000000| Complete 
| 102|0x000000070e200000, 0x000000070e400000, 0x000000070e400000|100%| S|CS|TAMS 0x000000070e200000, 0x000000070e200000| Complete 
| 103|0x000000070e400000, 0x000000070e600000, 0x000000070e600000|100%| S|CS|TAMS 0x000000070e400000, 0x000000070e400000| Complete 
| 127|0x0000000711400000, 0x0000000711600000, 0x0000000711600000|100%| E|CS|TAMS 0x0000000711400000, 0x0000000711400000| Complete 

Card table byte_map: [0x00000222efc00000,0x00000222f0400000] _byte_map_base: 0x00000222ec3f5000

Marking Bits (Prev, Next): (CMBitMap*) 0x00000222d8cddfb0, (CMBitMap*) 0x00000222d8cddf70
 Prev Bits: [0x00000222f4bb0000, 0x00000222f8b58000)
 Next Bits: [0x00000222f0c00000, 0x00000222f4ba8000)

Polling page: 0x00000222d8470000

Metaspace:

Usage:
  Non-class:     22.83 MB used.
      Class:      3.53 MB used.
       Both:     26.36 MB used.

Virtual space:
  Non-class space:       24.00 MB reserved,      23.00 MB ( 96%) committed,  3 nodes.
      Class space:        1.00 GB reserved,       3.69 MB ( <1%) committed,  1 nodes.
              Both:        1.02 GB reserved,      26.69 MB (  3%) committed. 

Chunk freelists:
   Non-Class:  880.00 KB
       Class:  368.00 KB
        Both:  1.22 MB

MaxMetaspaceSize: 17179869184.00 GB
CompressedClassSpaceSize: 1.00 GB
 - commit_granule_bytes: 65536.
 - commit_granule_words: 8192.
 - virtual_space_node_default_size: 1048576.
 - enlarge_chunks_in_place: 1.
 - new_chunks_are_fully_committed: 0.
 - uncommit_free_chunks: 1.
 - use_allocation_guard: 0.
 - handle_deallocations: 1.


Internal statistics:

num_allocs_failed_limit: 3.
num_arena_births: 302.
num_arena_deaths: 0.
num_vsnodes_births: 4.
num_vsnodes_deaths: 0.
num_space_committed: 427.
num_space_uncommitted: 0.
num_chunks_returned_to_freelist: 3.
num_chunks_taken_from_freelist: 1072.
num_chunk_merges: 3.
num_chunk_splits: 704.
num_chunks_enlarged: 528.
num_purges: 0.

CodeHeap 'non-profiled nmethods': size=120000Kb used=1820Kb max_used=1820Kb free=118179Kb
 bounds [0x00000222e7ed0000, 0x00000222e8140000, 0x00000222ef400000]
CodeHeap 'profiled nmethods': size=120000Kb used=7710Kb max_used=7710Kb free=112289Kb
 bounds [0x00000222e09a0000, 0x00000222e1130000, 0x00000222e7ed0000]
CodeHeap 'non-nmethods': size=5760Kb used=1535Kb max_used=1586Kb free=4224Kb
 bounds [0x00000222e0400000, 0x00000222e0670000, 0x00000222e09a0000]
 total_blobs=4875 nmethods=3956 adapters=829
 compilation: enabled
              stopped_count=0, restarted_count=0
 full_count=0

Compilation events (20 events):
Event: 17.721 Thread 0x00000222fbc10110 3961       3       java.lang.StackStreamFactory::isReflectionFrame (48 bytes)
Event: 17.722 Thread 0x00000222fbc10110 nmethod 3961 0x00000222e1125910 code [0x00000222e1125b00, 0x00000222e1125f58]
Event: 17.722 Thread 0x00000222fbc10110 3962       1       java.lang.Module::getName (5 bytes)
Event: 17.722 Thread 0x00000222fbc10110 nmethod 3962 0x00000222e8095290 code [0x00000222e8095420, 0x00000222e80954f8]
Event: 17.723 Thread 0x00000222fb03b850 3963       4       java.util.regex.Matcher::search (154 bytes)
Event: 17.723 Thread 0x00000222fbc10110 3964       3       java.util.regex.Matcher::reset (128 bytes)
Event: 17.723 Thread 0x00000222fbc10110 nmethod 3964 0x00000222e1126110 code [0x00000222e1126320, 0x00000222e1126948]
Event: 17.723 Thread 0x00000222fbc10110 3965       3       java.util.Formatter$Flags::contains (22 bytes)
Event: 17.723 Thread 0x00000222fbc10110 nmethod 3965 0x00000222e1126b90 code [0x00000222e1126d40, 0x00000222e1126ef8]
Event: 17.734 Thread 0x00000222fb03b850 nmethod 3963 0x00000222e8095590 code [0x00000222e8095760, 0x00000222e8095e58]
Event: 17.734 Thread 0x00000222fb03b850 3966       4       java.util.regex.Pattern$Branch::match (66 bytes)
Event: 17.737 Thread 0x00000222fb03b850 nmethod 3966 0x00000222e8096410 code [0x00000222e80965c0, 0x00000222e8096818]
Event: 17.741 Thread 0x00000222fbc10110 3967       1       java.util.logging.Logger::getName (5 bytes)
Event: 17.741 Thread 0x00000222fbc10110 nmethod 3967 0x00000222e8096a90 code [0x00000222e8096c20, 0x00000222e8096cf8]
Event: 17.792 Thread 0x00000222fbc10110 3968       3       java.lang.invoke.DirectMethodHandle$Holder::invokeStatic (15 bytes)
Event: 17.792 Thread 0x00000222fbc10110 nmethod 3968 0x00000222e1126f90 code [0x00000222e1127160, 0x00000222e11275f8]
Event: 17.796 Thread 0x00000222fbc10110 3969       3       java.util.Collections$UnmodifiableCollection::contains (11 bytes)
Event: 17.797 Thread 0x00000222fbc10110 nmethod 3969 0x00000222e1127710 code [0x00000222e11278c0, 0x00000222e1127aa8]
Event: 17.799 Thread 0x00000222fb03b850 3970       4       java.lang.invoke.Invokers$Holder::linkToTargetMethod (9 bytes)
Event: 17.800 Thread 0x00000222fb03b850 nmethod 3970 0x00000222e8096d90 code [0x00000222e8096f20, 0x00000222e8096ff8]

GC Heap History (6 events):
Event: 0.759 GC heap before
{Heap before GC invocations=0 (full 0):
 garbage-first heap   total 262144K, used 10240K [0x0000000701600000, 0x0000000800000000)
  region size 2048K, 6 young (12288K), 0 survivors (0K)
 Metaspace       used 1209K, committed 1408K, reserved 1056768K
  class space    used 97K, committed 192K, reserved 1048576K
}
Event: 0.763 GC heap after
{Heap after GC invocations=1 (full 0):
 garbage-first heap   total 262144K, used 1566K [0x0000000701600000, 0x0000000800000000)
  region size 2048K, 1 young (2048K), 1 survivors (2048K)
 Metaspace       used 1209K, committed 1408K, reserved 1056768K
  class space    used 97K, committed 192K, reserved 1048576K
}
Event: 2.149 GC heap before
{Heap before GC invocations=1 (full 0):
 garbage-first heap   total 262144K, used 22046K [0x0000000701600000, 0x0000000800000000)
  region size 2048K, 11 young (22528K), 1 survivors (2048K)
 Metaspace       used 8110K, committed 8384K, reserved 1056768K
  class space    used 1012K, committed 1152K, reserved 1048576K
}
Event: 2.154 GC heap after
{Heap after GC invocations=2 (full 0):
 garbage-first heap   total 262144K, used 4499K [0x0000000701600000, 0x0000000800000000)
  region size 2048K, 2 young (4096K), 2 survivors (4096K)
 Metaspace       used 8110K, committed 8384K, reserved 1056768K
  class space    used 1012K, committed 1152K, reserved 1048576K
}
Event: 10.365 GC heap before
{Heap before GC invocations=2 (full 0):
 garbage-first heap   total 262144K, used 53651K [0x0000000701600000, 0x0000000800000000)
  region size 2048K, 24 young (49152K), 2 survivors (4096K)
 Metaspace       used 21052K, committed 21248K, reserved 1073152K
  class space    used 2893K, committed 3008K, reserved 1048576K
}
Event: 10.377 GC heap after
{Heap after GC invocations=3 (full 0):
 garbage-first heap   total 262144K, used 14427K [0x0000000701600000, 0x0000000800000000)
  region size 2048K, 4 young (8192K), 4 survivors (8192K)
 Metaspace       used 21052K, committed 21248K, reserved 1073152K
  class space    used 2893K, committed 3008K, reserved 1048576K
}

Deoptimization events (20 events):
Event: 14.844 Thread 0x00000222fcab7520 Uncommon trap: trap_request=0xffffff45 fr.pc=0x00000222e804b970 relative=0x0000000000004cb0
Event: 14.844 Thread 0x00000222fcab7520 Uncommon trap: reason=unstable_if action=reinterpret pc=0x00000222e804b970 method=jdk.internal.org.objectweb.asm.Frame.push(I)V @ 26 c2
Event: 14.844 Thread 0x00000222fcab7520 DEOPT PACKING pc=0x00000222e804b970 sp=0x000000b11d0fc990
Event: 14.844 Thread 0x00000222fcab7520 DEOPT UNPACKING pc=0x00000222e044d72e sp=0x000000b11d0fc8b8 mode 2
Event: 17.710 Thread 0x00000222fcab7520 Uncommon trap: trap_request=0xffffff45 fr.pc=0x00000222e80141d0 relative=0x0000000000000230
Event: 17.710 Thread 0x00000222fcab7520 Uncommon trap: reason=unstable_if action=reinterpret pc=0x00000222e80141d0 method=java.util.regex.Matcher.reset()Ljava/util/regex/Matcher; @ 71 c2
Event: 17.710 Thread 0x00000222fcab7520 DEOPT PACKING pc=0x00000222e80141d0 sp=0x000000b11d0fc010
Event: 17.710 Thread 0x00000222fcab7520 DEOPT UNPACKING pc=0x00000222e044d72e sp=0x000000b11d0fbf98 mode 2
Event: 17.710 Thread 0x00000222fcab7520 Uncommon trap: trap_request=0xffffffde fr.pc=0x00000222e801b348 relative=0x0000000000000fe8
Event: 17.710 Thread 0x00000222fcab7520 Uncommon trap: reason=class_check action=maybe_recompile pc=0x00000222e801b348 method=java.util.regex.Pattern$Start.match(Ljava/util/regex/Matcher;ILjava/lang/CharSequence;)Z @ 44 c2
Event: 17.710 Thread 0x00000222fcab7520 DEOPT PACKING pc=0x00000222e801b348 sp=0x000000b11d0fba70
Event: 17.710 Thread 0x00000222fcab7520 DEOPT UNPACKING pc=0x00000222e044d72e sp=0x000000b11d0fba60 mode 2
Event: 17.710 Thread 0x00000222fcab7520 Uncommon trap: trap_request=0xffffffde fr.pc=0x00000222e801b348 relative=0x0000000000000fe8
Event: 17.710 Thread 0x00000222fcab7520 Uncommon trap: reason=class_check action=maybe_recompile pc=0x00000222e801b348 method=java.util.regex.Pattern$Start.match(Ljava/util/regex/Matcher;ILjava/lang/CharSequence;)Z @ 44 c2
Event: 17.710 Thread 0x00000222fcab7520 DEOPT PACKING pc=0x00000222e801b348 sp=0x000000b11d0fba70
Event: 17.710 Thread 0x00000222fcab7520 DEOPT UNPACKING pc=0x00000222e044d72e sp=0x000000b11d0fba60 mode 2
Event: 17.710 Thread 0x00000222fcab7520 Uncommon trap: trap_request=0xffffffde fr.pc=0x00000222e801b348 relative=0x0000000000000fe8
Event: 17.710 Thread 0x00000222fcab7520 Uncommon trap: reason=class_check action=maybe_recompile pc=0x00000222e801b348 method=java.util.regex.Pattern$Start.match(Ljava/util/regex/Matcher;ILjava/lang/CharSequence;)Z @ 44 c2
Event: 17.710 Thread 0x00000222fcab7520 DEOPT PACKING pc=0x00000222e801b348 sp=0x000000b11d0fba70
Event: 17.710 Thread 0x00000222fcab7520 DEOPT UNPACKING pc=0x00000222e044d72e sp=0x000000b11d0fba60 mode 2

Classes unloaded (0 events):
No events

Classes redefined (0 events):
No events

Internal exceptions (20 events):
Event: 10.083 Thread 0x00000222fcab7520 Exception <a 'sun/nio/fs/WindowsException'{0x000000070ec3e748}> (0x000000070ec3e748) 
thrown [t:\workspace\open\src\hotspot\share\prims\jni.cpp, line 579]
Event: 10.099 Thread 0x00000222fcab7520 Exception <a 'sun/nio/fs/WindowsException'{0x000000070ec55e18}> (0x000000070ec55e18) 
thrown [t:\workspace\open\src\hotspot\share\prims\jni.cpp, line 579]
Event: 10.107 Thread 0x00000222fcab7520 Exception <a 'java/lang/NoSuchMethodError'{0x000000070ec652d0}: 'int java.lang.invoke.DirectMethodHandle$Holder.invokeStatic(java.lang.Object, java.lang.Object, java.lang.Object, java.lang.Object)'> (0x000000070ec652d0) 
thrown [t:\workspace\open\src\hotspot\share\interpreter\linkResolver.cpp, line 790]
Event: 10.108 Thread 0x00000222fcab7520 Exception <a 'java/lang/NoSuchMethodError'{0x000000070ec69200}: 'int java.lang.invoke.DirectMethodHandle$Holder.invokeStaticInit(java.lang.Object, java.lang.Object, java.lang.Object, java.lang.Object)'> (0x000000070ec69200) 
thrown [t:\workspace\open\src\hotspot\share\interpreter\linkResolver.cpp, line 790]
Event: 10.109 Thread 0x00000222fcab7520 Exception <a 'java/lang/NoSuchMethodError'{0x000000070ec73190}: 'java.lang.Object java.lang.invoke.DirectMethodHandle$Holder.invokeInterface(java.lang.Object, java.lang.Object)'> (0x000000070ec73190) 
thrown [t:\workspace\open\src\hotspot\share\interpreter\linkResolver.cpp, line 790]
Event: 10.109 Thread 0x00000222fcab7520 Exception <a 'java/lang/IncompatibleClassChangeError'{0x000000070ec770d8}: Found class java.lang.Object, but interface was expected> (0x000000070ec770d8) 
thrown [t:\workspace\open\src\hotspot\share\interpreter\linkResolver.cpp, line 857]
Event: 10.238 Thread 0x00000222fcab7520 Exception <a 'java/lang/NoSuchMethodError'{0x000000070e9f9718}: 'java.lang.Object java.lang.invoke.DirectMethodHandle$Holder.invokeStaticInit(java.lang.Object, int, int, int, int)'> (0x000000070e9f9718) 
thrown [t:\workspace\open\src\hotspot\share\interpreter\linkResolver.cpp, line 790]
Event: 10.288 Thread 0x00000222fcab7520 Exception <a 'java/lang/NoSuchMethodError'{0x000000070e63ab30}: 'java.lang.Object java.lang.invoke.DirectMethodHandle$Holder.invokeStaticInit(java.lang.Object, java.lang.Object, int, int, int, int)'> (0x000000070e63ab30) 
thrown [t:\workspace\open\src\hotspot\share\interpreter\linkResolver.cpp, line 790]
Event: 10.357 Thread 0x00000222fcab7520 Exception <a 'sun/nio/fs/WindowsException'{0x000000070e6c84b8}> (0x000000070e6c84b8) 
thrown [t:\workspace\open\src\hotspot\share\prims\jni.cpp, line 579]
Event: 10.418 Thread 0x00000222fcab7520 Exception <a 'java/lang/NoSuchMethodError'{0x000000071147dfd0}: 'java.lang.Object java.lang.invoke.DirectMethodHandle$Holder.invokeSpecial(java.lang.Object, java.lang.Object, java.lang.Object, java.lang.Object, int)'> (0x000000071147dfd0) 
thrown [t:\workspace\open\src\hotspot\share\interpreter\linkResolver.cpp, line 790]
Event: 10.418 Thread 0x00000222fcab7520 Exception <a 'java/lang/NoSuchMethodError'{0x00000007114822e0}: 'java.lang.Object java.lang.invoke.Invokers$Holder.linkToTargetMethod(java.lang.Object, java.lang.Object, int, java.lang.Object)'> (0x00000007114822e0) 
thrown [t:\workspace\open\src\hotspot\share\interpreter\linkResolver.cpp, line 790]
Event: 10.581 Thread 0x00000222fcf14f30 Exception <a 'java/lang/NoSuchMethodError'{0x00000007114df4f0}: 'void java.lang.invoke.DirectMethodHandle$Holder.invokeStatic(java.lang.Object, java.lang.Object, int)'> (0x00000007114df4f0) 
thrown [t:\workspace\open\src\hotspot\share\interpreter\linkResolver.cpp, line 790]
Event: 10.594 Thread 0x00000222fcf15f20 Exception <a 'java/lang/NoSuchMethodError'{0x0000000704602838}: 'void java.lang.invoke.DirectMethodHandle$Holder.invokeInterface(java.lang.Object, java.lang.Object, java.lang.Object)'> (0x0000000704602838) 
thrown [t:\workspace\open\src\hotspot\share\interpreter\linkResolver.cpp, line 790]
Event: 10.600 Thread 0x00000222fcf15f20 Exception <a 'java/lang/NoSuchMethodError'{0x000000070460d6d0}: 'int java.lang.invoke.DirectMethodHandle$Holder.invokeStaticInit(java.lang.Object, int, int)'> (0x000000070460d6d0) 
thrown [t:\workspace\open\src\hotspot\share\interpreter\linkResolver.cpp, line 790]
Event: 10.899 Thread 0x00000222fcf15f20 Exception <a 'java/lang/NoSuchMethodError'{0x00000007047be5a8}: 'void java.lang.invoke.DirectMethodHandle$Holder.invokeInterface(java.lang.Object, java.lang.Object)'> (0x00000007047be5a8) 
thrown [t:\workspace\open\src\hotspot\share\interpreter\linkResolver.cpp, line 790]
Event: 11.900 Thread 0x00000222fcf15f20 Exception <a 'java/lang/NoSuchMethodError'{0x0000000704301db0}: 'java.lang.Object java.lang.invoke.DirectMethodHandle$Holder.newInvokeSpecial(java.lang.Object, java.lang.Object, long, java.lang.Object, java.lang.Object, java.lang.Object)'> (0x0000000704301db0) 
thrown [t:\workspace\open\src\hotspot\share\interpreter\linkResolver.cpp, line 790]
Event: 11.906 Thread 0x00000222fcf15f20 Exception <a 'java/lang/NoSuchMethodError'{0x000000070431bb80}: 'void java.lang.invoke.DirectMethodHandle$Holder.invokeSpecial(java.lang.Object, java.lang.Object, java.lang.Object, java.lang.Object, java.lang.Object, java.lang.Object, java.lang.Object)'> (0x000000070431bb80) 
thrown [t:\workspace\open\src\hotspot\share\interpreter\linkResolver.cpp, line 790]
Event: 12.182 Thread 0x00000222fc7a6d90 Exception <a 'java/lang/NoSuchMethodError'{0x0000000703f599a0}: 'java.lang.Object java.lang.invoke.DirectMethodHandle$Holder.invokeStaticInit(java.lang.Object, int)'> (0x0000000703f599a0) 
thrown [t:\workspace\open\src\hotspot\share\interpreter\linkResolver.cpp, line 790]
Event: 14.845 Thread 0x00000222fcab7520 Exception <a 'java/lang/NoSuchMethodError'{0x0000000703d453f8}: 'java.lang.Object java.lang.invoke.DirectMethodHandle$Holder.newInvokeSpecial(java.lang.Object, java.lang.Object, java.lang.Object, double, double, double, double, int, int, int, int, int, int, int, int, int)'> (0x0000000703d453f8) 
thrown [t:\workspace\open\src\hotspot\share\interpreter\linkResolver.cpp, line 790]
Event: 17.817 Thread 0x00000222fcab7520 Exception <a 'java/lang/NoSuchMethodError'{0x0000000703911478}: fwkIsMainThread> (0x0000000703911478) 
thrown [t:\workspace\open\src\hotspot\share\prims\jni.cpp, line 1176]

Events (20 events):
Event: 17.752 loading class java/util/concurrent/Executors$DelegatedExecutorService
Event: 17.753 loading class java/util/concurrent/Executors$DelegatedExecutorService done
Event: 17.753 loading class java/util/concurrent/Executors$DelegatedScheduledExecutorService done
Event: 17.753 loading class java/util/concurrent/ScheduledThreadPoolExecutor
Event: 17.753 loading class java/util/concurrent/ScheduledThreadPoolExecutor done
Event: 17.753 loading class java/util/concurrent/ScheduledThreadPoolExecutor$DelayedWorkQueue
Event: 17.753 loading class java/util/concurrent/ScheduledThreadPoolExecutor$DelayedWorkQueue done
Event: 17.753 loading class java/util/concurrent/RunnableScheduledFuture
Event: 17.753 loading class java/util/concurrent/ScheduledFuture
Event: 17.753 loading class java/util/concurrent/Delayed
Event: 17.753 loading class java/util/concurrent/Delayed done
Event: 17.753 loading class java/util/concurrent/ScheduledFuture done
Event: 17.753 loading class java/util/concurrent/RunnableScheduledFuture done
Event: 17.758 loading class java/net/CookieHandler
Event: 17.758 loading class java/net/CookieHandler done
Event: 17.789 Loaded shared library C:\Program Files\Java\javafx-sdk-16\bin\jfxwebkit.dll
Event: 17.795 loading class java/awt/Composite
Event: 17.795 loading class java/awt/Composite done
Event: 17.796 loading class java/awt/image/RenderedImage
Event: 17.796 loading class java/awt/image/RenderedImage done


Dynamic libraries:
0x00007ff751210000 - 0x00007ff751220000 	C:\Program Files\Java\jdk-16\bin\java.exe
0x00007ff990210000 - 0x00007ff990405000 	C:\WINDOWS\SYSTEM32\ntdll.dll
0x00007ff98e270000 - 0x00007ff98e32e000 	C:\WINDOWS\System32\KERNEL32.DLL
0x00007ff98de30000 - 0x00007ff98e0f8000 	C:\WINDOWS\System32\KERNELBASE.dll
0x00007ff98db40000 - 0x00007ff98dc40000 	C:\WINDOWS\System32\ucrtbase.dll
0x00007ff988540000 - 0x00007ff988558000 	C:\Program Files\Java\jdk-16\bin\jli.dll
0x00007ff98ea60000 - 0x00007ff98eb0c000 	C:\WINDOWS\System32\ADVAPI32.dll
0x00007ff98e920000 - 0x00007ff98e9be000 	C:\WINDOWS\System32\msvcrt.dll
0x00007ff988520000 - 0x00007ff988539000 	C:\Program Files\Java\jdk-16\bin\VCRUNTIME140.dll
0x00007ff98f0f0000 - 0x00007ff98f18b000 	C:\WINDOWS\System32\sechost.dll
0x00007ff98ef50000 - 0x00007ff98f07a000 	C:\WINDOWS\System32\RPCRT4.dll
0x00007ff98eda0000 - 0x00007ff98ef41000 	C:\WINDOWS\System32\USER32.dll
0x00007ff98db10000 - 0x00007ff98db32000 	C:\WINDOWS\System32\win32u.dll
0x00007ff98f690000 - 0x00007ff98f6bb000 	C:\WINDOWS\System32\GDI32.dll
0x00007ff98dc40000 - 0x00007ff98dd4d000 	C:\WINDOWS\System32\gdi32full.dll
0x00007ff98e100000 - 0x00007ff98e19d000 	C:\WINDOWS\System32\msvcp_win.dll
0x00007ff97d1f0000 - 0x00007ff97d48a000 	C:\WINDOWS\WinSxS\amd64_microsoft.windows.common-controls_6595b64144ccf1df_6.0.19041.1110_none_60b5254171f9507e\COMCTL32.dll
0x00007ff9807b0000 - 0x00007ff9807ba000 	C:\WINDOWS\SYSTEM32\VERSION.dll
0x00007ff98f220000 - 0x00007ff98f250000 	C:\WINDOWS\System32\IMM32.DLL
0x00007ff9896a0000 - 0x00007ff9896ac000 	C:\Program Files\Java\jdk-16\bin\vcruntime140_1.dll
0x00007ff957e20000 - 0x00007ff957eb1000 	C:\Program Files\Java\jdk-16\bin\msvcp140.dll
0x00007ff928860000 - 0x00007ff92940b000 	C:\Program Files\Java\jdk-16\bin\server\jvm.dll
0x00007ff98ea50000 - 0x00007ff98ea58000 	C:\WINDOWS\System32\PSAPI.DLL
0x00007ff987df0000 - 0x00007ff987df9000 	C:\WINDOWS\SYSTEM32\WSOCK32.dll
0x00007ff98f080000 - 0x00007ff98f0eb000 	C:\WINDOWS\System32\WS2_32.dll
0x00007ff97d490000 - 0x00007ff97d4b7000 	C:\WINDOWS\SYSTEM32\WINMM.dll
0x00007ff98b7d0000 - 0x00007ff98b7e2000 	C:\WINDOWS\SYSTEM32\kernel.appcore.dll
0x00007ff989650000 - 0x00007ff98965a000 	C:\Program Files\Java\jdk-16\bin\jimage.dll
0x00007ff979d20000 - 0x00007ff979f04000 	C:\WINDOWS\SYSTEM32\DBGHELP.DLL
0x00007ff979980000 - 0x00007ff9799ac000 	C:\WINDOWS\SYSTEM32\dbgcore.DLL
0x00007ff98d920000 - 0x00007ff98d9a3000 	C:\WINDOWS\System32\bcryptPrimitives.dll
0x00007ff9894f0000 - 0x00007ff9894fe000 	C:\Program Files\Java\jdk-16\bin\instrument.dll
0x00007ff9884f0000 - 0x00007ff988515000 	C:\Program Files\Java\jdk-16\bin\java.dll
0x00007ff98f6c0000 - 0x00007ff98fe04000 	C:\WINDOWS\System32\SHELL32.dll
0x00007ff98b9d0000 - 0x00007ff98c164000 	C:\WINDOWS\SYSTEM32\windows.storage.dll
0x00007ff98f260000 - 0x00007ff98f5b5000 	C:\WINDOWS\System32\combase.dll
0x00007ff98d290000 - 0x00007ff98d2be000 	C:\WINDOWS\SYSTEM32\Wldp.dll
0x00007ff98e870000 - 0x00007ff98e91d000 	C:\WINDOWS\System32\SHCORE.dll
0x00007ff98fec0000 - 0x00007ff98ff15000 	C:\WINDOWS\System32\shlwapi.dll
0x00007ff98d860000 - 0x00007ff98d87f000 	C:\WINDOWS\SYSTEM32\profapi.dll
0x00007ff9884d0000 - 0x00007ff9884e9000 	C:\Program Files\Java\jdk-16\bin\net.dll
0x00007ff982a40000 - 0x00007ff982b4c000 	C:\WINDOWS\SYSTEM32\WINHTTP.dll
0x00007ff98d070000 - 0x00007ff98d0da000 	C:\WINDOWS\system32\mswsock.dll
0x00007ff97c7c0000 - 0x00007ff97c7d3000 	C:\Program Files\Java\jdk-16\bin\nio.dll
0x00007ff969100000 - 0x00007ff969118000 	C:\Program Files\Java\jdk-16\bin\zip.dll
0x00007ff9690e0000 - 0x00007ff9690fa000 	C:\Users\yurik\AppData\Local\JetBrains\Toolbox\apps\IDEA-C\ch-0\212.5457.46\bin\breakgen64.dll
0x00000222d8c40000 - 0x00000222d8c43000 	C:\Program Files\Java\javafx-sdk-16\bin\api-ms-win-core-console-l1-1-0.dll
0x00000222d8c50000 - 0x00000222d8c53000 	C:\Program Files\Java\javafx-sdk-16\bin\api-ms-win-core-console-l1-2-0.dll
0x00000222d8c60000 - 0x00000222d8c63000 	C:\Program Files\Java\javafx-sdk-16\bin\api-ms-win-core-datetime-l1-1-0.dll
0x00000222fb190000 - 0x00000222fb193000 	C:\Program Files\Java\javafx-sdk-16\bin\api-ms-win-core-debug-l1-1-0.dll
0x00000222fb1a0000 - 0x00000222fb1a3000 	C:\Program Files\Java\javafx-sdk-16\bin\api-ms-win-core-errorhandling-l1-1-0.dll
0x00000222fb1b0000 - 0x00000222fb1b4000 	C:\Program Files\Java\javafx-sdk-16\bin\api-ms-win-core-file-l1-1-0.dll
0x00000222fb1c0000 - 0x00000222fb1c3000 	C:\Program Files\Java\javafx-sdk-16\bin\api-ms-win-core-file-l1-2-0.dll
0x00000222fb1d0000 - 0x00000222fb1d3000 	C:\Program Files\Java\javafx-sdk-16\bin\api-ms-win-core-file-l2-1-0.dll
0x00000222fb1e0000 - 0x00000222fb1e3000 	C:\Program Files\Java\javafx-sdk-16\bin\api-ms-win-core-handle-l1-1-0.dll
0x00000222fb1f0000 - 0x00000222fb1f3000 	C:\Program Files\Java\javafx-sdk-16\bin\api-ms-win-core-heap-l1-1-0.dll
0x00000222fb200000 - 0x00000222fb203000 	C:\Program Files\Java\javafx-sdk-16\bin\api-ms-win-core-interlocked-l1-1-0.dll
0x00000222fb210000 - 0x00000222fb213000 	C:\Program Files\Java\javafx-sdk-16\bin\api-ms-win-core-libraryloader-l1-1-0.dll
0x00000222fb220000 - 0x00000222fb223000 	C:\Program Files\Java\javafx-sdk-16\bin\api-ms-win-core-localization-l1-2-0.dll
0x00000222fb230000 - 0x00000222fb233000 	C:\Program Files\Java\javafx-sdk-16\bin\api-ms-win-core-memory-l1-1-0.dll
0x00000222fb240000 - 0x00000222fb243000 	C:\Program Files\Java\javafx-sdk-16\bin\api-ms-win-core-namedpipe-l1-1-0.dll
0x00000222fb250000 - 0x00000222fb253000 	C:\Program Files\Java\javafx-sdk-16\bin\api-ms-win-core-processenvironment-l1-1-0.dll
0x00000222fb260000 - 0x00000222fb263000 	C:\Program Files\Java\javafx-sdk-16\bin\api-ms-win-core-processthreads-l1-1-0.dll
0x00000222fb270000 - 0x00000222fb273000 	C:\Program Files\Java\javafx-sdk-16\bin\api-ms-win-core-processthreads-l1-1-1.dll
0x00000222fb280000 - 0x00000222fb283000 	C:\Program Files\Java\javafx-sdk-16\bin\api-ms-win-core-profile-l1-1-0.dll
0x00000222fb290000 - 0x00000222fb293000 	C:\Program Files\Java\javafx-sdk-16\bin\api-ms-win-core-rtlsupport-l1-1-0.dll
0x00000222fb2a0000 - 0x00000222fb2a3000 	C:\Program Files\Java\javafx-sdk-16\bin\api-ms-win-core-string-l1-1-0.dll
0x00000222fb2b0000 - 0x00000222fb2b3000 	C:\Program Files\Java\javafx-sdk-16\bin\api-ms-win-core-synch-l1-1-0.dll
0x00000222fb2c0000 - 0x00000222fb2c3000 	C:\Program Files\Java\javafx-sdk-16\bin\api-ms-win-core-synch-l1-2-0.dll
0x00000222fb2d0000 - 0x00000222fb2d3000 	C:\Program Files\Java\javafx-sdk-16\bin\api-ms-win-core-sysinfo-l1-1-0.dll
0x00000222fb2e0000 - 0x00000222fb2e3000 	C:\Program Files\Java\javafx-sdk-16\bin\api-ms-win-core-timezone-l1-1-0.dll
0x00000222fb2f0000 - 0x00000222fb2f3000 	C:\Program Files\Java\javafx-sdk-16\bin\api-ms-win-core-util-l1-1-0.dll
0x00000222fb300000 - 0x00000222fb303000 	C:\Program Files\Java\javafx-sdk-16\bin\api-ms-win-crt-conio-l1-1-0.dll
0x00000222fb310000 - 0x00000222fb314000 	C:\Program Files\Java\javafx-sdk-16\bin\api-ms-win-crt-convert-l1-1-0.dll
0x00000222fb320000 - 0x00000222fb323000 	C:\Program Files\Java\javafx-sdk-16\bin\api-ms-win-crt-environment-l1-1-0.dll
0x00000222fb330000 - 0x00000222fb333000 	C:\Program Files\Java\javafx-sdk-16\bin\api-ms-win-crt-filesystem-l1-1-0.dll
0x00000222fb340000 - 0x00000222fb343000 	C:\Program Files\Java\javafx-sdk-16\bin\api-ms-win-crt-heap-l1-1-0.dll
0x00000222fb350000 - 0x00000222fb353000 	C:\Program Files\Java\javafx-sdk-16\bin\api-ms-win-crt-locale-l1-1-0.dll
0x00000222fb360000 - 0x00000222fb365000 	C:\Program Files\Java\javafx-sdk-16\bin\api-ms-win-crt-math-l1-1-0.dll
0x00000222fb370000 - 0x00000222fb375000 	C:\Program Files\Java\javafx-sdk-16\bin\api-ms-win-crt-multibyte-l1-1-0.dll
0x00000222fb380000 - 0x00000222fb390000 	C:\Program Files\Java\javafx-sdk-16\bin\api-ms-win-crt-private-l1-1-0.dll
0x00000222fb390000 - 0x00000222fb393000 	C:\Program Files\Java\javafx-sdk-16\bin\api-ms-win-crt-process-l1-1-0.dll
0x00000222fb3a0000 - 0x00000222fb3a4000 	C:\Program Files\Java\javafx-sdk-16\bin\api-ms-win-crt-runtime-l1-1-0.dll
0x00000222fb3b0000 - 0x00000222fb3b4000 	C:\Program Files\Java\javafx-sdk-16\bin\api-ms-win-crt-stdio-l1-1-0.dll
0x00000222fb3c0000 - 0x00000222fb3c4000 	C:\Program Files\Java\javafx-sdk-16\bin\api-ms-win-crt-string-l1-1-0.dll
0x00000222fb3d0000 - 0x00000222fb3d3000 	C:\Program Files\Java\javafx-sdk-16\bin\api-ms-win-crt-time-l1-1-0.dll
0x00000222fb3e0000 - 0x00000222fb3e3000 	C:\Program Files\Java\javafx-sdk-16\bin\api-ms-win-crt-utility-l1-1-0.dll
0x00007ff94a190000 - 0x00007ff94a28c000 	C:\Program Files\Java\javafx-sdk-16\bin\ucrtbase.dll
0x00007ff9690c0000 - 0x00007ff9690d9000 	C:\Program Files\Java\javafx-sdk-16\bin\vcruntime140.dll
0x00007ff9686f0000 - 0x00007ff9686fc000 	C:\Program Files\Java\javafx-sdk-16\bin\vcruntime140_1.dll
0x00007ff947ae0000 - 0x00007ff947b71000 	C:\Program Files\Java\javafx-sdk-16\bin\msvcp140.dll
0x00007ff968460000 - 0x00007ff968487000 	C:\Program Files\Java\javafx-sdk-16\bin\prism_d3d.dll
0x00007ff92deb0000 - 0x00007ff92e080000 	C:\WINDOWS\system32\d3d9.dll
0x00007ff98b4e0000 - 0x00007ff98b50f000 	C:\WINDOWS\SYSTEM32\dwmapi.dll
0x00007ff98b250000 - 0x00007ff98b2ee000 	C:\WINDOWS\system32\uxtheme.dll
0x00007ff929b70000 - 0x00007ff92c0ad000 	C:\WINDOWS\SYSTEM32\igdumdim64.dll
0x00007ff98f5c0000 - 0x00007ff98f68d000 	C:\WINDOWS\System32\OLEAUT32.dll
0x00007ff98ff20000 - 0x00007ff99004a000 	C:\WINDOWS\System32\ole32.dll
0x00007ff98e3f0000 - 0x00007ff98e862000 	C:\WINDOWS\System32\SETUPAPI.dll
0x00007ff98e200000 - 0x00007ff98e24e000 	C:\WINDOWS\System32\cfgmgr32.dll
0x00007ff98de00000 - 0x00007ff98de27000 	C:\WINDOWS\System32\bcrypt.dll
0x00007ff968410000 - 0x00007ff968452000 	C:\Program Files\Java\javafx-sdk-16\bin\glass.dll
0x00007ff98eb10000 - 0x00007ff98ebea000 	C:\WINDOWS\System32\COMDLG32.dll
0x00007ff9900b0000 - 0x00007ff9901c5000 	C:\WINDOWS\System32\MSCTF.dll
0x00007ff981bf0000 - 0x00007ff98262f000 	C:\WINDOWS\SYSTEM32\igdusc64.dll
0x00007ff988d70000 - 0x00007ff988dab000 	C:\WINDOWS\SYSTEM32\dxcore.dll
0x00007ff963070000 - 0x00007ff963084000 	C:\Program Files\Java\javafx-sdk-16\bin\javafx_font.dll
0x00007ff97fd70000 - 0x00007ff97fff3000 	C:\WINDOWS\SYSTEM32\dwrite.dll
0x00007ff98fe10000 - 0x00007ff98feb9000 	C:\WINDOWS\System32\clbcatq.dll
0x00007ff986a80000 - 0x00007ff986c34000 	C:\WINDOWS\SYSTEM32\WindowsCodecs.dll
0x00007ff97b0c0000 - 0x00007ff97b0fe000 	C:\WINDOWS\system32\dataexchange.dll
0x00007ff98a390000 - 0x00007ff98a5f4000 	C:\WINDOWS\system32\d3d11.dll
0x00007ff98a600000 - 0x00007ff98a7e5000 	C:\WINDOWS\system32\dcomp.dll
0x00007ff98c1d0000 - 0x00007ff98c2c4000 	C:\WINDOWS\system32\dxgi.dll
0x00007ff986f20000 - 0x00007ff987121000 	C:\WINDOWS\system32\twinapi.appcore.dll
0x00007ff9527d0000 - 0x00007ff952804000 	C:\Program Files\Common Files\Microsoft Shared\Ink\rtscom.dll
0x00007ff987af0000 - 0x00007ff987be9000 	C:\WINDOWS\SYSTEM32\textinputframework.dll
0x00007ff98ab70000 - 0x00007ff98aece000 	C:\WINDOWS\System32\CoreUIComponents.dll
0x00007ff98aed0000 - 0x00007ff98afc2000 	C:\WINDOWS\System32\CoreMessaging.dll
0x00007ff98c5d0000 - 0x00007ff98c603000 	C:\WINDOWS\SYSTEM32\ntmarta.dll
0x00007ff989810000 - 0x00007ff989964000 	C:\WINDOWS\SYSTEM32\wintypes.dll
0x00007ff98d5f0000 - 0x00007ff98d608000 	C:\WINDOWS\SYSTEM32\CRYPTSP.dll
0x00007ff98c9a0000 - 0x00007ff98c9d4000 	C:\WINDOWS\system32\rsaenh.dll
0x00007ff98d820000 - 0x00007ff98d84e000 	C:\WINDOWS\SYSTEM32\USERENV.dll
0x00007ff98d200000 - 0x00007ff98d20c000 	C:\WINDOWS\SYSTEM32\CRYPTBASE.dll
0x00007ff98cd30000 - 0x00007ff98cd6b000 	C:\WINDOWS\SYSTEM32\IPHLPAPI.DLL
0x00007ff98f210000 - 0x00007ff98f218000 	C:\WINDOWS\System32\NSI.dll
0x00007ff984f10000 - 0x00007ff984f27000 	C:\WINDOWS\SYSTEM32\dhcpcsvc6.DLL

dbghelp: loaded successfully - version: 4.0.5 - missing functions: none
symbol engine: initialized successfully - sym options: 0x614 - pdb path: .;C:\Program Files\Java\jdk-16\bin;C:\WINDOWS\SYSTEM32;C:\WINDOWS\WinSxS\amd64_microsoft.windows.common-controls_6595b64144ccf1df_6.0.19041.1110_none_60b5254171f9507e;C:\Program Files\Java\jdk-16\bin\server;C:\Users\yurik\AppData\Local\JetBrains\Toolbox\apps\IDEA-C\ch-0\212.5457.46\bin;C:\Program Files\Java\javafx-sdk-16\bin;C:\Program Files\Common Files\Microsoft Shared\Ink

VM Arguments:
jvm_args: -javaagent:C:\Users\yurik\AppData\Local\JetBrains\Toolbox\apps\IDEA-C\ch-0\212.5457.46\lib\idea_rt.jar=54404:C:\Users\yurik\AppData\Local\JetBrains\Toolbox\apps\IDEA-C\ch-0\212.5457.46\bin -Dfile.encoding=UTF-8 --module-path=C:\Users\yurik\.m2\repository\org\openjfx\javafx-fxml\16\javafx-fxml-16-win.jar;C:\Program Files\Java\javafx-sdk-16\lib\javafx.controls.jar;C:\Users\yurik\.m2\repository\org\openjfx\javafx-media\11.0.2\javafx-media-11.0.2-win.jar;C:\Users\yurik\.m2\repository\org\openjfx\javafx-controls\16\javafx-controls-16-win.jar;C:\Program Files\Java\javafx-sdk-16\lib\javafx.graphics.jar;C:\Users\yurik\.m2\repository\com\google\code\gson\gson\2.8.9\gson-2.8.9.jar;C:\Users\yurik\.m2\repository\org\openjfx\javafx-graphics\16\javafx-graphics-16-win.jar;C:\Program Files\Java\javafx-sdk-16\lib\javafx.media.jar;C:\Users\yurik\.m2\repository\org\openjfx\javafx-base\16\javafx-base-16-win.jar;C:\Program Files\Java\javafx-sdk-16\lib\javafx.fxml.jar;C:\Program Files\Java\javafx-sdk-16\lib\javafx.base.jar;C:\Users\yurik\IdeaProjects\F21COMP1011S1Assignment2\target\classes;C:\Users\yurik\.m2\repository\org\openjfx\javafx-web\11.0.2\javafx-web-11.0.2-win.jar;C:\Program Files\Java\javafx-sdk-16\lib\javafx.web.jar -Djdk.module.main=com.example.f21comp1011s1assignment2 
java_command: com.example.f21comp1011s1assignment2/com.example.f21comp1011s1assignment2.Main --module-path C:\Program Files\Java\javafx-sdk-16\lib --add-modules javafx.controls,javafx.fxml
java_class_path (initial): C:\Users\yurik\.m2\repository\org\openjfx\javafx-controls\16\javafx-controls-16.jar;C:\Users\yurik\.m2\repository\org\openjfx\javafx-graphics\16\javafx-graphics-16.jar;C:\Users\yurik\.m2\repository\org\openjfx\javafx-base\16\javafx-base-16.jar;C:\Users\yurik\.m2\repository\org\openjfx\javafx-fxml\16\javafx-fxml-16.jar;C:\Users\yurik\.m2\repository\org\openjfx\javafx-web\11.0.2\javafx-web-11.0.2.jar;C:\Users\yurik\.m2\repository\org\openjfx\javafx-media\11.0.2\javafx-media-11.0.2.jar;C:\Program Files\Java\javafx-sdk-16\lib\src.zip;C:\Program Files\Java\javafx-sdk-16\lib\javafx-swt.jar;C:\Program Files\Java\javafx-sdk-16\lib\javafx.swing.jar
Launcher Type: SUN_STANDARD

[Global flags]
     intx CICompilerCount                          = 3                                         {product} {ergonomic}
     uint ConcGCThreads                            = 1                                         {product} {ergonomic}
     uint G1ConcRefinementThreads                  = 4                                         {product} {ergonomic}
   size_t G1HeapRegionSize                         = 2097152                                   {product} {ergonomic}
    uintx GCDrainStackTargetSize                   = 64                                        {product} {ergonomic}
   size_t InitialHeapSize                          = 268435456                                 {product} {ergonomic}
   size_t MarkStackSize                            = 4194304                                   {product} {ergonomic}
   size_t MaxHeapSize                              = 4271898624                                {product} {ergonomic}
   size_t MaxNewSize                               = 2562719744                                {product} {ergonomic}
   size_t MinHeapDeltaBytes                        = 2097152                                   {product} {ergonomic}
   size_t MinHeapSize                              = 8388608                                   {product} {ergonomic}
    uintx NonNMethodCodeHeapSize                   = 5832780                                {pd product} {ergonomic}
    uintx NonProfiledCodeHeapSize                  = 122912730                              {pd product} {ergonomic}
    uintx ProfiledCodeHeapSize                     = 122912730                              {pd product} {ergonomic}
    uintx ReservedCodeCacheSize                    = 251658240                              {pd product} {ergonomic}
     bool SegmentedCodeCache                       = true                                      {product} {ergonomic}
   size_t SoftMaxHeapSize                          = 4271898624                             {manageable} {ergonomic}
     bool UseCompressedClassPointers               = true                           {product lp64_product} {ergonomic}
     bool UseCompressedOops                        = true                           {product lp64_product} {ergonomic}
     bool UseG1GC                                  = true                                      {product} {ergonomic}
     bool UseLargePagesIndividualAllocation        = false                                  {pd product} {ergonomic}

Logging:
Log output configuration:
 #0: stdout all=warning uptime,level,tags
 #1: stderr all=off uptime,level,tags

Environment Variables:
JAVA_HOME=C:\Program Files\Java\jdk-15.0.1
PATH=C:\Program Files\Eclipse Foundation\jdk-8.0.302.8-hotspot\bin;C:\Program Files\Common Files\Oracle\Java\javapath;C:\WINDOWS\system32;C:\WINDOWS;C:\WINDOWS\System32\Wbem;C:\WINDOWS\System32\WindowsPowerShell\v1.0\;C:\WINDOWS\System32\OpenSSH\;C:\Program Files\Java\jdk-15\bin;"C:\Program Files\Git\bin;";"C:\Users\yurik\AppData\Local\Programs\Microsoft VS Code\bin;";"C:\Users\yurik\Desktop\github\gittest;C:\Program Files\Java\jdk-15.0.1\bin;C:\Program Files\Microsoft SQL Server\130\Tools\Binn\;C:\Program Files\Microsoft SQL Server\Client SDK\ODBC\170\Tools\Binn\;C:\Program Files (x86)\Incredibuild;C:\Program Files\nodejs\";C:\Program Files\nodejs;C:\Program Files\dotnet\;C:\Program Files (x86)\Microsoft SQL Server\150\Tools\Binn\;C:\Program Files\Microsoft SQL Server\150\Tools\Binn\;C:\Program Files\Microsoft SQL Server\150\DTS\Binn\;C:\Program Files (x86)\Microsoft SQL Server\150\DTS\Binn\;C:\Program Files\Azure Data Studio\bin;C:\Program Files\Git\cmd;C:\Program Files\MySQL\MySQL Shell 8.0\bin\;C:\Users\yurik\AppData\Local\Microsoft\WindowsApps;C:\Users\yurik\AppData\Local\Programs\Microsoft VS Code\bin;C:\Users\yurik\AppData\Local\GitHubDesktop\bin;C:\Users\yurik\AppData\Roaming\npm;C:\Program Files\nodejs;C:\Users\yurik\.dotnet\tools;C:\Program Files\Azure Data Studio\bin
USERNAME=yurik
OS=Windows_NT
PROCESSOR_IDENTIFIER=Intel64 Family 6 Model 69 Stepping 1, GenuineIntel



---------------  S Y S T E M  ---------------

OS:
 Windows 10 , 64 bit Build 19041 (10.0.19041.1348)
OS uptime: 1 days 1:21 hours
Hyper-V role detected

CPU: total 4 (initial active 4) (2 cores per cpu, 2 threads per core) family 6 model 69 stepping 1 microcode 0x25, cx8, cmov, fxsr, ht, mmx, sse, sse2, sse3, ssse3, sse4.1, sse4.2, popcnt, lzcnt, tsc, tscinvbit, avx, avx2, aes, erms, clmul, bmi1, bmi2, fma, vzeroupper, clflush, hv

Memory: 4k page, system-wide physical 16289M (8336M free)
TotalPageFile size 18721M (AvailPageFile size 9944M)
current process WorkingSet (physical memory assigned to process): 170M, peak: 175M
current process commit charge ("private bytes"): 239M, peak: 424M

vm_info: Java HotSpot(TM) 64-Bit Server VM (16+36-2231) for windows-amd64 JRE (16+36-2231), built on Feb  8 2021 11:43:10 by "mach5one" with MS VC++ 16.7 (VS2019)

END.
