#
# A fatal error has been detected by the Java Runtime Environment:
#
#  EXCEPTION_ACCESS_VIOLATION (0xc0000005) at pc=0x00007ff92d30c160, pid=15880, tid=18060
#
# JRE version: Java(TM) SE Runtime Environment (16.0+36) (build 16+36-2231)
# Java VM: Java HotSpot(TM) 64-Bit Server VM (16+36-2231, mixed mode, sharing, tiered, compressed oops, g1 gc, windows-amd64)
# Problematic frame:
# V  [jvm.dll+0xc160]
#
# No core dump will be written. Minidumps are not enabled by default on client versions of Windows
#
# If you would like to submit a bug report, please visit:
#   https://bugreport.java.com/bugreport/crash.jsp
#

---------------  S U M M A R Y ------------

Command Line: -javaagent:C:\Users\yurik\AppData\Local\JetBrains\Toolbox\apps\IDEA-C\ch-0\212.5457.46\lib\idea_rt.jar=60261:C:\Users\yurik\AppData\Local\JetBrains\Toolbox\apps\IDEA-C\ch-0\212.5457.46\bin -Dfile.encoding=UTF-8 --module-path=C:\Program Files\Java\javafx-sdk-16\lib\javafx.base.jar;C:\Users\yurik\.m2\repository\org\openjfx\javafx-graphics\16\javafx-graphics-16-win.jar;C:\Program Files\Java\javafx-sdk-16\lib\javafx.media.jar;C:\Program Files\Java\javafx-sdk-16\lib\javafx.graphics.jar;C:\Users\yurik\.m2\repository\org\openjfx\javafx-controls\16\javafx-controls-16-win.jar;C:\Users\yurik\.m2\repository\org\openjfx\javafx-fxml\16\javafx-fxml-16-win.jar;C:\Users\yurik\.m2\repository\org\openjfx\javafx-web\11.0.2\javafx-web-11.0.2-win.jar;C:\Users\yurik\.m2\repository\org\openjfx\javafx-base\16\javafx-base-16-win.jar;C:\Users\yurik\IdeaProjects\F21COMP1011S1Assignment2\target\classes;C:\Users\yurik\.m2\repository\com\google\code\gson\gson\2.8.9\gson-2.8.9.jar;C:\Program Files\Java\javafx-sdk-16\lib\javafx.web.jar;C:\Program Files\Java\javafx-sdk-16\lib\javafx.fxml.jar;C:\Program Files\Java\javafx-sdk-16\lib\javafx.controls.jar;C:\Users\yurik\.m2\repository\org\openjfx\javafx-media\11.0.2\javafx-media-11.0.2-win.jar -Djdk.module.main=com.example.f21comp1011s1assignment2 com.example.f21comp1011s1assignment2/com.example.f21comp1011s1assignment2.Main --module-path C:\Program Files\Java\javafx-sdk-16\lib --add-modules javafx.controls,javafx.fxml

Host: Intel(R) Core(TM) i7-4600U CPU @ 2.10GHz, 4 cores, 15G,  Windows 10 , 64 bit Build 19041 (10.0.19041.1348)
Time: Fri Dec  3 15:12:14 2021 Pacific Standard Time elapsed time: 11.494733 seconds (0d 0h 0m 11s)

---------------  T H R E A D  ---------------

Current thread (0x000002a46f7dd220):  JavaThread "JavaFX Application Thread" [_thread_in_vm, id=18060, stack(0x000000a7e9800000,0x000000a7e9900000)]

Stack: [0x000000a7e9800000,0x000000a7e9900000],  sp=0x000000a7e98fdbc8,  free space=1014k
Native frames: (J=compiled Java code, j=interpreted, Vv=VM code, C=native code)
V  [jvm.dll+0xc160]

Java frames: (J=compiled Java code, j=interpreted, Vv=VM code)
j  com.sun.webkit.Timer.twkFireTimerEvent()V+0 javafx.web
j  com.sun.webkit.Timer.fireTimerEvent(J)V+45 javafx.web
j  com.sun.webkit.Timer.notifyTick()V+25 javafx.web
j  javafx.scene.web.WebEngine$PulseTimer.lambda$static$0()V+3 javafx.web
j  javafx.scene.web.WebEngine$PulseTimer$$Lambda$848+0x0000000800fb62f0.run()V+0 javafx.web
j  com.sun.javafx.application.PlatformImpl.lambda$runLater$10(Ljava/lang/Runnable;)Ljava/lang/Void;+1 javafx.graphics
j  com.sun.javafx.application.PlatformImpl$$Lambda$92+0x0000000800c85690.run()Ljava/lang/Object;+4 javafx.graphics
J 2160 c1 java.security.AccessController.doPrivileged(Ljava/security/PrivilegedAction;Ljava/security/AccessControlContext;)Ljava/lang/Object; java.base@16 (17 bytes) @ 0x000002a453e25a64 [0x000002a453e25880+0x00000000000001e4]
j  com.sun.javafx.application.PlatformImpl.lambda$runLater$11(Ljava/lang/Runnable;Ljava/security/AccessControlContext;)V+7 javafx.graphics
j  com.sun.javafx.application.PlatformImpl$$Lambda$91+0x0000000800c84838.run()V+8 javafx.graphics
j  com.sun.glass.ui.InvokeLaterDispatcher$Future.run()V+4 javafx.graphics
v  ~StubRoutines::call_stub
j  com.sun.glass.ui.win.WinApplication._runLoop(Ljava/lang/Runnable;)V+0 javafx.graphics
j  com.sun.glass.ui.win.WinApplication.lambda$runLoop$3(ILjava/lang/Runnable;)V+8 javafx.graphics
j  com.sun.glass.ui.win.WinApplication$$Lambda$80+0x0000000800c2daf8.run()V+12 javafx.graphics
j  java.lang.Thread.run()V+11 java.base@16
v  ~StubRoutines::call_stub

siginfo: EXCEPTION_ACCESS_VIOLATION (0xc0000005), reading address 0x0000000000000000


Register to memory mapping:

RIP=0x00007ff92d30c160 jvm.dll
RAX=0x0 is NULL
RBX=0x000002a46f7dd220 is a thread
RCX=0x0 is NULL
RDX=0x0 is NULL
RSP=0x000000a7e98fdbc8 is pointing into the stack for thread: 0x000002a46f7dd220
RBP=0x0 is NULL
RSI=0x0 is NULL
RDI=0x0 is NULL
R8 =0x0000000000000005 is an unknown value
R9 =0x0000000000000005 is an unknown value
R10=0x000002a46f5c80b0 points into unknown readable memory: 0x0000004000000004 | 04 00 00 00 40 00 00 00
R11=0x000000a7e98fdb98 is pointing into the stack for thread: 0x000002a46f7dd220
R12=0x000000a7e98fdd90 is pointing into the stack for thread: 0x000002a46f7dd220
R13=0x000000a7e98fe0f0 is pointing into the stack for thread: 0x000002a46f7dd220
R14=0x0 is NULL
R15=0x0 is NULL


Registers:
RAX=0x0000000000000000, RBX=0x000002a46f7dd220, RCX=0x0000000000000000, RDX=0x0000000000000000
RSP=0x000000a7e98fdbc8, RBP=0x0000000000000000, RSI=0x0000000000000000, RDI=0x0000000000000000
R8 =0x0000000000000005, R9 =0x0000000000000005, R10=0x000002a46f5c80b0, R11=0x000000a7e98fdb98
R12=0x000000a7e98fdd90, R13=0x000000a7e98fe0f0, R14=0x0000000000000000, R15=0x0000000000000000
RIP=0x00007ff92d30c160, EFLAGS=0x0000000000010246

Top of Stack: (sp=0x000000a7e98fdbc8)
0x000000a7e98fdbc8:   00007ff92d6dc653 000002a46f7dd530
0x000000a7e98fdbd8:   0000000000000000 0000000000000000
0x000000a7e98fdbe8:   000002a46f7dd530 000002a46f7dd530
0x000000a7e98fdbf8:   00007ff919bfdde2 000002a46f48f9fc
0x000000a7e98fdc08:   0000000000000000 000002a46f48f9fc
0x000000a7e98fdc18:   0000000000000005 0000000000000000
0x000000a7e98fdc28:   000000a7e98fdca0 0000000000000000
0x000000a7e98fdc38:   0000000000000000 000002a46f7dd530
0x000000a7e98fdc48:   00007ff91992327e 000002a46f7dd530
0x000000a7e98fdc58:   0000000000000000 0000187ead687476
0x000000a7e98fdc68:   00007ff91a9caf45 0000000000000000
0x000000a7e98fdc78:   00007ff919bfdac9 000002a46fed7058
0x000000a7e98fdc88:   0000000000000000 000000a7e98fdca0
0x000000a7e98fdc98:   000000a7e98fdd90 000002a46fffe930
0x000000a7e98fdca8:   0000000000000000 0000000000000000
0x000000a7e98fdcb8:   0000000000000000 0000187ead6874f6 

Instructions: (pc=0x00007ff92d30c160)
0x00007ff92d30c060:   bc cf a5 00 48 83 c4 20 5b 48 ff e0 48 8d 05 ed
0x00007ff92d30c070:   00 00 00 48 8b cb 48 89 05 a3 cf a5 00 48 83 c4
0x00007ff92d30c080:   20 5b 48 ff e0 48 8d 05 d4 00 00 00 48 8b cb 48
0x00007ff92d30c090:   89 05 8a cf a5 00 48 83 c4 20 5b 48 ff e0 48 8b
0x00007ff92d30c0a0:   0d 1b b0 ab 00 8b 51 10 83 ea 01 0f 84 8b 00 00
0x00007ff92d30c0b0:   00 83 ea 01 74 6d 83 ea 01 74 4f 83 fa 01 74 31
0x00007ff92d30c0c0:   4c 8d 05 81 ba 81 00 ba e8 00 00 00 48 8d 0d ad
0x00007ff92d30c0d0:   ba 81 00 e8 e8 6a 23 00 e8 73 bc 65 00 33 c0 48
0x00007ff92d30c0e0:   8b cb 48 89 05 37 cf a5 00 48 83 c4 20 5b 48 ff
0x00007ff92d30c0f0:   e0 48 8d 05 78 00 00 00 48 8b cb 48 89 05 1e cf
0x00007ff92d30c100:   a5 00 48 83 c4 20 5b 48 ff e0 48 8d 05 4f 00 00
0x00007ff92d30c110:   00 48 8b cb 48 89 05 05 cf a5 00 48 83 c4 20 5b
0x00007ff92d30c120:   48 ff e0 48 8d 05 36 00 00 00 48 8b cb 48 89 05
0x00007ff92d30c130:   ec ce a5 00 48 83 c4 20 5b 48 ff e0 48 8d 05 1d
0x00007ff92d30c140:   00 00 00 48 8b cb 48 89 05 d3 ce a5 00 48 83 c4
0x00007ff92d30c150:   20 5b 48 ff e0 cc cc cc cc cc cc cc cc cc cc cc
0x00007ff92d30c160:   48 8b 01 c3 cc cc cc cc cc cc cc cc cc cc cc cc
0x00007ff92d30c170:   48 89 5c 24 08 57 48 83 ec 20 48 8b 39 48 8b d9
0x00007ff92d30c180:   48 85 3d a1 7c b0 00 75 0e 48 8b c7 48 8b 5c 24
0x00007ff92d30c190:   30 48 83 c4 20 5f c3 48 8b cf e8 c1 ef 7e 00 48
0x00007ff92d30c1a0:   8b d0 48 85 c0 74 20 48 8b c7 f0 48 0f b1 13 74
0x00007ff92d30c1b0:   16 48 85 05 70 7c b0 00 74 0d 48 8b c8 f0 48 0f
0x00007ff92d30c1c0:   b1 13 48 3b c1 75 ea 48 8b 5c 24 30 48 8b c2 48
0x00007ff92d30c1d0:   83 c4 20 5f c3 cc cc cc cc cc cc cc cc cc cc cc
0x00007ff92d30c1e0:   8b 44 24 30 45 03 c9 44 2b 4c 24 28 83 c0 0b 44
0x00007ff92d30c1f0:   03 ca 45 03 c8 41 03 c1 c3 cc cc cc cc cc cc cc
0x00007ff92d30c200:   48 8b 41 08 0f b7 48 32 0f b7 40 30 83 c0 48 03
0x00007ff92d30c210:   c1 c3 cc cc cc cc cc cc cc cc cc cc cc cc cc cc
0x00007ff92d30c220:   48 89 5c 24 08 57 48 83 ec 20 0f b6 05 ff 83 b0
0x00007ff92d30c230:   00 48 8b fa 48 8b d9 84 c0 74 4f 48 85 15 e6 7b
0x00007ff92d30c240:   b0 00 74 38 48 8b ca e8 74 f5 7e 00 48 8b d0 48
0x00007ff92d30c250:   85 db 74 25 48 85 c0 74 20 48 8b c7 f0 48 0f b1 


Stack slot to memory mapping:
stack at sp + 0 slots: 0x00007ff92d6dc653 jvm.dll
stack at sp + 1 slots: 0x000002a46f7dd530 points into unknown readable memory: 0x00007ff92dd733d0 | d0 33 d7 2d f9 7f 00 00
stack at sp + 2 slots: 0x0 is NULL
stack at sp + 3 slots: 0x0 is NULL
stack at sp + 4 slots: 0x000002a46f7dd530 points into unknown readable memory: 0x00007ff92dd733d0 | d0 33 d7 2d f9 7f 00 00
stack at sp + 5 slots: 0x000002a46f7dd530 points into unknown readable memory: 0x00007ff92dd733d0 | d0 33 d7 2d f9 7f 00 00
stack at sp + 6 slots: 0x00007ff919bfdde2 points into unknown readable memory: 8b f0 41 8b de 85
stack at sp + 7 slots: 0x000002a46f48f9fc points into unknown readable memory: f2 00 00 80


---------------  P R O C E S S  ---------------

Threads class SMR info:
_java_thread_list=0x000002a46f1ad700, length=41, elements={
0x000002a44bd3fa10, 0x000002a46e0da480, 0x000002a46e0dd750, 0x000002a46e0e9150,
0x000002a46e0e9d50, 0x000002a46e0ec860, 0x000002a46e0ee270, 0x000002a46e0ef050,
0x000002a46e0efb40, 0x000002a46ec30630, 0x000002a46ecb2a60, 0x000002a46f76de00,
0x000002a46f76e320, 0x000002a46f5a7000, 0x000002a46fa6b090, 0x000002a46f7dd220,
0x000002a46f7d9d00, 0x000002a46f7dc780, 0x000002a46f7dccd0, 0x000002a46f7da7a0,
0x000002a476402060, 0x000002a4764025b0, 0x000002a476405580, 0x000002a476407010,
0x000002a4763ffb30, 0x000002a470753120, 0x000002a476401070, 0x000002a476406020,
0x000002a4764015c0, 0x000002a476406570, 0x000002a476401b10, 0x000002a476404040,
0x000002a476400080, 0x000002a4764005d0, 0x000002a476402b00, 0x000002a476403050,
0x000002a476404ae0, 0x000002a476405030, 0x000002a476405ad0, 0x000002a46ee70da0,
0x000002a46ee752b0
}

Java Threads: ( => current thread )
  0x000002a44bd3fa10 JavaThread "main" [_thread_blocked, id=9444, stack(0x000000a7e7d00000,0x000000a7e7e00000)]
  0x000002a46e0da480 JavaThread "Reference Handler" daemon [_thread_blocked, id=8660, stack(0x000000a7e8500000,0x000000a7e8600000)]
  0x000002a46e0dd750 JavaThread "Finalizer" daemon [_thread_blocked, id=7180, stack(0x000000a7e8600000,0x000000a7e8700000)]
  0x000002a46e0e9150 JavaThread "Signal Dispatcher" daemon [_thread_blocked, id=8784, stack(0x000000a7e8700000,0x000000a7e8800000)]
  0x000002a46e0e9d50 JavaThread "Attach Listener" daemon [_thread_blocked, id=12836, stack(0x000000a7e8800000,0x000000a7e8900000)]
  0x000002a46e0ec860 JavaThread "Service Thread" daemon [_thread_blocked, id=5124, stack(0x000000a7e8900000,0x000000a7e8a00000)]
  0x000002a46e0ee270 JavaThread "Monitor Deflation Thread" daemon [_thread_blocked, id=12620, stack(0x000000a7e8a00000,0x000000a7e8b00000)]
  0x000002a46e0ef050 JavaThread "C2 CompilerThread0" daemon [_thread_in_native, id=17380, stack(0x000000a7e8b00000,0x000000a7e8c00000)]
  0x000002a46e0efb40 JavaThread "C1 CompilerThread0" daemon [_thread_blocked, id=11720, stack(0x000000a7e8c00000,0x000000a7e8d00000)]
  0x000002a46ec30630 JavaThread "Sweeper thread" daemon [_thread_blocked, id=12052, stack(0x000000a7e8d00000,0x000000a7e8e00000)]
  0x000002a46ecb2a60 JavaThread "Common-Cleaner" daemon [_thread_blocked, id=15220, stack(0x000000a7e8e00000,0x000000a7e8f00000)]
  0x000002a46f76de00 JavaThread "Monitor Ctrl-Break" daemon [_thread_in_native, id=18188, stack(0x000000a7e9000000,0x000000a7e9100000)]
  0x000002a46f76e320 JavaThread "Notification Thread" daemon [_thread_blocked, id=13420, stack(0x000000a7e9100000,0x000000a7e9200000)]
  0x000002a46f5a7000 JavaThread "QuantumRenderer-0" daemon [_thread_blocked, id=11668, stack(0x000000a7e9600000,0x000000a7e9700000)]
  0x000002a46fa6b090 JavaThread "InvokeLaterDispatcher" daemon [_thread_blocked, id=8564, stack(0x000000a7e9700000,0x000000a7e9800000)]
=>0x000002a46f7dd220 JavaThread "JavaFX Application Thread" [_thread_in_vm, id=18060, stack(0x000000a7e9800000,0x000000a7e9900000)]
  0x000002a46f7d9d00 JavaThread "Thread-1" daemon [_thread_blocked, id=6196, stack(0x000000a7e9c00000,0x000000a7e9d00000)]
  0x000002a46f7dc780 JavaThread "JavaFX-Launcher" [_thread_blocked, id=14472, stack(0x000000a7e9d00000,0x000000a7e9e00000)]
  0x000002a46f7dccd0 JavaThread "Prism Font Disposer" daemon [_thread_blocked, id=14660, stack(0x000000a7ea100000,0x000000a7ea200000)]
  0x000002a46f7da7a0 JavaThread "Cleaner-0" daemon [_thread_blocked, id=17824, stack(0x000000a7ea200000,0x000000a7ea300000)]
  0x000002a476402060 JavaThread "HttpClient-1-SelectorManager" daemon [_thread_in_native, id=1568, stack(0x000000a7ea300000,0x000000a7ea400000)]
  0x000002a4764025b0 JavaThread "HttpClient-1-Worker-0" daemon [_thread_blocked, id=14232, stack(0x000000a7ea400000,0x000000a7ea500000)]
  0x000002a476405580 JavaThread "HttpClient-1-Worker-1" daemon [_thread_blocked, id=5860, stack(0x000000a7ea500000,0x000000a7ea600000)]
  0x000002a476407010 JavaThread "Disposer" daemon [_thread_blocked, id=13276, stack(0x000000a7ea600000,0x000000a7ea700000)]
  0x000002a4763ffb30 JavaThread "URL-Loader-1" daemon [_thread_blocked, id=1736, stack(0x000000a7ea700000,0x000000a7ea800000)]
  0x000002a470753120 JavaThread "C2 CompilerThread1" daemon [_thread_blocked, id=13408, stack(0x000000a7ea800000,0x000000a7ea900000)]
  0x000002a476401070 JavaThread "URL-Loader-2" daemon [_thread_blocked, id=11252, stack(0x000000a7ead00000,0x000000a7eae00000)]
  0x000002a476406020 JavaThread "URL-Loader-3" daemon [_thread_blocked, id=17648, stack(0x000000a7eae00000,0x000000a7eaf00000)]
  0x000002a4764015c0 JavaThread "URL-Loader-4" daemon [_thread_blocked, id=13000, stack(0x000000a7eaf00000,0x000000a7eb000000)]
  0x000002a476406570 JavaThread "URL-Loader-5" daemon [_thread_blocked, id=11544, stack(0x000000a7eb000000,0x000000a7eb100000)]
  0x000002a476401b10 JavaThread "URL-Loader-6" daemon [_thread_blocked, id=17900, stack(0x000000a7eb100000,0x000000a7eb200000)]
  0x000002a476404040 JavaThread "URL-Loader-7" daemon [_thread_blocked, id=17808, stack(0x000000a7eb200000,0x000000a7eb300000)]
  0x000002a476400080 JavaThread "URL-Loader-8" daemon [_thread_blocked, id=17004, stack(0x000000a7eb300000,0x000000a7eb400000)]
  0x000002a4764005d0 JavaThread "Keep-Alive-Timer" daemon [_thread_blocked, id=4464, stack(0x000000a7eb400000,0x000000a7eb500000)]
  0x000002a476402b00 JavaThread "Thread-3" daemon [_thread_in_native, id=9552, stack(0x000000a7eb500000,0x000000a7eb600000)]
  0x000002a476403050 JavaThread "URL-Loader-9" daemon [_thread_blocked, id=2548, stack(0x000000a7eb600000,0x000000a7eb700000)]
  0x000002a476404ae0 JavaThread "URL-Loader-10" daemon [_thread_in_native, id=6836, stack(0x000000a7eb700000,0x000000a7eb800000)]
  0x000002a476405030 JavaThread "URL-Loader-11" daemon [_thread_in_native, id=9848, stack(0x000000a7eb800000,0x000000a7eb900000)]
  0x000002a476405ad0 JavaThread "URL-Loader-12" daemon [_thread_blocked, id=17132, stack(0x000000a7eb900000,0x000000a7eba00000)]
  0x000002a46ee70da0 JavaThread "HandshakeCompletedNotify-Thread" daemon [_thread_blocked, id=9628, stack(0x000000a7eba00000,0x000000a7ebb00000)]
  0x000002a46ee752b0 JavaThread "HandshakeCompletedNotify-Thread" daemon [_thread_blocked, id=9504, stack(0x000000a7ebb00000,0x000000a7ebc00000)]

Other Threads:
  0x000002a46e0d7840 VMThread "VM Thread" [stack: 0x000000a7e8400000,0x000000a7e8500000] [id=12592] _threads_hazard_ptr=0x000002a46f1ad700
  0x000002a46f76e840 WatcherThread [stack: 0x000000a7e9200000,0x000000a7e9300000] [id=16048]
  0x000002a44bd8dc20 GCTaskThread "GC Thread#0" [stack: 0x000000a7e7f00000,0x000000a7e8000000] [id=14568]
  0x000002a46fa6d7f0 GCTaskThread "GC Thread#1" [stack: 0x000000a7e9300000,0x000000a7e9400000] [id=12784]
  0x000002a46f28c900 GCTaskThread "GC Thread#2" [stack: 0x000000a7e9400000,0x000000a7e9500000] [id=248]
  0x000002a44bd40a10 GCTaskThread "GC Thread#3" [stack: 0x000000a7e9500000,0x000000a7e9600000] [id=15852]
  0x000002a44bda0000 ConcurrentGCThread "G1 Main Marker" [stack: 0x000000a7e8000000,0x000000a7e8100000] [id=6136]
  0x000002a44bda1290 ConcurrentGCThread "G1 Conc#0" [stack: 0x000000a7e8100000,0x000000a7e8200000] [id=13008]
  0x000002a46df884e0 ConcurrentGCThread "G1 Refine#0" [stack: 0x000000a7e8200000,0x000000a7e8300000] [id=4896]
  0x000002a46df89e80 ConcurrentGCThread "G1 Service" [stack: 0x000000a7e8300000,0x000000a7e8400000] [id=5832]

Threads with active compile tasks:
C2 CompilerThread0    11676 3925       4       java.lang.invoke.LambdaForm$Name::replaceNames (174 bytes)
C2 CompilerThread1    11676 4195       4       java.lang.String::split (327 bytes)

VM state: synchronizing (normal execution)

VM Mutex/Monitor currently owned by a thread:  ([mutex/lock_event])
[0x000002a44bd3b910] Threads_lock - owner thread: 0x000002a46e0d7840
[0x000002a44bd3b7f0] Heap_lock - owner thread: 0x000002a476405ad0

Heap address: 0x0000000701600000, size: 4074 MB, Compressed Oops mode: Zero based, Oop shift amount: 3
CDS archive(s) mapped at: [0x0000000800000000-0x0000000800bb0000-0x0000000800bb0000), size 12255232, SharedBaseAddress: 0x0000000800000000, ArchiveRelocationMode: 0.
Compressed class space mapped at: 0x0000000800c00000-0x0000000840c00000, reserved size: 1073741824
Narrow klass base: 0x0000000800000000, Narrow klass shift: 3, Narrow klass range: 0x100000000

GC Precious Log:
 CPUs: 4 total, 4 available
 Memory: 16289M
 Large Page Support: Disabled
 NUMA Support: Disabled
 Compressed Oops: Enabled (Zero based)
 Heap Region Size: 2M
 Heap Min Capacity: 8M
 Heap Initial Capacity: 256M
 Heap Max Capacity: 4074M
 Pre-touch: Disabled
 Parallel Workers: 4
 Concurrent Workers: 1
 Concurrent Refinement Workers: 4
 Periodic GC: Disabled

Heap:
 garbage-first heap   total 61440K, used 42537K [0x0000000701600000, 0x0000000800000000)
  region size 2048K, 15 young (30720K), 3 survivors (6144K)
 Metaspace       used 28618K, committed 29056K, reserved 1081344K
  class space    used 3837K, committed 4032K, reserved 1048576K

Heap Regions: E=young(eden), S=young(survivor), O=old, HS=humongous(starts), HC=humongous(continues), CS=collection set, F=free, OA=open archive, CA=closed archive, TAMS=top-at-mark-start (previous, next)
|   0|0x0000000701600000, 0x0000000701800000, 0x0000000701800000|100%| O|  |TAMS 0x00000007017eaa00, 0x0000000701600000| Untracked 
|   1|0x0000000701800000, 0x0000000701a00000, 0x0000000701a00000|100%|HS|  |TAMS 0x0000000701a00000, 0x0000000701800000| Complete 
|   2|0x0000000701a00000, 0x0000000701c00000, 0x0000000701c00000|100%|HS|  |TAMS 0x0000000701c00000, 0x0000000701a00000| Complete 
|   3|0x0000000701c00000, 0x0000000701e00000, 0x0000000701e00000|100%| O|  |TAMS 0x0000000701c00000, 0x0000000701c00000| Untracked 
|   4|0x0000000701e00000, 0x0000000701e43800, 0x0000000702000000| 13%| O|  |TAMS 0x0000000701e00000, 0x0000000701e00000| Untracked 
|   5|0x0000000702000000, 0x0000000702200000, 0x0000000702200000|100%| O|  |TAMS 0x0000000702000000, 0x0000000702000000| Untracked 
|   6|0x0000000702200000, 0x00000007023b3400, 0x0000000702400000| 85%| O|  |TAMS 0x0000000702200000, 0x0000000702200000| Untracked 
|   7|0x0000000702400000, 0x0000000702400000, 0x0000000702600000|  0%| F|  |TAMS 0x0000000702400000, 0x0000000702400000| Untracked 
|   8|0x0000000702600000, 0x0000000702600000, 0x0000000702800000|  0%| F|  |TAMS 0x0000000702600000, 0x0000000702600000| Untracked 
|   9|0x0000000702800000, 0x0000000702993980, 0x0000000702a00000| 78%| S|CS|TAMS 0x0000000702800000, 0x0000000702800000| Complete 
|  10|0x0000000702a00000, 0x0000000702c00000, 0x0000000702c00000|100%| S|CS|TAMS 0x0000000702a00000, 0x0000000702a00000| Complete 
|  11|0x0000000702c00000, 0x0000000702e00000, 0x0000000702e00000|100%| S|CS|TAMS 0x0000000702c00000, 0x0000000702c00000| Complete 
|  12|0x0000000702e00000, 0x0000000702e00000, 0x0000000703000000|  0%| F|  |TAMS 0x0000000702e00000, 0x0000000702e00000| Untracked 
|  13|0x0000000703000000, 0x0000000703000000, 0x0000000703200000|  0%| F|  |TAMS 0x0000000703000000, 0x0000000703000000| Untracked 
|  14|0x0000000703200000, 0x0000000703200000, 0x0000000703400000|  0%| F|  |TAMS 0x0000000703200000, 0x0000000703200000| Untracked 
|  15|0x0000000703400000, 0x0000000703400000, 0x0000000703600000|  0%| F|  |TAMS 0x0000000703400000, 0x0000000703400000| Untracked 
|  16|0x0000000703600000, 0x0000000703600000, 0x0000000703800000|  0%| F|  |TAMS 0x0000000703600000, 0x0000000703600000| Untracked 
|  17|0x0000000703800000, 0x0000000703800000, 0x0000000703a00000|  0%| F|  |TAMS 0x0000000703800000, 0x0000000703800000| Untracked 
|  18|0x0000000703a00000, 0x0000000703c00000, 0x0000000703c00000|100%| E|CS|TAMS 0x0000000703a00000, 0x0000000703a00000| Complete 
|  19|0x0000000703c00000, 0x0000000703e00000, 0x0000000703e00000|100%| E|CS|TAMS 0x0000000703c00000, 0x0000000703c00000| Complete 
|  20|0x0000000703e00000, 0x0000000704000000, 0x0000000704000000|100%| E|CS|TAMS 0x0000000703e00000, 0x0000000703e00000| Complete 
|  21|0x0000000704000000, 0x0000000704200000, 0x0000000704200000|100%| E|CS|TAMS 0x0000000704000000, 0x0000000704000000| Complete 
|  22|0x0000000704200000, 0x0000000704400000, 0x0000000704400000|100%| E|CS|TAMS 0x0000000704200000, 0x0000000704200000| Complete 
|  23|0x0000000704400000, 0x0000000704600000, 0x0000000704600000|100%| E|CS|TAMS 0x0000000704400000, 0x0000000704400000| Complete 
|  24|0x0000000704600000, 0x0000000704800000, 0x0000000704800000|100%| E|CS|TAMS 0x0000000704600000, 0x0000000704600000| Complete 
|  25|0x0000000704800000, 0x0000000704a00000, 0x0000000704a00000|100%| E|CS|TAMS 0x0000000704800000, 0x0000000704800000| Complete 
| 119|0x0000000710400000, 0x0000000710600000, 0x0000000710600000|100%| E|CS|TAMS 0x0000000710400000, 0x0000000710400000| Complete 
| 120|0x0000000710600000, 0x0000000710800000, 0x0000000710800000|100%| E|CS|TAMS 0x0000000710600000, 0x0000000710600000| Complete 
| 121|0x0000000710800000, 0x0000000710a00000, 0x0000000710a00000|100%| E|CS|TAMS 0x0000000710800000, 0x0000000710800000| Complete 
| 127|0x0000000711400000, 0x0000000711600000, 0x0000000711600000|100%| E|CS|TAMS 0x0000000711400000, 0x0000000711400000| Complete 

Card table byte_map: [0x000002a462cb0000,0x000002a4634b0000] _byte_map_base: 0x000002a45f4a5000

Marking Bits (Prev, Next): (CMBitMap*) 0x000002a44bd8e350, (CMBitMap*) 0x000002a44bd8e310
 Prev Bits: [0x000002a467c60000, 0x000002a46bc08000)
 Next Bits: [0x000002a463cb0000, 0x000002a467c58000)

Polling page: 0x000002a449c00000

Metaspace:

Usage:
  Non-class:     24.20 MB used.
      Class:      3.75 MB used.
       Both:     27.95 MB used.

Virtual space:
  Non-class space:       32.00 MB reserved,      24.44 MB ( 76%) committed,  4 nodes.
      Class space:        1.00 GB reserved,       3.94 MB ( <1%) committed,  1 nodes.
              Both:        1.03 GB reserved,      28.38 MB (  3%) committed. 

Chunk freelists:
   Non-Class:  2.86 MB
       Class:  3.94 MB
        Both:  6.80 MB

MaxMetaspaceSize: 17179869184.00 GB
CompressedClassSpaceSize: 1.00 GB
 - commit_granule_bytes: 65536.
 - commit_granule_words: 8192.
 - virtual_space_node_default_size: 1048576.
 - enlarge_chunks_in_place: 1.
 - new_chunks_are_fully_committed: 0.
 - uncommit_free_chunks: 1.
 - use_allocation_guard: 0.
 - handle_deallocations: 1.


Internal statistics:

num_allocs_failed_limit: 3.
num_arena_births: 490.
num_arena_deaths: 0.
num_vsnodes_births: 5.
num_vsnodes_deaths: 0.
num_space_committed: 454.
num_space_uncommitted: 0.
num_chunks_returned_to_freelist: 3.
num_chunks_taken_from_freelist: 1326.
num_chunk_merges: 3.
num_chunk_splits: 866.
num_chunks_enlarged: 604.
num_purges: 0.

CodeHeap 'non-profiled nmethods': size=120000Kb used=1933Kb max_used=1933Kb free=118066Kb
 bounds [0x000002a45af80000, 0x000002a45b1f0000, 0x000002a4624b0000]
CodeHeap 'profiled nmethods': size=120000Kb used=8263Kb max_used=8263Kb free=111736Kb
 bounds [0x000002a453a50000, 0x000002a454270000, 0x000002a45af80000]
CodeHeap 'non-nmethods': size=5760Kb used=1562Kb max_used=1585Kb free=4197Kb
 bounds [0x000002a4534b0000, 0x000002a453720000, 0x000002a453a50000]
 total_blobs=5232 nmethods=4283 adapters=860
 compilation: enabled
              stopped_count=0, restarted_count=0
 full_count=0

Compilation events (20 events):
Event: 11.399 Thread 0x000002a46e0efb40 nmethod 4181 0x000002a45422a490 code [0x000002a45422a640, 0x000002a45422a938]
Event: 11.400 Thread 0x000002a46e0efb40 4182 %     3       com.sun.crypto.provider.GHASH::processBlocks @ 3 (26 bytes)
Event: 11.400 Thread 0x000002a46e0efb40 nmethod 4182% 0x000002a45422aa10 code [0x000002a45422abc0, 0x000002a45422ae48]
Event: 11.401 Thread 0x000002a46e0efb40 4183       3       java.io.File::exists (34 bytes)
Event: 11.401 Thread 0x000002a46e0efb40 nmethod 4183 0x000002a45422af10 code [0x000002a45422b100, 0x000002a45422b648]
Event: 11.402 Thread 0x000002a46e0efb40 4184       3       sun.nio.ch.Util$BufferCache::next (8 bytes)
Event: 11.402 Thread 0x000002a46e0efb40 nmethod 4184 0x000002a45422b810 code [0x000002a45422b9a0, 0x000002a45422bad8]
Event: 11.402 Thread 0x000002a46e0efb40 4185       3       sun.nio.ch.Util::isBufferTooLarge (8 bytes)
Event: 11.402 Thread 0x000002a46e0efb40 nmethod 4185 0x000002a45422bb90 code [0x000002a45422bd40, 0x000002a45422bf18]
Event: 11.403 Thread 0x000002a46e0efb40 4186       3       sun.nio.ch.SocketDispatcher::read (8 bytes)
Event: 11.403 Thread 0x000002a46e0efb40 nmethod 4186 0x000002a45422c010 code [0x000002a45422c1c0, 0x000002a45422c308]
Event: 11.403 Thread 0x000002a46e0efb40 4187       3       sun.nio.ch.Util$BufferCache::get (164 bytes)
Event: 11.404 Thread 0x000002a46e0efb40 nmethod 4187 0x000002a45422c390 code [0x000002a45422c5c0, 0x000002a45422d038]
Event: 11.404 Thread 0x000002a46e0efb40 4189       3       sun.nio.ch.Util::offerFirstTemporaryDirectBuffer (53 bytes)
Event: 11.405 Thread 0x000002a46e0efb40 nmethod 4189 0x000002a45422d390 code [0x000002a45422d5e0, 0x000002a45422dff8]
Event: 11.405 Thread 0x000002a46e0efb40 4190       3       sun.nio.ch.Util$BufferCache::offerFirst (73 bytes)
Event: 11.405 Thread 0x000002a46e0efb40 nmethod 4190 0x000002a45422e310 code [0x000002a45422e4c0, 0x000002a45422e858]
Event: 11.406 Thread 0x000002a470753120 nmethod 4013 0x000002a45b15fd10 code [0x000002a45b15fee0, 0x000002a45b1605f8]
Event: 11.406 Thread 0x000002a470753120 4029       4       java.lang.String::endsWith (15 bytes)
Event: 11.407 Thread 0x000002a46e0efb40 4191       3       com.sun.crypto.provider.GHASH::ghashRangeCheck (215 bytes)

GC Heap History (10 events):
Event: 0.384 GC heap before
{Heap before GC invocations=0 (full 0):
 garbage-first heap   total 262144K, used 10240K [0x0000000701600000, 0x0000000800000000)
  region size 2048K, 6 young (12288K), 0 survivors (0K)
 Metaspace       used 978K, committed 1152K, reserved 1056768K
  class space    used 69K, committed 192K, reserved 1048576K
}
Event: 0.391 GC heap after
{Heap after GC invocations=1 (full 0):
 garbage-first heap   total 262144K, used 1111K [0x0000000701600000, 0x0000000800000000)
  region size 2048K, 1 young (2048K), 1 survivors (2048K)
 Metaspace       used 978K, committed 1152K, reserved 1056768K
  class space    used 69K, committed 192K, reserved 1048576K
}
Event: 1.401 GC heap before
{Heap before GC invocations=1 (full 0):
 garbage-first heap   total 262144K, used 19543K [0x0000000701600000, 0x0000000800000000)
  region size 2048K, 11 young (22528K), 1 survivors (2048K)
 Metaspace       used 7650K, committed 7872K, reserved 1056768K
  class space    used 938K, committed 1024K, reserved 1048576K
}
Event: 1.407 GC heap after
{Heap after GC invocations=2 (full 0):
 garbage-first heap   total 262144K, used 4273K [0x0000000701600000, 0x0000000800000000)
  region size 2048K, 2 young (4096K), 2 survivors (4096K)
 Metaspace       used 7650K, committed 7872K, reserved 1056768K
  class space    used 938K, committed 1024K, reserved 1048576K
}
Event: 2.686 GC heap before
{Heap before GC invocations=2 (full 0):
 garbage-first heap   total 262144K, used 43185K [0x0000000701600000, 0x0000000800000000)
  region size 2048K, 19 young (38912K), 2 survivors (4096K)
 Metaspace       used 15807K, committed 16064K, reserved 1064960K
  class space    used 2372K, committed 2496K, reserved 1048576K
}
Event: 2.697 GC heap after
{Heap after GC invocations=3 (full 0):
 garbage-first heap   total 262144K, used 10154K [0x0000000701600000, 0x0000000800000000)
  region size 2048K, 3 young (6144K), 3 survivors (6144K)
 Metaspace       used 15807K, committed 16064K, reserved 1064960K
  class space    used 2372K, committed 2496K, reserved 1048576K
}
Event: 6.360 GC heap before
{Heap before GC invocations=3 (full 0):
 garbage-first heap   total 262144K, used 22442K [0x0000000701600000, 0x0000000800000000)
  region size 2048K, 9 young (18432K), 3 survivors (6144K)
 Metaspace       used 20997K, committed 21248K, reserved 1073152K
  class space    used 2911K, committed 3072K, reserved 1048576K
}
Event: 6.369 GC heap after
{Heap after GC invocations=4 (full 0):
 garbage-first heap   total 262144K, used 14606K [0x0000000701600000, 0x0000000800000000)
  region size 2048K, 3 young (6144K), 3 survivors (6144K)
 Metaspace       used 20997K, committed 21248K, reserved 1073152K
  class space    used 2911K, committed 3072K, reserved 1048576K
}
Event: 11.127 GC heap before
{Heap before GC invocations=5 (full 0):
 garbage-first heap   total 61440K, used 43278K [0x0000000701600000, 0x0000000800000000)
  region size 2048K, 18 young (36864K), 3 survivors (6144K)
 Metaspace       used 27732K, committed 28096K, reserved 1073152K
  class space    used 3735K, committed 3904K, reserved 1048576K
}
Event: 11.137 GC heap after
{Heap after GC invocations=6 (full 0):
 garbage-first heap   total 61440K, used 17961K [0x0000000701600000, 0x0000000800000000)
  region size 2048K, 3 young (6144K), 3 survivors (6144K)
 Metaspace       used 27732K, committed 28096K, reserved 1073152K
  class space    used 3735K, committed 3904K, reserved 1048576K
}

Deoptimization events (20 events):
Event: 11.327 Thread 0x000002a476401070 Uncommon trap: trap_request=0xffffffde fr.pc=0x000002a45b157324 relative=0x0000000000000304
Event: 11.327 Thread 0x000002a476401070 Uncommon trap: reason=class_check action=maybe_recompile pc=0x000002a45b157324 method=java.util.HashMap.putVal(ILjava/lang/Object;Ljava/lang/Object;ZZ)Ljava/lang/Object; @ 253 c2
Event: 11.330 Thread 0x000002a476401070 DEOPT PACKING pc=0x000002a45b157324 sp=0x000000a7eadfe150
Event: 11.330 Thread 0x000002a476401070 DEOPT UNPACKING pc=0x000002a4534fd72e sp=0x000000a7eadfe0f0 mode 2
Event: 11.343 Thread 0x000002a476406020 Uncommon trap: trap_request=0xffffffc6 fr.pc=0x000002a45b159960 relative=0x00000000000000a0
Event: 11.343 Thread 0x000002a476406020 Uncommon trap: reason=bimorphic_or_optimized_type_check action=maybe_recompile pc=0x000002a45b159960 method=sun.security.util.math.intpoly.IntegerPolynomial$MutableElement.setSquare()Lsun/security/util/math/intpoly/IntegerPolynomial$MutableElement; @ 12 c
Event: 11.343 Thread 0x000002a476406020 DEOPT PACKING pc=0x000002a45b159960 sp=0x000000a7eaefe240
Event: 11.343 Thread 0x000002a476406020 DEOPT UNPACKING pc=0x000002a4534fd72e sp=0x000000a7eaefe170 mode 2
Event: 11.343 Thread 0x000002a476406020 Uncommon trap: trap_request=0xffffffc6 fr.pc=0x000002a45b159960 relative=0x00000000000000a0
Event: 11.343 Thread 0x000002a476406020 Uncommon trap: reason=bimorphic_or_optimized_type_check action=maybe_recompile pc=0x000002a45b159960 method=sun.security.util.math.intpoly.IntegerPolynomial$MutableElement.setSquare()Lsun/security/util/math/intpoly/IntegerPolynomial$MutableElement; @ 12 c
Event: 11.343 Thread 0x000002a476406020 DEOPT PACKING pc=0x000002a45b159960 sp=0x000000a7eaefe240
Event: 11.343 Thread 0x000002a476406020 DEOPT UNPACKING pc=0x000002a4534fd72e sp=0x000000a7eaefe170 mode 2
Event: 11.343 Thread 0x000002a476406020 Uncommon trap: trap_request=0xffffffc6 fr.pc=0x000002a45b159960 relative=0x00000000000000a0
Event: 11.343 Thread 0x000002a476406020 Uncommon trap: reason=bimorphic_or_optimized_type_check action=maybe_recompile pc=0x000002a45b159960 method=sun.security.util.math.intpoly.IntegerPolynomial$MutableElement.setSquare()Lsun/security/util/math/intpoly/IntegerPolynomial$MutableElement; @ 12 c
Event: 11.343 Thread 0x000002a476406020 DEOPT PACKING pc=0x000002a45b159960 sp=0x000000a7eaefe240
Event: 11.343 Thread 0x000002a476406020 DEOPT UNPACKING pc=0x000002a4534fd72e sp=0x000000a7eaefe170 mode 2
Event: 11.343 Thread 0x000002a476406020 Uncommon trap: trap_request=0xffffffc6 fr.pc=0x000002a45b159960 relative=0x00000000000000a0
Event: 11.343 Thread 0x000002a476406020 Uncommon trap: reason=bimorphic_or_optimized_type_check action=maybe_recompile pc=0x000002a45b159960 method=sun.security.util.math.intpoly.IntegerPolynomial$MutableElement.setSquare()Lsun/security/util/math/intpoly/IntegerPolynomial$MutableElement; @ 12 c
Event: 11.343 Thread 0x000002a476406020 DEOPT PACKING pc=0x000002a45b159960 sp=0x000000a7eaefe240
Event: 11.343 Thread 0x000002a476406020 DEOPT UNPACKING pc=0x000002a4534fd72e sp=0x000000a7eaefe170 mode 2

Classes unloaded (0 events):
No events

Classes redefined (0 events):
No events

Internal exceptions (20 events):
Event: 6.337 Thread 0x000002a46f7dd220 Exception <a 'sun/nio/fs/WindowsException'{0x0000000710b595c0}> (0x0000000710b595c0) 
thrown [t:\workspace\open\src\hotspot\share\prims\jni.cpp, line 579]
Event: 6.384 Thread 0x000002a46f7dd220 Exception <a 'java/lang/NoSuchMethodError'{0x0000000711452740}: 'java.lang.Object java.lang.invoke.DirectMethodHandle$Holder.invokeSpecial(java.lang.Object, java.lang.Object, java.lang.Object, java.lang.Object, int)'> (0x0000000711452740) 
thrown [t:\workspace\open\src\hotspot\share\interpreter\linkResolver.cpp, line 790]
Event: 6.384 Thread 0x000002a46f7dd220 Exception <a 'java/lang/NoSuchMethodError'{0x0000000711456a50}: 'java.lang.Object java.lang.invoke.Invokers$Holder.linkToTargetMethod(java.lang.Object, java.lang.Object, int, java.lang.Object)'> (0x0000000711456a50) 
thrown [t:\workspace\open\src\hotspot\share\interpreter\linkResolver.cpp, line 790]
Event: 6.677 Thread 0x000002a476402060 Exception <a 'java/lang/NoSuchMethodError'{0x00000007115ed4a0}: 'void java.lang.invoke.DirectMethodHandle$Holder.invokeStatic(java.lang.Object, java.lang.Object, int)'> (0x00000007115ed4a0) 
thrown [t:\workspace\open\src\hotspot\share\interpreter\linkResolver.cpp, line 790]
Event: 6.689 Thread 0x000002a4764025b0 Exception <a 'java/lang/NoSuchMethodError'{0x0000000704802838}: 'void java.lang.invoke.DirectMethodHandle$Holder.invokeInterface(java.lang.Object, java.lang.Object, java.lang.Object)'> (0x0000000704802838) 
thrown [t:\workspace\open\src\hotspot\share\interpreter\linkResolver.cpp, line 790]
Event: 6.695 Thread 0x000002a4764025b0 Exception <a 'java/lang/NoSuchMethodError'{0x000000070480d6d0}: 'int java.lang.invoke.DirectMethodHandle$Holder.invokeStaticInit(java.lang.Object, int, int)'> (0x000000070480d6d0) 
thrown [t:\workspace\open\src\hotspot\share\interpreter\linkResolver.cpp, line 790]
Event: 6.911 Thread 0x000002a4764025b0 Exception <a 'java/lang/NoSuchMethodError'{0x00000007049d9940}: 'void java.lang.invoke.DirectMethodHandle$Holder.invokeInterface(java.lang.Object, java.lang.Object)'> (0x00000007049d9940) 
thrown [t:\workspace\open\src\hotspot\share\interpreter\linkResolver.cpp, line 790]
Event: 7.692 Thread 0x000002a4764025b0 Exception <a 'java/lang/NoSuchMethodError'{0x00000007044e2ca8}: 'java.lang.Object java.lang.invoke.DirectMethodHandle$Holder.newInvokeSpecial(java.lang.Object, java.lang.Object, long, java.lang.Object, java.lang.Object, java.lang.Object)'> (0x00000007044e2ca8) 
thrown [t:\workspace\open\src\hotspot\share\interpreter\linkResolver.cpp, line 790]
Event: 7.695 Thread 0x000002a4764025b0 Exception <a 'java/lang/NoSuchMethodError'{0x00000007044fcb00}: 'void java.lang.invoke.DirectMethodHandle$Holder.invokeSpecial(java.lang.Object, java.lang.Object, java.lang.Object, java.lang.Object, java.lang.Object, java.lang.Object, java.lang.Object)'> (0x00000007044fcb00) 
thrown [t:\workspace\open\src\hotspot\share\interpreter\linkResolver.cpp, line 790]
Event: 7.996 Thread 0x000002a46f5a7000 Exception <a 'java/lang/NoSuchMethodError'{0x000000070418bf38}: 'java.lang.Object java.lang.invoke.DirectMethodHandle$Holder.invokeStaticInit(java.lang.Object, int)'> (0x000000070418bf38) 
thrown [t:\workspace\open\src\hotspot\share\interpreter\linkResolver.cpp, line 790]
Event: 10.346 Thread 0x000002a46f7dd220 Exception <a 'sun/nio/fs/WindowsException'{0x0000000703affed0}> (0x0000000703affed0) 
thrown [t:\workspace\open\src\hotspot\share\prims\jni.cpp, line 579]
Event: 10.350 Thread 0x000002a46f7dd220 Exception <a 'sun/nio/fs/WindowsException'{0x0000000703b01720}> (0x0000000703b01720) 
thrown [t:\workspace\open\src\hotspot\share\prims\jni.cpp, line 579]
Event: 10.357 Thread 0x000002a46f7dd220 Exception <a 'java/lang/NoSuchMethodError'{0x0000000703b26470}: 'java.lang.Object java.lang.invoke.DirectMethodHandle$Holder.invokeSpecial(java.lang.Object, java.lang.Object, long, java.lang.Object)'> (0x0000000703b26470) 
thrown [t:\workspace\open\src\hotspot\share\interpreter\linkResolver.cpp, line 790]
Event: 10.362 Thread 0x000002a46f7dd220 Exception <a 'java/lang/NoSuchMethodError'{0x0000000703b78aa8}: 'java.lang.Object java.lang.invoke.DirectMethodHandle$Holder.invokeSpecial(java.lang.Object, java.lang.Object, long, long, int, java.lang.Object, java.lang.Object, java.lang.Object, int)'> (0x0000000703b78aa8) 
thrown [t:\workspace\open\src\hotspot\share\interpreter\linkResolver.cpp, line 790]
Event: 10.363 Thread 0x000002a46f7dd220 Exception <a 'java/lang/NoSuchMethodError'{0x0000000703b7ccc0}: 'java.lang.Object java.lang.invoke.DelegatingMethodHandle$Holder.reinvoke_L(java.lang.Object, long, long, int, java.lang.Object, java.lang.Object, java.lang.Object, int)'> (0x0000000703b7ccc0) 
thrown [t:\workspace\open\src\hotspot\share\interpreter\linkResolver.cpp, line 790]
Event: 10.393 Thread 0x000002a46f7dd220 Exception <a 'java/lang/NoSuchMethodError'{0x0000000703882e80}: 'java.lang.Object java.lang.invoke.DirectMethodHandle$Holder.invokeSpecial(java.lang.Object, java.lang.Object, int, int, int, int)'> (0x0000000703882e80) 
thrown [t:\workspace\open\src\hotspot\share\interpreter\linkResolver.cpp, line 790]
Event: 11.181 Thread 0x000002a46f7dd220 Exception <a 'java/lang/NoSuchMethodError'{0x00000007109634f0}: 'java.lang.Object java.lang.invoke.DirectMethodHandle$Holder.invokeSpecial(java.lang.Object, java.lang.Object, long, long, int, int, java.lang.Object, java.lang.Object, int)'> (0x00000007109634f0) 
thrown [t:\workspace\open\src\hotspot\share\interpreter\linkResolver.cpp, line 790]
Event: 11.182 Thread 0x000002a46f7dd220 Exception <a 'java/lang/NoSuchMethodError'{0x00000007109673b8}: 'java.lang.Object java.lang.invoke.DelegatingMethodHandle$Holder.reinvoke_L(java.lang.Object, long, long, int, int, java.lang.Object, java.lang.Object, int)'> (0x00000007109673b8) 
thrown [t:\workspace\open\src\hotspot\share\interpreter\linkResolver.cpp, line 790]
Event: 11.272 Thread 0x000002a476402b00 Exception <a 'sun/nio/fs/WindowsException'{0x00000007046eacb0}> (0x00000007046eacb0) 
thrown [t:\workspace\open\src\hotspot\share\prims\jni.cpp, line 579]
Event: 11.407 Thread 0x000002a46f7dd220 Exception <a 'java/lang/UnsatisfiedLinkError'{0x000000070409a070}> (0x000000070409a070) 
thrown [t:\workspace\open\src\hotspot\share\oops\instanceKlass.cpp, line 1208]

Events (20 events):
Event: 11.323 loading class sun/security/provider/certpath/OCSP$RevocationStatus$CertStatus done
Event: 11.326 loading class com/sun/crypto/provider/HmacCore$HmacSHA384
Event: 11.329 loading class com/sun/crypto/provider/HmacCore$HmacSHA384 done
Event: 11.337 loading class sun/security/ssl/CertificateVerify$T13CertificateVerifyMessage
Event: 11.337 loading class sun/security/ssl/CertificateVerify$T13CertificateVerifyMessage done
Event: 11.349 Executing  VM operation: HandshakeAllThreads
Event: 11.360 loading class sun/security/ssl/SSLBasicKeyDerivation
Event: 11.360 loading class sun/security/ssl/SSLBasicKeyDerivation done
Event: 11.360 loading class sun/security/ssl/SSLBasicKeyDerivation$SecretSizeSpec
Event: 11.360 loading class sun/security/ssl/SSLBasicKeyDerivation$SecretSizeSpec done
Event: 11.363 Thread 0x000002a46f63fc80 Thread added: 0x000002a46f63fc80
Event: 11.369 Thread 0x000002a46f645c20 Thread added: 0x000002a46f645c20
Event: 11.370 Thread 0x000002a46f645180 Thread added: 0x000002a46f645180
Event: 11.373 loading class sun/security/ssl/NewSessionTicket$T13NewSessionTicketMessage
Event: 11.373 loading class sun/security/ssl/NewSessionTicket$T13NewSessionTicketMessage done
Event: 11.379 Thread 0x000002a46f6456d0 Thread added: 0x000002a46f6456d0
Event: 11.407 loading class java/lang/Throwable$WrappedPrintStream
Event: 11.407 loading class java/lang/Throwable$PrintStreamOrWriter
Event: 11.407 loading class java/lang/Throwable$PrintStreamOrWriter done
Event: 11.407 loading class java/lang/Throwable$WrappedPrintStream done


Dynamic libraries:
0x00007ff751210000 - 0x00007ff751220000 	C:\Program Files\Java\jdk-16\bin\java.exe
0x00007ff990210000 - 0x00007ff990405000 	C:\WINDOWS\SYSTEM32\ntdll.dll
0x00007ff98e270000 - 0x00007ff98e32e000 	C:\WINDOWS\System32\KERNEL32.DLL
0x00007ff98de30000 - 0x00007ff98e0f8000 	C:\WINDOWS\System32\KERNELBASE.dll
0x00007ff98db40000 - 0x00007ff98dc40000 	C:\WINDOWS\System32\ucrtbase.dll
0x00007ff985c00000 - 0x00007ff985c19000 	C:\Program Files\Java\jdk-16\bin\VCRUNTIME140.dll
0x00007ff988510000 - 0x00007ff988528000 	C:\Program Files\Java\jdk-16\bin\jli.dll
0x00007ff98ea60000 - 0x00007ff98eb0c000 	C:\WINDOWS\System32\ADVAPI32.dll
0x00007ff98e920000 - 0x00007ff98e9be000 	C:\WINDOWS\System32\msvcrt.dll
0x00007ff98f0f0000 - 0x00007ff98f18b000 	C:\WINDOWS\System32\sechost.dll
0x00007ff98ef50000 - 0x00007ff98f07a000 	C:\WINDOWS\System32\RPCRT4.dll
0x00007ff98eda0000 - 0x00007ff98ef41000 	C:\WINDOWS\System32\USER32.dll
0x00007ff98db10000 - 0x00007ff98db32000 	C:\WINDOWS\System32\win32u.dll
0x00007ff98f690000 - 0x00007ff98f6bb000 	C:\WINDOWS\System32\GDI32.dll
0x00007ff98dc40000 - 0x00007ff98dd4d000 	C:\WINDOWS\System32\gdi32full.dll
0x00007ff98e100000 - 0x00007ff98e19d000 	C:\WINDOWS\System32\msvcp_win.dll
0x00007ff97d1f0000 - 0x00007ff97d48a000 	C:\WINDOWS\WinSxS\amd64_microsoft.windows.common-controls_6595b64144ccf1df_6.0.19041.1110_none_60b5254171f9507e\COMCTL32.dll
0x00007ff9807b0000 - 0x00007ff9807ba000 	C:\WINDOWS\SYSTEM32\VERSION.dll
0x00007ff98f220000 - 0x00007ff98f250000 	C:\WINDOWS\System32\IMM32.DLL
0x00007ff9896a0000 - 0x00007ff9896ac000 	C:\Program Files\Java\jdk-16\bin\vcruntime140_1.dll
0x00007ff97f370000 - 0x00007ff97f401000 	C:\Program Files\Java\jdk-16\bin\msvcp140.dll
0x00007ff92d300000 - 0x00007ff92deab000 	C:\Program Files\Java\jdk-16\bin\server\jvm.dll
0x00007ff98ea50000 - 0x00007ff98ea58000 	C:\WINDOWS\System32\PSAPI.DLL
0x00007ff987df0000 - 0x00007ff987df9000 	C:\WINDOWS\SYSTEM32\WSOCK32.dll
0x00007ff98f080000 - 0x00007ff98f0eb000 	C:\WINDOWS\System32\WS2_32.dll
0x00007ff97d490000 - 0x00007ff97d4b7000 	C:\WINDOWS\SYSTEM32\WINMM.dll
0x00007ff98b7d0000 - 0x00007ff98b7e2000 	C:\WINDOWS\SYSTEM32\kernel.appcore.dll
0x00007ff987890000 - 0x00007ff98789a000 	C:\Program Files\Java\jdk-16\bin\jimage.dll
0x00007ff979d20000 - 0x00007ff979f04000 	C:\WINDOWS\SYSTEM32\DBGHELP.DLL
0x00007ff979980000 - 0x00007ff9799ac000 	C:\WINDOWS\SYSTEM32\dbgcore.DLL
0x00007ff98d920000 - 0x00007ff98d9a3000 	C:\WINDOWS\System32\bcryptPrimitives.dll
0x00007ff97e2c0000 - 0x00007ff97e2ce000 	C:\Program Files\Java\jdk-16\bin\instrument.dll
0x00007ff97dd10000 - 0x00007ff97dd35000 	C:\Program Files\Java\jdk-16\bin\java.dll
0x00007ff98f6c0000 - 0x00007ff98fe04000 	C:\WINDOWS\System32\SHELL32.dll
0x00007ff98b9d0000 - 0x00007ff98c164000 	C:\WINDOWS\SYSTEM32\windows.storage.dll
0x00007ff98f260000 - 0x00007ff98f5b5000 	C:\WINDOWS\System32\combase.dll
0x00007ff98d290000 - 0x00007ff98d2be000 	C:\WINDOWS\SYSTEM32\Wldp.dll
0x00007ff98e870000 - 0x00007ff98e91d000 	C:\WINDOWS\System32\SHCORE.dll
0x00007ff98fec0000 - 0x00007ff98ff15000 	C:\WINDOWS\System32\shlwapi.dll
0x00007ff98d860000 - 0x00007ff98d87f000 	C:\WINDOWS\SYSTEM32\profapi.dll
0x00007ff985be0000 - 0x00007ff985bf9000 	C:\Program Files\Java\jdk-16\bin\net.dll
0x00007ff982a40000 - 0x00007ff982b4c000 	C:\WINDOWS\SYSTEM32\WINHTTP.dll
0x00007ff98d070000 - 0x00007ff98d0da000 	C:\WINDOWS\system32\mswsock.dll
0x00007ff97dcf0000 - 0x00007ff97dd03000 	C:\Program Files\Java\jdk-16\bin\nio.dll
0x00007ff95ebc0000 - 0x00007ff95ebd8000 	C:\Program Files\Java\jdk-16\bin\zip.dll
0x00007ff97ddb0000 - 0x00007ff97ddca000 	C:\Users\yurik\AppData\Local\JetBrains\Toolbox\apps\IDEA-C\ch-0\212.5457.46\bin\breakgen64.dll
0x000002a449c60000 - 0x000002a449c63000 	C:\Users\yurik\.openjfx\cache\16\api-ms-win-core-console-l1-1-0.dll
0x000002a449c70000 - 0x000002a449c73000 	C:\Users\yurik\.openjfx\cache\16\api-ms-win-core-console-l1-2-0.dll
0x000002a44bca0000 - 0x000002a44bca3000 	C:\Users\yurik\.openjfx\cache\16\api-ms-win-core-datetime-l1-1-0.dll
0x000002a44bcb0000 - 0x000002a44bcb3000 	C:\Users\yurik\.openjfx\cache\16\api-ms-win-core-debug-l1-1-0.dll
0x000002a44bcc0000 - 0x000002a44bcc3000 	C:\Users\yurik\.openjfx\cache\16\api-ms-win-core-errorhandling-l1-1-0.dll
0x000002a44bcd0000 - 0x000002a44bcd4000 	C:\Users\yurik\.openjfx\cache\16\api-ms-win-core-file-l1-1-0.dll
0x000002a44bce0000 - 0x000002a44bce3000 	C:\Users\yurik\.openjfx\cache\16\api-ms-win-core-file-l1-2-0.dll
0x000002a44bcf0000 - 0x000002a44bcf3000 	C:\Users\yurik\.openjfx\cache\16\api-ms-win-core-file-l2-1-0.dll
0x000002a44bd00000 - 0x000002a44bd03000 	C:\Users\yurik\.openjfx\cache\16\api-ms-win-core-handle-l1-1-0.dll
0x000002a44bd10000 - 0x000002a44bd13000 	C:\Users\yurik\.openjfx\cache\16\api-ms-win-core-heap-l1-1-0.dll
0x000002a46e380000 - 0x000002a46e383000 	C:\Users\yurik\.openjfx\cache\16\api-ms-win-core-interlocked-l1-1-0.dll
0x000002a46e390000 - 0x000002a46e393000 	C:\Users\yurik\.openjfx\cache\16\api-ms-win-core-libraryloader-l1-1-0.dll
0x000002a46e3a0000 - 0x000002a46e3a3000 	C:\Users\yurik\.openjfx\cache\16\api-ms-win-core-localization-l1-2-0.dll
0x000002a46e3b0000 - 0x000002a46e3b3000 	C:\Users\yurik\.openjfx\cache\16\api-ms-win-core-memory-l1-1-0.dll
0x000002a46e3c0000 - 0x000002a46e3c3000 	C:\Users\yurik\.openjfx\cache\16\api-ms-win-core-namedpipe-l1-1-0.dll
0x000002a46e3d0000 - 0x000002a46e3d3000 	C:\Users\yurik\.openjfx\cache\16\api-ms-win-core-processenvironment-l1-1-0.dll
0x000002a46e3e0000 - 0x000002a46e3e3000 	C:\Users\yurik\.openjfx\cache\16\api-ms-win-core-processthreads-l1-1-0.dll
0x000002a46e3f0000 - 0x000002a46e3f3000 	C:\Users\yurik\.openjfx\cache\16\api-ms-win-core-processthreads-l1-1-1.dll
0x000002a470930000 - 0x000002a470933000 	C:\Users\yurik\.openjfx\cache\16\api-ms-win-core-profile-l1-1-0.dll
0x000002a470940000 - 0x000002a470943000 	C:\Users\yurik\.openjfx\cache\16\api-ms-win-core-rtlsupport-l1-1-0.dll
0x000002a470950000 - 0x000002a470953000 	C:\Users\yurik\.openjfx\cache\16\api-ms-win-core-string-l1-1-0.dll
0x000002a470960000 - 0x000002a470963000 	C:\Users\yurik\.openjfx\cache\16\api-ms-win-core-synch-l1-1-0.dll
0x000002a470970000 - 0x000002a470973000 	C:\Users\yurik\.openjfx\cache\16\api-ms-win-core-synch-l1-2-0.dll
0x000002a470980000 - 0x000002a470983000 	C:\Users\yurik\.openjfx\cache\16\api-ms-win-core-sysinfo-l1-1-0.dll
0x000002a470990000 - 0x000002a470993000 	C:\Users\yurik\.openjfx\cache\16\api-ms-win-core-timezone-l1-1-0.dll
0x000002a46e240000 - 0x000002a46e243000 	C:\Users\yurik\.openjfx\cache\16\api-ms-win-core-util-l1-1-0.dll
0x000002a46e250000 - 0x000002a46e253000 	C:\Users\yurik\.openjfx\cache\16\api-ms-win-crt-conio-l1-1-0.dll
0x000002a46e260000 - 0x000002a46e264000 	C:\Users\yurik\.openjfx\cache\16\api-ms-win-crt-convert-l1-1-0.dll
0x000002a46e270000 - 0x000002a46e273000 	C:\Users\yurik\.openjfx\cache\16\api-ms-win-crt-environment-l1-1-0.dll
0x000002a46e280000 - 0x000002a46e283000 	C:\Users\yurik\.openjfx\cache\16\api-ms-win-crt-filesystem-l1-1-0.dll
0x000002a46e290000 - 0x000002a46e293000 	C:\Users\yurik\.openjfx\cache\16\api-ms-win-crt-heap-l1-1-0.dll
0x000002a46e2a0000 - 0x000002a46e2a3000 	C:\Users\yurik\.openjfx\cache\16\api-ms-win-crt-locale-l1-1-0.dll
0x000002a46e2b0000 - 0x000002a46e2b5000 	C:\Users\yurik\.openjfx\cache\16\api-ms-win-crt-math-l1-1-0.dll
0x000002a46e2c0000 - 0x000002a46e2c5000 	C:\Users\yurik\.openjfx\cache\16\api-ms-win-crt-multibyte-l1-1-0.dll
0x000002a46e2d0000 - 0x000002a46e2e0000 	C:\Users\yurik\.openjfx\cache\16\api-ms-win-crt-private-l1-1-0.dll
0x000002a46e2e0000 - 0x000002a46e2e3000 	C:\Users\yurik\.openjfx\cache\16\api-ms-win-crt-process-l1-1-0.dll
0x000002a46e2f0000 - 0x000002a46e2f4000 	C:\Users\yurik\.openjfx\cache\16\api-ms-win-crt-runtime-l1-1-0.dll
0x000002a46e300000 - 0x000002a46e304000 	C:\Users\yurik\.openjfx\cache\16\api-ms-win-crt-stdio-l1-1-0.dll
0x000002a46e310000 - 0x000002a46e314000 	C:\Users\yurik\.openjfx\cache\16\api-ms-win-crt-string-l1-1-0.dll
0x000002a46e320000 - 0x000002a46e323000 	C:\Users\yurik\.openjfx\cache\16\api-ms-win-crt-time-l1-1-0.dll
0x000002a46e330000 - 0x000002a46e333000 	C:\Users\yurik\.openjfx\cache\16\api-ms-win-crt-utility-l1-1-0.dll
0x00007ff95ba40000 - 0x00007ff95bb3c000 	C:\Users\yurik\.openjfx\cache\16\ucrtbase.dll
0x00007ff97dd90000 - 0x00007ff97dda9000 	C:\Users\yurik\.openjfx\cache\16\vcruntime140.dll
0x00007ff97dd80000 - 0x00007ff97dd8c000 	C:\Users\yurik\.openjfx\cache\16\vcruntime140_1.dll
0x00007ff947d70000 - 0x00007ff947e01000 	C:\Users\yurik\.openjfx\cache\16\msvcp140.dll
0x00007ff97dcc0000 - 0x00007ff97dce7000 	C:\Users\yurik\.openjfx\cache\16\prism_d3d.dll
0x00007ff92deb0000 - 0x00007ff92e080000 	C:\WINDOWS\system32\d3d9.dll
0x00007ff98b4e0000 - 0x00007ff98b50f000 	C:\WINDOWS\SYSTEM32\dwmapi.dll
0x00007ff98b250000 - 0x00007ff98b2ee000 	C:\WINDOWS\system32\uxtheme.dll
0x00007ff924d50000 - 0x00007ff92728d000 	C:\WINDOWS\SYSTEM32\igdumdim64.dll
0x00007ff98f5c0000 - 0x00007ff98f68d000 	C:\WINDOWS\System32\OLEAUT32.dll
0x00007ff98ff20000 - 0x00007ff99004a000 	C:\WINDOWS\System32\ole32.dll
0x00007ff98e3f0000 - 0x00007ff98e862000 	C:\WINDOWS\System32\SETUPAPI.dll
0x00007ff98e200000 - 0x00007ff98e24e000 	C:\WINDOWS\System32\cfgmgr32.dll
0x00007ff98de00000 - 0x00007ff98de27000 	C:\WINDOWS\System32\bcrypt.dll
0x00007ff968460000 - 0x00007ff9684a2000 	C:\Users\yurik\.openjfx\cache\16\glass.dll
0x00007ff98eb10000 - 0x00007ff98ebea000 	C:\WINDOWS\System32\COMDLG32.dll
0x00007ff9900b0000 - 0x00007ff9901c5000 	C:\WINDOWS\System32\MSCTF.dll
0x00007ff981bf0000 - 0x00007ff98262f000 	C:\WINDOWS\SYSTEM32\igdusc64.dll
0x00007ff988d70000 - 0x00007ff988dab000 	C:\WINDOWS\SYSTEM32\dxcore.dll
0x00007ff97dca0000 - 0x00007ff97dcb4000 	C:\Users\yurik\.openjfx\cache\16\javafx_font.dll
0x00007ff97fd70000 - 0x00007ff97fff3000 	C:\WINDOWS\SYSTEM32\dwrite.dll
0x00007ff98fe10000 - 0x00007ff98feb9000 	C:\WINDOWS\System32\clbcatq.dll
0x00007ff986a80000 - 0x00007ff986c34000 	C:\WINDOWS\SYSTEM32\WindowsCodecs.dll
0x00007ff97b0c0000 - 0x00007ff97b0fe000 	C:\WINDOWS\system32\dataexchange.dll
0x00007ff98a390000 - 0x00007ff98a5f4000 	C:\WINDOWS\system32\d3d11.dll
0x00007ff98a600000 - 0x00007ff98a7e5000 	C:\WINDOWS\system32\dcomp.dll
0x00007ff98c1d0000 - 0x00007ff98c2c4000 	C:\WINDOWS\system32\dxgi.dll
0x00007ff986f20000 - 0x00007ff987121000 	C:\WINDOWS\system32\twinapi.appcore.dll
0x00007ff95ba00000 - 0x00007ff95ba34000 	C:\Program Files\Common Files\Microsoft Shared\Ink\rtscom.dll
0x00007ff987af0000 - 0x00007ff987be9000 	C:\WINDOWS\SYSTEM32\textinputframework.dll
0x00007ff98ab70000 - 0x00007ff98aece000 	C:\WINDOWS\System32\CoreUIComponents.dll
0x00007ff98aed0000 - 0x00007ff98afc2000 	C:\WINDOWS\System32\CoreMessaging.dll
0x00007ff98c5d0000 - 0x00007ff98c603000 	C:\WINDOWS\SYSTEM32\ntmarta.dll
0x00007ff989810000 - 0x00007ff989964000 	C:\WINDOWS\SYSTEM32\wintypes.dll
0x00007ff97dfd0000 - 0x00007ff97dfde000 	C:\Program Files\Java\jdk-16\bin\sunmscapi.dll
0x00007ff98d9b0000 - 0x00007ff98db06000 	C:\WINDOWS\System32\CRYPT32.dll
0x00007ff98d300000 - 0x00007ff98d327000 	C:\WINDOWS\SYSTEM32\ncrypt.dll
0x00007ff98d2c0000 - 0x00007ff98d2fb000 	C:\WINDOWS\SYSTEM32\NTASN1.dll
0x00007ff98d5f0000 - 0x00007ff98d608000 	C:\WINDOWS\SYSTEM32\CRYPTSP.dll
0x00007ff98c9a0000 - 0x00007ff98c9d4000 	C:\WINDOWS\system32\rsaenh.dll
0x00007ff98d820000 - 0x00007ff98d84e000 	C:\WINDOWS\SYSTEM32\USERENV.dll

dbghelp: loaded successfully - version: 4.0.5 - missing functions: none
symbol engine: initialized successfully - sym options: 0x614 - pdb path: .;C:\Program Files\Java\jdk-16\bin;C:\WINDOWS\SYSTEM32;C:\WINDOWS\WinSxS\amd64_microsoft.windows.common-controls_6595b64144ccf1df_6.0.19041.1110_none_60b5254171f9507e;C:\Program Files\Java\jdk-16\bin\server;C:\Users\yurik\AppData\Local\JetBrains\Toolbox\apps\IDEA-C\ch-0\212.5457.46\bin;C:\Users\yurik\.openjfx\cache\16;C:\Program Files\Common Files\Microsoft Shared\Ink

VM Arguments:
jvm_args: -javaagent:C:\Users\yurik\AppData\Local\JetBrains\Toolbox\apps\IDEA-C\ch-0\212.5457.46\lib\idea_rt.jar=60261:C:\Users\yurik\AppData\Local\JetBrains\Toolbox\apps\IDEA-C\ch-0\212.5457.46\bin -Dfile.encoding=UTF-8 --module-path=C:\Program Files\Java\javafx-sdk-16\lib\javafx.base.jar;C:\Users\yurik\.m2\repository\org\openjfx\javafx-graphics\16\javafx-graphics-16-win.jar;C:\Program Files\Java\javafx-sdk-16\lib\javafx.media.jar;C:\Program Files\Java\javafx-sdk-16\lib\javafx.graphics.jar;C:\Users\yurik\.m2\repository\org\openjfx\javafx-controls\16\javafx-controls-16-win.jar;C:\Users\yurik\.m2\repository\org\openjfx\javafx-fxml\16\javafx-fxml-16-win.jar;C:\Users\yurik\.m2\repository\org\openjfx\javafx-web\11.0.2\javafx-web-11.0.2-win.jar;C:\Users\yurik\.m2\repository\org\openjfx\javafx-base\16\javafx-base-16-win.jar;C:\Users\yurik\IdeaProjects\F21COMP1011S1Assignment2\target\classes;C:\Users\yurik\.m2\repository\com\google\code\gson\gson\2.8.9\gson-2.8.9.jar;C:\Program Files\Java\javafx-sdk-16\lib\javafx.web.jar;C:\Program Files\Java\javafx-sdk-16\lib\javafx.fxml.jar;C:\Program Files\Java\javafx-sdk-16\lib\javafx.controls.jar;C:\Users\yurik\.m2\repository\org\openjfx\javafx-media\11.0.2\javafx-media-11.0.2-win.jar -Djdk.module.main=com.example.f21comp1011s1assignment2 
java_command: com.example.f21comp1011s1assignment2/com.example.f21comp1011s1assignment2.Main --module-path C:\Program Files\Java\javafx-sdk-16\lib --add-modules javafx.controls,javafx.fxml
java_class_path (initial): C:\Program Files\Java\javafx-sdk-16\lib\src.zip;C:\Program Files\Java\javafx-sdk-16\lib\javafx-swt.jar;C:\Program Files\Java\javafx-sdk-16\lib\javafx.swing.jar;C:\Users\yurik\.m2\repository\org\openjfx\javafx-controls\16\javafx-controls-16.jar;C:\Users\yurik\.m2\repository\org\openjfx\javafx-graphics\16\javafx-graphics-16.jar;C:\Users\yurik\.m2\repository\org\openjfx\javafx-base\16\javafx-base-16.jar;C:\Users\yurik\.m2\repository\org\openjfx\javafx-fxml\16\javafx-fxml-16.jar;C:\Users\yurik\.m2\repository\org\openjfx\javafx-web\11.0.2\javafx-web-11.0.2.jar;C:\Users\yurik\.m2\repository\org\openjfx\javafx-media\11.0.2\javafx-media-11.0.2.jar
Launcher Type: SUN_STANDARD

[Global flags]
     intx CICompilerCount                          = 3                                         {product} {ergonomic}
     uint ConcGCThreads                            = 1                                         {product} {ergonomic}
     uint G1ConcRefinementThreads                  = 4                                         {product} {ergonomic}
   size_t G1HeapRegionSize                         = 2097152                                   {product} {ergonomic}
    uintx GCDrainStackTargetSize                   = 64                                        {product} {ergonomic}
   size_t InitialHeapSize                          = 268435456                                 {product} {ergonomic}
   size_t MarkStackSize                            = 4194304                                   {product} {ergonomic}
   size_t MaxHeapSize                              = 4271898624                                {product} {ergonomic}
   size_t MaxNewSize                               = 2562719744                                {product} {ergonomic}
   size_t MinHeapDeltaBytes                        = 2097152                                   {product} {ergonomic}
   size_t MinHeapSize                              = 8388608                                   {product} {ergonomic}
    uintx NonNMethodCodeHeapSize                   = 5832780                                {pd product} {ergonomic}
    uintx NonProfiledCodeHeapSize                  = 122912730                              {pd product} {ergonomic}
    uintx ProfiledCodeHeapSize                     = 122912730                              {pd product} {ergonomic}
    uintx ReservedCodeCacheSize                    = 251658240                              {pd product} {ergonomic}
     bool SegmentedCodeCache                       = true                                      {product} {ergonomic}
   size_t SoftMaxHeapSize                          = 4271898624                             {manageable} {ergonomic}
     bool UseCompressedClassPointers               = true                           {product lp64_product} {ergonomic}
     bool UseCompressedOops                        = true                           {product lp64_product} {ergonomic}
     bool UseG1GC                                  = true                                      {product} {ergonomic}
     bool UseLargePagesIndividualAllocation        = false                                  {pd product} {ergonomic}

Logging:
Log output configuration:
 #0: stdout all=warning uptime,level,tags
 #1: stderr all=off uptime,level,tags

Environment Variables:
JAVA_HOME=C:\Program Files\Java\jdk-15.0.1
PATH=C:\Program Files\Eclipse Foundation\jdk-8.0.302.8-hotspot\bin;C:\Program Files\Common Files\Oracle\Java\javapath;C:\WINDOWS\system32;C:\WINDOWS;C:\WINDOWS\System32\Wbem;C:\WINDOWS\System32\WindowsPowerShell\v1.0\;C:\WINDOWS\System32\OpenSSH\;C:\Program Files\Java\jdk-15\bin;"C:\Program Files\Git\bin;";"C:\Users\yurik\AppData\Local\Programs\Microsoft VS Code\bin;";"C:\Users\yurik\Desktop\github\gittest;C:\Program Files\Java\jdk-15.0.1\bin;C:\Program Files\Microsoft SQL Server\130\Tools\Binn\;C:\Program Files\Microsoft SQL Server\Client SDK\ODBC\170\Tools\Binn\;C:\Program Files (x86)\Incredibuild;C:\Program Files\nodejs\";C:\Program Files\nodejs;C:\Program Files\dotnet\;C:\Program Files (x86)\Microsoft SQL Server\150\Tools\Binn\;C:\Program Files\Microsoft SQL Server\150\Tools\Binn\;C:\Program Files\Microsoft SQL Server\150\DTS\Binn\;C:\Program Files (x86)\Microsoft SQL Server\150\DTS\Binn\;C:\Program Files\Azure Data Studio\bin;C:\Program Files\Git\cmd;C:\Program Files\MySQL\MySQL Shell 8.0\bin\;C:\Users\yurik\AppData\Local\Microsoft\WindowsApps;C:\Users\yurik\AppData\Local\Programs\Microsoft VS Code\bin;C:\Users\yurik\AppData\Local\GitHubDesktop\bin;C:\Users\yurik\AppData\Roaming\npm;C:\Program Files\nodejs;C:\Users\yurik\.dotnet\tools;C:\Program Files\Azure Data Studio\bin
USERNAME=yurik
OS=Windows_NT
PROCESSOR_IDENTIFIER=Intel64 Family 6 Model 69 Stepping 1, GenuineIntel



---------------  S Y S T E M  ---------------

OS:
 Windows 10 , 64 bit Build 19041 (10.0.19041.1348)
OS uptime: 1 days 3:51 hours
Hyper-V role detected

CPU: total 4 (initial active 4) (2 cores per cpu, 2 threads per core) family 6 model 69 stepping 1 microcode 0x25, cx8, cmov, fxsr, ht, mmx, sse, sse2, sse3, ssse3, sse4.1, sse4.2, popcnt, lzcnt, tsc, tscinvbit, avx, avx2, aes, erms, clmul, bmi1, bmi2, fma, vzeroupper, clflush, hv

Memory: 4k page, system-wide physical 16289M (7447M free)
TotalPageFile size 18721M (AvailPageFile size 7942M)
current process WorkingSet (physical memory assigned to process): 238M, peak: 241M
current process commit charge ("private bytes"): 278M, peak: 427M

vm_info: Java HotSpot(TM) 64-Bit Server VM (16+36-2231) for windows-amd64 JRE (16+36-2231), built on Feb  8 2021 11:43:10 by "mach5one" with MS VC++ 16.7 (VS2019)

END.
