#
# A fatal error has been detected by the Java Runtime Environment:
#
#  EXCEPTION_ACCESS_VIOLATION (0xc0000005) at pc=0x00007ff928c3572c, pid=8156, tid=10432
#
# JRE version: Java(TM) SE Runtime Environment (16.0+36) (build 16+36-2231)
# Java VM: Java HotSpot(TM) 64-Bit Server VM (16+36-2231, mixed mode, sharing, tiered, compressed oops, g1 gc, windows-amd64)
# Problematic frame:
# V  [jvm.dll+0x3d572c]
#
# No core dump will be written. Minidumps are not enabled by default on client versions of Windows
#
# If you would like to submit a bug report, please visit:
#   https://bugreport.java.com/bugreport/crash.jsp
#

---------------  S U M M A R Y ------------

Command Line: -javaagent:C:\Users\yurik\AppData\Local\JetBrains\Toolbox\apps\IDEA-C\ch-0\212.5457.46\lib\idea_rt.jar=54525:C:\Users\yurik\AppData\Local\JetBrains\Toolbox\apps\IDEA-C\ch-0\212.5457.46\bin -Dfile.encoding=UTF-8 --module-path=C:\Users\yurik\.m2\repository\org\openjfx\javafx-fxml\16\javafx-fxml-16-win.jar;C:\Program Files\Java\javafx-sdk-16\lib\javafx.controls.jar;C:\Users\yurik\.m2\repository\org\openjfx\javafx-media\11.0.2\javafx-media-11.0.2-win.jar;C:\Users\yurik\.m2\repository\org\openjfx\javafx-controls\16\javafx-controls-16-win.jar;C:\Program Files\Java\javafx-sdk-16\lib\javafx.graphics.jar;C:\Users\yurik\.m2\repository\com\google\code\gson\gson\2.8.9\gson-2.8.9.jar;C:\Users\yurik\.m2\repository\org\openjfx\javafx-graphics\16\javafx-graphics-16-win.jar;C:\Program Files\Java\javafx-sdk-16\lib\javafx.media.jar;C:\Users\yurik\.m2\repository\org\openjfx\javafx-base\16\javafx-base-16-win.jar;C:\Program Files\Java\javafx-sdk-16\lib\javafx.fxml.jar;C:\Program Files\Java\javafx-sdk-16\lib\javafx.base.jar;C:\Users\yurik\IdeaProjects\F21COMP1011S1Assignment2\target\classes;C:\Users\yurik\.m2\repository\org\openjfx\javafx-web\11.0.2\javafx-web-11.0.2-win.jar;C:\Program Files\Java\javafx-sdk-16\lib\javafx.web.jar -Djdk.module.main=com.example.f21comp1011s1assignment2 com.example.f21comp1011s1assignment2/com.example.f21comp1011s1assignment2.Main --module-path C:\Program Files\Java\javafx-sdk-16\lib --add-modules javafx.controls,javafx.fxml

Host: Intel(R) Core(TM) i7-4600U CPU @ 2.10GHz, 4 cores, 15G,  Windows 10 , 64 bit Build 19041 (10.0.19041.1348)
Time: Fri Dec  3 12:49:02 2021 Pacific Standard Time elapsed time: 9.782739 seconds (0d 0h 0m 9s)

---------------  T H R E A D  ---------------

Current thread (0x00000256355c2b40):  JavaThread "JavaFX Application Thread" [_thread_in_vm, id=10432, stack(0x000000b449f00000,0x000000b44a000000)]

Stack: [0x000000b449f00000,0x000000b44a000000],  sp=0x000000b449ffb0a0,  free space=1004k
Native frames: (J=compiled Java code, j=interpreted, Vv=VM code, C=native code)
V  [jvm.dll+0x3d572c]
C  0x00007ff91fa76ad0

Java frames: (J=compiled Java code, j=interpreted, Vv=VM code)
j  com.sun.webkit.WebPage.twkCreatePage(Z)J+0 javafx.web
j  com.sun.webkit.WebPage.<init>(Lcom/sun/webkit/WebPageClient;Lcom/sun/webkit/UIClient;Lcom/sun/webkit/PolicyClient;Lcom/sun/webkit/InspectorClient;Lcom/sun/webkit/ThemeClient;Z)V+178 javafx.web
j  javafx.scene.web.WebEngine.<init>(Ljava/lang/String;Z)V+275 javafx.web
j  javafx.scene.web.WebEngine.<init>()V+3 javafx.web
j  javafx.scene.web.WebView.<init>()V+60 javafx.web
j  com.sun.javafx.fxml.builder.web.WebViewBuilder.build()Ljavafx/scene/web/WebView;+4 javafx.web
v  ~StubRoutines::call_stub
J 3586  jdk.internal.reflect.NativeMethodAccessorImpl.invoke0(Ljava/lang/reflect/Method;Ljava/lang/Object;[Ljava/lang/Object;)Ljava/lang/Object; java.base@16 (0 bytes) @ 0x00000256212e814f [0x00000256212e80c0+0x000000000000008f]
J 3585 c1 jdk.internal.reflect.NativeMethodAccessorImpl.invoke(Ljava/lang/Object;[Ljava/lang/Object;)Ljava/lang/Object; java.base@16 (150 bytes) @ 0x000002561a2cbbbc [0x000002561a2caf40+0x0000000000000c7c]
J 1286 c1 jdk.internal.reflect.DelegatingMethodAccessorImpl.invoke(Ljava/lang/Object;[Ljava/lang/Object;)Ljava/lang/Object; java.base@16 (10 bytes) @ 0x0000025619e5074c [0x0000025619e50640+0x000000000000010c]
J 1285 c1 java.lang.reflect.Method.invoke(Ljava/lang/Object;[Ljava/lang/Object;)Ljava/lang/Object; java.base@16 (65 bytes) @ 0x0000025619e501cc [0x0000025619e4fe80+0x000000000000034c]
j  javafx.fxml.JavaFXBuilderFactory$ObjectBuilderWrapper$ObjectBuilder.build()Ljava/lang/Object;+71 javafx.fxml
j  javafx.fxml.FXMLLoader$ValueElement.processEndElement()V+24 javafx.fxml
j  javafx.fxml.FXMLLoader.processEndElement()V+4 javafx.fxml
j  javafx.fxml.FXMLLoader.loadImpl(Ljava/io/InputStream;Ljava/lang/Class;)Ljava/lang/Object;+214 javafx.fxml
j  javafx.fxml.FXMLLoader.loadImpl(Ljava/lang/Class;)Ljava/lang/Object;+31 javafx.fxml
j  javafx.fxml.FXMLLoader.load()Ljava/lang/Object;+17 javafx.fxml
j  com.example.f21comp1011s1assignment2.Utilities.SceneChanger.change(Ljavafx/event/ActionEvent;Ljava/lang/String;Ljava/lang/String;Lcom/example/f21comp1011s1assignment2/Models/Article;)V+21 com.example.f21comp1011s1assignment2
j  com.example.f21comp1011s1assignment2.Controllers.NewsSearchViewController.viewThisArticle(Ljavafx/event/ActionEvent;)V+20 com.example.f21comp1011s1assignment2
v  ~StubRoutines::call_stub
j  jdk.internal.reflect.NativeMethodAccessorImpl.invoke0(Ljava/lang/reflect/Method;Ljava/lang/Object;[Ljava/lang/Object;)Ljava/lang/Object;+0 java.base@16
j  jdk.internal.reflect.NativeMethodAccessorImpl.invoke(Ljava/lang/Object;[Ljava/lang/Object;)Ljava/lang/Object;+146 java.base@16
J 1286 c1 jdk.internal.reflect.DelegatingMethodAccessorImpl.invoke(Ljava/lang/Object;[Ljava/lang/Object;)Ljava/lang/Object; java.base@16 (10 bytes) @ 0x0000025619e5074c [0x0000025619e50640+0x000000000000010c]
J 1285 c1 java.lang.reflect.Method.invoke(Ljava/lang/Object;[Ljava/lang/Object;)Ljava/lang/Object; java.base@16 (65 bytes) @ 0x0000025619e501cc [0x0000025619e4fe80+0x000000000000034c]
j  com.sun.javafx.reflect.Trampoline.invoke(Ljava/lang/reflect/Method;Ljava/lang/Object;[Ljava/lang/Object;)Ljava/lang/Object;+7
j  jdk.internal.reflect.GeneratedMethodAccessor2.invoke(Ljava/lang/Object;[Ljava/lang/Object;)Ljava/lang/Object;+40
J 1286 c1 jdk.internal.reflect.DelegatingMethodAccessorImpl.invoke(Ljava/lang/Object;[Ljava/lang/Object;)Ljava/lang/Object; java.base@16 (10 bytes) @ 0x0000025619e5074c [0x0000025619e50640+0x000000000000010c]
J 1285 c1 java.lang.reflect.Method.invoke(Ljava/lang/Object;[Ljava/lang/Object;)Ljava/lang/Object; java.base@16 (65 bytes) @ 0x0000025619e501cc [0x0000025619e4fe80+0x000000000000034c]
j  com.sun.javafx.reflect.MethodUtil.invoke(Ljava/lang/reflect/Method;Ljava/lang/Object;[Ljava/lang/Object;)Ljava/lang/Object;+20 javafx.base
j  com.sun.javafx.fxml.MethodHelper.invoke(Ljava/lang/reflect/Method;Ljava/lang/Object;[Ljava/lang/Object;)Ljava/lang/Object;+142 javafx.fxml
j  javafx.fxml.FXMLLoader$MethodHandler.invoke([Ljava/lang/Object;)V+19 javafx.fxml
j  javafx.fxml.FXMLLoader$ControllerMethodEventHandler.handle(Ljavafx/event/Event;)V+12 javafx.fxml
j  com.sun.javafx.event.CompositeEventHandler.dispatchBubblingEvent(Ljavafx/event/Event;)V+51 javafx.base
J 2288 c1 com.sun.javafx.event.EventHandlerManager.dispatchBubblingEvent(Ljavafx/event/EventType;Ljavafx/event/Event;)Ljavafx/event/Event; javafx.base (41 bytes) @ 0x000002561a0118fc [0x000002561a0112a0+0x000000000000065c]
J 3341 c1 com.sun.javafx.event.EventHandlerManager.dispatchBubblingEvent(Ljavafx/event/Event;)Ljavafx/event/Event; javafx.base (23 bytes) @ 0x000002561a25bfbc [0x000002561a25be60+0x000000000000015c]
J 3340 c1 com.sun.javafx.event.CompositeEventDispatcher.dispatchBubblingEvent(Ljavafx/event/Event;)Ljavafx/event/Event; javafx.base (35 bytes) @ 0x000002561a25c6b4 [0x000002561a25c4e0+0x00000000000001d4]
J 3347 c1 com.sun.javafx.event.BasicEventDispatcher.dispatchEvent(Ljavafx/event/Event;Ljavafx/event/EventDispatchChain;)Ljavafx/event/Event; javafx.base (44 bytes) @ 0x000002561a25e9dc [0x000002561a25e680+0x000000000000035c]
J 2301 c1 com.sun.javafx.event.EventDispatchChainImpl.dispatchEvent(Ljavafx/event/Event;)Ljavafx/event/Event; javafx.base (101 bytes) @ 0x000002561a01b72c [0x000002561a01b560+0x00000000000001cc]
J 3347 c1 com.sun.javafx.event.BasicEventDispatcher.dispatchEvent(Ljavafx/event/Event;Ljavafx/event/EventDispatchChain;)Ljavafx/event/Event; javafx.base (44 bytes) @ 0x000002561a25e8ec [0x000002561a25e680+0x000000000000026c]
J 2301 c1 com.sun.javafx.event.EventDispatchChainImpl.dispatchEvent(Ljavafx/event/Event;)Ljavafx/event/Event; javafx.base (101 bytes) @ 0x000002561a01b72c [0x000002561a01b560+0x00000000000001cc]
J 3347 c1 com.sun.javafx.event.BasicEventDispatcher.dispatchEvent(Ljavafx/event/Event;Ljavafx/event/EventDispatchChain;)Ljavafx/event/Event; javafx.base (44 bytes) @ 0x000002561a25e8ec [0x000002561a25e680+0x000000000000026c]
J 2301 c1 com.sun.javafx.event.EventDispatchChainImpl.dispatchEvent(Ljavafx/event/Event;)Ljavafx/event/Event; javafx.base (101 bytes) @ 0x000002561a01b72c [0x000002561a01b560+0x00000000000001cc]
j  com.sun.javafx.event.EventUtil.fireEventImpl(Ljavafx/event/EventDispatchChain;Ljavafx/event/EventTarget;Ljavafx/event/Event;)Ljavafx/event/Event;+10 javafx.base
j  com.sun.javafx.event.EventUtil.fireEvent(Ljavafx/event/EventTarget;Ljavafx/event/Event;)Ljavafx/event/Event;+37 javafx.base
j  javafx.event.Event.fireEvent(Ljavafx/event/EventTarget;Ljavafx/event/Event;)V+30 javafx.base
j  javafx.scene.Node.fireEvent(Ljavafx/event/Event;)V+86 javafx.graphics
j  javafx.scene.control.Button.fire()V+15 javafx.controls
j  com.sun.javafx.scene.control.behavior.ButtonBehavior.mouseReleased(Ljavafx/scene/input/MouseEvent;)V+27 javafx.controls
j  com.sun.javafx.scene.control.behavior.ButtonBehavior$$Lambda$573+0x0000000800e53350.handle(Ljavafx/event/Event;)V+8 javafx.controls
j  com.sun.javafx.scene.control.inputmap.InputMap.handle(Ljavafx/event/Event;)V+61 javafx.controls
j  com.sun.javafx.scene.control.inputmap.InputMap$$Lambda$295+0x0000000800dc8ea0.handle(Ljavafx/event/Event;)V+5 javafx.controls
j  com.sun.javafx.event.CompositeEventHandler$NormalEventHandlerRecord.handleBubblingEvent(Ljavafx/event/Event;)V+5 javafx.base
j  com.sun.javafx.event.CompositeEventHandler.dispatchBubblingEvent(Ljavafx/event/Event;)V+28 javafx.base
J 2288 c1 com.sun.javafx.event.EventHandlerManager.dispatchBubblingEvent(Ljavafx/event/EventType;Ljavafx/event/Event;)Ljavafx/event/Event; javafx.base (41 bytes) @ 0x000002561a0118fc [0x000002561a0112a0+0x000000000000065c]
J 3341 c1 com.sun.javafx.event.EventHandlerManager.dispatchBubblingEvent(Ljavafx/event/Event;)Ljavafx/event/Event; javafx.base (23 bytes) @ 0x000002561a25bfbc [0x000002561a25be60+0x000000000000015c]
J 3340 c1 com.sun.javafx.event.CompositeEventDispatcher.dispatchBubblingEvent(Ljavafx/event/Event;)Ljavafx/event/Event; javafx.base (35 bytes) @ 0x000002561a25c6b4 [0x000002561a25c4e0+0x00000000000001d4]
J 3347 c1 com.sun.javafx.event.BasicEventDispatcher.dispatchEvent(Ljavafx/event/Event;Ljavafx/event/EventDispatchChain;)Ljavafx/event/Event; javafx.base (44 bytes) @ 0x000002561a25e9dc [0x000002561a25e680+0x000000000000035c]
J 2301 c1 com.sun.javafx.event.EventDispatchChainImpl.dispatchEvent(Ljavafx/event/Event;)Ljavafx/event/Event; javafx.base (101 bytes) @ 0x000002561a01b72c [0x000002561a01b560+0x00000000000001cc]
J 3347 c1 com.sun.javafx.event.BasicEventDispatcher.dispatchEvent(Ljavafx/event/Event;Ljavafx/event/EventDispatchChain;)Ljavafx/event/Event; javafx.base (44 bytes) @ 0x000002561a25e8ec [0x000002561a25e680+0x000000000000026c]
J 2301 c1 com.sun.javafx.event.EventDispatchChainImpl.dispatchEvent(Ljavafx/event/Event;)Ljavafx/event/Event; javafx.base (101 bytes) @ 0x000002561a01b72c [0x000002561a01b560+0x00000000000001cc]
J 3347 c1 com.sun.javafx.event.BasicEventDispatcher.dispatchEvent(Ljavafx/event/Event;Ljavafx/event/EventDispatchChain;)Ljavafx/event/Event; javafx.base (44 bytes) @ 0x000002561a25e8ec [0x000002561a25e680+0x000000000000026c]
J 2301 c1 com.sun.javafx.event.EventDispatchChainImpl.dispatchEvent(Ljavafx/event/Event;)Ljavafx/event/Event; javafx.base (101 bytes) @ 0x000002561a01b72c [0x000002561a01b560+0x00000000000001cc]
j  com.sun.javafx.event.EventUtil.fireEventImpl(Ljavafx/event/EventDispatchChain;Ljavafx/event/EventTarget;Ljavafx/event/Event;)Ljavafx/event/Event;+10 javafx.base
j  com.sun.javafx.event.EventUtil.fireEvent(Ljavafx/event/EventTarget;Ljavafx/event/Event;)Ljavafx/event/Event;+46 javafx.base
j  javafx.event.Event.fireEvent(Ljavafx/event/EventTarget;Ljavafx/event/Event;)V+30 javafx.base
j  javafx.scene.Scene$MouseHandler.process(Ljavafx/scene/input/MouseEvent;Z)V+526 javafx.graphics
j  javafx.scene.Scene.processMouseEvent(Ljavafx/scene/input/MouseEvent;)V+6 javafx.graphics
j  javafx.scene.Scene$ScenePeerListener.mouseEvent(Ljavafx/event/EventType;DDDDLjavafx/scene/input/MouseButton;ZZZZZZZZZZZ)V+50 javafx.graphics
j  com.sun.javafx.tk.quantum.GlassViewEventHandler$MouseEventNotification.run()Ljava/lang/Void;+650 javafx.graphics
j  com.sun.javafx.tk.quantum.GlassViewEventHandler$MouseEventNotification.run()Ljava/lang/Object;+1 javafx.graphics
J 2132 c1 java.security.AccessController.doPrivileged(Ljava/security/PrivilegedAction;Ljava/security/AccessControlContext;)Ljava/lang/Object; java.base@16 (17 bytes) @ 0x0000025619fdb1e4 [0x0000025619fdb000+0x00000000000001e4]
j  com.sun.javafx.tk.quantum.GlassViewEventHandler.lambda$handleMouseEvent$2()Ljava/lang/Void;+11 javafx.graphics
j  com.sun.javafx.tk.quantum.GlassViewEventHandler$$Lambda$593+0x0000000800e66f60.get()Ljava/lang/Object;+4 javafx.graphics
j  com.sun.javafx.tk.quantum.QuantumToolkit.runWithoutRenderLock(Ljava/util/function/Supplier;)Ljava/lang/Object;+18 javafx.graphics
j  com.sun.javafx.tk.quantum.GlassViewEventHandler.handleMouseEvent(Lcom/sun/glass/ui/View;JIIIIIIIZZ)V+103 javafx.graphics
j  com.sun.glass.ui.View.handleMouseEvent(JIIIIIIIZZ)V+30 javafx.graphics
j  com.sun.glass.ui.View.notifyMouse(IIIIIIIZZ)V+181 javafx.graphics
v  ~StubRoutines::call_stub
j  com.sun.glass.ui.win.WinApplication._runLoop(Ljava/lang/Runnable;)V+0 javafx.graphics
j  com.sun.glass.ui.win.WinApplication.lambda$runLoop$3(ILjava/lang/Runnable;)V+8 javafx.graphics
j  com.sun.glass.ui.win.WinApplication$$Lambda$76+0x0000000800c2b1c0.run()V+12 javafx.graphics
j  java.lang.Thread.run()V+11 java.base@16
v  ~StubRoutines::call_stub

siginfo: EXCEPTION_ACCESS_VIOLATION (0xc0000005), reading address 0x0000000000000000


Register to memory mapping:

RIP=0x00007ff928c3572c jvm.dll
RAX=0x0 is NULL
RBX=0x00000256355c2b40 is a thread
RCX=0xefac9d22acbc0000 is an unknown value
RDX=0x00000256342c13f8 is a global jni handle
RSP=0x000000b449ffb0a0 is pointing into the stack for thread: 0x00000256355c2b40
RBP=0x000000b449ffb1a8 is pointing into the stack for thread: 0x00000256355c2b40
RSI=0x00000256355c2e50 points into unknown readable memory: 0x00007ff9292d33d0 | d0 33 2d 29 f9 7f 00 00
RDI=0x00000256342c13f8 is a global jni handle
R8 =0x0 is NULL
R9 =0x000000b449ffb1a8 is pointing into the stack for thread: 0x00000256355c2b40
R10=0x00007ff928c35670 jvm.dll
R11=0x000000b449ffb098 is pointing into the stack for thread: 0x00000256355c2b40
R12=0x00000000ffffffff is an unknown value
R13=0x0 is NULL
R14=0x0 is NULL
R15=0x000000b449ffb4c0 is pointing into the stack for thread: 0x00000256355c2b40


Registers:
RAX=0x0000000000000000, RBX=0x00000256355c2b40, RCX=0xefac9d22acbc0000, RDX=0x00000256342c13f8
RSP=0x000000b449ffb0a0, RBP=0x000000b449ffb1a8, RSI=0x00000256355c2e50, RDI=0x00000256342c13f8
R8 =0x0000000000000000, R9 =0x000000b449ffb1a8, R10=0x00007ff928c35670, R11=0x000000b449ffb098
R12=0x00000000ffffffff, R13=0x0000000000000000, R14=0x0000000000000000, R15=0x000000b449ffb4c0
RIP=0x00007ff928c3572c, EFLAGS=0x0000000000010206

Top of Stack: (sp=0x000000b449ffb0a0)
0x000000b449ffb0a0:   00000256355c2b40 00000256355c2e50
0x000000b449ffb0b0:   0000000000000000 0000000000000000
0x000000b449ffb0c0:   0000000000000000 0000000000000000
0x000000b449ffb0d0:   0000000000000000 0000000000000000
0x000000b449ffb0e0:   0000000000000000 0000000000000000
0x000000b449ffb0f0:   00000256355c2b40 0000025634d59318
0x000000b449ffb100:   0000000000000498 00007ff929159290
0x000000b449ffb110:   0000000000000000 0000000000000000
0x000000b449ffb120:   0000000000000000 0000000000000000
0x000000b449ffb130:   0000000000000000 0000000000000000
0x000000b449ffb140:   00007ff923340e68 00000000ffffffff
0x000000b449ffb150:   00000256355c2e50 00007ff91fa76ad0
0x000000b449ffb160:   0000025635f96250 00007ff9232f5020
0x000000b449ffb170:   0000025635570310 00007ff98db4fde6
0x000000b449ffb180:   00007ff9232f5020 00007ff9211b662e
0x000000b449ffb190:   0000025635570310 0000000000000000 

Instructions: (pc=0x00007ff928c3572c)
0x00007ff928c3562c:   00 07 00 00 00 e8 da 3f 28 00 48 8b 83 18 01 00
0x00007ff928c3563c:   00 48 8b bc 24 d0 00 00 00 a8 01 74 08 48 8b cb
0x00007ff928c3564c:   e8 1f 40 2f 00 0f 28 c6 c7 83 80 03 00 00 04 00
0x00007ff928c3565c:   00 00 0f 28 b4 24 b0 00 00 00 48 81 c4 e0 00 00
0x00007ff928c3566c:   00 5b c3 cc 48 89 5c 24 08 48 89 6c 24 10 48 89
0x00007ff928c3567c:   74 24 18 57 41 54 41 56 48 81 ec a0 00 00 00 8b
0x00007ff928c3568c:   81 88 00 00 00 48 8d 99 f0 fc ff ff 05 55 21 ff
0x00007ff928c3569c:   ff 49 8b e9 4d 8b f0 48 8b fa 48 8b f1 83 f8 01
0x00007ff928c356ac:   76 0a 48 8b cb e8 9a 3d 3a 00 33 db c7 83 80 03
0x00007ff928c356bc:   00 00 05 00 00 00 e8 49 3f 28 00 48 8b 03 48 8b
0x00007ff928c356cc:   cb ff 50 38 84 c0 74 0b 48 8b 83 18 01 00 00 24
0x00007ff928c356dc:   01 eb 0b 8b 05 6b ba 71 00 85 c0 0f 95 c0 84 c0
0x00007ff928c356ec:   75 0d 8b 83 e8 00 00 00 a9 0c 00 00 20 74 08 48
0x00007ff928c356fc:   8b cb e8 1d 43 3a 00 c7 83 80 03 00 00 06 00 00
0x00007ff928c3570c:   00 48 83 7b 08 00 48 89 5c 24 50 48 c7 44 24 58
0x00007ff928c3571c:   00 00 00 00 74 0a 48 8d 4c 24 50 e8 54 db 2b 00
0x00007ff928c3572c:   49 8b 16 48 8d 4c 24 70 c7 44 24 40 04 00 00 00
0x00007ff928c3573c:   e8 3f f7 00 00 48 89 ac 24 98 00 00 00 4c 8d 25
0x00007ff928c3574c:   d8 3b 52 00 4c 89 64 24 70 40 f6 c7 01 74 0c 48
0x00007ff928c3575c:   8d 4f ff ff 15 9b b4 69 00 eb 09 48 8b cf ff 15
0x00007ff928c3576c:   b0 38 69 00 8b 15 e6 30 70 00 48 8b c8 e8 e2 ef
0x00007ff928c3577c:   27 00 48 8b d3 48 8b c8 4c 8b 00 41 ff 90 b0 00
0x00007ff928c3578c:   00 00 48 83 7b 08 00 75 35 48 8d 44 24 70 48 89
0x00007ff928c3579c:   5c 24 30 48 89 44 24 28 48 8d 54 24 40 45 33 c9
0x00007ff928c357ac:   4c 89 74 24 20 45 33 c0 48 8b ce e8 64 0b 01 00
0x00007ff928c357bc:   48 83 7b 08 00 75 07 0f b6 74 24 48 eb 03 40 32
0x00007ff928c357cc:   f6 48 83 7c 24 58 00 4c 89 64 24 70 48 c7 84 24
0x00007ff928c357dc:   98 00 00 00 00 00 00 00 74 0a 48 8d 4c 24 50 e8
0x00007ff928c357ec:   30 db 2b 00 48 8b bb 00 01 00 00 48 8b 4f 10 48
0x00007ff928c357fc:   83 39 00 74 0c 48 8b cf e8 e7 c5 f6 ff 48 8b 4f
0x00007ff928c3580c:   10 48 8b 47 08 48 89 48 10 48 8b 4f 08 48 8b 47
0x00007ff928c3581c:   18 48 89 41 18 48 8b 57 08 48 8b 4f 20 48 89 4a 


Stack slot to memory mapping:
stack at sp + 0 slots: 0x00000256355c2b40 is a thread
stack at sp + 1 slots: 0x00000256355c2e50 points into unknown readable memory: 0x00007ff9292d33d0 | d0 33 2d 29 f9 7f 00 00
stack at sp + 2 slots: 0x0 is NULL
stack at sp + 3 slots: 0x0 is NULL
stack at sp + 4 slots: 0x0 is NULL
stack at sp + 5 slots: 0x0 is NULL
stack at sp + 6 slots: 0x0 is NULL
stack at sp + 7 slots: 0x0 is NULL


---------------  P R O C E S S  ---------------

Threads class SMR info:
_java_thread_list=0x0000025635bde700, length=23, elements={
0x0000025611f20230, 0x00000256342b9670, 0x00000256342babe0, 0x00000256342c82c0,
0x00000256342cace0, 0x00000256342cd600, 0x00000256342cdf10, 0x00000256342cec00,
0x00000256342d0610, 0x00000256342d3710, 0x0000025634d77210, 0x00000256350b7080,
0x00000256350b75a0, 0x0000025634eaf8b0, 0x0000025635b95370, 0x00000256355c2b40,
0x00000256355c10b0, 0x00000256355c35e0, 0x00000256355c1600, 0x00000256355c4080,
0x000002563646e7b0, 0x0000025636468810, 0x00000256364692b0
}

Java Threads: ( => current thread )
  0x0000025611f20230 JavaThread "main" [_thread_blocked, id=15380, stack(0x000000b448500000,0x000000b448600000)]
  0x00000256342b9670 JavaThread "Reference Handler" daemon [_thread_blocked, id=12424, stack(0x000000b448c00000,0x000000b448d00000)]
  0x00000256342babe0 JavaThread "Finalizer" daemon [_thread_blocked, id=12156, stack(0x000000b448d00000,0x000000b448e00000)]
  0x00000256342c82c0 JavaThread "Signal Dispatcher" daemon [_thread_blocked, id=9484, stack(0x000000b448f00000,0x000000b449000000)]
  0x00000256342cace0 JavaThread "Attach Listener" daemon [_thread_blocked, id=12524, stack(0x000000b449000000,0x000000b449100000)]
  0x00000256342cd600 JavaThread "Service Thread" daemon [_thread_blocked, id=18212, stack(0x000000b449100000,0x000000b449200000)]
  0x00000256342cdf10 JavaThread "Monitor Deflation Thread" daemon [_thread_blocked, id=3800, stack(0x000000b449200000,0x000000b449300000)]
  0x00000256342cec00 JavaThread "C2 CompilerThread0" daemon [_thread_blocked, id=1080, stack(0x000000b449300000,0x000000b449400000)]
  0x00000256342d0610 JavaThread "C1 CompilerThread0" daemon [_thread_blocked, id=9588, stack(0x000000b449400000,0x000000b449500000)]
  0x00000256342d3710 JavaThread "Sweeper thread" daemon [_thread_blocked, id=12652, stack(0x000000b449500000,0x000000b449600000)]
  0x0000025634d77210 JavaThread "Common-Cleaner" daemon [_thread_blocked, id=6280, stack(0x000000b449600000,0x000000b449700000)]
  0x00000256350b7080 JavaThread "Monitor Ctrl-Break" daemon [_thread_in_native, id=13304, stack(0x000000b449800000,0x000000b449900000)]
  0x00000256350b75a0 JavaThread "Notification Thread" daemon [_thread_blocked, id=17536, stack(0x000000b449900000,0x000000b449a00000)]
  0x0000025634eaf8b0 JavaThread "QuantumRenderer-0" daemon [_thread_blocked, id=4936, stack(0x000000b449700000,0x000000b449800000)]
  0x0000025635b95370 JavaThread "InvokeLaterDispatcher" daemon [_thread_blocked, id=12364, stack(0x000000b449e00000,0x000000b449f00000)]
=>0x00000256355c2b40 JavaThread "JavaFX Application Thread" [_thread_in_vm, id=10432, stack(0x000000b449f00000,0x000000b44a000000)]
  0x00000256355c10b0 JavaThread "Thread-1" daemon [_thread_in_native, id=7924, stack(0x000000b44a300000,0x000000b44a400000)]
  0x00000256355c35e0 JavaThread "JavaFX-Launcher" [_thread_blocked, id=11384, stack(0x000000b44a400000,0x000000b44a500000)]
  0x00000256355c1600 JavaThread "Prism Font Disposer" daemon [_thread_blocked, id=16832, stack(0x000000b44a900000,0x000000b44aa00000)]
  0x00000256355c4080 JavaThread "Cleaner-0" daemon [_thread_blocked, id=13140, stack(0x000000b44aa00000,0x000000b44ab00000)]
  0x000002563646e7b0 JavaThread "HttpClient-1-SelectorManager" daemon [_thread_in_native, id=7292, stack(0x000000b44ab00000,0x000000b44ac00000)]
  0x0000025636468810 JavaThread "HttpClient-1-Worker-0" daemon [_thread_blocked, id=9552, stack(0x000000b44ae00000,0x000000b44af00000)]
  0x00000256364692b0 JavaThread "HttpClient-1-Worker-1" daemon [_thread_blocked, id=6832, stack(0x000000b44af00000,0x000000b44b000000)]

Other Threads:
  0x00000256342b6380 VMThread "VM Thread" [stack: 0x000000b448b00000,0x000000b448c00000] [id=15620]
  0x0000025634f385e0 WatcherThread [stack: 0x000000b449a00000,0x000000b449b00000] [id=16692]
  0x0000025611f6f750 GCTaskThread "GC Thread#0" [stack: 0x000000b448600000,0x000000b448700000] [id=8032]
  0x00000256357e2fb0 GCTaskThread "GC Thread#1" [stack: 0x000000b449b00000,0x000000b449c00000] [id=16052]
  0x00000256357e32c0 GCTaskThread "GC Thread#2" [stack: 0x000000b449c00000,0x000000b449d00000] [id=6736]
  0x000002563597fa50 GCTaskThread "GC Thread#3" [stack: 0x000000b449d00000,0x000000b449e00000] [id=596]
  0x0000025611f82550 ConcurrentGCThread "G1 Main Marker" [stack: 0x000000b448700000,0x000000b448800000] [id=10084]
  0x0000025611f83670 ConcurrentGCThread "G1 Conc#0" [stack: 0x000000b448800000,0x000000b448900000] [id=18236]
  0x00000256341820c0 ConcurrentGCThread "G1 Refine#0" [stack: 0x000000b448900000,0x000000b448a00000] [id=14244]
  0x0000025635a1c170 ConcurrentGCThread "G1 Refine#1" [stack: 0x000000b44ac00000,0x000000b44ad00000] [id=8124]
  0x0000025634182a50 ConcurrentGCThread "G1 Service" [stack: 0x000000b448a00000,0x000000b448b00000] [id=12776]

Threads with active compile tasks:

VM state: not at safepoint (normal execution)

VM Mutex/Monitor currently owned by a thread: None

Heap address: 0x0000000701600000, size: 4074 MB, Compressed Oops mode: Zero based, Oop shift amount: 3
CDS archive(s) mapped at: [0x0000000800000000-0x0000000800bb0000-0x0000000800bb0000), size 12255232, SharedBaseAddress: 0x0000000800000000, ArchiveRelocationMode: 0.
Compressed class space mapped at: 0x0000000800c00000-0x0000000840c00000, reserved size: 1073741824
Narrow klass base: 0x0000000800000000, Narrow klass shift: 3, Narrow klass range: 0x100000000

GC Precious Log:
 CPUs: 4 total, 4 available
 Memory: 16289M
 Large Page Support: Disabled
 NUMA Support: Disabled
 Compressed Oops: Enabled (Zero based)
 Heap Region Size: 2M
 Heap Min Capacity: 8M
 Heap Initial Capacity: 256M
 Heap Max Capacity: 4074M
 Pre-touch: Disabled
 Parallel Workers: 4
 Concurrent Workers: 1
 Concurrent Refinement Workers: 4
 Periodic GC: Disabled

Heap:
 garbage-first heap   total 55296K, used 28666K [0x0000000701600000, 0x0000000800000000)
  region size 2048K, 12 young (24576K), 4 survivors (8192K)
 Metaspace       used 26484K, committed 26752K, reserved 1073152K
  class space    used 3591K, committed 3712K, reserved 1048576K

Heap Regions: E=young(eden), S=young(survivor), O=old, HS=humongous(starts), HC=humongous(continues), CS=collection set, F=free, OA=open archive, CA=closed archive, TAMS=top-at-mark-start (previous, next)
|   0|0x0000000701600000, 0x00000007017fe800, 0x0000000701800000| 99%| O|  |TAMS 0x0000000701661600, 0x0000000701600000| Untracked 
|   1|0x0000000701800000, 0x0000000701a00000, 0x0000000701a00000|100%|HS|  |TAMS 0x0000000701a00000, 0x0000000701800000| Complete 
|   2|0x0000000701a00000, 0x0000000701a00000, 0x0000000701c00000|  0%| F|  |TAMS 0x0000000701a00000, 0x0000000701a00000| Untracked 
|   3|0x0000000701c00000, 0x0000000701e00000, 0x0000000701e00000|100%|HS|  |TAMS 0x0000000701e00000, 0x0000000701c00000| Complete 
|   4|0x0000000701e00000, 0x0000000701e00000, 0x0000000702000000|  0%| F|  |TAMS 0x0000000701e00000, 0x0000000701e00000| Untracked 
|   5|0x0000000702000000, 0x0000000702000000, 0x0000000702200000|  0%| F|  |TAMS 0x0000000702000000, 0x0000000702000000| Untracked 
|   6|0x0000000702200000, 0x0000000702200000, 0x0000000702400000|  0%| F|  |TAMS 0x0000000702200000, 0x0000000702200000| Untracked 
|   7|0x0000000702400000, 0x0000000702400000, 0x0000000702600000|  0%| F|  |TAMS 0x0000000702400000, 0x0000000702400000| Untracked 
|   8|0x0000000702600000, 0x0000000702600000, 0x0000000702800000|  0%| F|  |TAMS 0x0000000702600000, 0x0000000702600000| Untracked 
|   9|0x0000000702800000, 0x0000000702800000, 0x0000000702a00000|  0%| F|  |TAMS 0x0000000702800000, 0x0000000702800000| Untracked 
|  10|0x0000000702a00000, 0x0000000702a00000, 0x0000000702c00000|  0%| F|  |TAMS 0x0000000702a00000, 0x0000000702a00000| Untracked 
|  11|0x0000000702c00000, 0x0000000702c00000, 0x0000000702e00000|  0%| F|  |TAMS 0x0000000702c00000, 0x0000000702c00000| Untracked 
|  12|0x0000000702e00000, 0x0000000702e00000, 0x0000000703000000|  0%| F|  |TAMS 0x0000000702e00000, 0x0000000702e00000| Untracked 
|  13|0x0000000703000000, 0x0000000703000000, 0x0000000703200000|  0%| F|  |TAMS 0x0000000703000000, 0x0000000703000000| Untracked 
|  14|0x0000000703200000, 0x0000000703200000, 0x0000000703400000|  0%| F|  |TAMS 0x0000000703200000, 0x0000000703200000| Untracked 
|  15|0x0000000703400000, 0x00000007035d43b8, 0x0000000703600000| 91%| E|  |TAMS 0x0000000703400000, 0x0000000703400000| Complete 
|  16|0x0000000703600000, 0x0000000703800000, 0x0000000703800000|100%| E|CS|TAMS 0x0000000703600000, 0x0000000703600000| Complete 
|  17|0x0000000703800000, 0x0000000703a00000, 0x0000000703a00000|100%| E|CS|TAMS 0x0000000703800000, 0x0000000703800000| Complete 
|  18|0x0000000703a00000, 0x0000000703c00000, 0x0000000703c00000|100%| E|CS|TAMS 0x0000000703a00000, 0x0000000703a00000| Complete 
|  19|0x0000000703c00000, 0x0000000703e00000, 0x0000000703e00000|100%| E|CS|TAMS 0x0000000703c00000, 0x0000000703c00000| Complete 
|  20|0x0000000703e00000, 0x0000000704000000, 0x0000000704000000|100%| E|CS|TAMS 0x0000000703e00000, 0x0000000703e00000| Complete 
|  21|0x0000000704000000, 0x0000000704200000, 0x0000000704200000|100%| E|CS|TAMS 0x0000000704000000, 0x0000000704000000| Complete 
| 100|0x000000070de00000, 0x000000070e000000, 0x000000070e000000|100%| S|CS|TAMS 0x000000070de00000, 0x000000070de00000| Complete 
| 101|0x000000070e000000, 0x000000070e200000, 0x000000070e200000|100%| S|CS|TAMS 0x000000070e000000, 0x000000070e000000| Complete 
| 102|0x000000070e200000, 0x000000070e400000, 0x000000070e400000|100%| S|CS|TAMS 0x000000070e200000, 0x000000070e200000| Complete 
| 103|0x000000070e400000, 0x000000070e600000, 0x000000070e600000|100%| S|CS|TAMS 0x000000070e400000, 0x000000070e400000| Complete 
| 127|0x0000000711400000, 0x0000000711600000, 0x0000000711600000|100%| E|CS|TAMS 0x0000000711400000, 0x0000000711400000| Complete 

Card table byte_map: [0x0000025628e90000,0x0000025629690000] _byte_map_base: 0x0000025625685000

Marking Bits (Prev, Next): (CMBitMap*) 0x0000025611f70d20, (CMBitMap*) 0x0000025611f70ce0
 Prev Bits: [0x000002562de40000, 0x0000025631de8000)
 Next Bits: [0x0000025629e90000, 0x000002562de38000)

Polling page: 0x0000025611700000

Metaspace:

Usage:
  Non-class:     22.36 MB used.
      Class:      3.51 MB used.
       Both:     25.86 MB used.

Virtual space:
  Non-class space:       24.00 MB reserved,      22.50 MB ( 94%) committed,  3 nodes.
      Class space:        1.00 GB reserved,       3.62 MB ( <1%) committed,  1 nodes.
              Both:        1.02 GB reserved,      26.12 MB (  2%) committed. 

Chunk freelists:
   Non-Class:  1.16 MB
       Class:  384.00 KB
        Both:  1.53 MB

MaxMetaspaceSize: 17179869184.00 GB
CompressedClassSpaceSize: 1.00 GB
 - commit_granule_bytes: 65536.
 - commit_granule_words: 8192.
 - virtual_space_node_default_size: 1048576.
 - enlarge_chunks_in_place: 1.
 - new_chunks_are_fully_committed: 0.
 - uncommit_free_chunks: 1.
 - use_allocation_guard: 0.
 - handle_deallocations: 1.


Internal statistics:

num_allocs_failed_limit: 3.
num_arena_births: 294.
num_arena_deaths: 0.
num_vsnodes_births: 4.
num_vsnodes_deaths: 0.
num_space_committed: 418.
num_space_uncommitted: 0.
num_chunks_returned_to_freelist: 3.
num_chunks_taken_from_freelist: 1036.
num_chunk_merges: 0.
num_chunk_splits: 678.
num_chunks_enlarged: 518.
num_purges: 0.

CodeHeap 'non-profiled nmethods': size=120000Kb used=1572Kb max_used=1572Kb free=118428Kb
 bounds [0x0000025621160000, 0x00000256213d0000, 0x0000025628690000]
CodeHeap 'profiled nmethods': size=120000Kb used=6786Kb max_used=6786Kb free=113214Kb
 bounds [0x0000025619c30000, 0x000002561a2e0000, 0x0000025621160000]
CodeHeap 'non-nmethods': size=5760Kb used=1536Kb max_used=1558Kb free=4223Kb
 bounds [0x0000025619690000, 0x0000025619900000, 0x0000025619c30000]
 total_blobs=4484 nmethods=3572 adapters=823
 compilation: enabled
              stopped_count=0, restarted_count=0
 full_count=0

Compilation events (20 events):
Event: 9.734 Thread 0x00000256342d0610 3590       1       jdk.internal.reflect.ClassFileAssembler::getStack (5 bytes)
Event: 9.734 Thread 0x00000256342d0610 nmethod 3590 0x00000256212e8410 code [0x00000256212e85a0, 0x00000256212e8678]
Event: 9.736 Thread 0x00000256342d0610 3591       1       java.lang.reflect.Method::getSharedParameterTypes (5 bytes)
Event: 9.736 Thread 0x00000256342d0610 nmethod 3591 0x00000256212e8710 code [0x00000256212e88a0, 0x00000256212e8978]
Event: 9.736 Thread 0x00000256342d0610 3592       3       java.lang.PublicMethods$Key::hashCode (19 bytes)
Event: 9.736 Thread 0x00000256342d0610 nmethod 3592 0x000002561a2ce810 code [0x000002561a2ce9c0, 0x000002561a2ceb58]
Event: 9.736 Thread 0x00000256342d0610 3593       3       java.util.LinkedHashMap$LinkedHashIterator::nextNode (54 bytes)
Event: 9.737 Thread 0x00000256342d0610 nmethod 3593 0x000002561a2cec10 code [0x000002561a2cede0, 0x000002561a2cf1f8]
Event: 9.737 Thread 0x00000256342d0610 3594       3       java.lang.PublicMethods$MethodList::<init> (10 bytes)
Event: 9.737 Thread 0x00000256342d0610 nmethod 3594 0x000002561a2cf390 code [0x000002561a2cf540, 0x000002561a2cf6f8]
Event: 9.737 Thread 0x00000256342d0610 3595       3       java.util.LinkedHashMap$LinkedValueIterator::next (8 bytes)
Event: 9.737 Thread 0x00000256342d0610 nmethod 3595 0x000002561a2cf790 code [0x000002561a2cf940, 0x000002561a2cfa88]
Event: 9.737 Thread 0x00000256342d0610 3596       3       javafx.fxml.FXMLLoader$Element::isTyped (16 bytes)
Event: 9.737 Thread 0x00000256342d0610 nmethod 3596 0x000002561a2cfb90 code [0x000002561a2cfd40, 0x000002561a2cffd8]
Event: 9.752 Thread 0x00000256342d0610 3597       1       java.util.logging.Logger::getName (5 bytes)
Event: 9.752 Thread 0x00000256342d0610 nmethod 3597 0x00000256212e8a10 code [0x00000256212e8ba0, 0x00000256212e8c78]
Event: 9.753 Thread 0x00000256342d0610 3598       1       java.util.concurrent.CopyOnWriteArrayList::setArray (6 bytes)
Event: 9.754 Thread 0x00000256342d0610 nmethod 3598 0x00000256212e8d10 code [0x00000256212e8ea0, 0x00000256212e8fb8]
Event: 9.767 Thread 0x00000256342d0610 3599       3       java.lang.invoke.DirectMethodHandle$Holder::invokeStatic (15 bytes)
Event: 9.767 Thread 0x00000256342d0610 nmethod 3599 0x000002561a2d0090 code [0x000002561a2d0260, 0x000002561a2d06f8]

GC Heap History (6 events):
Event: 0.475 GC heap before
{Heap before GC invocations=0 (full 0):
 garbage-first heap   total 262144K, used 10240K [0x0000000701600000, 0x0000000800000000)
  region size 2048K, 6 young (12288K), 0 survivors (0K)
 Metaspace       used 1030K, committed 1216K, reserved 1056768K
  class space    used 77K, committed 192K, reserved 1048576K
}
Event: 0.479 GC heap after
{Heap after GC invocations=1 (full 0):
 garbage-first heap   total 262144K, used 1522K [0x0000000701600000, 0x0000000800000000)
  region size 2048K, 1 young (2048K), 1 survivors (2048K)
 Metaspace       used 1030K, committed 1216K, reserved 1056768K
  class space    used 77K, committed 192K, reserved 1048576K
}
Event: 1.514 GC heap before
{Heap before GC invocations=1 (full 0):
 garbage-first heap   total 262144K, used 22002K [0x0000000701600000, 0x0000000800000000)
  region size 2048K, 11 young (22528K), 1 survivors (2048K)
 Metaspace       used 8106K, committed 8384K, reserved 1056768K
  class space    used 1010K, committed 1152K, reserved 1048576K
}
Event: 1.519 GC heap after
{Heap after GC invocations=2 (full 0):
 garbage-first heap   total 262144K, used 4485K [0x0000000701600000, 0x0000000800000000)
  region size 2048K, 2 young (4096K), 2 survivors (4096K)
 Metaspace       used 8106K, committed 8384K, reserved 1056768K
  class space    used 1010K, committed 1152K, reserved 1048576K
}
Event: 6.909 GC heap before
{Heap before GC invocations=2 (full 0):
 garbage-first heap   total 262144K, used 53637K [0x0000000701600000, 0x0000000800000000)
  region size 2048K, 24 young (49152K), 2 survivors (4096K)
 Metaspace       used 21002K, committed 21248K, reserved 1073152K
  class space    used 2906K, committed 3072K, reserved 1048576K
}
Event: 6.921 GC heap after
{Heap after GC invocations=3 (full 0):
 garbage-first heap   total 262144K, used 14330K [0x0000000701600000, 0x0000000800000000)
  region size 2048K, 4 young (8192K), 4 survivors (8192K)
 Metaspace       used 21002K, committed 21248K, reserved 1073152K
  class space    used 2906K, committed 3072K, reserved 1048576K
}

Deoptimization events (20 events):
Event: 9.331 Thread 0x0000025634eaf8b0 DEOPT PACKING pc=0x000002561a23b252 sp=0x000000b4497fd1e0
Event: 9.331 Thread 0x0000025634eaf8b0 DEOPT UNPACKING pc=0x00000256196ddece sp=0x000000b4497fc618 mode 0
Event: 9.346 Thread 0x0000025634eaf8b0 DEOPT PACKING pc=0x000002561a23b252 sp=0x000000b4497fdbc0
Event: 9.346 Thread 0x0000025634eaf8b0 DEOPT UNPACKING pc=0x00000256196ddece sp=0x000000b4497fcff8 mode 0
Event: 9.728 Thread 0x00000256355c2b40 Uncommon trap: trap_request=0xffffff45 fr.pc=0x0000025621276750 relative=0x0000000000000230
Event: 9.728 Thread 0x00000256355c2b40 Uncommon trap: reason=unstable_if action=reinterpret pc=0x0000025621276750 method=java.util.regex.Matcher.reset()Ljava/util/regex/Matcher; @ 71 c2
Event: 9.728 Thread 0x00000256355c2b40 DEOPT PACKING pc=0x0000025621276750 sp=0x000000b449ffc0a0
Event: 9.728 Thread 0x00000256355c2b40 DEOPT UNPACKING pc=0x00000256196dd72e sp=0x000000b449ffc028 mode 2
Event: 9.729 Thread 0x00000256355c2b40 Uncommon trap: trap_request=0xffffffde fr.pc=0x000002562127e3c8 relative=0x0000000000000fe8
Event: 9.729 Thread 0x00000256355c2b40 Uncommon trap: reason=class_check action=maybe_recompile pc=0x000002562127e3c8 method=java.util.regex.Pattern$Start.match(Ljava/util/regex/Matcher;ILjava/lang/CharSequence;)Z @ 44 c2
Event: 9.729 Thread 0x00000256355c2b40 DEOPT PACKING pc=0x000002562127e3c8 sp=0x000000b449ffbb00
Event: 9.729 Thread 0x00000256355c2b40 DEOPT UNPACKING pc=0x00000256196dd72e sp=0x000000b449ffbaf0 mode 2
Event: 9.729 Thread 0x00000256355c2b40 Uncommon trap: trap_request=0xffffffde fr.pc=0x000002562127e3c8 relative=0x0000000000000fe8
Event: 9.729 Thread 0x00000256355c2b40 Uncommon trap: reason=class_check action=maybe_recompile pc=0x000002562127e3c8 method=java.util.regex.Pattern$Start.match(Ljava/util/regex/Matcher;ILjava/lang/CharSequence;)Z @ 44 c2
Event: 9.729 Thread 0x00000256355c2b40 DEOPT PACKING pc=0x000002562127e3c8 sp=0x000000b449ffbb00
Event: 9.729 Thread 0x00000256355c2b40 DEOPT UNPACKING pc=0x00000256196dd72e sp=0x000000b449ffbaf0 mode 2
Event: 9.729 Thread 0x00000256355c2b40 Uncommon trap: trap_request=0xffffffde fr.pc=0x000002562127e3c8 relative=0x0000000000000fe8
Event: 9.729 Thread 0x00000256355c2b40 Uncommon trap: reason=class_check action=maybe_recompile pc=0x000002562127e3c8 method=java.util.regex.Pattern$Start.match(Ljava/util/regex/Matcher;ILjava/lang/CharSequence;)Z @ 44 c2
Event: 9.729 Thread 0x00000256355c2b40 DEOPT PACKING pc=0x000002562127e3c8 sp=0x000000b449ffbb00
Event: 9.729 Thread 0x00000256355c2b40 DEOPT UNPACKING pc=0x00000256196dd72e sp=0x000000b449ffbaf0 mode 2

Classes unloaded (0 events):
No events

Classes redefined (0 events):
No events

Internal exceptions (20 events):
Event: 6.639 Thread 0x00000256355c2b40 Exception <a 'java/lang/NoSuchMethodError'{0x000000070f1e2d00}: 'int java.lang.invoke.DirectMethodHandle$Holder.invokeSpecialIFC(java.lang.Object, java.lang.Object, java.lang.Object)'> (0x000000070f1e2d00) 
thrown [t:\workspace\open\src\hotspot\share\interpreter\linkResolver.cpp, line 790]
Event: 6.687 Thread 0x00000256355c2b40 Exception <a 'sun/nio/fs/WindowsException'{0x000000070ef13f60}> (0x000000070ef13f60) 
thrown [t:\workspace\open\src\hotspot\share\prims\jni.cpp, line 579]
Event: 6.693 Thread 0x00000256355c2b40 Exception <a 'sun/nio/fs/WindowsException'{0x000000070ef2b500}> (0x000000070ef2b500) 
thrown [t:\workspace\open\src\hotspot\share\prims\jni.cpp, line 579]
Event: 6.698 Thread 0x00000256355c2b40 Exception <a 'java/lang/NoSuchMethodError'{0x000000070ef3a9b8}: 'int java.lang.invoke.DirectMethodHandle$Holder.invokeStatic(java.lang.Object, java.lang.Object, java.lang.Object, java.lang.Object)'> (0x000000070ef3a9b8) 
thrown [t:\workspace\open\src\hotspot\share\interpreter\linkResolver.cpp, line 790]
Event: 6.699 Thread 0x00000256355c2b40 Exception <a 'java/lang/NoSuchMethodError'{0x000000070ef3e8e8}: 'int java.lang.invoke.DirectMethodHandle$Holder.invokeStaticInit(java.lang.Object, java.lang.Object, java.lang.Object, java.lang.Object)'> (0x000000070ef3e8e8) 
thrown [t:\workspace\open\src\hotspot\share\interpreter\linkResolver.cpp, line 790]
Event: 6.700 Thread 0x00000256355c2b40 Exception <a 'java/lang/NoSuchMethodError'{0x000000070ef48878}: 'java.lang.Object java.lang.invoke.DirectMethodHandle$Holder.invokeInterface(java.lang.Object, java.lang.Object)'> (0x000000070ef48878) 
thrown [t:\workspace\open\src\hotspot\share\interpreter\linkResolver.cpp, line 790]
Event: 6.700 Thread 0x00000256355c2b40 Exception <a 'java/lang/IncompatibleClassChangeError'{0x000000070ef4c7c0}: Found class java.lang.Object, but interface was expected> (0x000000070ef4c7c0) 
thrown [t:\workspace\open\src\hotspot\share\interpreter\linkResolver.cpp, line 857]
Event: 6.797 Thread 0x00000256355c2b40 Exception <a 'java/lang/NoSuchMethodError'{0x000000070e8cccb8}: 'java.lang.Object java.lang.invoke.DirectMethodHandle$Holder.invokeStaticInit(java.lang.Object, int, int, int, int)'> (0x000000070e8cccb8) 
thrown [t:\workspace\open\src\hotspot\share\interpreter\linkResolver.cpp, line 790]
Event: 6.847 Thread 0x00000256355c2b40 Exception <a 'java/lang/NoSuchMethodError'{0x000000070e90e020}: 'java.lang.Object java.lang.invoke.DirectMethodHandle$Holder.invokeStaticInit(java.lang.Object, java.lang.Object, int, int, int, int)'> (0x000000070e90e020) 
thrown [t:\workspace\open\src\hotspot\share\interpreter\linkResolver.cpp, line 790]
Event: 6.883 Thread 0x00000256355c2b40 Exception <a 'sun/nio/fs/WindowsException'{0x000000070e981570}> (0x000000070e981570) 
thrown [t:\workspace\open\src\hotspot\share\prims\jni.cpp, line 579]
Event: 6.936 Thread 0x00000256355c2b40 Exception <a 'java/lang/NoSuchMethodError'{0x00000007114527c8}: 'java.lang.Object java.lang.invoke.DirectMethodHandle$Holder.invokeSpecial(java.lang.Object, java.lang.Object, java.lang.Object, java.lang.Object, int)'> (0x00000007114527c8) 
thrown [t:\workspace\open\src\hotspot\share\interpreter\linkResolver.cpp, line 790]
Event: 6.937 Thread 0x00000256355c2b40 Exception <a 'java/lang/NoSuchMethodError'{0x0000000711456ad8}: 'java.lang.Object java.lang.invoke.Invokers$Holder.linkToTargetMethod(java.lang.Object, java.lang.Object, int, java.lang.Object)'> (0x0000000711456ad8) 
thrown [t:\workspace\open\src\hotspot\share\interpreter\linkResolver.cpp, line 790]
Event: 7.017 Thread 0x000002563646e7b0 Exception <a 'java/lang/NoSuchMethodError'{0x00000007115ca220}: 'void java.lang.invoke.DirectMethodHandle$Holder.invokeStatic(java.lang.Object, java.lang.Object, int)'> (0x00000007115ca220) 
thrown [t:\workspace\open\src\hotspot\share\interpreter\linkResolver.cpp, line 790]
Event: 7.020 Thread 0x0000025636468810 Exception <a 'java/lang/NoSuchMethodError'{0x00000007115f1f58}: 'void java.lang.invoke.DirectMethodHandle$Holder.invokeInterface(java.lang.Object, java.lang.Object, java.lang.Object)'> (0x00000007115f1f58) 
thrown [t:\workspace\open\src\hotspot\share\interpreter\linkResolver.cpp, line 790]
Event: 7.024 Thread 0x0000025636468810 Exception <a 'java/lang/NoSuchMethodError'{0x00000007115fcdf0}: 'int java.lang.invoke.DirectMethodHandle$Holder.invokeStaticInit(java.lang.Object, int, int)'> (0x00000007115fcdf0) 
thrown [t:\workspace\open\src\hotspot\share\interpreter\linkResolver.cpp, line 790]
Event: 7.149 Thread 0x0000025636468810 Exception <a 'java/lang/NoSuchMethodError'{0x00000007041a64b0}: 'void java.lang.invoke.DirectMethodHandle$Holder.invokeInterface(java.lang.Object, java.lang.Object)'> (0x00000007041a64b0) 
thrown [t:\workspace\open\src\hotspot\share\interpreter\linkResolver.cpp, line 790]
Event: 8.045 Thread 0x0000025636468810 Exception <a 'java/lang/NoSuchMethodError'{0x0000000703cd6220}: 'java.lang.Object java.lang.invoke.DirectMethodHandle$Holder.newInvokeSpecial(java.lang.Object, java.lang.Object, long, java.lang.Object, java.lang.Object, java.lang.Object)'> (0x0000000703cd6220) 
thrown [t:\workspace\open\src\hotspot\share\interpreter\linkResolver.cpp, line 790]
Event: 8.050 Thread 0x0000025636468810 Exception <a 'java/lang/NoSuchMethodError'{0x0000000703cf01f0}: 'void java.lang.invoke.DirectMethodHandle$Holder.invokeSpecial(java.lang.Object, java.lang.Object, java.lang.Object, java.lang.Object, java.lang.Object, java.lang.Object, java.lang.Object)'> (0x0000000703cf01f0) 
thrown [t:\workspace\open\src\hotspot\share\interpreter\linkResolver.cpp, line 790]
Event: 8.201 Thread 0x0000025634eaf8b0 Exception <a 'java/lang/NoSuchMethodError'{0x0000000703973cd8}: 'java.lang.Object java.lang.invoke.DirectMethodHandle$Holder.invokeStaticInit(java.lang.Object, int)'> (0x0000000703973cd8) 
thrown [t:\workspace\open\src\hotspot\share\interpreter\linkResolver.cpp, line 790]
Event: 9.769 Thread 0x00000256355c2b40 Exception <a 'java/lang/NoSuchMethodError'{0x00000007035ae8a0}: fwkIsMainThread> (0x00000007035ae8a0) 
thrown [t:\workspace\open\src\hotspot\share\prims\jni.cpp, line 1176]

Events (20 events):
Event: 9.752 loading class java/util/concurrent/Executors$DelegatedExecutorService
Event: 9.752 loading class java/util/concurrent/Executors$DelegatedExecutorService done
Event: 9.752 loading class java/util/concurrent/Executors$DelegatedScheduledExecutorService done
Event: 9.752 loading class java/util/concurrent/ScheduledThreadPoolExecutor
Event: 9.753 loading class java/util/concurrent/ScheduledThreadPoolExecutor done
Event: 9.753 loading class java/util/concurrent/ScheduledThreadPoolExecutor$DelayedWorkQueue
Event: 9.753 loading class java/util/concurrent/ScheduledThreadPoolExecutor$DelayedWorkQueue done
Event: 9.753 loading class java/util/concurrent/RunnableScheduledFuture
Event: 9.753 loading class java/util/concurrent/ScheduledFuture
Event: 9.753 loading class java/util/concurrent/Delayed
Event: 9.753 loading class java/util/concurrent/Delayed done
Event: 9.753 loading class java/util/concurrent/ScheduledFuture done
Event: 9.753 loading class java/util/concurrent/RunnableScheduledFuture done
Event: 9.756 loading class java/net/CookieHandler
Event: 9.756 loading class java/net/CookieHandler done
Event: 9.761 Loaded shared library C:\Program Files\Java\javafx-sdk-16\bin\jfxwebkit.dll
Event: 9.764 loading class java/awt/Composite
Event: 9.764 loading class java/awt/Composite done
Event: 9.764 loading class java/awt/image/RenderedImage
Event: 9.764 loading class java/awt/image/RenderedImage done


Dynamic libraries:
0x00007ff751210000 - 0x00007ff751220000 	C:\Program Files\Java\jdk-16\bin\java.exe
0x00007ff990210000 - 0x00007ff990405000 	C:\WINDOWS\SYSTEM32\ntdll.dll
0x00007ff98e270000 - 0x00007ff98e32e000 	C:\WINDOWS\System32\KERNEL32.DLL
0x00007ff98de30000 - 0x00007ff98e0f8000 	C:\WINDOWS\System32\KERNELBASE.dll
0x00007ff98db40000 - 0x00007ff98dc40000 	C:\WINDOWS\System32\ucrtbase.dll
0x00007ff988680000 - 0x00007ff988698000 	C:\Program Files\Java\jdk-16\bin\jli.dll
0x00007ff98ea60000 - 0x00007ff98eb0c000 	C:\WINDOWS\System32\ADVAPI32.dll
0x00007ff98e920000 - 0x00007ff98e9be000 	C:\WINDOWS\System32\msvcrt.dll
0x00007ff98f0f0000 - 0x00007ff98f18b000 	C:\WINDOWS\System32\sechost.dll
0x00007ff98ef50000 - 0x00007ff98f07a000 	C:\WINDOWS\System32\RPCRT4.dll
0x00007ff98eda0000 - 0x00007ff98ef41000 	C:\WINDOWS\System32\USER32.dll
0x00007ff98db10000 - 0x00007ff98db32000 	C:\WINDOWS\System32\win32u.dll
0x00007ff98f690000 - 0x00007ff98f6bb000 	C:\WINDOWS\System32\GDI32.dll
0x00007ff98dc40000 - 0x00007ff98dd4d000 	C:\WINDOWS\System32\gdi32full.dll
0x00007ff98e100000 - 0x00007ff98e19d000 	C:\WINDOWS\System32\msvcp_win.dll
0x00007ff988660000 - 0x00007ff988679000 	C:\Program Files\Java\jdk-16\bin\VCRUNTIME140.dll
0x00007ff97d1f0000 - 0x00007ff97d48a000 	C:\WINDOWS\WinSxS\amd64_microsoft.windows.common-controls_6595b64144ccf1df_6.0.19041.1110_none_60b5254171f9507e\COMCTL32.dll
0x00007ff9807b0000 - 0x00007ff9807ba000 	C:\WINDOWS\SYSTEM32\VERSION.dll
0x00007ff98f220000 - 0x00007ff98f250000 	C:\WINDOWS\System32\IMM32.DLL
0x00007ff9896a0000 - 0x00007ff9896ac000 	C:\Program Files\Java\jdk-16\bin\vcruntime140_1.dll
0x00007ff988520000 - 0x00007ff9885b1000 	C:\Program Files\Java\jdk-16\bin\msvcp140.dll
0x00007ff928860000 - 0x00007ff92940b000 	C:\Program Files\Java\jdk-16\bin\server\jvm.dll
0x00007ff98ea50000 - 0x00007ff98ea58000 	C:\WINDOWS\System32\PSAPI.DLL
0x00007ff987df0000 - 0x00007ff987df9000 	C:\WINDOWS\SYSTEM32\WSOCK32.dll
0x00007ff98f080000 - 0x00007ff98f0eb000 	C:\WINDOWS\System32\WS2_32.dll
0x00007ff97d490000 - 0x00007ff97d4b7000 	C:\WINDOWS\SYSTEM32\WINMM.dll
0x00007ff98b7d0000 - 0x00007ff98b7e2000 	C:\WINDOWS\SYSTEM32\kernel.appcore.dll
0x00007ff989650000 - 0x00007ff98965a000 	C:\Program Files\Java\jdk-16\bin\jimage.dll
0x00007ff979d20000 - 0x00007ff979f04000 	C:\WINDOWS\SYSTEM32\DBGHELP.DLL
0x00007ff979980000 - 0x00007ff9799ac000 	C:\WINDOWS\SYSTEM32\dbgcore.DLL
0x00007ff98d920000 - 0x00007ff98d9a3000 	C:\WINDOWS\System32\bcryptPrimitives.dll
0x00007ff9894f0000 - 0x00007ff9894fe000 	C:\Program Files\Java\jdk-16\bin\instrument.dll
0x00007ff9884f0000 - 0x00007ff988515000 	C:\Program Files\Java\jdk-16\bin\java.dll
0x00007ff98f6c0000 - 0x00007ff98fe04000 	C:\WINDOWS\System32\SHELL32.dll
0x00007ff98b9d0000 - 0x00007ff98c164000 	C:\WINDOWS\SYSTEM32\windows.storage.dll
0x00007ff98f260000 - 0x00007ff98f5b5000 	C:\WINDOWS\System32\combase.dll
0x00007ff98d290000 - 0x00007ff98d2be000 	C:\WINDOWS\SYSTEM32\Wldp.dll
0x00007ff98e870000 - 0x00007ff98e91d000 	C:\WINDOWS\System32\SHCORE.dll
0x00007ff98fec0000 - 0x00007ff98ff15000 	C:\WINDOWS\System32\shlwapi.dll
0x00007ff98d860000 - 0x00007ff98d87f000 	C:\WINDOWS\SYSTEM32\profapi.dll
0x00007ff9884d0000 - 0x00007ff9884e9000 	C:\Program Files\Java\jdk-16\bin\net.dll
0x00007ff982a40000 - 0x00007ff982b4c000 	C:\WINDOWS\SYSTEM32\WINHTTP.dll
0x00007ff98d070000 - 0x00007ff98d0da000 	C:\WINDOWS\system32\mswsock.dll
0x00007ff97f400000 - 0x00007ff97f413000 	C:\Program Files\Java\jdk-16\bin\nio.dll
0x00007ff97f3e0000 - 0x00007ff97f3f8000 	C:\Program Files\Java\jdk-16\bin\zip.dll
0x00007ff97f3c0000 - 0x00007ff97f3da000 	C:\Users\yurik\AppData\Local\JetBrains\Toolbox\apps\IDEA-C\ch-0\212.5457.46\bin\breakgen64.dll
0x0000025611ef0000 - 0x0000025611ef3000 	C:\Program Files\Java\javafx-sdk-16\bin\api-ms-win-core-console-l1-1-0.dll
0x0000025634320000 - 0x0000025634323000 	C:\Program Files\Java\javafx-sdk-16\bin\api-ms-win-core-console-l1-2-0.dll
0x0000025634330000 - 0x0000025634333000 	C:\Program Files\Java\javafx-sdk-16\bin\api-ms-win-core-datetime-l1-1-0.dll
0x0000025634340000 - 0x0000025634343000 	C:\Program Files\Java\javafx-sdk-16\bin\api-ms-win-core-debug-l1-1-0.dll
0x0000025634350000 - 0x0000025634353000 	C:\Program Files\Java\javafx-sdk-16\bin\api-ms-win-core-errorhandling-l1-1-0.dll
0x0000025634360000 - 0x0000025634364000 	C:\Program Files\Java\javafx-sdk-16\bin\api-ms-win-core-file-l1-1-0.dll
0x0000025634370000 - 0x0000025634373000 	C:\Program Files\Java\javafx-sdk-16\bin\api-ms-win-core-file-l1-2-0.dll
0x0000025634380000 - 0x0000025634383000 	C:\Program Files\Java\javafx-sdk-16\bin\api-ms-win-core-file-l2-1-0.dll
0x0000025634390000 - 0x0000025634393000 	C:\Program Files\Java\javafx-sdk-16\bin\api-ms-win-core-handle-l1-1-0.dll
0x00000256343a0000 - 0x00000256343a3000 	C:\Program Files\Java\javafx-sdk-16\bin\api-ms-win-core-heap-l1-1-0.dll
0x00000256343b0000 - 0x00000256343b3000 	C:\Program Files\Java\javafx-sdk-16\bin\api-ms-win-core-interlocked-l1-1-0.dll
0x00000256343c0000 - 0x00000256343c3000 	C:\Program Files\Java\javafx-sdk-16\bin\api-ms-win-core-libraryloader-l1-1-0.dll
0x00000256343d0000 - 0x00000256343d3000 	C:\Program Files\Java\javafx-sdk-16\bin\api-ms-win-core-localization-l1-2-0.dll
0x00000256343e0000 - 0x00000256343e3000 	C:\Program Files\Java\javafx-sdk-16\bin\api-ms-win-core-memory-l1-1-0.dll
0x00000256343f0000 - 0x00000256343f3000 	C:\Program Files\Java\javafx-sdk-16\bin\api-ms-win-core-namedpipe-l1-1-0.dll
0x00000256368d0000 - 0x00000256368d3000 	C:\Program Files\Java\javafx-sdk-16\bin\api-ms-win-core-processenvironment-l1-1-0.dll
0x00000256368e0000 - 0x00000256368e3000 	C:\Program Files\Java\javafx-sdk-16\bin\api-ms-win-core-processthreads-l1-1-0.dll
0x00000256368f0000 - 0x00000256368f3000 	C:\Program Files\Java\javafx-sdk-16\bin\api-ms-win-core-processthreads-l1-1-1.dll
0x0000025636900000 - 0x0000025636903000 	C:\Program Files\Java\javafx-sdk-16\bin\api-ms-win-core-profile-l1-1-0.dll
0x0000025636910000 - 0x0000025636913000 	C:\Program Files\Java\javafx-sdk-16\bin\api-ms-win-core-rtlsupport-l1-1-0.dll
0x0000025636920000 - 0x0000025636923000 	C:\Program Files\Java\javafx-sdk-16\bin\api-ms-win-core-string-l1-1-0.dll
0x0000025636930000 - 0x0000025636933000 	C:\Program Files\Java\javafx-sdk-16\bin\api-ms-win-core-synch-l1-1-0.dll
0x0000025636940000 - 0x0000025636943000 	C:\Program Files\Java\javafx-sdk-16\bin\api-ms-win-core-synch-l1-2-0.dll
0x0000025636950000 - 0x0000025636953000 	C:\Program Files\Java\javafx-sdk-16\bin\api-ms-win-core-sysinfo-l1-1-0.dll
0x0000025636960000 - 0x0000025636963000 	C:\Program Files\Java\javafx-sdk-16\bin\api-ms-win-core-timezone-l1-1-0.dll
0x0000025636970000 - 0x0000025636973000 	C:\Program Files\Java\javafx-sdk-16\bin\api-ms-win-core-util-l1-1-0.dll
0x0000025636980000 - 0x0000025636983000 	C:\Program Files\Java\javafx-sdk-16\bin\api-ms-win-crt-conio-l1-1-0.dll
0x0000025636990000 - 0x0000025636994000 	C:\Program Files\Java\javafx-sdk-16\bin\api-ms-win-crt-convert-l1-1-0.dll
0x00000256369a0000 - 0x00000256369a3000 	C:\Program Files\Java\javafx-sdk-16\bin\api-ms-win-crt-environment-l1-1-0.dll
0x00000256369b0000 - 0x00000256369b3000 	C:\Program Files\Java\javafx-sdk-16\bin\api-ms-win-crt-filesystem-l1-1-0.dll
0x00000256369c0000 - 0x00000256369c3000 	C:\Program Files\Java\javafx-sdk-16\bin\api-ms-win-crt-heap-l1-1-0.dll
0x00000256369d0000 - 0x00000256369d3000 	C:\Program Files\Java\javafx-sdk-16\bin\api-ms-win-crt-locale-l1-1-0.dll
0x00000256369e0000 - 0x00000256369e5000 	C:\Program Files\Java\javafx-sdk-16\bin\api-ms-win-crt-math-l1-1-0.dll
0x00000256369f0000 - 0x00000256369f5000 	C:\Program Files\Java\javafx-sdk-16\bin\api-ms-win-crt-multibyte-l1-1-0.dll
0x0000025636a00000 - 0x0000025636a10000 	C:\Program Files\Java\javafx-sdk-16\bin\api-ms-win-crt-private-l1-1-0.dll
0x0000025636a10000 - 0x0000025636a13000 	C:\Program Files\Java\javafx-sdk-16\bin\api-ms-win-crt-process-l1-1-0.dll
0x0000025636a20000 - 0x0000025636a24000 	C:\Program Files\Java\javafx-sdk-16\bin\api-ms-win-crt-runtime-l1-1-0.dll
0x0000025636a30000 - 0x0000025636a34000 	C:\Program Files\Java\javafx-sdk-16\bin\api-ms-win-crt-stdio-l1-1-0.dll
0x0000025636a40000 - 0x0000025636a44000 	C:\Program Files\Java\javafx-sdk-16\bin\api-ms-win-crt-string-l1-1-0.dll
0x0000025636a50000 - 0x0000025636a53000 	C:\Program Files\Java\javafx-sdk-16\bin\api-ms-win-crt-time-l1-1-0.dll
0x0000025636a60000 - 0x0000025636a63000 	C:\Program Files\Java\javafx-sdk-16\bin\api-ms-win-crt-utility-l1-1-0.dll
0x00007ff947b50000 - 0x00007ff947c4c000 	C:\Program Files\Java\javafx-sdk-16\bin\ucrtbase.dll
0x00007ff97f3a0000 - 0x00007ff97f3b9000 	C:\Program Files\Java\javafx-sdk-16\bin\vcruntime140.dll
0x00007ff9864a0000 - 0x00007ff9864ac000 	C:\Program Files\Java\javafx-sdk-16\bin\vcruntime140_1.dll
0x00007ff947ab0000 - 0x00007ff947b41000 	C:\Program Files\Java\javafx-sdk-16\bin\msvcp140.dll
0x00007ff97f370000 - 0x00007ff97f397000 	C:\Program Files\Java\javafx-sdk-16\bin\prism_d3d.dll
0x00007ff92deb0000 - 0x00007ff92e080000 	C:\WINDOWS\system32\d3d9.dll
0x00007ff98b4e0000 - 0x00007ff98b50f000 	C:\WINDOWS\SYSTEM32\dwmapi.dll
0x00007ff98b250000 - 0x00007ff98b2ee000 	C:\WINDOWS\system32\uxtheme.dll
0x00007ff929b70000 - 0x00007ff92c0ad000 	C:\WINDOWS\SYSTEM32\igdumdim64.dll
0x00007ff98f5c0000 - 0x00007ff98f68d000 	C:\WINDOWS\System32\OLEAUT32.dll
0x00007ff98ff20000 - 0x00007ff99004a000 	C:\WINDOWS\System32\ole32.dll
0x00007ff98e3f0000 - 0x00007ff98e862000 	C:\WINDOWS\System32\SETUPAPI.dll
0x00007ff98e200000 - 0x00007ff98e24e000 	C:\WINDOWS\System32\cfgmgr32.dll
0x00007ff98de00000 - 0x00007ff98de27000 	C:\WINDOWS\System32\bcrypt.dll
0x00007ff94a650000 - 0x00007ff94a692000 	C:\Program Files\Java\javafx-sdk-16\bin\glass.dll
0x00007ff98eb10000 - 0x00007ff98ebea000 	C:\WINDOWS\System32\COMDLG32.dll
0x00007ff9900b0000 - 0x00007ff9901c5000 	C:\WINDOWS\System32\MSCTF.dll
0x00007ff981bf0000 - 0x00007ff98262f000 	C:\WINDOWS\SYSTEM32\igdusc64.dll
0x00007ff988d70000 - 0x00007ff988dab000 	C:\WINDOWS\SYSTEM32\dxcore.dll
0x00007ff97dfb0000 - 0x00007ff97dfc4000 	C:\Program Files\Java\javafx-sdk-16\bin\javafx_font.dll
0x00007ff97fd70000 - 0x00007ff97fff3000 	C:\WINDOWS\SYSTEM32\dwrite.dll
0x00007ff98fe10000 - 0x00007ff98feb9000 	C:\WINDOWS\System32\clbcatq.dll
0x00007ff986a80000 - 0x00007ff986c34000 	C:\WINDOWS\SYSTEM32\WindowsCodecs.dll
0x00007ff97b0c0000 - 0x00007ff97b0fe000 	C:\WINDOWS\system32\dataexchange.dll
0x00007ff98a390000 - 0x00007ff98a5f4000 	C:\WINDOWS\system32\d3d11.dll
0x00007ff98a600000 - 0x00007ff98a7e5000 	C:\WINDOWS\system32\dcomp.dll
0x00007ff98c1d0000 - 0x00007ff98c2c4000 	C:\WINDOWS\system32\dxgi.dll
0x00007ff986f20000 - 0x00007ff987121000 	C:\WINDOWS\system32\twinapi.appcore.dll
0x00007ff9527d0000 - 0x00007ff952804000 	C:\Program Files\Common Files\Microsoft Shared\Ink\rtscom.dll
0x00007ff987af0000 - 0x00007ff987be9000 	C:\WINDOWS\SYSTEM32\textinputframework.dll
0x00007ff98aed0000 - 0x00007ff98afc2000 	C:\WINDOWS\System32\CoreMessaging.dll
0x00007ff98ab70000 - 0x00007ff98aece000 	C:\WINDOWS\System32\CoreUIComponents.dll
0x00007ff989810000 - 0x00007ff989964000 	C:\WINDOWS\SYSTEM32\wintypes.dll
0x00007ff98c5d0000 - 0x00007ff98c603000 	C:\WINDOWS\SYSTEM32\ntmarta.dll
0x00007ff97f650000 - 0x00007ff97f65e000 	C:\Program Files\Java\jdk-16\bin\sunmscapi.dll
0x00007ff98d9b0000 - 0x00007ff98db06000 	C:\WINDOWS\System32\CRYPT32.dll
0x00007ff98d300000 - 0x00007ff98d327000 	C:\WINDOWS\SYSTEM32\ncrypt.dll
0x00007ff98d2c0000 - 0x00007ff98d2fb000 	C:\WINDOWS\SYSTEM32\NTASN1.dll
0x00007ff98d5f0000 - 0x00007ff98d608000 	C:\WINDOWS\SYSTEM32\CRYPTSP.dll
0x00007ff98c9a0000 - 0x00007ff98c9d4000 	C:\WINDOWS\system32\rsaenh.dll
0x00007ff98d820000 - 0x00007ff98d84e000 	C:\WINDOWS\SYSTEM32\USERENV.dll

dbghelp: loaded successfully - version: 4.0.5 - missing functions: none
symbol engine: initialized successfully - sym options: 0x614 - pdb path: .;C:\Program Files\Java\jdk-16\bin;C:\WINDOWS\SYSTEM32;C:\WINDOWS\WinSxS\amd64_microsoft.windows.common-controls_6595b64144ccf1df_6.0.19041.1110_none_60b5254171f9507e;C:\Program Files\Java\jdk-16\bin\server;C:\Users\yurik\AppData\Local\JetBrains\Toolbox\apps\IDEA-C\ch-0\212.5457.46\bin;C:\Program Files\Java\javafx-sdk-16\bin;C:\Program Files\Common Files\Microsoft Shared\Ink

VM Arguments:
jvm_args: -javaagent:C:\Users\yurik\AppData\Local\JetBrains\Toolbox\apps\IDEA-C\ch-0\212.5457.46\lib\idea_rt.jar=54525:C:\Users\yurik\AppData\Local\JetBrains\Toolbox\apps\IDEA-C\ch-0\212.5457.46\bin -Dfile.encoding=UTF-8 --module-path=C:\Users\yurik\.m2\repository\org\openjfx\javafx-fxml\16\javafx-fxml-16-win.jar;C:\Program Files\Java\javafx-sdk-16\lib\javafx.controls.jar;C:\Users\yurik\.m2\repository\org\openjfx\javafx-media\11.0.2\javafx-media-11.0.2-win.jar;C:\Users\yurik\.m2\repository\org\openjfx\javafx-controls\16\javafx-controls-16-win.jar;C:\Program Files\Java\javafx-sdk-16\lib\javafx.graphics.jar;C:\Users\yurik\.m2\repository\com\google\code\gson\gson\2.8.9\gson-2.8.9.jar;C:\Users\yurik\.m2\repository\org\openjfx\javafx-graphics\16\javafx-graphics-16-win.jar;C:\Program Files\Java\javafx-sdk-16\lib\javafx.media.jar;C:\Users\yurik\.m2\repository\org\openjfx\javafx-base\16\javafx-base-16-win.jar;C:\Program Files\Java\javafx-sdk-16\lib\javafx.fxml.jar;C:\Program Files\Java\javafx-sdk-16\lib\javafx.base.jar;C:\Users\yurik\IdeaProjects\F21COMP1011S1Assignment2\target\classes;C:\Users\yurik\.m2\repository\org\openjfx\javafx-web\11.0.2\javafx-web-11.0.2-win.jar;C:\Program Files\Java\javafx-sdk-16\lib\javafx.web.jar -Djdk.module.main=com.example.f21comp1011s1assignment2 
java_command: com.example.f21comp1011s1assignment2/com.example.f21comp1011s1assignment2.Main --module-path C:\Program Files\Java\javafx-sdk-16\lib --add-modules javafx.controls,javafx.fxml
java_class_path (initial): C:\Users\yurik\.m2\repository\org\openjfx\javafx-controls\16\javafx-controls-16.jar;C:\Users\yurik\.m2\repository\org\openjfx\javafx-graphics\16\javafx-graphics-16.jar;C:\Users\yurik\.m2\repository\org\openjfx\javafx-base\16\javafx-base-16.jar;C:\Users\yurik\.m2\repository\org\openjfx\javafx-fxml\16\javafx-fxml-16.jar;C:\Users\yurik\.m2\repository\org\openjfx\javafx-web\11.0.2\javafx-web-11.0.2.jar;C:\Users\yurik\.m2\repository\org\openjfx\javafx-media\11.0.2\javafx-media-11.0.2.jar;C:\Program Files\Java\javafx-sdk-16\lib\src.zip;C:\Program Files\Java\javafx-sdk-16\lib\javafx-swt.jar;C:\Program Files\Java\javafx-sdk-16\lib\javafx.swing.jar
Launcher Type: SUN_STANDARD

[Global flags]
     intx CICompilerCount                          = 3                                         {product} {ergonomic}
     uint ConcGCThreads                            = 1                                         {product} {ergonomic}
     uint G1ConcRefinementThreads                  = 4                                         {product} {ergonomic}
   size_t G1HeapRegionSize                         = 2097152                                   {product} {ergonomic}
    uintx GCDrainStackTargetSize                   = 64                                        {product} {ergonomic}
   size_t InitialHeapSize                          = 268435456                                 {product} {ergonomic}
   size_t MarkStackSize                            = 4194304                                   {product} {ergonomic}
   size_t MaxHeapSize                              = 4271898624                                {product} {ergonomic}
   size_t MaxNewSize                               = 2562719744                                {product} {ergonomic}
   size_t MinHeapDeltaBytes                        = 2097152                                   {product} {ergonomic}
   size_t MinHeapSize                              = 8388608                                   {product} {ergonomic}
    uintx NonNMethodCodeHeapSize                   = 5832780                                {pd product} {ergonomic}
    uintx NonProfiledCodeHeapSize                  = 122912730                              {pd product} {ergonomic}
    uintx ProfiledCodeHeapSize                     = 122912730                              {pd product} {ergonomic}
    uintx ReservedCodeCacheSize                    = 251658240                              {pd product} {ergonomic}
     bool SegmentedCodeCache                       = true                                      {product} {ergonomic}
   size_t SoftMaxHeapSize                          = 4271898624                             {manageable} {ergonomic}
     bool UseCompressedClassPointers               = true                           {product lp64_product} {ergonomic}
     bool UseCompressedOops                        = true                           {product lp64_product} {ergonomic}
     bool UseG1GC                                  = true                                      {product} {ergonomic}
     bool UseLargePagesIndividualAllocation        = false                                  {pd product} {ergonomic}

Logging:
Log output configuration:
 #0: stdout all=warning uptime,level,tags
 #1: stderr all=off uptime,level,tags

Environment Variables:
JAVA_HOME=C:\Program Files\Java\jdk-15.0.1
PATH=C:\Program Files\Eclipse Foundation\jdk-8.0.302.8-hotspot\bin;C:\Program Files\Common Files\Oracle\Java\javapath;C:\WINDOWS\system32;C:\WINDOWS;C:\WINDOWS\System32\Wbem;C:\WINDOWS\System32\WindowsPowerShell\v1.0\;C:\WINDOWS\System32\OpenSSH\;C:\Program Files\Java\jdk-15\bin;"C:\Program Files\Git\bin;";"C:\Users\yurik\AppData\Local\Programs\Microsoft VS Code\bin;";"C:\Users\yurik\Desktop\github\gittest;C:\Program Files\Java\jdk-15.0.1\bin;C:\Program Files\Microsoft SQL Server\130\Tools\Binn\;C:\Program Files\Microsoft SQL Server\Client SDK\ODBC\170\Tools\Binn\;C:\Program Files (x86)\Incredibuild;C:\Program Files\nodejs\";C:\Program Files\nodejs;C:\Program Files\dotnet\;C:\Program Files (x86)\Microsoft SQL Server\150\Tools\Binn\;C:\Program Files\Microsoft SQL Server\150\Tools\Binn\;C:\Program Files\Microsoft SQL Server\150\DTS\Binn\;C:\Program Files (x86)\Microsoft SQL Server\150\DTS\Binn\;C:\Program Files\Azure Data Studio\bin;C:\Program Files\Git\cmd;C:\Program Files\MySQL\MySQL Shell 8.0\bin\;C:\Users\yurik\AppData\Local\Microsoft\WindowsApps;C:\Users\yurik\AppData\Local\Programs\Microsoft VS Code\bin;C:\Users\yurik\AppData\Local\GitHubDesktop\bin;C:\Users\yurik\AppData\Roaming\npm;C:\Program Files\nodejs;C:\Users\yurik\.dotnet\tools;C:\Program Files\Azure Data Studio\bin
USERNAME=yurik
OS=Windows_NT
PROCESSOR_IDENTIFIER=Intel64 Family 6 Model 69 Stepping 1, GenuineIntel



---------------  S Y S T E M  ---------------

OS:
 Windows 10 , 64 bit Build 19041 (10.0.19041.1348)
OS uptime: 1 days 1:27 hours
Hyper-V role detected

CPU: total 4 (initial active 4) (2 cores per cpu, 2 threads per core) family 6 model 69 stepping 1 microcode 0x25, cx8, cmov, fxsr, ht, mmx, sse, sse2, sse3, ssse3, sse4.1, sse4.2, popcnt, lzcnt, tsc, tscinvbit, avx, avx2, aes, erms, clmul, bmi1, bmi2, fma, vzeroupper, clflush, hv

Memory: 4k page, system-wide physical 16289M (8135M free)
TotalPageFile size 18721M (AvailPageFile size 9735M)
current process WorkingSet (physical memory assigned to process): 164M, peak: 167M
current process commit charge ("private bytes"): 228M, peak: 422M

vm_info: Java HotSpot(TM) 64-Bit Server VM (16+36-2231) for windows-amd64 JRE (16+36-2231), built on Feb  8 2021 11:43:10 by "mach5one" with MS VC++ 16.7 (VS2019)

END.
