#
# A fatal error has been detected by the Java Runtime Environment:
#
#  EXCEPTION_ACCESS_VIOLATION (0xc0000005) at pc=0x00007ff93cd0572c, pid=11620, tid=8776
#
# JRE version: Java(TM) SE Runtime Environment (16.0+36) (build 16+36-2231)
# Java VM: Java HotSpot(TM) 64-Bit Server VM (16+36-2231, mixed mode, sharing, tiered, compressed oops, g1 gc, windows-amd64)
# Problematic frame:
# V  [jvm.dll+0x3d572c]
#
# No core dump will be written. Minidumps are not enabled by default on client versions of Windows
#
# If you would like to submit a bug report, please visit:
#   https://bugreport.java.com/bugreport/crash.jsp
#

---------------  S U M M A R Y ------------

Command Line: -javaagent:C:\Users\yurik\AppData\Local\JetBrains\Toolbox\apps\IDEA-C\ch-0\212.5457.46\lib\idea_rt.jar=58413:C:\Users\yurik\AppData\Local\JetBrains\Toolbox\apps\IDEA-C\ch-0\212.5457.46\bin -Dfile.encoding=UTF-8 --module-path=C:\Program Files\Java\javafx-sdk-16\lib\javafx.media.jar;C:\Users\yurik\.m2\repository\org\openjfx\javafx-controls\16\javafx-controls-16-win.jar;C:\Program Files\Java\javafx-sdk-16\lib\javafx.graphics.jar;C:\Users\yurik\.m2\repository\org\openjfx\javafx-web\11.0.2\javafx-web-11.0.2-win.jar;C:\Users\yurik\IdeaProjects\F21COMP1011S1Assignment2\target\classes;C:\Users\yurik\.m2\repository\org\openjfx\javafx-base\16\javafx-base-16-win.jar;C:\Users\yurik\.m2\repository\org\openjfx\javafx-fxml\16\javafx-fxml-16-win.jar;C:\Program Files\Java\javafx-sdk-16\lib\javafx.controls.jar;C:\Program Files\Java\javafx-sdk-16\lib\javafx.web.jar;C:\Program Files\Java\javafx-sdk-16\lib\javafx.base.jar;C:\Users\yurik\.m2\repository\org\openjfx\javafx-graphics\16\javafx-graphics-16-win.jar;C:\Program Files\Java\javafx-sdk-16\lib\javafx.fxml.jar;C:\Users\yurik\.m2\repository\org\openjfx\javafx-media\11.0.2\javafx-media-11.0.2-win.jar;C:\Users\yurik\.m2\repository\com\google\code\gson\gson\2.8.9\gson-2.8.9.jar -Djdk.module.main=com.example.f21comp1011s1assignment2 com.example.f21comp1011s1assignment2/com.example.f21comp1011s1assignment2.Main --module-path C:\Program Files\Java\javafx-sdk-16\lib --add-modules javafx.controls,javafx.fxml

Host: Intel(R) Core(TM) i7-4600U CPU @ 2.10GHz, 4 cores, 15G,  Windows 10 , 64 bit Build 19041 (10.0.19041.1348)
Time: Sat Nov 27 21:56:46 2021 Pacific Standard Time elapsed time: 20.902362 seconds (0d 0h 0m 20s)

---------------  T H R E A D  ---------------

Current thread (0x0000022c739a08b0):  JavaThread "JavaFX Application Thread" [_thread_in_vm, id=8776, stack(0x000000f1faa00000,0x000000f1fab00000)]

Stack: [0x000000f1faa00000,0x000000f1fab00000],  sp=0x000000f1faafaf50,  free space=1003k
Native frames: (J=compiled Java code, j=interpreted, Vv=VM code, C=native code)
V  [jvm.dll+0x3d572c]
C  0x00007ff924746ad0

Java frames: (J=compiled Java code, j=interpreted, Vv=VM code)
j  com.sun.webkit.WebPage.twkCreatePage(Z)J+0 javafx.web
j  com.sun.webkit.WebPage.<init>(Lcom/sun/webkit/WebPageClient;Lcom/sun/webkit/UIClient;Lcom/sun/webkit/PolicyClient;Lcom/sun/webkit/InspectorClient;Lcom/sun/webkit/ThemeClient;Z)V+178 javafx.web
j  javafx.scene.web.WebEngine.<init>(Ljava/lang/String;Z)V+275 javafx.web
j  javafx.scene.web.WebEngine.<init>()V+3 javafx.web
j  javafx.scene.web.WebView.<init>()V+60 javafx.web
j  com.sun.javafx.fxml.builder.web.WebViewBuilder.build()Ljavafx/scene/web/WebView;+4 javafx.web
v  ~StubRoutines::call_stub
J 4405  jdk.internal.reflect.NativeMethodAccessorImpl.invoke0(Ljava/lang/reflect/Method;Ljava/lang/Object;[Ljava/lang/Object;)Ljava/lang/Object; java.base@16 (0 bytes) @ 0x0000022c5fbc3fcf [0x0000022c5fbc3f40+0x000000000000008f]
J 4404 c1 jdk.internal.reflect.NativeMethodAccessorImpl.invoke(Ljava/lang/Object;[Ljava/lang/Object;)Ljava/lang/Object; java.base@16 (150 bytes) @ 0x0000022c58d31f3c [0x0000022c58d312c0+0x0000000000000c7c]
J 1291 c1 jdk.internal.reflect.DelegatingMethodAccessorImpl.invoke(Ljava/lang/Object;[Ljava/lang/Object;)Ljava/lang/Object; java.base@16 (10 bytes) @ 0x0000022c586b954c [0x0000022c586b9440+0x000000000000010c]
J 1273 c1 java.lang.reflect.Method.invoke(Ljava/lang/Object;[Ljava/lang/Object;)Ljava/lang/Object; java.base@16 (65 bytes) @ 0x0000022c586b4f4c [0x0000022c586b4c00+0x000000000000034c]
j  javafx.fxml.JavaFXBuilderFactory$ObjectBuilderWrapper$ObjectBuilder.build()Ljava/lang/Object;+71 javafx.fxml
j  javafx.fxml.FXMLLoader$ValueElement.processEndElement()V+24 javafx.fxml
j  javafx.fxml.FXMLLoader.processEndElement()V+4 javafx.fxml
j  javafx.fxml.FXMLLoader.loadImpl(Ljava/io/InputStream;Ljava/lang/Class;)Ljava/lang/Object;+214 javafx.fxml
j  javafx.fxml.FXMLLoader.loadImpl(Ljava/lang/Class;)Ljava/lang/Object;+31 javafx.fxml
j  javafx.fxml.FXMLLoader.load()Ljava/lang/Object;+17 javafx.fxml
j  com.example.f21comp1011s1assignment2.Utilities.SceneChanger.change(Ljavafx/event/ActionEvent;Ljava/lang/String;Ljava/lang/String;Lcom/example/f21comp1011s1assignment2/Models/Article;)V+21 com.example.f21comp1011s1assignment2
j  com.example.f21comp1011s1assignment2.Controllers.NewsSearchViewController.viewThisArticle(Ljavafx/event/ActionEvent;)V+20 com.example.f21comp1011s1assignment2
v  ~StubRoutines::call_stub
j  jdk.internal.reflect.NativeMethodAccessorImpl.invoke0(Ljava/lang/reflect/Method;Ljava/lang/Object;[Ljava/lang/Object;)Ljava/lang/Object;+0 java.base@16
j  jdk.internal.reflect.NativeMethodAccessorImpl.invoke(Ljava/lang/Object;[Ljava/lang/Object;)Ljava/lang/Object;+146 java.base@16
J 1291 c1 jdk.internal.reflect.DelegatingMethodAccessorImpl.invoke(Ljava/lang/Object;[Ljava/lang/Object;)Ljava/lang/Object; java.base@16 (10 bytes) @ 0x0000022c586b954c [0x0000022c586b9440+0x000000000000010c]
J 1273 c1 java.lang.reflect.Method.invoke(Ljava/lang/Object;[Ljava/lang/Object;)Ljava/lang/Object; java.base@16 (65 bytes) @ 0x0000022c586b4f4c [0x0000022c586b4c00+0x000000000000034c]
j  com.sun.javafx.reflect.Trampoline.invoke(Ljava/lang/reflect/Method;Ljava/lang/Object;[Ljava/lang/Object;)Ljava/lang/Object;+7
j  jdk.internal.reflect.GeneratedMethodAccessor2.invoke(Ljava/lang/Object;[Ljava/lang/Object;)Ljava/lang/Object;+40
J 1291 c1 jdk.internal.reflect.DelegatingMethodAccessorImpl.invoke(Ljava/lang/Object;[Ljava/lang/Object;)Ljava/lang/Object; java.base@16 (10 bytes) @ 0x0000022c586b954c [0x0000022c586b9440+0x000000000000010c]
J 1273 c1 java.lang.reflect.Method.invoke(Ljava/lang/Object;[Ljava/lang/Object;)Ljava/lang/Object; java.base@16 (65 bytes) @ 0x0000022c586b4f4c [0x0000022c586b4c00+0x000000000000034c]
j  com.sun.javafx.reflect.MethodUtil.invoke(Ljava/lang/reflect/Method;Ljava/lang/Object;[Ljava/lang/Object;)Ljava/lang/Object;+20 javafx.base
j  com.sun.javafx.fxml.MethodHelper.invoke(Ljava/lang/reflect/Method;Ljava/lang/Object;[Ljava/lang/Object;)Ljava/lang/Object;+142 javafx.fxml
j  javafx.fxml.FXMLLoader$MethodHandler.invoke([Ljava/lang/Object;)V+19 javafx.fxml
j  javafx.fxml.FXMLLoader$ControllerMethodEventHandler.handle(Ljavafx/event/Event;)V+12 javafx.fxml
J 4331 c2 com.sun.javafx.event.EventHandlerManager.dispatchBubblingEvent(Ljavafx/event/EventType;Ljavafx/event/Event;)Ljavafx/event/Event; javafx.base (41 bytes) @ 0x0000022c5fbc1684 [0x0000022c5fbc1400+0x0000000000000284]
J 2729 c1 com.sun.javafx.event.EventHandlerManager.dispatchBubblingEvent(Ljavafx/event/Event;)Ljavafx/event/Event; javafx.base (23 bytes) @ 0x0000022c5896b13c [0x0000022c5896afe0+0x000000000000015c]
J 2728 c1 com.sun.javafx.event.CompositeEventDispatcher.dispatchBubblingEvent(Ljavafx/event/Event;)Ljavafx/event/Event; javafx.base (35 bytes) @ 0x0000022c5896b834 [0x0000022c5896b660+0x00000000000001d4]
J 2397 c1 com.sun.javafx.event.BasicEventDispatcher.dispatchEvent(Ljavafx/event/Event;Ljavafx/event/EventDispatchChain;)Ljavafx/event/Event; javafx.base (44 bytes) @ 0x0000022c588c0adc [0x0000022c588c0780+0x000000000000035c]
J 2168 c1 com.sun.javafx.event.EventDispatchChainImpl.dispatchEvent(Ljavafx/event/Event;)Ljavafx/event/Event; javafx.base (101 bytes) @ 0x0000022c5886c7ac [0x0000022c5886c5e0+0x00000000000001cc]
J 2397 c1 com.sun.javafx.event.BasicEventDispatcher.dispatchEvent(Ljavafx/event/Event;Ljavafx/event/EventDispatchChain;)Ljavafx/event/Event; javafx.base (44 bytes) @ 0x0000022c588c09ec [0x0000022c588c0780+0x000000000000026c]
J 2168 c1 com.sun.javafx.event.EventDispatchChainImpl.dispatchEvent(Ljavafx/event/Event;)Ljavafx/event/Event; javafx.base (101 bytes) @ 0x0000022c5886c7ac [0x0000022c5886c5e0+0x00000000000001cc]
J 2397 c1 com.sun.javafx.event.BasicEventDispatcher.dispatchEvent(Ljavafx/event/Event;Ljavafx/event/EventDispatchChain;)Ljavafx/event/Event; javafx.base (44 bytes) @ 0x0000022c588c09ec [0x0000022c588c0780+0x000000000000026c]
J 2168 c1 com.sun.javafx.event.EventDispatchChainImpl.dispatchEvent(Ljavafx/event/Event;)Ljavafx/event/Event; javafx.base (101 bytes) @ 0x0000022c5886c7ac [0x0000022c5886c5e0+0x00000000000001cc]
J 3707 c1 com.sun.javafx.event.EventUtil.fireEvent(Ljavafx/event/EventTarget;Ljavafx/event/Event;)Ljavafx/event/Event; javafx.base (81 bytes) @ 0x0000022c58b7060c [0x0000022c58b6f8a0+0x0000000000000d6c]
J 3706 c1 javafx.event.Event.fireEvent(Ljavafx/event/EventTarget;Ljavafx/event/Event;)V javafx.base (35 bytes) @ 0x0000022c58b6f224 [0x0000022c58b6f160+0x00000000000000c4]
j  javafx.scene.Node.fireEvent(Ljavafx/event/Event;)V+86 javafx.graphics
j  javafx.scene.control.Button.fire()V+15 javafx.controls
j  com.sun.javafx.scene.control.behavior.ButtonBehavior.mouseReleased(Ljavafx/scene/input/MouseEvent;)V+27 javafx.controls
j  com.sun.javafx.scene.control.behavior.ButtonBehavior$$Lambda$573+0x0000000800e55220.handle(Ljavafx/event/Event;)V+8 javafx.controls
j  com.sun.javafx.scene.control.inputmap.InputMap.handle(Ljavafx/event/Event;)V+61 javafx.controls
j  com.sun.javafx.scene.control.inputmap.InputMap$$Lambda$295+0x0000000800dc9918.handle(Ljavafx/event/Event;)V+5 javafx.controls
J 3831 c1 com.sun.javafx.event.CompositeEventHandler$NormalEventHandlerRecord.handleBubblingEvent(Ljavafx/event/Event;)V javafx.base (11 bytes) @ 0x0000022c58bdf04c [0x0000022c58bdef40+0x000000000000010c]
J 4331 c2 com.sun.javafx.event.EventHandlerManager.dispatchBubblingEvent(Ljavafx/event/EventType;Ljavafx/event/Event;)Ljavafx/event/Event; javafx.base (41 bytes) @ 0x0000022c5fbc16c0 [0x0000022c5fbc1400+0x00000000000002c0]
J 2729 c1 com.sun.javafx.event.EventHandlerManager.dispatchBubblingEvent(Ljavafx/event/Event;)Ljavafx/event/Event; javafx.base (23 bytes) @ 0x0000022c5896b13c [0x0000022c5896afe0+0x000000000000015c]
J 2728 c1 com.sun.javafx.event.CompositeEventDispatcher.dispatchBubblingEvent(Ljavafx/event/Event;)Ljavafx/event/Event; javafx.base (35 bytes) @ 0x0000022c5896b834 [0x0000022c5896b660+0x00000000000001d4]
J 2397 c1 com.sun.javafx.event.BasicEventDispatcher.dispatchEvent(Ljavafx/event/Event;Ljavafx/event/EventDispatchChain;)Ljavafx/event/Event; javafx.base (44 bytes) @ 0x0000022c588c0adc [0x0000022c588c0780+0x000000000000035c]
J 2168 c1 com.sun.javafx.event.EventDispatchChainImpl.dispatchEvent(Ljavafx/event/Event;)Ljavafx/event/Event; javafx.base (101 bytes) @ 0x0000022c5886c7ac [0x0000022c5886c5e0+0x00000000000001cc]
J 2397 c1 com.sun.javafx.event.BasicEventDispatcher.dispatchEvent(Ljavafx/event/Event;Ljavafx/event/EventDispatchChain;)Ljavafx/event/Event; javafx.base (44 bytes) @ 0x0000022c588c09ec [0x0000022c588c0780+0x000000000000026c]
J 2168 c1 com.sun.javafx.event.EventDispatchChainImpl.dispatchEvent(Ljavafx/event/Event;)Ljavafx/event/Event; javafx.base (101 bytes) @ 0x0000022c5886c7ac [0x0000022c5886c5e0+0x00000000000001cc]
J 2397 c1 com.sun.javafx.event.BasicEventDispatcher.dispatchEvent(Ljavafx/event/Event;Ljavafx/event/EventDispatchChain;)Ljavafx/event/Event; javafx.base (44 bytes) @ 0x0000022c588c09ec [0x0000022c588c0780+0x000000000000026c]
J 2168 c1 com.sun.javafx.event.EventDispatchChainImpl.dispatchEvent(Ljavafx/event/Event;)Ljavafx/event/Event; javafx.base (101 bytes) @ 0x0000022c5886c7ac [0x0000022c5886c5e0+0x00000000000001cc]
J 3707 c1 com.sun.javafx.event.EventUtil.fireEvent(Ljavafx/event/EventTarget;Ljavafx/event/Event;)Ljavafx/event/Event; javafx.base (81 bytes) @ 0x0000022c58b7023c [0x0000022c58b6f8a0+0x000000000000099c]
J 3772 c1 javafx.scene.Scene$MouseHandler.process(Ljavafx/scene/input/MouseEvent;Z)V javafx.graphics (783 bytes) @ 0x0000022c58bb5124 [0x0000022c58bb3320+0x0000000000001e04]
J 4340 c1 javafx.scene.Scene$ScenePeerListener.mouseEvent(Ljavafx/event/EventType;DDDDLjavafx/scene/input/MouseButton;ZZZZZZZZZZZ)V javafx.graphics (54 bytes) @ 0x0000022c58d1808c [0x0000022c58d17de0+0x00000000000002ac]
J 3984 c1 com.sun.javafx.tk.quantum.GlassViewEventHandler$MouseEventNotification.run()Ljava/lang/Void; javafx.graphics (703 bytes) @ 0x0000022c58c42c6c [0x0000022c58c41c60+0x000000000000100c]
J 3830 c1 com.sun.javafx.tk.quantum.GlassViewEventHandler$$Lambda$591+0x0000000800e5cd10.get()Ljava/lang/Object; javafx.graphics (8 bytes) @ 0x0000022c58bde70c [0x0000022c58bde440+0x00000000000002cc]
J 3720 c1 com.sun.javafx.tk.quantum.QuantumToolkit.runWithoutRenderLock(Ljava/util/function/Supplier;)Ljava/lang/Object; javafx.graphics (49 bytes) @ 0x0000022c58b83994 [0x0000022c58b83480+0x0000000000000514]
J 3982 c1 com.sun.javafx.tk.quantum.GlassViewEventHandler.handleMouseEvent(Lcom/sun/glass/ui/View;JIIIIIIIZZ)V javafx.graphics (108 bytes) @ 0x0000022c58c410a4 [0x0000022c58c40c20+0x0000000000000484]
J 3981 c1 com.sun.glass.ui.View.handleMouseEvent(JIIIIIIIZZ)V javafx.graphics (34 bytes) @ 0x0000022c58c40814 [0x0000022c58c40640+0x00000000000001d4]
J 3828 c1 com.sun.glass.ui.View.notifyMouse(IIIIIIIZZ)V javafx.graphics (221 bytes) @ 0x0000022c58bdd304 [0x0000022c58bdc420+0x0000000000000ee4]
v  ~StubRoutines::call_stub
j  com.sun.glass.ui.win.WinApplication._runLoop(Ljava/lang/Runnable;)V+0 javafx.graphics
j  com.sun.glass.ui.win.WinApplication.lambda$runLoop$3(ILjava/lang/Runnable;)V+8 javafx.graphics
j  com.sun.glass.ui.win.WinApplication$$Lambda$76+0x0000000800c2dd58.run()V+12 javafx.graphics
j  java.lang.Thread.run()V+11 java.base@16
v  ~StubRoutines::call_stub

siginfo: EXCEPTION_ACCESS_VIOLATION (0xc0000005), reading address 0x0000000000000000


Register to memory mapping:

RIP=0x00007ff93cd0572c jvm.dll
RAX=0x0 is NULL
RBX=0x0000022c739a08b0 is a thread
RCX=0x429fb1a5ca000000 is an unknown value
RDX=0x0000022c72b235b8 is a global jni handle
RSP=0x000000f1faafaf50 is pointing into the stack for thread: 0x0000022c739a08b0
RBP=0x000000f1faafb058 is pointing into the stack for thread: 0x0000022c739a08b0
RSI=0x0000022c739a0bc0 points into unknown readable memory: 0x00007ff93d3a33d0 | d0 33 3a 3d f9 7f 00 00
RDI=0x0000022c72b235b8 is a global jni handle
R8 =0x0 is NULL
R9 =0x000000f1faafb058 is pointing into the stack for thread: 0x0000022c739a08b0
R10=0x00007ff93cd05670 jvm.dll
R11=0x000000f1faafaf48 is pointing into the stack for thread: 0x0000022c739a08b0
R12=0x00000000ffffffff is an unknown value
R13=0x0 is NULL
R14=0x0 is NULL
R15=0x000000f1faafb370 is pointing into the stack for thread: 0x0000022c739a08b0


Registers:
RAX=0x0000000000000000, RBX=0x0000022c739a08b0, RCX=0x429fb1a5ca000000, RDX=0x0000022c72b235b8
RSP=0x000000f1faafaf50, RBP=0x000000f1faafb058, RSI=0x0000022c739a0bc0, RDI=0x0000022c72b235b8
R8 =0x0000000000000000, R9 =0x000000f1faafb058, R10=0x00007ff93cd05670, R11=0x000000f1faafaf48
R12=0x00000000ffffffff, R13=0x0000000000000000, R14=0x0000000000000000, R15=0x000000f1faafb370
RIP=0x00007ff93cd0572c, EFLAGS=0x0000000000010202

Top of Stack: (sp=0x000000f1faafaf50)
0x000000f1faafaf50:   0000022c739a08b0 0000022c739a0bc0
0x000000f1faafaf60:   0000000000000000 0000000000000000
0x000000f1faafaf70:   0000000000000000 0000000000000000
0x000000f1faafaf80:   0000000000000000 0000000000000000
0x000000f1faafaf90:   0000000000000000 0000000000000000
0x000000f1faafafa0:   0000022c739a08b0 0000022c735400f8
0x000000f1faafafb0:   0000000000000498 00007ff93d229290
0x000000f1faafafc0:   0000000000000000 0000000000000000
0x000000f1faafafd0:   0000000000000000 0000000000000000
0x000000f1faafafe0:   0000000000000000 0000000000000000
0x000000f1faafaff0:   00007ff928010e68 00000000ffffffff
0x000000f1faafb000:   0000022c739a0bc0 00007ff924746ad0
0x000000f1faafb010:   0000022c74211020 00007ff927fc5020
0x000000f1faafb020:   0000022c747af830 00007ff99cb2fde6
0x000000f1faafb030:   00007ff927fc5020 00007ff925e8662e
0x000000f1faafb040:   0000022c747af830 0000000000000000 

Instructions: (pc=0x00007ff93cd0572c)
0x00007ff93cd0562c:   00 07 00 00 00 e8 da 3f 28 00 48 8b 83 18 01 00
0x00007ff93cd0563c:   00 48 8b bc 24 d0 00 00 00 a8 01 74 08 48 8b cb
0x00007ff93cd0564c:   e8 1f 40 2f 00 0f 28 c6 c7 83 80 03 00 00 04 00
0x00007ff93cd0565c:   00 00 0f 28 b4 24 b0 00 00 00 48 81 c4 e0 00 00
0x00007ff93cd0566c:   00 5b c3 cc 48 89 5c 24 08 48 89 6c 24 10 48 89
0x00007ff93cd0567c:   74 24 18 57 41 54 41 56 48 81 ec a0 00 00 00 8b
0x00007ff93cd0568c:   81 88 00 00 00 48 8d 99 f0 fc ff ff 05 55 21 ff
0x00007ff93cd0569c:   ff 49 8b e9 4d 8b f0 48 8b fa 48 8b f1 83 f8 01
0x00007ff93cd056ac:   76 0a 48 8b cb e8 9a 3d 3a 00 33 db c7 83 80 03
0x00007ff93cd056bc:   00 00 05 00 00 00 e8 49 3f 28 00 48 8b 03 48 8b
0x00007ff93cd056cc:   cb ff 50 38 84 c0 74 0b 48 8b 83 18 01 00 00 24
0x00007ff93cd056dc:   01 eb 0b 8b 05 6b ba 71 00 85 c0 0f 95 c0 84 c0
0x00007ff93cd056ec:   75 0d 8b 83 e8 00 00 00 a9 0c 00 00 20 74 08 48
0x00007ff93cd056fc:   8b cb e8 1d 43 3a 00 c7 83 80 03 00 00 06 00 00
0x00007ff93cd0570c:   00 48 83 7b 08 00 48 89 5c 24 50 48 c7 44 24 58
0x00007ff93cd0571c:   00 00 00 00 74 0a 48 8d 4c 24 50 e8 54 db 2b 00
0x00007ff93cd0572c:   49 8b 16 48 8d 4c 24 70 c7 44 24 40 04 00 00 00
0x00007ff93cd0573c:   e8 3f f7 00 00 48 89 ac 24 98 00 00 00 4c 8d 25
0x00007ff93cd0574c:   d8 3b 52 00 4c 89 64 24 70 40 f6 c7 01 74 0c 48
0x00007ff93cd0575c:   8d 4f ff ff 15 9b b4 69 00 eb 09 48 8b cf ff 15
0x00007ff93cd0576c:   b0 38 69 00 8b 15 e6 30 70 00 48 8b c8 e8 e2 ef
0x00007ff93cd0577c:   27 00 48 8b d3 48 8b c8 4c 8b 00 41 ff 90 b0 00
0x00007ff93cd0578c:   00 00 48 83 7b 08 00 75 35 48 8d 44 24 70 48 89
0x00007ff93cd0579c:   5c 24 30 48 89 44 24 28 48 8d 54 24 40 45 33 c9
0x00007ff93cd057ac:   4c 89 74 24 20 45 33 c0 48 8b ce e8 64 0b 01 00
0x00007ff93cd057bc:   48 83 7b 08 00 75 07 0f b6 74 24 48 eb 03 40 32
0x00007ff93cd057cc:   f6 48 83 7c 24 58 00 4c 89 64 24 70 48 c7 84 24
0x00007ff93cd057dc:   98 00 00 00 00 00 00 00 74 0a 48 8d 4c 24 50 e8
0x00007ff93cd057ec:   30 db 2b 00 48 8b bb 00 01 00 00 48 8b 4f 10 48
0x00007ff93cd057fc:   83 39 00 74 0c 48 8b cf e8 e7 c5 f6 ff 48 8b 4f
0x00007ff93cd0580c:   10 48 8b 47 08 48 89 48 10 48 8b 4f 08 48 8b 47
0x00007ff93cd0581c:   18 48 89 41 18 48 8b 57 08 48 8b 4f 20 48 89 4a 


Stack slot to memory mapping:
stack at sp + 0 slots: 0x0000022c739a08b0 is a thread
stack at sp + 1 slots: 0x0000022c739a0bc0 points into unknown readable memory: 0x00007ff93d3a33d0 | d0 33 3a 3d f9 7f 00 00
stack at sp + 2 slots: 0x0 is NULL
stack at sp + 3 slots: 0x0 is NULL
stack at sp + 4 slots: 0x0 is NULL
stack at sp + 5 slots: 0x0 is NULL
stack at sp + 6 slots: 0x0 is NULL
stack at sp + 7 slots: 0x0 is NULL


---------------  P R O C E S S  ---------------

Threads class SMR info:
_java_thread_list=0x0000022c7357b4e0, length=23, elements={
0x0000022c507808b0, 0x0000022c72b1b8e0, 0x0000022c72b1c6b0, 0x0000022c72b29ca0,
0x0000022c72b2c6c0, 0x0000022c72b2cfd0, 0x0000022c72b2d8e0, 0x0000022c72b2e520,
0x0000022c73518070, 0x0000022c735205c0, 0x0000022c72b00400, 0x0000022c737033e0,
0x0000022c73703900, 0x0000022c74300740, 0x0000022c748b1060, 0x0000022c739a08b0,
0x0000022c739a18a0, 0x0000022c739a0360, 0x0000022c7399e380, 0x0000022c7399fe10,
0x0000022c7472f900, 0x0000022c747308f0, 0x0000022c747318e0
}

Java Threads: ( => current thread )
  0x0000022c507808b0 JavaThread "main" [_thread_blocked, id=9992, stack(0x000000f1f9000000,0x000000f1f9100000)]
  0x0000022c72b1b8e0 JavaThread "Reference Handler" daemon [_thread_blocked, id=8652, stack(0x000000f1f9700000,0x000000f1f9800000)]
  0x0000022c72b1c6b0 JavaThread "Finalizer" daemon [_thread_blocked, id=11420, stack(0x000000f1f9800000,0x000000f1f9900000)]
  0x0000022c72b29ca0 JavaThread "Signal Dispatcher" daemon [_thread_blocked, id=3280, stack(0x000000f1f9900000,0x000000f1f9a00000)]
  0x0000022c72b2c6c0 JavaThread "Attach Listener" daemon [_thread_blocked, id=8788, stack(0x000000f1f9a00000,0x000000f1f9b00000)]
  0x0000022c72b2cfd0 JavaThread "Service Thread" daemon [_thread_blocked, id=16164, stack(0x000000f1f9b00000,0x000000f1f9c00000)]
  0x0000022c72b2d8e0 JavaThread "Monitor Deflation Thread" daemon [_thread_blocked, id=5304, stack(0x000000f1f9c00000,0x000000f1f9d00000)]
  0x0000022c72b2e520 JavaThread "C2 CompilerThread0" daemon [_thread_blocked, id=896, stack(0x000000f1f9d00000,0x000000f1f9e00000)]
  0x0000022c73518070 JavaThread "C1 CompilerThread0" daemon [_thread_blocked, id=11008, stack(0x000000f1f9e00000,0x000000f1f9f00000)]
  0x0000022c735205c0 JavaThread "Sweeper thread" daemon [_thread_blocked, id=11904, stack(0x000000f1f9f00000,0x000000f1fa000000)]
  0x0000022c72b00400 JavaThread "Common-Cleaner" daemon [_thread_blocked, id=16272, stack(0x000000f1fa000000,0x000000f1fa100000)]
  0x0000022c737033e0 JavaThread "Monitor Ctrl-Break" daemon [_thread_in_native, id=3432, stack(0x000000f1fa200000,0x000000f1fa300000)]
  0x0000022c73703900 JavaThread "Notification Thread" daemon [_thread_blocked, id=11984, stack(0x000000f1fa300000,0x000000f1fa400000)]
  0x0000022c74300740 JavaThread "QuantumRenderer-0" daemon [_thread_blocked, id=13788, stack(0x000000f1fa100000,0x000000f1fa200000)]
  0x0000022c748b1060 JavaThread "InvokeLaterDispatcher" daemon [_thread_blocked, id=2672, stack(0x000000f1fa900000,0x000000f1faa00000)]
=>0x0000022c739a08b0 JavaThread "JavaFX Application Thread" [_thread_in_vm, id=8776, stack(0x000000f1faa00000,0x000000f1fab00000)]
  0x0000022c739a18a0 JavaThread "Thread-1" daemon [_thread_in_native, id=8128, stack(0x000000f1fae00000,0x000000f1faf00000)]
  0x0000022c739a0360 JavaThread "JavaFX-Launcher" [_thread_blocked, id=12284, stack(0x000000f1faf00000,0x000000f1fb000000)]
  0x0000022c7399e380 JavaThread "Prism Font Disposer" daemon [_thread_blocked, id=11628, stack(0x000000f1fb400000,0x000000f1fb500000)]
  0x0000022c7399fe10 JavaThread "Cleaner-0" daemon [_thread_blocked, id=8592, stack(0x000000f1fb500000,0x000000f1fb600000)]
  0x0000022c7472f900 JavaThread "HttpClient-1-SelectorManager" daemon [_thread_in_native, id=14704, stack(0x000000f1fb700000,0x000000f1fb800000)]
  0x0000022c747308f0 JavaThread "HttpClient-1-Worker-0" daemon [_thread_blocked, id=4304, stack(0x000000f1fb900000,0x000000f1fba00000)]
  0x0000022c747318e0 JavaThread "HttpClient-1-Worker-1" daemon [_thread_blocked, id=15532, stack(0x000000f1fba00000,0x000000f1fbb00000)]

Other Threads:
  0x0000022c72b18d90 VMThread "VM Thread" [stack: 0x000000f1f9600000,0x000000f1f9700000] [id=11336]
  0x0000022c741f1b50 WatcherThread [stack: 0x000000f1fa400000,0x000000f1fa500000] [id=15572]
  0x0000022c507cfe90 GCTaskThread "GC Thread#0" [stack: 0x000000f1f9100000,0x000000f1f9200000] [id=14692]
  0x0000022c7420d350 GCTaskThread "GC Thread#1" [stack: 0x000000f1fa500000,0x000000f1fa600000] [id=16000]
  0x0000022c73fad070 GCTaskThread "GC Thread#2" [stack: 0x000000f1fa600000,0x000000f1fa700000] [id=15176]
  0x0000022c741f4690 GCTaskThread "GC Thread#3" [stack: 0x000000f1fa700000,0x000000f1fa800000] [id=9532]
  0x0000022c507e2d90 ConcurrentGCThread "G1 Main Marker" [stack: 0x000000f1f9200000,0x000000f1f9300000] [id=7812]
  0x0000022c507e3f30 ConcurrentGCThread "G1 Conc#0" [stack: 0x000000f1f9300000,0x000000f1f9400000] [id=13412]
  0x0000022c5084a230 ConcurrentGCThread "G1 Refine#0" [stack: 0x000000f1f9400000,0x000000f1f9500000] [id=13232]
  0x0000022c74702fc0 ConcurrentGCThread "G1 Refine#1" [stack: 0x000000f1fb600000,0x000000f1fb700000] [id=3732]
  0x0000022c729e20c0 ConcurrentGCThread "G1 Service" [stack: 0x000000f1f9500000,0x000000f1f9600000] [id=15452]

Threads with active compile tasks:

VM state: not at safepoint (normal execution)

VM Mutex/Monitor currently owned by a thread: None

Heap address: 0x0000000701600000, size: 4074 MB, Compressed Oops mode: Zero based, Oop shift amount: 3
CDS archive(s) mapped at: [0x0000000800000000-0x0000000800bb0000-0x0000000800bb0000), size 12255232, SharedBaseAddress: 0x0000000800000000, ArchiveRelocationMode: 0.
Compressed class space mapped at: 0x0000000800c00000-0x0000000840c00000, reserved size: 1073741824
Narrow klass base: 0x0000000800000000, Narrow klass shift: 3, Narrow klass range: 0x100000000

GC Precious Log:
 CPUs: 4 total, 4 available
 Memory: 16289M
 Large Page Support: Disabled
 NUMA Support: Disabled
 Compressed Oops: Enabled (Zero based)
 Heap Region Size: 2M
 Heap Min Capacity: 8M
 Heap Initial Capacity: 256M
 Heap Max Capacity: 4074M
 Pre-touch: Disabled
 Parallel Workers: 4
 Concurrent Workers: 1
 Concurrent Refinement Workers: 4
 Periodic GC: Disabled

Heap:
 garbage-first heap   total 61440K, used 33443K [0x0000000701600000, 0x0000000800000000)
  region size 2048K, 14 young (28672K), 4 survivors (8192K)
 Metaspace       used 27310K, committed 27648K, reserved 1073152K
  class space    used 3613K, committed 3776K, reserved 1048576K

Heap Regions: E=young(eden), S=young(survivor), O=old, HS=humongous(starts), HC=humongous(continues), CS=collection set, F=free, OA=open archive, CA=closed archive, TAMS=top-at-mark-start (previous, next)
|   0|0x0000000701600000, 0x0000000701800000, 0x0000000701800000|100%| O|  |TAMS 0x000000070169ca00, 0x0000000701600000| Untracked 
|   1|0x0000000701800000, 0x0000000701a00000, 0x0000000701a00000|100%|HS|  |TAMS 0x0000000701a00000, 0x0000000701800000| Complete 
|   2|0x0000000701a00000, 0x0000000701a00000, 0x0000000701c00000|  0%| F|  |TAMS 0x0000000701a00000, 0x0000000701a00000| Untracked 
|   3|0x0000000701c00000, 0x0000000701e00000, 0x0000000701e00000|100%|HS|  |TAMS 0x0000000701e00000, 0x0000000701c00000| Complete 
|   4|0x0000000701e00000, 0x0000000701ea8e00, 0x0000000702000000| 32%| O|  |TAMS 0x0000000701e00000, 0x0000000701e00000| Untracked 
|   5|0x0000000702000000, 0x0000000702000000, 0x0000000702200000|  0%| F|  |TAMS 0x0000000702000000, 0x0000000702000000| Untracked 
|   6|0x0000000702200000, 0x0000000702200000, 0x0000000702400000|  0%| F|  |TAMS 0x0000000702200000, 0x0000000702200000| Untracked 
|   7|0x0000000702400000, 0x0000000702400000, 0x0000000702600000|  0%| F|  |TAMS 0x0000000702400000, 0x0000000702400000| Untracked 
|   8|0x0000000702600000, 0x0000000702600000, 0x0000000702800000|  0%| F|  |TAMS 0x0000000702600000, 0x0000000702600000| Untracked 
|   9|0x0000000702800000, 0x0000000702800000, 0x0000000702a00000|  0%| F|  |TAMS 0x0000000702800000, 0x0000000702800000| Untracked 
|  10|0x0000000702a00000, 0x0000000702a00000, 0x0000000702c00000|  0%| F|  |TAMS 0x0000000702a00000, 0x0000000702a00000| Untracked 
|  11|0x0000000702c00000, 0x0000000702c00000, 0x0000000702e00000|  0%| F|  |TAMS 0x0000000702c00000, 0x0000000702c00000| Untracked 
|  12|0x0000000702e00000, 0x0000000702e00000, 0x0000000703000000|  0%| F|  |TAMS 0x0000000702e00000, 0x0000000702e00000| Untracked 
|  13|0x0000000703000000, 0x0000000703000000, 0x0000000703200000|  0%| F|  |TAMS 0x0000000703000000, 0x0000000703000000| Untracked 
|  14|0x0000000703200000, 0x0000000703200000, 0x0000000703400000|  0%| F|  |TAMS 0x0000000703200000, 0x0000000703200000| Untracked 
|  15|0x0000000703400000, 0x0000000703400000, 0x0000000703600000|  0%| F|  |TAMS 0x0000000703400000, 0x0000000703400000| Untracked 
|  16|0x0000000703600000, 0x000000070373e828, 0x0000000703800000| 62%| E|  |TAMS 0x0000000703600000, 0x0000000703600000| Complete 
|  17|0x0000000703800000, 0x0000000703a00000, 0x0000000703a00000|100%| E|CS|TAMS 0x0000000703800000, 0x0000000703800000| Complete 
|  18|0x0000000703a00000, 0x0000000703c00000, 0x0000000703c00000|100%| E|CS|TAMS 0x0000000703a00000, 0x0000000703a00000| Complete 
|  19|0x0000000703c00000, 0x0000000703e00000, 0x0000000703e00000|100%| E|CS|TAMS 0x0000000703c00000, 0x0000000703c00000| Complete 
|  20|0x0000000703e00000, 0x0000000704000000, 0x0000000704000000|100%| E|CS|TAMS 0x0000000703e00000, 0x0000000703e00000| Complete 
|  21|0x0000000704000000, 0x0000000704200000, 0x0000000704200000|100%| E|CS|TAMS 0x0000000704000000, 0x0000000704000000| Complete 
|  22|0x0000000704200000, 0x0000000704400000, 0x0000000704400000|100%| E|CS|TAMS 0x0000000704200000, 0x0000000704200000| Complete 
|  23|0x0000000704400000, 0x0000000704600000, 0x0000000704600000|100%| E|CS|TAMS 0x0000000704400000, 0x0000000704400000| Complete 
|  24|0x0000000704600000, 0x0000000704800000, 0x0000000704800000|100%| E|CS|TAMS 0x0000000704600000, 0x0000000704600000| Complete 
| 100|0x000000070de00000, 0x000000070e000000, 0x000000070e000000|100%| S|CS|TAMS 0x000000070de00000, 0x000000070de00000| Complete 
| 101|0x000000070e000000, 0x000000070e200000, 0x000000070e200000|100%| S|CS|TAMS 0x000000070e000000, 0x000000070e000000| Complete 
| 102|0x000000070e200000, 0x000000070e400000, 0x000000070e400000|100%| S|CS|TAMS 0x000000070e200000, 0x000000070e200000| Complete 
| 103|0x000000070e400000, 0x000000070e600000, 0x000000070e600000|100%| S|CS|TAMS 0x000000070e400000, 0x000000070e400000| Complete 
| 127|0x0000000711400000, 0x0000000711600000, 0x0000000711600000|100%| E|CS|TAMS 0x0000000711400000, 0x0000000711400000| Complete 

Card table byte_map: [0x0000022c676f0000,0x0000022c67ef0000] _byte_map_base: 0x0000022c63ee5000

Marking Bits (Prev, Next): (CMBitMap*) 0x0000022c507d14e0, (CMBitMap*) 0x0000022c507d14a0
 Prev Bits: [0x0000022c6c6a0000, 0x0000022c70648000)
 Next Bits: [0x0000022c686f0000, 0x0000022c6c698000)

Polling page: 0x0000022c4e5e0000

Metaspace:

Usage:
  Non-class:     23.14 MB used.
      Class:      3.53 MB used.
       Both:     26.67 MB used.

Virtual space:
  Non-class space:       24.00 MB reserved,      23.31 MB ( 97%) committed,  3 nodes.
      Class space:        1.00 GB reserved,       3.69 MB ( <1%) committed,  1 nodes.
              Both:        1.02 GB reserved,      27.00 MB (  3%) committed. 

Chunk freelists:
   Non-Class:  448.00 KB
       Class:  288.00 KB
        Both:  736.00 KB

MaxMetaspaceSize: 17179869184.00 GB
CompressedClassSpaceSize: 1.00 GB
 - commit_granule_bytes: 65536.
 - commit_granule_words: 8192.
 - virtual_space_node_default_size: 1048576.
 - enlarge_chunks_in_place: 1.
 - new_chunks_are_fully_committed: 0.
 - uncommit_free_chunks: 1.
 - use_allocation_guard: 0.
 - handle_deallocations: 1.


Internal statistics:

num_allocs_failed_limit: 3.
num_arena_births: 312.
num_arena_deaths: 0.
num_vsnodes_births: 4.
num_vsnodes_deaths: 0.
num_space_committed: 432.
num_space_uncommitted: 0.
num_chunks_returned_to_freelist: 3.
num_chunks_taken_from_freelist: 1087.
num_chunk_merges: 0.
num_chunk_splits: 711.
num_chunks_enlarged: 548.
num_purges: 0.

CodeHeap 'non-profiled nmethods': size=120000Kb used=2071Kb max_used=2071Kb free=117928Kb
 bounds [0x0000022c5f9c0000, 0x0000022c5fc30000, 0x0000022c66ef0000]
CodeHeap 'profiled nmethods': size=120000Kb used=8868Kb max_used=8868Kb free=111131Kb
 bounds [0x0000022c58490000, 0x0000022c58d40000, 0x0000022c5f9c0000]
CodeHeap 'non-nmethods': size=5760Kb used=1538Kb max_used=1558Kb free=4221Kb
 bounds [0x0000022c57ef0000, 0x0000022c58160000, 0x0000022c58490000]
 total_blobs=5335 nmethods=4418 adapters=828
 compilation: enabled
              stopped_count=0, restarted_count=0
 full_count=0

Compilation events (20 events):
Event: 20.681 Thread 0x0000022c73518070 4411       3       java.util.LinkedHashMap$LinkedHashIterator::nextNode (54 bytes)
Event: 20.681 Thread 0x0000022c73518070 nmethod 4411 0x0000022c58d35090 code [0x0000022c58d35260, 0x0000022c58d35678]
Event: 20.681 Thread 0x0000022c73518070 4413       3       java.lang.PublicMethods$MethodList::merge (192 bytes)
Event: 20.682 Thread 0x0000022c73518070 nmethod 4413 0x0000022c58d35810 code [0x0000022c58d35a80, 0x0000022c58d365c8]
Event: 20.682 Thread 0x0000022c73518070 4412       3       java.lang.PublicMethods$MethodList::<init> (10 bytes)
Event: 20.682 Thread 0x0000022c73518070 nmethod 4412 0x0000022c58d36990 code [0x0000022c58d36b40, 0x0000022c58d36cf8]
Event: 20.682 Thread 0x0000022c73518070 4414       3       java.util.LinkedHashMap$LinkedValueIterator::next (8 bytes)
Event: 20.682 Thread 0x0000022c73518070 nmethod 4414 0x0000022c58d36d90 code [0x0000022c58d36f40, 0x0000022c58d37088]
Event: 20.711 Thread 0x0000022c73518070 4415       1       java.util.logging.Logger::getName (5 bytes)
Event: 20.712 Thread 0x0000022c73518070 nmethod 4415 0x0000022c5fbc5710 code [0x0000022c5fbc58a0, 0x0000022c5fbc5978]
Event: 20.712 Thread 0x0000022c72b2e520 4416       4       java.lang.StringConcatHelper::newString (67 bytes)
Event: 20.713 Thread 0x0000022c72b2e520 nmethod 4416 0x0000022c5fbc5a10 code [0x0000022c5fbc5ba0, 0x0000022c5fbc5c98]
Event: 20.774 Thread 0x0000022c73518070 4417       3       java.lang.reflect.Constructor::checkCanSetAccessible (29 bytes)
Event: 20.774 Thread 0x0000022c73518070 nmethod 4417 0x0000022c58d37190 code [0x0000022c58d37360, 0x0000022c58d37658]
Event: 20.776 Thread 0x0000022c73518070 4418       3       java.util.Collections$UnmodifiableCollection::contains (11 bytes)
Event: 20.776 Thread 0x0000022c73518070 nmethod 4418 0x0000022c58d37790 code [0x0000022c58d37940, 0x0000022c58d37b28]
Event: 20.780 Thread 0x0000022c73518070 4419       3       java.lang.invoke.DirectMethodHandle$Holder::invokeStatic (15 bytes)
Event: 20.780 Thread 0x0000022c73518070 nmethod 4419 0x0000022c58d37c10 code [0x0000022c58d37de0, 0x0000022c58d38278]
Event: 20.781 Thread 0x0000022c73518070 4420       3       jdk.internal.loader.NativeLibraries::find (72 bytes)
Event: 20.782 Thread 0x0000022c73518070 nmethod 4420 0x0000022c58d38390 code [0x0000022c58d385c0, 0x0000022c58d38e58]

GC Heap History (6 events):
Event: 0.462 GC heap before
{Heap before GC invocations=0 (full 0):
 garbage-first heap   total 262144K, used 10240K [0x0000000701600000, 0x0000000800000000)
  region size 2048K, 6 young (12288K), 0 survivors (0K)
 Metaspace       used 1030K, committed 1216K, reserved 1056768K
  class space    used 76K, committed 192K, reserved 1048576K
}
Event: 0.467 GC heap after
{Heap after GC invocations=1 (full 0):
 garbage-first heap   total 262144K, used 1530K [0x0000000701600000, 0x0000000800000000)
  region size 2048K, 1 young (2048K), 1 survivors (2048K)
 Metaspace       used 1030K, committed 1216K, reserved 1056768K
  class space    used 76K, committed 192K, reserved 1048576K
}
Event: 1.580 GC heap before
{Heap before GC invocations=1 (full 0):
 garbage-first heap   total 262144K, used 22010K [0x0000000701600000, 0x0000000800000000)
  region size 2048K, 11 young (22528K), 1 survivors (2048K)
 Metaspace       used 8135K, committed 8384K, reserved 1056768K
  class space    used 1012K, committed 1152K, reserved 1048576K
}
Event: 1.587 GC heap after
{Heap after GC invocations=2 (full 0):
 garbage-first heap   total 262144K, used 4722K [0x0000000701600000, 0x0000000800000000)
  region size 2048K, 2 young (4096K), 2 survivors (4096K)
 Metaspace       used 8135K, committed 8384K, reserved 1056768K
  class space    used 1012K, committed 1152K, reserved 1048576K
}
Event: 9.481 GC heap before
{Heap before GC invocations=2 (full 0):
 garbage-first heap   total 262144K, used 51826K [0x0000000701600000, 0x0000000800000000)
  region size 2048K, 24 young (49152K), 2 survivors (4096K)
 Metaspace       used 21050K, committed 21248K, reserved 1073152K
  class space    used 2890K, committed 3008K, reserved 1048576K
}
Event: 9.495 GC heap after
{Heap after GC invocations=3 (full 0):
 garbage-first heap   total 262144K, used 15011K [0x0000000701600000, 0x0000000800000000)
  region size 2048K, 4 young (8192K), 4 survivors (8192K)
 Metaspace       used 21050K, committed 21248K, reserved 1073152K
  class space    used 2890K, committed 3008K, reserved 1048576K
}

Deoptimization events (20 events):
Event: 16.467 Thread 0x0000022c74300740 DEOPT PACKING pc=0x0000022c58beca80 sp=0x000000f1fa1fdb50
Event: 16.467 Thread 0x0000022c74300740 DEOPT UNPACKING pc=0x0000022c57f3dece sp=0x000000f1fa1fd010 mode 0
Event: 16.514 Thread 0x0000022c74300740 DEOPT PACKING pc=0x0000022c58beca80 sp=0x000000f1fa1fc4f0
Event: 16.514 Thread 0x0000022c74300740 DEOPT UNPACKING pc=0x0000022c57f3dece sp=0x000000f1fa1fb9b0 mode 0
Event: 20.670 Thread 0x0000022c739a08b0 Uncommon trap: trap_request=0xffffff45 fr.pc=0x0000022c5fb234d0 relative=0x0000000000000230
Event: 20.670 Thread 0x0000022c739a08b0 Uncommon trap: reason=unstable_if action=reinterpret pc=0x0000022c5fb234d0 method=java.util.regex.Matcher.reset()Ljava/util/regex/Matcher; @ 71 c2
Event: 20.670 Thread 0x0000022c739a08b0 DEOPT PACKING pc=0x0000022c5fb234d0 sp=0x000000f1faafbf50
Event: 20.670 Thread 0x0000022c739a08b0 DEOPT UNPACKING pc=0x0000022c57f3d72e sp=0x000000f1faafbed8 mode 2
Event: 20.670 Thread 0x0000022c739a08b0 Uncommon trap: trap_request=0xffffffde fr.pc=0x0000022c5fb2a4c8 relative=0x0000000000000fe8
Event: 20.670 Thread 0x0000022c739a08b0 Uncommon trap: reason=class_check action=maybe_recompile pc=0x0000022c5fb2a4c8 method=java.util.regex.Pattern$Start.match(Ljava/util/regex/Matcher;ILjava/lang/CharSequence;)Z @ 44 c2
Event: 20.670 Thread 0x0000022c739a08b0 DEOPT PACKING pc=0x0000022c5fb2a4c8 sp=0x000000f1faafb9b0
Event: 20.670 Thread 0x0000022c739a08b0 DEOPT UNPACKING pc=0x0000022c57f3d72e sp=0x000000f1faafb9a0 mode 2
Event: 20.670 Thread 0x0000022c739a08b0 Uncommon trap: trap_request=0xffffffde fr.pc=0x0000022c5fb2a4c8 relative=0x0000000000000fe8
Event: 20.670 Thread 0x0000022c739a08b0 Uncommon trap: reason=class_check action=maybe_recompile pc=0x0000022c5fb2a4c8 method=java.util.regex.Pattern$Start.match(Ljava/util/regex/Matcher;ILjava/lang/CharSequence;)Z @ 44 c2
Event: 20.670 Thread 0x0000022c739a08b0 DEOPT PACKING pc=0x0000022c5fb2a4c8 sp=0x000000f1faafb9b0
Event: 20.670 Thread 0x0000022c739a08b0 DEOPT UNPACKING pc=0x0000022c57f3d72e sp=0x000000f1faafb9a0 mode 2
Event: 20.670 Thread 0x0000022c739a08b0 Uncommon trap: trap_request=0xffffffde fr.pc=0x0000022c5fb2a4c8 relative=0x0000000000000fe8
Event: 20.670 Thread 0x0000022c739a08b0 Uncommon trap: reason=class_check action=maybe_recompile pc=0x0000022c5fb2a4c8 method=java.util.regex.Pattern$Start.match(Ljava/util/regex/Matcher;ILjava/lang/CharSequence;)Z @ 44 c2
Event: 20.670 Thread 0x0000022c739a08b0 DEOPT PACKING pc=0x0000022c5fb2a4c8 sp=0x000000f1faafb9b0
Event: 20.670 Thread 0x0000022c739a08b0 DEOPT UNPACKING pc=0x0000022c57f3d72e sp=0x000000f1faafb9a0 mode 2

Classes unloaded (0 events):
No events

Classes redefined (0 events):
No events

Internal exceptions (20 events):
Event: 9.273 Thread 0x0000022c739a08b0 Exception <a 'sun/nio/fs/WindowsException'{0x000000070ed893e8}> (0x000000070ed893e8) 
thrown [t:\workspace\open\src\hotspot\share\prims\jni.cpp, line 579]
Event: 9.279 Thread 0x0000022c739a08b0 Exception <a 'java/lang/NoSuchMethodError'{0x000000070ed988a0}: 'int java.lang.invoke.DirectMethodHandle$Holder.invokeStatic(java.lang.Object, java.lang.Object, java.lang.Object, java.lang.Object)'> (0x000000070ed988a0) 
thrown [t:\workspace\open\src\hotspot\share\interpreter\linkResolver.cpp, line 790]
Event: 9.279 Thread 0x0000022c739a08b0 Exception <a 'java/lang/NoSuchMethodError'{0x000000070ed9c7d0}: 'int java.lang.invoke.DirectMethodHandle$Holder.invokeStaticInit(java.lang.Object, java.lang.Object, java.lang.Object, java.lang.Object)'> (0x000000070ed9c7d0) 
thrown [t:\workspace\open\src\hotspot\share\interpreter\linkResolver.cpp, line 790]
Event: 9.280 Thread 0x0000022c739a08b0 Exception <a 'java/lang/NoSuchMethodError'{0x000000070eda6760}: 'java.lang.Object java.lang.invoke.DirectMethodHandle$Holder.invokeInterface(java.lang.Object, java.lang.Object)'> (0x000000070eda6760) 
thrown [t:\workspace\open\src\hotspot\share\interpreter\linkResolver.cpp, line 790]
Event: 9.280 Thread 0x0000022c739a08b0 Exception <a 'java/lang/IncompatibleClassChangeError'{0x000000070edaa6a8}: Found class java.lang.Object, but interface was expected> (0x000000070edaa6a8) 
thrown [t:\workspace\open\src\hotspot\share\interpreter\linkResolver.cpp, line 857]
Event: 9.392 Thread 0x0000022c739a08b0 Exception <a 'java/lang/NoSuchMethodError'{0x000000070e72af88}: 'java.lang.Object java.lang.invoke.DirectMethodHandle$Holder.invokeStaticInit(java.lang.Object, int, int, int, int)'> (0x000000070e72af88) 
thrown [t:\workspace\open\src\hotspot\share\interpreter\linkResolver.cpp, line 790]
Event: 9.452 Thread 0x0000022c739a08b0 Exception <a 'java/lang/NoSuchMethodError'{0x000000070e748930}: 'java.lang.Object java.lang.invoke.DirectMethodHandle$Holder.invokeStaticInit(java.lang.Object, java.lang.Object, int, int, int, int)'> (0x000000070e748930) 
thrown [t:\workspace\open\src\hotspot\share\interpreter\linkResolver.cpp, line 790]
Event: 9.506 Thread 0x0000022c739a08b0 Exception <a 'sun/nio/fs/WindowsException'{0x0000000711446448}> (0x0000000711446448) 
thrown [t:\workspace\open\src\hotspot\share\prims\jni.cpp, line 579]
Event: 9.544 Thread 0x0000022c739a08b0 Exception <a 'java/lang/NoSuchMethodError'{0x0000000711500008}: 'java.lang.Object java.lang.invoke.DirectMethodHandle$Holder.invokeSpecial(java.lang.Object, java.lang.Object, java.lang.Object, java.lang.Object, int)'> (0x0000000711500008) 
thrown [t:\workspace\open\src\hotspot\share\interpreter\linkResolver.cpp, line 790]
Event: 9.544 Thread 0x0000022c739a08b0 Exception <a 'java/lang/NoSuchMethodError'{0x0000000711504318}: 'java.lang.Object java.lang.invoke.Invokers$Holder.linkToTargetMethod(java.lang.Object, java.lang.Object, int, java.lang.Object)'> (0x0000000711504318) 
thrown [t:\workspace\open\src\hotspot\share\interpreter\linkResolver.cpp, line 790]
Event: 9.714 Thread 0x0000022c7472f900 Exception <a 'java/lang/NoSuchMethodError'{0x00000007114e2b00}: 'void java.lang.invoke.DirectMethodHandle$Holder.invokeStatic(java.lang.Object, java.lang.Object, int)'> (0x00000007114e2b00) 
thrown [t:\workspace\open\src\hotspot\share\interpreter\linkResolver.cpp, line 790]
Event: 9.724 Thread 0x0000022c747308f0 Exception <a 'java/lang/NoSuchMethodError'{0x00000007046a0f40}: 'void java.lang.invoke.DirectMethodHandle$Holder.invokeInterface(java.lang.Object, java.lang.Object, java.lang.Object)'> (0x00000007046a0f40) 
thrown [t:\workspace\open\src\hotspot\share\interpreter\linkResolver.cpp, line 790]
Event: 9.726 Thread 0x0000022c747308f0 Exception <a 'java/lang/NoSuchMethodError'{0x00000007046abdd8}: 'int java.lang.invoke.DirectMethodHandle$Holder.invokeStaticInit(java.lang.Object, int, int)'> (0x00000007046abdd8) 
thrown [t:\workspace\open\src\hotspot\share\interpreter\linkResolver.cpp, line 790]
Event: 9.906 Thread 0x0000022c747308f0 Exception <a 'java/lang/NoSuchMethodError'{0x0000000704454fa0}: 'void java.lang.invoke.DirectMethodHandle$Holder.invokeInterface(java.lang.Object, java.lang.Object)'> (0x0000000704454fa0) 
thrown [t:\workspace\open\src\hotspot\share\interpreter\linkResolver.cpp, line 790]
Event: 10.768 Thread 0x0000022c747308f0 Exception <a 'java/lang/NoSuchMethodError'{0x00000007043ba6e0}: 'java.lang.Object java.lang.invoke.DirectMethodHandle$Holder.newInvokeSpecial(java.lang.Object, java.lang.Object, long, java.lang.Object, java.lang.Object, java.lang.Object)'> (0x00000007043ba6e0) 
thrown [t:\workspace\open\src\hotspot\share\interpreter\linkResolver.cpp, line 790]
Event: 10.771 Thread 0x0000022c747308f0 Exception <a 'java/lang/NoSuchMethodError'{0x00000007043d4260}: 'void java.lang.invoke.DirectMethodHandle$Holder.invokeSpecial(java.lang.Object, java.lang.Object, java.lang.Object, java.lang.Object, java.lang.Object, java.lang.Object, java.lang.Object)'> (0x00000007043d4260) 
thrown [t:\workspace\open\src\hotspot\share\interpreter\linkResolver.cpp, line 790]
Event: 12.692 Thread 0x0000022c739a08b0 Exception <a 'java/lang/NoSuchMethodError'{0x0000000703c85340}: 'java.lang.Object java.lang.invoke.DirectMethodHandle$Holder.newInvokeSpecial(java.lang.Object, java.lang.Object, int, int, int, int, int, java.lang.Object)'> (0x0000000703c85340) 
thrown [t:\workspace\open\src\hotspot\share\interpreter\linkResolver.cpp, line 790]
Event: 12.694 Thread 0x0000022c739a08b0 Exception <a 'java/lang/NoSuchMethodError'{0x0000000703c98d00}: 'java.lang.Object java.lang.invoke.DirectMethodHandle$Holder.newInvokeSpecial(java.lang.Object, java.lang.Object, java.lang.Object, int, int, int, int, int)'> (0x0000000703c98d00) 
thrown [t:\workspace\open\src\hotspot\share\interpreter\linkResolver.cpp, line 790]
Event: 12.695 Thread 0x0000022c739a08b0 Exception <a 'java/lang/NoSuchMethodError'{0x0000000703ca0870}: 'java.lang.Object java.lang.invoke.Invokers$Holder.linkToTargetMethod(java.lang.Object, java.lang.Object, int, int, int, int, int, java.lang.Object)'> (0x0000000703ca0870) 
thrown [t:\workspace\open\src\hotspot\share\interpreter\linkResolver.cpp, line 790]
Event: 20.797 Thread 0x0000022c739a08b0 Exception <a 'java/lang/NoSuchMethodError'{0x00000007036bd460}: fwkIsMainThread> (0x00000007036bd460) 
thrown [t:\workspace\open\src\hotspot\share\prims\jni.cpp, line 1176]

Events (20 events):
Event: 20.712 loading class java/util/concurrent/Executors$DelegatedExecutorService
Event: 20.712 loading class java/util/concurrent/Executors$DelegatedExecutorService done
Event: 20.712 loading class java/util/concurrent/Executors$DelegatedScheduledExecutorService done
Event: 20.712 loading class java/util/concurrent/ScheduledThreadPoolExecutor
Event: 20.713 loading class java/util/concurrent/ScheduledThreadPoolExecutor done
Event: 20.713 loading class java/util/concurrent/ScheduledThreadPoolExecutor$DelayedWorkQueue
Event: 20.713 loading class java/util/concurrent/ScheduledThreadPoolExecutor$DelayedWorkQueue done
Event: 20.713 loading class java/util/concurrent/RunnableScheduledFuture
Event: 20.713 loading class java/util/concurrent/ScheduledFuture
Event: 20.713 loading class java/util/concurrent/Delayed
Event: 20.713 loading class java/util/concurrent/Delayed done
Event: 20.713 loading class java/util/concurrent/ScheduledFuture done
Event: 20.713 loading class java/util/concurrent/RunnableScheduledFuture done
Event: 20.718 loading class java/net/CookieHandler
Event: 20.719 loading class java/net/CookieHandler done
Event: 20.769 Loaded shared library C:\Program Files\Java\javafx-sdk-16\bin\jfxwebkit.dll
Event: 20.775 loading class java/awt/Composite
Event: 20.775 loading class java/awt/Composite done
Event: 20.775 loading class java/awt/image/RenderedImage
Event: 20.775 loading class java/awt/image/RenderedImage done


Dynamic libraries:
0x00007ff7b6720000 - 0x00007ff7b6730000 	C:\Program Files\Java\jdk-16\bin\java.exe
0x00007ff99ed90000 - 0x00007ff99ef85000 	C:\WINDOWS\SYSTEM32\ntdll.dll
0x00007ff99e520000 - 0x00007ff99e5de000 	C:\WINDOWS\System32\KERNEL32.DLL
0x00007ff99c850000 - 0x00007ff99cb18000 	C:\WINDOWS\System32\KERNELBASE.dll
0x00007ff99cb20000 - 0x00007ff99cc20000 	C:\WINDOWS\System32\ucrtbase.dll
0x00007ff979620000 - 0x00007ff979638000 	C:\Program Files\Java\jdk-16\bin\jli.dll
0x00007ff99d0a0000 - 0x00007ff99d14c000 	C:\WINDOWS\System32\ADVAPI32.dll
0x00007ff99ceb0000 - 0x00007ff99cf4e000 	C:\WINDOWS\System32\msvcrt.dll
0x00007ff99cdd0000 - 0x00007ff99ce6b000 	C:\WINDOWS\System32\sechost.dll
0x00007ff99da10000 - 0x00007ff99db3a000 	C:\WINDOWS\System32\RPCRT4.dll
0x00007ff99e720000 - 0x00007ff99e8c1000 	C:\WINDOWS\System32\USER32.dll
0x00007ff99c820000 - 0x00007ff99c842000 	C:\WINDOWS\System32\win32u.dll
0x00007ff99dbf0000 - 0x00007ff99dc1b000 	C:\WINDOWS\System32\GDI32.dll
0x00007ff99c4a0000 - 0x00007ff99c5ad000 	C:\WINDOWS\System32\gdi32full.dll
0x00007ff99cc80000 - 0x00007ff99cd1d000 	C:\WINDOWS\System32\msvcp_win.dll
0x00007ff97ad30000 - 0x00007ff97ad49000 	C:\Program Files\Java\jdk-16\bin\VCRUNTIME140.dll
0x00007ff9914b0000 - 0x00007ff99174a000 	C:\WINDOWS\WinSxS\amd64_microsoft.windows.common-controls_6595b64144ccf1df_6.0.19041.1110_none_60b5254171f9507e\COMCTL32.dll
0x00007ff993550000 - 0x00007ff99355a000 	C:\WINDOWS\SYSTEM32\VERSION.dll
0x00007ff99ce80000 - 0x00007ff99ceb0000 	C:\WINDOWS\System32\IMM32.DLL
0x00007ff997b60000 - 0x00007ff997b6c000 	C:\Program Files\Java\jdk-16\bin\vcruntime140_1.dll
0x00007ff962840000 - 0x00007ff9628d1000 	C:\Program Files\Java\jdk-16\bin\msvcp140.dll
0x00007ff93c930000 - 0x00007ff93d4db000 	C:\Program Files\Java\jdk-16\bin\server\jvm.dll
0x00007ff99ce70000 - 0x00007ff99ce78000 	C:\WINDOWS\System32\PSAPI.DLL
0x00007ff9929b0000 - 0x00007ff9929b9000 	C:\WINDOWS\SYSTEM32\WSOCK32.dll
0x00007ff99e450000 - 0x00007ff99e4bb000 	C:\WINDOWS\System32\WS2_32.dll
0x00007ff991770000 - 0x00007ff991797000 	C:\WINDOWS\SYSTEM32\WINMM.dll
0x00007ff99a350000 - 0x00007ff99a362000 	C:\WINDOWS\SYSTEM32\kernel.appcore.dll
0x00007ff992c90000 - 0x00007ff992c9a000 	C:\Program Files\Java\jdk-16\bin\jimage.dll
0x00007ff993680000 - 0x00007ff993864000 	C:\WINDOWS\SYSTEM32\DBGHELP.DLL
0x00007ff9935d0000 - 0x00007ff9935fc000 	C:\WINDOWS\SYSTEM32\dbgcore.DLL
0x00007ff99c5b0000 - 0x00007ff99c633000 	C:\WINDOWS\System32\bcryptPrimitives.dll
0x00007ff9797c0000 - 0x00007ff9797ce000 	C:\Program Files\Java\jdk-16\bin\instrument.dll
0x00007ff979330000 - 0x00007ff979355000 	C:\Program Files\Java\jdk-16\bin\java.dll
0x00007ff99dc20000 - 0x00007ff99e364000 	C:\WINDOWS\System32\SHELL32.dll
0x00007ff99a550000 - 0x00007ff99ace4000 	C:\WINDOWS\SYSTEM32\windows.storage.dll
0x00007ff99d5d0000 - 0x00007ff99d925000 	C:\WINDOWS\System32\combase.dll
0x00007ff99be10000 - 0x00007ff99be3e000 	C:\WINDOWS\SYSTEM32\Wldp.dll
0x00007ff99db40000 - 0x00007ff99dbed000 	C:\WINDOWS\System32\SHCORE.dll
0x00007ff99e4c0000 - 0x00007ff99e515000 	C:\WINDOWS\System32\shlwapi.dll
0x00007ff99c3e0000 - 0x00007ff99c3ff000 	C:\WINDOWS\SYSTEM32\profapi.dll
0x00007ff979600000 - 0x00007ff979619000 	C:\Program Files\Java\jdk-16\bin\net.dll
0x00007ff994fc0000 - 0x00007ff9950cc000 	C:\WINDOWS\SYSTEM32\WINHTTP.dll
0x00007ff99bbf0000 - 0x00007ff99bc5a000 	C:\WINDOWS\system32\mswsock.dll
0x00007ff979310000 - 0x00007ff979323000 	C:\Program Files\Java\jdk-16\bin\nio.dll
0x00007ff9791b0000 - 0x00007ff9791c8000 	C:\Program Files\Java\jdk-16\bin\zip.dll
0x00007ff978e00000 - 0x00007ff978e1a000 	C:\Users\yurik\AppData\Local\JetBrains\Toolbox\apps\IDEA-C\ch-0\212.5457.46\bin\breakgen64.dll
0x0000022c4e630000 - 0x0000022c4e633000 	C:\Program Files\Java\javafx-sdk-16\bin\api-ms-win-core-console-l1-1-0.dll
0x0000022c4e640000 - 0x0000022c4e643000 	C:\Program Files\Java\javafx-sdk-16\bin\api-ms-win-core-console-l1-2-0.dll
0x0000022c4e930000 - 0x0000022c4e933000 	C:\Program Files\Java\javafx-sdk-16\bin\api-ms-win-core-datetime-l1-1-0.dll
0x0000022c50690000 - 0x0000022c50693000 	C:\Program Files\Java\javafx-sdk-16\bin\api-ms-win-core-debug-l1-1-0.dll
0x0000022c506a0000 - 0x0000022c506a3000 	C:\Program Files\Java\javafx-sdk-16\bin\api-ms-win-core-errorhandling-l1-1-0.dll
0x0000022c506b0000 - 0x0000022c506b4000 	C:\Program Files\Java\javafx-sdk-16\bin\api-ms-win-core-file-l1-1-0.dll
0x0000022c506c0000 - 0x0000022c506c3000 	C:\Program Files\Java\javafx-sdk-16\bin\api-ms-win-core-file-l1-2-0.dll
0x0000022c506d0000 - 0x0000022c506d3000 	C:\Program Files\Java\javafx-sdk-16\bin\api-ms-win-core-file-l2-1-0.dll
0x0000022c506e0000 - 0x0000022c506e3000 	C:\Program Files\Java\javafx-sdk-16\bin\api-ms-win-core-handle-l1-1-0.dll
0x0000022c506f0000 - 0x0000022c506f3000 	C:\Program Files\Java\javafx-sdk-16\bin\api-ms-win-core-heap-l1-1-0.dll
0x0000022c50700000 - 0x0000022c50703000 	C:\Program Files\Java\javafx-sdk-16\bin\api-ms-win-core-interlocked-l1-1-0.dll
0x0000022c50710000 - 0x0000022c50713000 	C:\Program Files\Java\javafx-sdk-16\bin\api-ms-win-core-libraryloader-l1-1-0.dll
0x0000022c50720000 - 0x0000022c50723000 	C:\Program Files\Java\javafx-sdk-16\bin\api-ms-win-core-localization-l1-2-0.dll
0x0000022c50730000 - 0x0000022c50733000 	C:\Program Files\Java\javafx-sdk-16\bin\api-ms-win-core-memory-l1-1-0.dll
0x0000022c50740000 - 0x0000022c50743000 	C:\Program Files\Java\javafx-sdk-16\bin\api-ms-win-core-namedpipe-l1-1-0.dll
0x0000022c50750000 - 0x0000022c50753000 	C:\Program Files\Java\javafx-sdk-16\bin\api-ms-win-core-processenvironment-l1-1-0.dll
0x0000022c72b80000 - 0x0000022c72b83000 	C:\Program Files\Java\javafx-sdk-16\bin\api-ms-win-core-processthreads-l1-1-0.dll
0x0000022c72b90000 - 0x0000022c72b93000 	C:\Program Files\Java\javafx-sdk-16\bin\api-ms-win-core-processthreads-l1-1-1.dll
0x0000022c72ba0000 - 0x0000022c72ba3000 	C:\Program Files\Java\javafx-sdk-16\bin\api-ms-win-core-profile-l1-1-0.dll
0x0000022c72bb0000 - 0x0000022c72bb3000 	C:\Program Files\Java\javafx-sdk-16\bin\api-ms-win-core-rtlsupport-l1-1-0.dll
0x0000022c72bc0000 - 0x0000022c72bc3000 	C:\Program Files\Java\javafx-sdk-16\bin\api-ms-win-core-string-l1-1-0.dll
0x0000022c72bd0000 - 0x0000022c72bd3000 	C:\Program Files\Java\javafx-sdk-16\bin\api-ms-win-core-synch-l1-1-0.dll
0x0000022c72be0000 - 0x0000022c72be3000 	C:\Program Files\Java\javafx-sdk-16\bin\api-ms-win-core-synch-l1-2-0.dll
0x0000022c72bf0000 - 0x0000022c72bf3000 	C:\Program Files\Java\javafx-sdk-16\bin\api-ms-win-core-sysinfo-l1-1-0.dll
0x0000022c75370000 - 0x0000022c75373000 	C:\Program Files\Java\javafx-sdk-16\bin\api-ms-win-core-timezone-l1-1-0.dll
0x0000022c75380000 - 0x0000022c75383000 	C:\Program Files\Java\javafx-sdk-16\bin\api-ms-win-core-util-l1-1-0.dll
0x0000022c75390000 - 0x0000022c75393000 	C:\Program Files\Java\javafx-sdk-16\bin\api-ms-win-crt-conio-l1-1-0.dll
0x0000022c753a0000 - 0x0000022c753a4000 	C:\Program Files\Java\javafx-sdk-16\bin\api-ms-win-crt-convert-l1-1-0.dll
0x0000022c753b0000 - 0x0000022c753b3000 	C:\Program Files\Java\javafx-sdk-16\bin\api-ms-win-crt-environment-l1-1-0.dll
0x0000022c753c0000 - 0x0000022c753c3000 	C:\Program Files\Java\javafx-sdk-16\bin\api-ms-win-crt-filesystem-l1-1-0.dll
0x0000022c753d0000 - 0x0000022c753d3000 	C:\Program Files\Java\javafx-sdk-16\bin\api-ms-win-crt-heap-l1-1-0.dll
0x0000022c750d0000 - 0x0000022c750d3000 	C:\Program Files\Java\javafx-sdk-16\bin\api-ms-win-crt-locale-l1-1-0.dll
0x0000022c750e0000 - 0x0000022c750e5000 	C:\Program Files\Java\javafx-sdk-16\bin\api-ms-win-crt-math-l1-1-0.dll
0x0000022c750f0000 - 0x0000022c750f5000 	C:\Program Files\Java\javafx-sdk-16\bin\api-ms-win-crt-multibyte-l1-1-0.dll
0x0000022c75100000 - 0x0000022c75110000 	C:\Program Files\Java\javafx-sdk-16\bin\api-ms-win-crt-private-l1-1-0.dll
0x0000022c75110000 - 0x0000022c75113000 	C:\Program Files\Java\javafx-sdk-16\bin\api-ms-win-crt-process-l1-1-0.dll
0x0000022c75120000 - 0x0000022c75124000 	C:\Program Files\Java\javafx-sdk-16\bin\api-ms-win-crt-runtime-l1-1-0.dll
0x0000022c75130000 - 0x0000022c75134000 	C:\Program Files\Java\javafx-sdk-16\bin\api-ms-win-crt-stdio-l1-1-0.dll
0x0000022c75140000 - 0x0000022c75144000 	C:\Program Files\Java\javafx-sdk-16\bin\api-ms-win-crt-string-l1-1-0.dll
0x0000022c75150000 - 0x0000022c75153000 	C:\Program Files\Java\javafx-sdk-16\bin\api-ms-win-crt-time-l1-1-0.dll
0x0000022c75160000 - 0x0000022c75163000 	C:\Program Files\Java\javafx-sdk-16\bin\api-ms-win-crt-utility-l1-1-0.dll
0x00007ff940ea0000 - 0x00007ff940f9c000 	C:\Program Files\Java\javafx-sdk-16\bin\ucrtbase.dll
0x00007ff96b9c0000 - 0x00007ff96b9d9000 	C:\Program Files\Java\javafx-sdk-16\bin\vcruntime140.dll
0x00007ff979300000 - 0x00007ff97930c000 	C:\Program Files\Java\javafx-sdk-16\bin\vcruntime140_1.dll
0x00007ff944d60000 - 0x00007ff944df1000 	C:\Program Files\Java\javafx-sdk-16\bin\msvcp140.dll
0x00007ff962af0000 - 0x00007ff962b17000 	C:\Program Files\Java\javafx-sdk-16\bin\prism_d3d.dll
0x00007ff945b40000 - 0x00007ff945d10000 	C:\WINDOWS\system32\d3d9.dll
0x00007ff99a170000 - 0x00007ff99a19f000 	C:\WINDOWS\SYSTEM32\dwmapi.dll
0x00007ff999dd0000 - 0x00007ff999e6e000 	C:\WINDOWS\system32\uxtheme.dll
0x00007ff9383c0000 - 0x00007ff93a8fd000 	C:\WINDOWS\SYSTEM32\igdumdim64.dll
0x00007ff99d170000 - 0x00007ff99d23d000 	C:\WINDOWS\System32\OLEAUT32.dll
0x00007ff99d240000 - 0x00007ff99d36a000 	C:\WINDOWS\System32\ole32.dll
0x00007ff99e8d0000 - 0x00007ff99ed42000 	C:\WINDOWS\System32\SETUPAPI.dll
0x00007ff99c7a0000 - 0x00007ff99c7ee000 	C:\WINDOWS\System32\cfgmgr32.dll
0x00007ff99c7f0000 - 0x00007ff99c817000 	C:\WINDOWS\System32\bcrypt.dll
0x00007ff945290000 - 0x00007ff9452d2000 	C:\Program Files\Java\javafx-sdk-16\bin\glass.dll
0x00007ff99d930000 - 0x00007ff99da0a000 	C:\WINDOWS\System32\COMDLG32.dll
0x00007ff99e5e0000 - 0x00007ff99e6f5000 	C:\WINDOWS\System32\MSCTF.dll
0x00007ff97bcc0000 - 0x00007ff97c6ff000 	C:\WINDOWS\SYSTEM32\igdusc64.dll
0x00007ff997bf0000 - 0x00007ff997c2b000 	C:\WINDOWS\SYSTEM32\dxcore.dll
0x00007ff96afb0000 - 0x00007ff96afc4000 	C:\Program Files\Java\javafx-sdk-16\bin\javafx_font.dll
0x00007ff97e270000 - 0x00007ff97e4f3000 	C:\WINDOWS\SYSTEM32\dwrite.dll
0x00007ff99d520000 - 0x00007ff99d5c9000 	C:\WINDOWS\System32\clbcatq.dll
0x00007ff97ff30000 - 0x00007ff9800e4000 	C:\WINDOWS\SYSTEM32\WindowsCodecs.dll
0x00007ff96f6f0000 - 0x00007ff96f72e000 	C:\WINDOWS\system32\dataexchange.dll
0x00007ff998c90000 - 0x00007ff998ef4000 	C:\WINDOWS\system32\d3d11.dll
0x00007ff99ad50000 - 0x00007ff99ae44000 	C:\WINDOWS\system32\dxgi.dll
0x00007ff999180000 - 0x00007ff999365000 	C:\WINDOWS\system32\dcomp.dll
0x00007ff994c50000 - 0x00007ff994e51000 	C:\WINDOWS\system32\twinapi.appcore.dll
0x00007ff963280000 - 0x00007ff9632b4000 	C:\Program Files\Common Files\Microsoft Shared\Ink\rtscom.dll
0x00007ff996420000 - 0x00007ff996519000 	C:\WINDOWS\SYSTEM32\textinputframework.dll
0x00007ff999a50000 - 0x00007ff999b42000 	C:\WINDOWS\System32\CoreMessaging.dll
0x00007ff9996f0000 - 0x00007ff999a4e000 	C:\WINDOWS\System32\CoreUIComponents.dll
0x00007ff99b150000 - 0x00007ff99b183000 	C:\WINDOWS\SYSTEM32\ntmarta.dll
0x00007ff999020000 - 0x00007ff999174000 	C:\WINDOWS\SYSTEM32\wintypes.dll
0x00007ff9701c0000 - 0x00007ff9701ce000 	C:\Program Files\Java\jdk-16\bin\sunmscapi.dll
0x00007ff99c640000 - 0x00007ff99c796000 	C:\WINDOWS\System32\CRYPT32.dll
0x00007ff99be80000 - 0x00007ff99bea7000 	C:\WINDOWS\SYSTEM32\ncrypt.dll
0x00007ff99be40000 - 0x00007ff99be7b000 	C:\WINDOWS\SYSTEM32\NTASN1.dll
0x00007ff99c150000 - 0x00007ff99c168000 	C:\WINDOWS\SYSTEM32\CRYPTSP.dll
0x00007ff99b520000 - 0x00007ff99b554000 	C:\WINDOWS\system32\rsaenh.dll
0x00007ff99c3a0000 - 0x00007ff99c3ce000 	C:\WINDOWS\SYSTEM32\USERENV.dll

dbghelp: loaded successfully - version: 4.0.5 - missing functions: none
symbol engine: initialized successfully - sym options: 0x614 - pdb path: .;C:\Program Files\Java\jdk-16\bin;C:\WINDOWS\SYSTEM32;C:\WINDOWS\WinSxS\amd64_microsoft.windows.common-controls_6595b64144ccf1df_6.0.19041.1110_none_60b5254171f9507e;C:\Program Files\Java\jdk-16\bin\server;C:\Users\yurik\AppData\Local\JetBrains\Toolbox\apps\IDEA-C\ch-0\212.5457.46\bin;C:\Program Files\Java\javafx-sdk-16\bin;C:\Program Files\Common Files\Microsoft Shared\Ink

VM Arguments:
jvm_args: -javaagent:C:\Users\yurik\AppData\Local\JetBrains\Toolbox\apps\IDEA-C\ch-0\212.5457.46\lib\idea_rt.jar=58413:C:\Users\yurik\AppData\Local\JetBrains\Toolbox\apps\IDEA-C\ch-0\212.5457.46\bin -Dfile.encoding=UTF-8 --module-path=C:\Program Files\Java\javafx-sdk-16\lib\javafx.media.jar;C:\Users\yurik\.m2\repository\org\openjfx\javafx-controls\16\javafx-controls-16-win.jar;C:\Program Files\Java\javafx-sdk-16\lib\javafx.graphics.jar;C:\Users\yurik\.m2\repository\org\openjfx\javafx-web\11.0.2\javafx-web-11.0.2-win.jar;C:\Users\yurik\IdeaProjects\F21COMP1011S1Assignment2\target\classes;C:\Users\yurik\.m2\repository\org\openjfx\javafx-base\16\javafx-base-16-win.jar;C:\Users\yurik\.m2\repository\org\openjfx\javafx-fxml\16\javafx-fxml-16-win.jar;C:\Program Files\Java\javafx-sdk-16\lib\javafx.controls.jar;C:\Program Files\Java\javafx-sdk-16\lib\javafx.web.jar;C:\Program Files\Java\javafx-sdk-16\lib\javafx.base.jar;C:\Users\yurik\.m2\repository\org\openjfx\javafx-graphics\16\javafx-graphics-16-win.jar;C:\Program Files\Java\javafx-sdk-16\lib\javafx.fxml.jar;C:\Users\yurik\.m2\repository\org\openjfx\javafx-media\11.0.2\javafx-media-11.0.2-win.jar;C:\Users\yurik\.m2\repository\com\google\code\gson\gson\2.8.9\gson-2.8.9.jar -Djdk.module.main=com.example.f21comp1011s1assignment2 
java_command: com.example.f21comp1011s1assignment2/com.example.f21comp1011s1assignment2.Main --module-path C:\Program Files\Java\javafx-sdk-16\lib --add-modules javafx.controls,javafx.fxml
java_class_path (initial): C:\Users\yurik\.m2\repository\org\openjfx\javafx-controls\16\javafx-controls-16.jar;C:\Users\yurik\.m2\repository\org\openjfx\javafx-graphics\16\javafx-graphics-16.jar;C:\Users\yurik\.m2\repository\org\openjfx\javafx-base\16\javafx-base-16.jar;C:\Users\yurik\.m2\repository\org\openjfx\javafx-fxml\16\javafx-fxml-16.jar;C:\Users\yurik\.m2\repository\org\openjfx\javafx-web\11.0.2\javafx-web-11.0.2.jar;C:\Users\yurik\.m2\repository\org\openjfx\javafx-media\11.0.2\javafx-media-11.0.2.jar;C:\Program Files\Java\javafx-sdk-16\lib\src.zip;C:\Program Files\Java\javafx-sdk-16\lib\javafx-swt.jar;C:\Program Files\Java\javafx-sdk-16\lib\javafx.swing.jar
Launcher Type: SUN_STANDARD

[Global flags]
     intx CICompilerCount                          = 3                                         {product} {ergonomic}
     uint ConcGCThreads                            = 1                                         {product} {ergonomic}
     uint G1ConcRefinementThreads                  = 4                                         {product} {ergonomic}
   size_t G1HeapRegionSize                         = 2097152                                   {product} {ergonomic}
    uintx GCDrainStackTargetSize                   = 64                                        {product} {ergonomic}
   size_t InitialHeapSize                          = 268435456                                 {product} {ergonomic}
   size_t MarkStackSize                            = 4194304                                   {product} {ergonomic}
   size_t MaxHeapSize                              = 4271898624                                {product} {ergonomic}
   size_t MaxNewSize                               = 2562719744                                {product} {ergonomic}
   size_t MinHeapDeltaBytes                        = 2097152                                   {product} {ergonomic}
   size_t MinHeapSize                              = 8388608                                   {product} {ergonomic}
    uintx NonNMethodCodeHeapSize                   = 5832780                                {pd product} {ergonomic}
    uintx NonProfiledCodeHeapSize                  = 122912730                              {pd product} {ergonomic}
    uintx ProfiledCodeHeapSize                     = 122912730                              {pd product} {ergonomic}
    uintx ReservedCodeCacheSize                    = 251658240                              {pd product} {ergonomic}
     bool SegmentedCodeCache                       = true                                      {product} {ergonomic}
   size_t SoftMaxHeapSize                          = 4271898624                             {manageable} {ergonomic}
     bool UseCompressedClassPointers               = true                           {product lp64_product} {ergonomic}
     bool UseCompressedOops                        = true                           {product lp64_product} {ergonomic}
     bool UseG1GC                                  = true                                      {product} {ergonomic}
     bool UseLargePagesIndividualAllocation        = false                                  {pd product} {ergonomic}

Logging:
Log output configuration:
 #0: stdout all=warning uptime,level,tags
 #1: stderr all=off uptime,level,tags

Environment Variables:
JAVA_HOME=C:\Program Files\Java\jdk-15.0.1
PATH=C:\Program Files\Eclipse Foundation\jdk-8.0.302.8-hotspot\bin;C:\Program Files\Common Files\Oracle\Java\javapath;C:\WINDOWS\system32;C:\WINDOWS;C:\WINDOWS\System32\Wbem;C:\WINDOWS\System32\WindowsPowerShell\v1.0\;C:\WINDOWS\System32\OpenSSH\;C:\Program Files\Java\jdk-15\bin;"C:\Program Files\Git\bin;";"C:\Users\yurik\AppData\Local\Programs\Microsoft VS Code\bin;";"C:\Users\yurik\Desktop\github\gittest;C:\Program Files\Java\jdk-15.0.1\bin;C:\Program Files\Microsoft SQL Server\130\Tools\Binn\;C:\Program Files\Microsoft SQL Server\Client SDK\ODBC\170\Tools\Binn\;C:\Program Files (x86)\Incredibuild;C:\Program Files\nodejs\";C:\Program Files\nodejs;C:\Program Files\dotnet\;C:\Program Files (x86)\Microsoft SQL Server\150\Tools\Binn\;C:\Program Files\Microsoft SQL Server\150\Tools\Binn\;C:\Program Files\Microsoft SQL Server\150\DTS\Binn\;C:\Program Files (x86)\Microsoft SQL Server\150\DTS\Binn\;C:\Program Files\Azure Data Studio\bin;C:\Program Files\Git\cmd;C:\Program Files\MySQL\MySQL Shell 8.0\bin\;C:\Users\yurik\AppData\Local\Microsoft\WindowsApps;C:\Users\yurik\AppData\Local\Programs\Microsoft VS Code\bin;C:\Users\yurik\AppData\Local\GitHubDesktop\bin;C:\Users\yurik\AppData\Roaming\npm;C:\Program Files\nodejs;C:\Users\yurik\.dotnet\tools;C:\Program Files\Azure Data Studio\bin
USERNAME=yurik
OS=Windows_NT
PROCESSOR_IDENTIFIER=Intel64 Family 6 Model 69 Stepping 1, GenuineIntel



---------------  S Y S T E M  ---------------

OS:
 Windows 10 , 64 bit Build 19041 (10.0.19041.1348)
OS uptime: 1 days 5:40 hours
Hyper-V role detected

CPU: total 4 (initial active 4) (2 cores per cpu, 2 threads per core) family 6 model 69 stepping 1 microcode 0x25, cx8, cmov, fxsr, ht, mmx, sse, sse2, sse3, ssse3, sse4.1, sse4.2, popcnt, lzcnt, tsc, tscinvbit, avx, avx2, aes, erms, clmul, bmi1, bmi2, fma, vzeroupper, clflush, hv

Memory: 4k page, system-wide physical 16289M (6995M free)
TotalPageFile size 18721M (AvailPageFile size 7942M)
current process WorkingSet (physical memory assigned to process): 217M, peak: 217M
current process commit charge ("private bytes"): 283M, peak: 426M

vm_info: Java HotSpot(TM) 64-Bit Server VM (16+36-2231) for windows-amd64 JRE (16+36-2231), built on Feb  8 2021 11:43:10 by "mach5one" with MS VC++ 16.7 (VS2019)

END.
